[COT 2023-10-27 4h:1m:58] 76561199108250772: Set GodMode To true [guid=OAdpPkJP2Ps_W7h2ttR1bK23ekHCzrxw0mDT3zqLMdU=]
[COT 2023-10-27 4h:1m:58] 76561199108250772: Set cannot be targeted by AI to true [guid=OAdpPkJP2Ps_W7h2ttR1bK23ekHCzrxw0mDT3zqLMdU=]
[COT 2023-10-27 4h:1m:59] 76561199108250772: Set UnlimitedStamina To true [guid=OAdpPkJP2Ps_W7h2ttR1bK23ekHCzrxw0mDT3zqLMdU=]
[COT 2023-10-27 4h:1m:59] 76561199108250772: Set UnlimitedAmmo To true [guid=OAdpPkJP2Ps_W7h2ttR1bK23ekHCzrxw0mDT3zqLMdU=]
[COT 2023-10-27 4h:3m:7s] 76561199108250772: Teleported to position <7266.927734, 37.419613, 9685.351563>
[COT 2023-10-27 4h:3m:48] 76561199108250772: Set GodMode To false [guid=OAdpPkJP2Ps_W7h2ttR1bK23ekHCzrxw0mDT3zqLMdU=]
[COT 2023-10-27 4h:3m:50] 76561199108250772: Set GodMode To true [guid=OAdpPkJP2Ps_W7h2ttR1bK23ekHCzrxw0mDT3zqLMdU=]
[COT 2023-10-27 4h:4m:0s] 76561199108250772: Teleported to position <8494.852539, 47.746445, 9745.191406>
[COT 2023-10-27 4h:4m:3s] 76561199108250772: Entered the Free Camera
[COT 2023-10-27 4h:4m:9s] 76561199108250772: Left the Free Camera
[COT 2023-10-27 4h:4m:17] 76561199108250772: ESP: Viewing ESP
[COT 2023-10-27 4h:4m:26] 76561199108250772: ESP: Clearing ESP
[COT 2023-10-27 4h:4m:27] 76561199108250772: ESP: Viewing ESP
[COT 2023-10-27 4h:4m:34] 76561199108250772: ESP index=0 target=ZmbM_FarmerFat_Brown:0530 position=<8374.139648, 46.206730, 9854.259766> action=delete
[COT 2023-10-27 4h:4m:34] 76561199108250772: ESP index=1 target=ZmbF_VillagerOld_Red:0532 position=<8376.210938, 45.100002, 9872.386719> action=delete
[COT 2023-10-27 4h:4m:34] 76561199108250772: ESP index=2 target=ZmbF_MilkMaidOld_Beige:0533 position=<8386.243164, 45.211502, 9857.096680> action=delete
[COT 2023-10-27 4h:4m:34] 76561199108250772: ESP index=3 target=ZmbF_JoggerSkinny_Brown:0534 position=<8399.516602, 45.100002, 9858.466797> action=delete
[COT 2023-10-27 4h:4m:34] 76561199108250772: ESP index=4 target=ZmbM_FarmerFat_Green:0535 position=<8385.072266, 45.211502, 9854.938477> action=delete
[COT 2023-10-27 4h:4m:34] 76561199108250772: ESP index=5 target=ZmbM_JoggerSkinny_Green:0536 position=<8372.954102, 45.100002, 9866.958984> action=delete
[COT 2023-10-27 4h:4m:34] 76561199108250772: ESP index=6 target=ZmbM_Jacket_beige:0531 position=<8369.932617, 45.100002, 9885.294922> action=delete
[COT 2023-10-27 4h:4m:34] 76561199108250772: ESP action=delete_all count=7 attempted=7
[COT 2023-10-27 4h:4m:39] 76561199108250772: ESP index=0 target=ZmbM_priestPopSkinny:0537 position=<8480.809570, 45.100002, 9858.038086> action=delete
[COT 2023-10-27 4h:4m:39] 76561199108250772: ESP action=delete_all count=1 attempted=1
[COT 2023-10-27 4h:4m:45] 76561199108250772: ESP: Clearing ESP
[COT 2023-10-27 4h:5m:56] 76561199108250772: ESP: Viewing ESP
[COT 2023-10-27 4h:6m:5s] 76561199108250772: ESP index=0 target=ZmbM_VillagerOld_Blue:0531 position=<8370.000000, 45.060001, 9886.106445> action=delete
[COT 2023-10-27 4h:6m:5s] 76561199108250772: ESP index=1 target=ZmbF_MilkMaidOld_Grey:0537 position=<8382.988281, 45.100002, 9889.151367> action=delete
[COT 2023-10-27 4h:6m:5s] 76561199108250772: ESP index=2 target=ZmbF_VillagerOld_White:0532 position=<8397.533203, 45.100002, 9885.543945> action=delete
[COT 2023-10-27 4h:6m:5s] 76561199108250772: ESP index=3 target=ZmbF_JoggerSkinny_Brown:0534 position=<8371.655273, 45.100002, 9908.884766> action=delete
[COT 2023-10-27 4h:6m:5s] 76561199108250772: ESP index=4 target=ZmbM_VillagerOld_Blue:0536 position=<8389.829102, 45.100002, 9872.106445> action=delete
[COT 2023-10-27 4h:6m:5s] 76561199108250772: ESP index=5 target=ZmbM_FarmerFat_Green:0533 position=<8377.981445, 45.100002, 9866.550781> action=delete
[COT 2023-10-27 4h:6m:5s] 76561199108250772: ESP action=delete_all count=6 attempted=6
[COT 2023-10-27 4h:6m:24] 76561199108250772: ESP index=0 target=ZmbF_VillagerOld_Green:0535 position=<8378.722656, 45.100002, 9905.749023> action=delete
[COT 2023-10-27 4h:6m:24] 76561199108250772: ESP action=delete_all count=1 attempted=1
[COT 2023-10-27 4h:7m:57] 76561199108250772: Spawned Entity MK II (MKII_Base<4e9cc2b0>, 100, 120, 0) at <8360.720703, 52.011719, 9874.598633>
[COT 2023-10-27 4h:8m:30] 76561199108250772: Spawned Entity EGD-5 Frag Grenade (RGD5Grenade<7e384c20>, 4, 50, 0) at <8361.721680, 51.940811, 9874.445313>
[COT 2023-10-27 4h:9m:36] 76561199108250772: ESP: Clearing ESP
[COT 2023-10-27 4h:10:39] 76561199108250772: ESP: Viewing ESP
[COT 2023-10-27 4h:11:24] 76561199108250772: ESP: Clearing ESP
[COT 2023-10-27 4h:11:25] 76561199108250772: ESP: Viewing ESP
[COT 2023-10-27 4h:11:47] 76561199108250772: Teleported to position <5373.244629, 19.882446, 10036.083008>
[COT 2023-10-27 4h:11:52] 76561199108250772: ESP: Clearing ESP
[COT 2023-10-27 4h:11:54] 76561199108250772: Set GodMode To false [guid=OAdpPkJP2Ps_W7h2ttR1bK23ekHCzrxw0mDT3zqLMdU=]
[COT 2023-10-27 4h:11:56] 76561199108250772: Set GodMode To true [guid=OAdpPkJP2Ps_W7h2ttR1bK23ekHCzrxw0mDT3zqLMdU=]
[COT 2023-10-27 4h:11:58] 76561199108250772: Set GodMode To false [guid=OAdpPkJP2Ps_W7h2ttR1bK23ekHCzrxw0mDT3zqLMdU=]
[COT 2023-10-27 4h:12:51] 76561199108250772: Set GodMode To true [guid=OAdpPkJP2Ps_W7h2ttR1bK23ekHCzrxw0mDT3zqLMdU=]
[COT 2023-10-27 4h:15:47] 76561199108250772: ESP: Viewing ESP
[COT 2023-10-27 4h:15:59] 76561199108250772: Entered the Free Camera
[COT 2023-10-27 4h:16:14] 76561199108250772: Left the Free Camera
[COT 2023-10-27 4h:16:20] 76561199108250772: Teleported to position <4314.568359, 52.128632, 9639.351563>
[COT 2023-10-27 4h:16:24] 76561199108250772: ESP: Clearing ESP
[COT 2023-10-27 4h:16:25] 76561199108250772: ESP: Viewing ESP
[COT 2023-10-27 4h:16:34] 76561199108250772: Teleported to position <2240.798584, 21.515369, 7883.928223>
[COT 2023-10-27 4h:16:39] 76561199108250772: ESP: Clearing ESP
[COT 2023-10-27 4h:16:40] 76561199108250772: ESP: Viewing ESP
[COT 2023-10-27 4h:16:45] 76561199108250772: Entered the Free Camera
[COT 2023-10-27 4h:17:18] 76561199108250772: Left the Free Camera
[COT 2023-10-27 4h:17:26] 76561199108250772: ESP: Clearing ESP
[COT 2023-10-27 4h:18:33] 76561199108250772: Teleported to position <354.957916, 382.166168, 7574.392090>
[COT 2023-10-27 4h:18:38] 76561199108250772: Entered the Free Camera
[COT 2023-10-27 4h:18:45] 76561199108250772: Left the Free Camera
[COT 2023-10-27 4h:19:4s] 76561199108250772: ESP: Viewing ESP
[COT 2023-10-27 4h:19:11] 76561199108250772: ESP: Clearing ESP
[COT 2023-10-27 4h:19:12] 76561199108250772: ESP: Viewing ESP
[COT 2023-10-27 4h:19:28] 76561199108250772: Entered the Free Camera
[COT 2023-10-27 4h:19:45] 76561199108250772: Left the Free Camera
[COT 2023-10-27 4h:19:47] 76561199108250772: Entered the Free Camera
[COT 2023-10-27 4h:20:7s] 76561199108250772: ESP: Clearing ESP
[COT 2023-10-27 4h:20:21] 76561199108250772: Left the Free Camera
[COT 2023-10-27 4h:20:54] 76561199108250772: Teleported to position <2364.727783, 28.745478, 10183.996094>
