[COT 2023-11-24 0h:43:20] 76561199108250772: Healed [guid=OAdpPkJP2Ps_W7h2ttR1bK23ekHCzrxw0mDT3zqLMdU=]
[COT 2023-11-24 0h:43:38] 76561199108250772: Teleported to position <2737.146973, 24.600000, 5847.933594>
[COT 2023-11-24 0h:43:38] 76561199108250772: Teleported to position <2737.146973, 24.600000, 5847.933594>
[COT 2023-11-24 0h:43:46] 76561199108250772: Set UnlimitedAmmo To true [guid=OAdpPkJP2Ps_W7h2ttR1bK23ekHCzrxw0mDT3zqLMdU=]
[COT 2023-11-24 0h:44:0s] 76561199108250772: Teleported to position <2673.580322, 24.600000, 6026.276855>
[COT 2023-11-24 0h:47:40] 76561199108250772: ESP: Viewing ESP
[COT 2023-11-24 0h:47:45] 76561199108250772: ESP target=TerritoryFlag<82b29270> action=built part=base required_materials=false
[COT 2023-11-24 0h:47:47] 76561199108250772: ESP target=TerritoryFlag<82b29270> action=built part=support required_materials=false
[COT 2023-11-24 0h:47:49] 76561199108250772: ESP target=TerritoryFlag<82b29270> action=built part=pole required_materials=false
[COT 2023-11-24 0h:47:55] 76561199108250772: ESP: Clearing ESP
[COT 2023-11-24 0h:48:40] 76561199108250772: Spawned Entity Flag (Flag_Crook<e63ad20>, 100, 100, 0) at <2660.345703, 24.695848, 6039.098633>
[COT 2023-11-24 0h:51:16] 76561199108250772: Spawned Entity Fence Kit (FenceKit<a95e1450>, 100, 200, 0) at <2663.066162, 24.693510, 6038.314941>
[COT 2023-11-24 0h:52:28] 76561199108250772: ESP: Viewing ESP
[COT 2023-11-24 0h:52:33] 76561199108250772: ESP index=0 target=TerritoryFlag:018801 position=<2660.021973, 24.669748, 6035.407227> action=delete
[COT 2023-11-24 0h:52:33] 76561199108250772: ESP action=delete_all count=1 attempted=1
[COT 2023-11-24 0h:53:54] 76561199108250772: ESP: Clearing ESP
[COT 2023-11-24 0h:53:56] 76561199108250772: ESP: Viewing ESP
[COT 2023-11-24 0h:54:8s] 76561199108250772: ESP index=0 target=ZmbF_VillagerOld_Red:0513 position=<2627.343994, 24.639999, 6031.340332> action=delete
[COT 2023-11-24 0h:54:8s] 76561199108250772: ESP index=1 target=ZmbM_VillagerOld_White:0507 position=<2620.357178, 24.640001, 6037.920410> action=delete
[COT 2023-11-24 0h:54:8s] 76561199108250772: ESP index=2 target=ZmbF_VillagerOld_Red:0531 position=<2626.921631, 24.639999, 6034.390625> action=delete
[COT 2023-11-24 0h:54:8s] 76561199108250772: ESP index=3 target=ZmbF_PoliceWomanNormal:0479 position=<2637.882324, 24.639999, 6020.296387> action=delete
[COT 2023-11-24 0h:54:8s] 76561199108250772: ESP index=4 target=ZmbF_PoliceWomanNormal:0521 position=<2639.186035, 24.639999, 6034.404297> action=delete
[COT 2023-11-24 0h:54:8s] 76561199108250772: ESP index=5 target=ZmbF_PoliceWomanNormal:0517 position=<2633.658691, 24.639999, 6036.571777> action=delete
[COT 2023-11-24 0h:54:8s] 76561199108250772: ESP index=6 target=ZmbM_JoggerSkinny_Blue:0326 position=<2545.534668, 24.635092, 5934.346191> action=delete
[COT 2023-11-24 0h:54:8s] 76561199108250772: ESP index=7 target=ZmbM_PolicemanFat:0510 position=<2634.708252, 24.640001, 6034.307617> action=delete
[COT 2023-11-24 0h:54:8s] 76561199108250772: ESP action=delete_all count=8 attempted=8
[COT 2023-11-24 0h:54:10] 76561199108250772: ESP index=0 target=ZmbF_PoliceWomanNormal:0520 position=<2631.109863, 24.639999, 6020.036621> action=delete
[COT 2023-11-24 0h:54:10] 76561199108250772: ESP action=delete_all count=1 attempted=1
[COT 2023-11-24 0h:54:23] 76561199108250772: ESP index=0 target=ZmbM_HandymanNormal_Grey:0539 position=<2802.136230, 24.639999, 5994.796875> action=delete
[COT 2023-11-24 0h:54:23] 76561199108250772: ESP index=1 target=ZmbM_PolicemanFat:0516 position=<3025.321533, 10.656510, 5905.456543> action=delete
[COT 2023-11-24 0h:54:23] 76561199108250772: ESP index=2 target=ZmbM_PolicemanSpecForce:0515 position=<3044.648438, 8.529673, 5914.138184> action=delete
[COT 2023-11-24 0h:54:23] 76561199108250772: ESP index=3 target=ZmbF_MechanicNormal_Grey:0478 position=<2753.151367, 24.639999, 5923.448730> action=delete
[COT 2023-11-24 0h:54:23] 76561199108250772: ESP index=4 target=ZmbM_OffshoreWorker_Orange:0519 position=<2738.689697, 24.654358, 5966.898438> action=delete
[COT 2023-11-24 0h:54:23] 76561199108250772: ESP index=5 target=ZmbF_BlueCollarFat_Green:0543 position=<2796.569092, 25.064533, 5920.352539> action=delete
[COT 2023-11-24 0h:54:23] 76561199108250772: ESP index=6 target=ZmbM_HandymanNormal_Beige:0542 position=<2809.986572, 23.870600, 5889.254395> action=delete
[COT 2023-11-24 0h:54:23] 76561199108250772: ESP action=delete_all count=7 attempted=7
[COT 2023-11-24 0h:54:35] 76561199108250772: ESP index=0 target=ZmbF_VillagerOld_Green:0512 position=<2644.519043, 22.554834, 6067.900391> action=delete
[COT 2023-11-24 0h:54:35] 76561199108250772: ESP index=1 target=ZmbM_Jacket_khaki:0514 position=<2654.947998, 24.502323, 6050.951660> action=delete
[COT 2023-11-24 0h:54:35] 76561199108250772: ESP index=2 target=ZmbF_VillagerOld_Green:0522 position=<2644.107910, 24.647835, 6043.716797> action=delete
[COT 2023-11-24 0h:54:35] 76561199108250772: ESP index=3 target=ZmbM_VillagerOld_White:0508 position=<2657.560791, 24.374182, 6051.820801> action=delete
[COT 2023-11-24 0h:54:35] 76561199108250772: ESP index=4 target=ZmbM_ConstrWorkerNormal_Black:0541 position=<2661.482666, 24.692112, 6043.515137> action=delete
[COT 2023-11-24 0h:54:35] 76561199108250772: ESP index=5 target=ZmbM_HandymanNormal_Blue:0540 position=<2649.576904, 24.640001, 6045.326660> action=delete
[COT 2023-11-24 0h:54:35] 76561199108250772: ESP index=6 target=ZmbM_OffshoreWorker_Red:0511 position=<2661.110352, 24.691210, 6043.737793> action=delete
[COT 2023-11-24 0h:54:35] 76561199108250772: ESP action=delete_all count=7 attempted=7
[COT 2023-11-24 0h:54:43] 76561199108250772: ESP index=0 target=ZmbF_BlueCollarFat_Blue:0327 position=<2418.658203, 25.322685, 6111.764648> action=delete
[COT 2023-11-24 0h:54:43] 76561199108250772: ESP action=delete_all count=1 attempted=1
[COT 2023-11-24 0h:54:44] 76561199108250772: ESP: Clearing ESP
[COT 2023-11-24 0h:55:29] 76561199108250772: Spawned Entity Shovel (Shovel<7c679390>, 100, 200, 0) at <2659.630127, 24.695848, 6037.740723>
[COT 2023-11-24 0h:55:52] 76561199108250772: Spawned Entity Sledgehammer (SledgeHammer<7c6a30f0>, 100, 300, 0) at <2657.740234, 24.695848, 6037.138672>
[COT 2023-11-24 0h:56:56] 76561199108250772: Spawned Entity Large Stone (ThrownStone<82f1d640>, 1, 200, 0) at <2658.683594, 24.695848, 6036.475098>
[COT 2023-11-24 0h:57:0s] 76561199108250772: Spawned Entity Large Stone (ThrownStone<82f1a670>, 1, 200, 0) at <2658.576416, 24.814461, 6036.498535>
[COT 2023-11-24 0h:57:1s] 76561199108250772: Spawned Entity Large Stone (ThrownStone<82f1d640>, 1, 200, 0) at <2658.480469, 24.920412, 6036.520508>
[COT 2023-11-24 0h:57:1s] 76561199108250772: Spawned Entity Large Stone (ThrownStone<98a20a70>, 1, 200, 0) at <2658.365723, 25.047335, 6036.546387>
[COT 2023-11-24 0h:57:5s] 76561199108250772: Spawned Entity Large Stone (ThrownStone<98a26080>, 1, 200, 0) at <2659.161621, 24.695848, 6035.666504>
[COT 2023-11-24 0h:57:5s] 76561199108250772: Spawned Entity Large Stone (ThrownStone<98a243d0>, 1, 200, 0) at <2659.072998, 24.766304, 6035.714844>
[COT 2023-11-24 0h:57:6s] 76561199108250772: Spawned Entity Large Stone (ThrownStone<98a2b690>, 1, 200, 0) at <2658.983398, 24.837481, 6035.763672>
[COT 2023-11-24 0h:57:6s] 76561199108250772: Spawned Entity Large Stone (ThrownStone<98a48190>, 1, 200, 0) at <2658.885010, 24.915607, 6035.817383>
[COT 2023-11-24 0h:57:7s] 76561199108250772: Spawned Entity Large Stone (ThrownStone<98a46e70>, 1, 200, 0) at <2658.765137, 25.010860, 6035.882324>
[COT 2023-11-24 0h:57:7s] 76561199108250772: Spawned Entity Large Stone (ThrownStone<98a494b0>, 1, 200, 0) at <2658.676270, 25.081579, 6035.931152>
[COT 2023-11-24 0h:57:12] 76561199108250772: Spawned Entity Large Stone (ThrownStone<98a48190>, 1, 200, 0) at <2659.572998, 24.711748, 6035.156250>
[COT 2023-11-24 0h:57:12] 76561199108250772: Spawned Entity Large Stone (ThrownStone<98a49e40>, 1, 200, 0) at <2659.485352, 24.768986, 6035.213867>
[COT 2023-11-24 0h:57:12] 76561199108250772: Spawned Entity Large Stone (ThrownStone<98a46e70>, 1, 200, 0) at <2659.485352, 24.768986, 6035.213867>
[COT 2023-11-24 0h:57:12] 76561199108250772: Spawned Entity Large Stone (ThrownStone<98a494b0>, 1, 200, 0) at <2659.386230, 24.833166, 6035.278320>
[COT 2023-11-24 0h:57:13] 76561199108250772: Spawned Entity Large Stone (ThrownStone<98a4a7d0>, 1, 200, 0) at <2659.274658, 24.905651, 6035.351074>
[COT 2023-11-24 0h:59:33] 76561199108250772: Spawned Entity Large Stone (ThrownStone<a4bb8240>, 1, 200, 0) at <2659.841064, 24.711748, 6035.978027>
[COT 2023-11-24 0h:59:34] 76561199108250772: Spawned Entity Large Stone (ThrownStone<a4bc4b10>, 1, 200, 0) at <2659.741455, 24.788097, 6035.998047>
[COT 2023-11-24 0h:59:35] 76561199108250772: Spawned Entity Large Stone (ThrownStone<a4bc1b40>, 1, 200, 0) at <2659.638184, 24.866936, 6036.018555>
[COT 2023-11-24 0h:59:41] 76561199108250772: Spawned Entity Large Stone (ThrownStone<a4bb8240>, 1, 200, 0) at <2659.841064, 24.711748, 6035.978027>
[COT 2023-11-24 0h:59:42] 76561199108250772: Spawned Entity Large Stone (ThrownStone<a4bbf500>, 1, 200, 0) at <2659.722412, 24.802570, 6036.001465>
[COT 2023-11-24 0h:59:42] 76561199108250772: Spawned Entity Large Stone (ThrownStone<a4bc1b40>, 1, 200, 0) at <2659.581543, 24.910234, 6036.029297>
[COT 2023-11-24 0h:59:42] 76561199108250772: Spawned Entity Large Stone (ThrownStone<a4bc37f0>, 1, 200, 0) at <2659.471924, 24.994211, 6036.051270>
[COT 2023-11-24 0h:59:49] 76561199108250772: Spawned Entity Large Stone (ThrownStone<6daa000>, 1, 200, 0) at <2659.841064, 24.711748, 6035.978027>
[COT 2023-11-24 0h:59:49] 76561199108250772: Spawned Entity Large Stone (ThrownStone<6dac640>, 1, 200, 0) at <2659.735107, 24.792740, 6035.999023>
[COT 2023-11-24 0h:59:50] 76561199108250772: Spawned Entity Large Stone (ThrownStone<6dae2f0>, 1, 200, 0) at <2659.613770, 24.885601, 6036.022949>
[COT 2023-11-24 0h:59:50] 76561199108250772: Spawned Entity Large Stone (ThrownStone<6dacfd0>, 1, 200, 0) at <2659.505615, 24.968533, 6036.043945>
[COT 2023-11-24 1h:0m:5s] 76561199108250772: Healed [guid=OAdpPkJP2Ps_W7h2ttR1bK23ekHCzrxw0mDT3zqLMdU=]
[COT 2023-11-24 1h:0m:58] 76561199108250772: Spawned Entity Large Stone (Stone<100b0c70>, 1, 200, 0) at <2660.022949, 24.695848, 6037.833984>
[COT 2023-11-24 1h:0m:59] 76561199108250772: Spawned Entity Large Stone (Stone<100b7f30>, 1, 200, 0) at <2659.924561, 24.802103, 6037.830078>
[COT 2023-11-24 1h:0m:59] 76561199108250772: Spawned Entity Large Stone (Stone<100ba570>, 1, 200, 0) at <2659.812744, 24.922775, 6037.825684>
[COT 2023-11-24 1h:1m:0s] 76561199108250772: Spawned Entity Large Stone (Stone<100b9250>, 1, 200, 0) at <2659.709961, 25.033175, 6037.821777>
[COT 2023-11-24 1h:1m:1s] 76561199108250772: Spawned Entity Large Stone (Stone<100b45d0>, 1, 200, 0) at <2659.600098, 25.151829, 6037.817871>
[COT 2023-11-24 1h:1m:2s] 76561199108250772: Spawned Entity Large Stone (Stone<100bc220>, 1, 200, 0) at <2659.479980, 25.281483, 6037.813477>
[COT 2023-11-24 1h:1m:9s] 76561199108250772: Spawned Entity Large Stone (Stone<104b1ad0>, 1, 200, 0) at <2659.381104, 25.387579, 6037.809570>
[COT 2023-11-24 1h:1m:10] 76561199108250772: Spawned Entity Large Stone (Stone<104b2df0>, 1, 200, 0) at <2659.255371, 25.523108, 6037.804688>
[COT 2023-11-24 1h:1m:11] 76561199108250772: Spawned Entity Large Stone (Stone<104b4110>, 1, 200, 0) at <2659.145752, 25.641405, 6037.800781>
[COT 2023-11-24 1h:1m:11] 76561199108250772: Spawned Entity Large Stone (Stone<104b2460>, 1, 200, 0) at <2659.036133, 25.759472, 6037.796387>
[COT 2023-11-24 1h:1m:12] 76561199108250772: Spawned Entity Large Stone (Stone<1612a480>, 1, 200, 0) at <2658.926270, 25.878056, 6037.791992>
[COT 2023-11-24 1h:1m:12] 76561199108250772: Spawned Entity Large Stone (Stone<16131740>, 1, 200, 0) at <2658.800293, 26.013584, 6037.787109>
[COT 2023-11-24 1h:1m:13] 76561199108250772: Spawned Entity Large Stone (Stone<1612ae10>, 1, 200, 0) at <2658.695801, 26.126272, 6037.783203>
[COT 2023-11-24 1h:1m:17] 76561199108250772: Spawned Entity Large Stone (Stone<161320d0>, 1, 200, 0) at <2660.189209, 24.711748, 6035.770020>
[COT 2023-11-24 1h:1m:17] 76561199108250772: Spawned Entity Large Stone (Stone<1612c130>, 1, 200, 0) at <2660.097656, 24.787384, 6035.861328>
[COT 2023-11-24 1h:1m:18] 76561199108250772: Spawned Entity Large Stone (Stone<16139390>, 1, 200, 0) at <2660.019287, 24.852053, 6035.939453>
[COT 2023-11-24 1h:1m:18] 76561199108250772: Spawned Entity Large Stone (Stone<161333f0>, 1, 200, 0) at <2659.937256, 24.919979, 6036.020996>
[COT 2023-11-24 1h:1m:18] 76561199108250772: Spawned Entity Large Stone (Stone<1613a6b0>, 1, 200, 0) at <2659.855469, 24.987476, 6036.102051>
[COT 2023-11-24 1h:1m:18] 76561199108250772: Spawned Entity Large Stone (Stone<16141970>, 1, 200, 0) at <2659.771973, 25.056297, 6036.185059>
[COT 2023-11-24 1h:1m:19] 76561199108250772: Spawned Entity Large Stone (Stone<1610eca0>, 1, 200, 0) at <2659.693848, 25.120867, 6036.263184>
[COT 2023-11-24 1h:1m:19] 76561199108250772: Spawned Entity Large Stone (Stone<1610bcd0>, 1, 200, 0) at <2659.613281, 25.187298, 6036.343262>
[COT 2023-11-24 1h:1m:19] 76561199108250772: Spawned Entity Large Stone (Stone<1610ffc0>, 1, 200, 0) at <2659.521240, 25.263439, 6036.434570>
[COT 2023-11-24 1h:2m:14] 76561199108250772: Spawned Entity Large Stone (Stone<a7aab190>, 1, 200, 0) at <2659.294678, 24.697384, 6035.690918>
[COT 2023-11-24 1h:2m:14] 76561199108250772: Spawned Entity Large Stone (Stone<a7aaeaf0>, 1, 200, 0) at <2659.226807, 24.832912, 6035.651367>
[COT 2023-11-24 1h:2m:15] 76561199108250772: Spawned Entity Large Stone (Stone<a7ab1ac0>, 1, 200, 0) at <2659.158691, 24.968441, 6035.612305>
[COT 2023-11-24 1h:2m:15] 76561199108250772: Spawned Entity Large Stone (Stone<a7aac4b0>, 1, 200, 0) at <2659.090820, 25.103970, 6035.573242>
[COT 2023-11-24 1h:2m:27] 76561199108250772: Healed [guid=OAdpPkJP2Ps_W7h2ttR1bK23ekHCzrxw0mDT3zqLMdU=]
[COT 2023-11-24 1h:2m:52] 76561199108250772: Spawned Entity Wooden Log (WoodenLog<a50fc500>, 1, 500, 0) at <2659.237305, 24.695848, 6035.743652>
[COT 2023-11-24 1h:2m:52] 76561199108250772: Spawned Entity Wooden Log (WoodenLog<a50f6ef0>, 1, 500, 0) at <2659.144775, 24.839092, 6035.637207>
[COT 2023-11-24 1h:2m:53] 76561199108250772: Spawned Entity Wooden Log (WoodenLog<a50fb1e0>, 1, 500, 0) at <2659.055176, 24.977837, 6035.533691>
[COT 2023-11-24 1h:2m:55] 76561199108250772: Spawned Entity Wooden Log (WoodenLog<ad61e2f0>, 1, 500, 0) at <2659.977539, 24.711748, 6035.040039>
[COT 2023-11-24 1h:2m:56] 76561199108250772: Spawned Entity Wooden Log (WoodenLog<ad5e3040>, 1, 500, 0) at <2659.826660, 24.842838, 6034.984863>
[COT 2023-11-24 1h:2m:56] 76561199108250772: Spawned Entity Wooden Log (WoodenLog<ad5e1390>, 1, 500, 0) at <2659.712891, 24.941761, 6034.943359>
[COT 2023-11-24 1h:3m:5s] 76561199108250772: Healed [guid=OAdpPkJP2Ps_W7h2ttR1bK23ekHCzrxw0mDT3zqLMdU=]
[COT 2023-11-24 1h:3m:46] 76561199108250772: Set the date to 2023/9/6 12:0
[COT 2023-11-24 1h:3m:46] 76561199108250772: Set rain to 0 0 0
[COT 2023-11-24 1h:3m:46] 76561199108250772: Set storm to 0 0.8 4000
[COT 2023-11-24 1h:3m:46] 76561199108250772: Set fog to 0 0 0
[COT 2023-11-24 1h:3m:46] 76561199108250772: Set overcast to 0 0 0
[COT 2023-11-24 1h:3m:46] 76561199108250772: Set wind to 0 0 1
[COT 2023-11-24 1h:4m:0s] 76561199108250772: Spawned Entity Wooden Log (WoodenLog<ad1939d0>, 1, 500, 0) at <2658.794189, 24.697834, 6033.503906>
[COT 2023-11-24 1h:4m:1s] 76561199108250772: Spawned Entity Wooden Log (WoodenLog<ad190a00>, 1, 500, 0) at <2658.643311, 24.908106, 6033.524414>
[COT 2023-11-24 1h:4m:1s] 76561199108250772: Spawned Entity Wooden Log (WoodenLog<ad1ba760>, 1, 500, 0) at <2658.500732, 25.107037, 6033.543945>
[COT 2023-11-24 1h:4m:14] 76561199108250772: Spawned Entity Nails (Nail<ad190a00>, 99, 80, 0) at <2660.185791, 24.695848, 6033.480957>
[COT 2023-11-24 1h:4m:23] 76561199108250772: Spawned Entity Metal Wire (MetalWire<a7caa9f0>, 99, 500, 0) at <2659.736816, 24.695848, 6033.580566>
[COT 2023-11-24 1h:4m:30] 76561199108250772: Spawned Entity Rope (Rope<a7ca7090>, 99, 200, 0) at <2659.121094, 24.695848, 6033.391113>
[COT 2023-11-24 1h:5m:8s] 76561199108250772: Spawned Entity Flag (Flag_Crook<a7c786b0>, 100, 100, 0) at <2659.497803, 24.786671, 6033.485840>
[COT 2023-11-24 1h:6m:30] 76561199108250772: Healed [guid=OAdpPkJP2Ps_W7h2ttR1bK23ekHCzrxw0mDT3zqLMdU=]
[COT 2023-11-24 1h:7m:37] 76561199108250772: ESP: Viewing ESP
[COT 2023-11-24 1h:7m:42] 76561199108250772: ESP target=Fence<aaba8080> action=built part=base required_materials=false
[COT 2023-11-24 1h:7m:44] 76561199108250772: ESP target=Fence<aaba8080> action=built part=wall_base_down required_materials=false
[COT 2023-11-24 1h:7m:46] 76561199108250772: ESP target=Fence<aaba8080> action=built part=wall_wood_down required_materials=false
[COT 2023-11-24 1h:8m:15] 76561199108250772: ESP target=Fence<aaba8080> action=built part=wall_base_up required_materials=false
[COT 2023-11-24 1h:8m:17] 76561199108250772: ESP target=Fence<aaba8080> action=built part=wall_gate required_materials=false
[COT 2023-11-24 1h:8m:20] 76561199108250772: ESP target=Fence<aaba8080> action=dismantle part=wall_gate
[COT 2023-11-24 1h:8m:22] 76561199108250772: ESP target=Fence<aaba8080> action=built part=wall_wood_up required_materials=false
[COT 2023-11-24 1h:8m:26] 76561199108250772: ESP: Clearing ESP
[COT 2023-11-24 1h:9m:13] 76561199108250772: Spawned Entity #syb_ibuprofen_name (TabletsBase<a0c211f0>, 10, 50, 0) at <2664.752197, 24.626934, 6045.076172>
[COT 2023-11-24 1h:9m:29] 76561199108250772: ESP: Viewing ESP
[COT 2023-11-24 1h:9m:32] 76561199108250772: ESP target=Fence<a0c148b0> action=built part=base required_materials=false
[COT 2023-11-24 1h:9m:34] 76561199108250772: ESP target=Fence<a0c148b0> action=built part=wall_base_down required_materials=false
[COT 2023-11-24 1h:9m:35] 76561199108250772: ESP target=Fence<a0c148b0> action=built part=wall_wood_down required_materials=false
[COT 2023-11-24 1h:9m:37] 76561199108250772: ESP target=Fence<a0c148b0> action=built part=wall_base_up required_materials=false
[COT 2023-11-24 1h:9m:39] 76561199108250772: ESP target=Fence<a0c148b0> action=built part=wall_wood_up required_materials=false
[COT 2023-11-24 1h:9m:40] 76561199108250772: ESP target=Fence<a0c148b0> action=built part=wall_gate required_materials=false
[COT 2023-11-24 1h:9m:53] 76561199108250772: ESP: Clearing ESP
[COT 2023-11-24 1h:10:40] 76561199108250772: Entered the Free Camera
[COT 2023-11-24 1h:11:49] 76561199108250772: Left the Free Camera
[COT 2023-11-24 1h:12:7s] 76561199108250772: Entered the Free Camera
[COT 2023-11-24 1h:12:30] 76561199108250772: Left the Free Camera
[COT 2023-11-24 1h:12:57] 76561199108250772: ESP: Viewing ESP
[COT 2023-11-24 1h:13:3s] 76561199108250772: ESP target=Fence<a7973100> action=built part=base required_materials=false
[COT 2023-11-24 1h:13:5s] 76561199108250772: ESP target=Fence<a7973100> action=built part=wall_base_down required_materials=false
[COT 2023-11-24 1h:13:7s] 76561199108250772: ESP target=Fence<a7973100> action=built part=wall_wood_down required_materials=false
[COT 2023-11-24 1h:13:10] 76561199108250772: ESP target=Fence<a7973100> action=built part=wall_platform required_materials=false
[COT 2023-11-24 1h:13:12] 76561199108250772: ESP target=Fence<a7973100> action=dismantle part=wall_platform
[COT 2023-11-24 1h:13:13] 76561199108250772: ESP target=Fence<a7973100> action=built part=wall_base_up required_materials=false
[COT 2023-11-24 1h:13:15] 76561199108250772: ESP target=Fence<a7973100> action=built part=wall_wood_up required_materials=false
[COT 2023-11-24 1h:13:18] 76561199108250772: ESP: Clearing ESP
[COT 2023-11-24 1h:14:32] 76561199108250772: Spawned Entity CodeLock (CodeLock<adc97160>, 100, 1500, 0) at <2660.742676, 24.642323, 6044.289063>
[COT 2023-11-24 1h:15:34] 76561199108250772: ESP: Viewing ESP
[COT 2023-11-24 1h:15:40] 76561199108250772: ESP target=Fence<ab701aa0> action=built part=base required_materials=false
[COT 2023-11-24 1h:15:42] 76561199108250772: ESP target=Fence<ab701aa0> action=built part=wall_base_down required_materials=false
[COT 2023-11-24 1h:15:44] 76561199108250772: ESP target=Fence<ab701aa0> action=built part=wall_wood_down required_materials=false
[COT 2023-11-24 1h:15:47] 76561199108250772: ESP target=Fence<ab701aa0> action=built part=wall_base_up required_materials=false
[COT 2023-11-24 1h:15:49] 76561199108250772: ESP target=Fence<ab701aa0> action=built part=wall_wood_up required_materials=false
[COT 2023-11-24 1h:15:52] 76561199108250772: ESP: Clearing ESP
[COT 2023-11-24 1h:16:14] 76561199108250772: Spawned Entity Fence Kit (FenceKit<97822cb0>, 100, 200, 0) at <2666.427002, 24.600006, 6044.191895>
[COT 2023-11-24 1h:17:8s] 76561199108250772: ESP: Viewing ESP
[COT 2023-11-24 1h:17:11] 76561199108250772: ESP target=Fence<970b41b0> action=built part=base required_materials=false
[COT 2023-11-24 1h:17:13] 76561199108250772: ESP target=Fence<970b41b0> action=built part=wall_base_down required_materials=false
[COT 2023-11-24 1h:17:14] 76561199108250772: ESP target=Fence<970b41b0> action=built part=wall_base_up required_materials=false
[COT 2023-11-24 1h:17:17] 76561199108250772: ESP target=Fence<970b41b0> action=built part=wall_wood_down required_materials=false
[COT 2023-11-24 1h:17:20] 76561199108250772: ESP target=Fence<970b41b0> action=built part=wall_gate required_materials=false
[COT 2023-11-24 1h:17:22] 76561199108250772: ESP target=Fence<970b41b0> action=dismantle part=wall_gate
[COT 2023-11-24 1h:17:24] 76561199108250772: ESP target=Fence<970b41b0> action=built part=wall_wood_up required_materials=false
[COT 2023-11-24 1h:17:26] 76561199108250772: ESP: Clearing ESP
[COT 2023-11-24 1h:17:40] 76561199108250772: Set the date to 2023/9/6 12:0
[COT 2023-11-24 1h:17:41] 76561199108250772: Set rain to 0 0 0
[COT 2023-11-24 1h:17:41] 76561199108250772: Set storm to 0 0.8 4000
[COT 2023-11-24 1h:17:41] 76561199108250772: Set fog to 0 0 0
[COT 2023-11-24 1h:17:41] 76561199108250772: Set overcast to 0 0 0
[COT 2023-11-24 1h:17:41] 76561199108250772: Set wind to 0 0 1
[COT 2023-11-24 1h:18:45] 76561199108250772: Spawned Entity #syb_zvirus_antidot_name (InjectorBase<a92e7f50>, 100, 100, 0) at <2656.069824, 17.575882, 6020.622070>
[COT 2023-11-24 1h:22:19] 76561199108250772: Spawned Entity Fire Barrel (BarrelHoles_Yellow<f91a4390>, 100, 900, 0) at <2650.367920, 17.578518, 6025.323730>
[COT 2023-11-24 1h:22:36] 76561199108250772: Spawned Entity Firewood (Firewood<ae0f6880>, 1, 500, 0) at <2651.060303, 17.578518, 6025.135742>
[COT 2023-11-24 1h:22:36] 76561199108250772: Spawned Entity Firewood (Firewood<ae0fdb40>, 1, 500, 0) at <2651.078125, 17.755129, 6025.235840>
[COT 2023-11-24 1h:22:37] 76561199108250772: Spawned Entity Firewood (Firewood<ae0f8530>, 1, 500, 0) at <2651.096191, 17.931740, 6025.336914>
[COT 2023-11-24 1h:22:37] 76561199108250772: Spawned Entity Firewood (Firewood<ae100b10>, 1, 500, 0) at <2651.114258, 18.108351, 6025.437500>
[COT 2023-11-24 1h:22:38] 76561199108250772: Spawned Entity Firewood (Firewood<ae109a80>, 1, 500, 0) at <2651.132324, 18.284964, 6025.538086>
[COT 2023-11-24 1h:22:38] 76561199108250772: Spawned Entity Firewood (Firewood<ae10ca50>, 1, 500, 0) at <2651.149658, 18.452354, 6025.633789>
[COT 2023-11-24 1h:23:0s] 76561199108250772: Spawned Entity Paper (Paper<9f3b7360>, 10, 15, 0) at <2650.758545, 17.578518, 6026.058105>
[COT 2023-11-24 1h:23:7s] 76561199108250772: Spawned Entity Lighter (PetrolLighter<9f3e96a0>, 20, 20, 0) at <2650.791992, 17.650850, 6026.078613>
[COT 2023-11-24 1h:27:54] 76561199108250772: Spawned Entity Plank (WoodenPlank<7b9cfdd0>, 10, 100, 0) at <2652.851318, 17.578518, 6024.912109>
[COT 2023-11-24 1h:27:54] 76561199108250772: Spawned Entity Plank (WoodenPlank<7b9ceab0>, 10, 100, 0) at <2652.806885, 17.727871, 6025.133789>
[COT 2023-11-24 1h:27:55] 76561199108250772: Spawned Entity Plank (WoodenPlank<7b9cce00>, 10, 100, 0) at <2652.776611, 17.829227, 6025.284180>
[COT 2023-11-24 1h:28:1s] 76561199108250772: Spawned Entity Boxed Nails (NailBox<99544ab0>, 10, 80, 0) at <2652.776611, 17.829227, 6025.284180>
[COT 2023-11-24 1h:28:2s] 76561199108250772: Spawned Entity Boxed Nails (NailBox<99551d10>, 10, 80, 0) at <2652.751465, 17.913784, 6025.409668>
[COT 2023-11-24 1h:28:2s] 76561199108250772: Spawned Entity Boxed Nails (NailBox<9954e3b0>, 10, 80, 0) at <2652.731201, 17.981485, 6025.510254>
[COT 2023-11-24 2h:29:20] 76561199108250772: Set the date to 2023/9/6 12:0
[COT 2023-11-24 2h:29:21] 76561199108250772: Set rain to 0 0 0
[COT 2023-11-24 2h:29:21] 76561199108250772: Set storm to 0 0.8 4000
[COT 2023-11-24 2h:29:21] 76561199108250772: Set fog to 0 0 0
[COT 2023-11-24 2h:29:21] 76561199108250772: Set overcast to 0 0 0
[COT 2023-11-24 2h:29:21] 76561199108250772: Set wind to 0 0 1
[COT 2023-11-24 2h:29:34] 76561199108250772: Spawned Entity #syb_zvirus_antidot_name (InjectorBase<82953a10>, 100, 100, 0) at <2651.811035, 17.578518, 6023.584473>
[COT 2023-11-24 2h:30:24] 76561199108250772: Spawned Entity Wooden Crate (WoodenCrate<e609d00>, 100, 400, 0) at <2651.142578, 18.458195, 6019.281738>
[COT 2023-11-24 2h:30:28] 76561199108250772: Spawned Entity Wooden Crate (WoodenCrate<e6195a0>, 100, 400, 0) at <2651.640869, 18.458195, 6019.611816>
[COT 2023-11-24 2h:30:32] 76561199108250772: Spawned Entity Wooden Crate (WoodenCrate<e642970>, 100, 400, 0) at <2651.991699, 18.458195, 6020.136719>
[COT 2023-11-24 2h:30:41] 76561199108250772: Spawned Entity Wooden Crate (WoodenCrate<e63f010>, 100, 400, 0) at <2655.672607, 18.371668, 6022.698242>
[COT 2023-11-24 2h:30:48] 76561199108250772: Spawned Entity Wooden Crate (WoodenCrate<e644fb0>, 100, 400, 0) at <2658.745117, 18.371668, 6022.673340>
[COT 2023-11-24 2h:30:52] 76561199108250772: Spawned Entity Wooden Crate (WoodenCrate<e640cc0>, 100, 400, 0) at <2659.441650, 18.371668, 6022.591309>
[COT 2023-11-24 2h:31:20] 76561199108250772: Spawned Entity Wooden Crate (WoodenCrate<95306cc0>, 100, 400, 0) at <2653.802979, 18.346188, 6028.002930>
[COT 2023-11-24 2h:31:22] 76561199108250772: Spawned Entity Wooden Crate (WoodenCrate<95318ba0>, 100, 400, 0) at <2653.920654, 18.346186, 6027.236816>
[COT 2023-11-24 2h:31:25] 76561199108250772: Spawned Entity Wooden Crate (WoodenCrate<9532f700>, 100, 400, 0) at <2654.942871, 18.346188, 6027.015625>
[COT 2023-11-24 2h:31:30] 76561199108250772: Spawned Entity Wooden Crate (WoodenCrate<95330090>, 100, 400, 0) at <2655.886963, 18.346188, 6027.089844>
[COT 2023-11-24 2h:31:33] 76561199108250772: Spawned Entity Wooden Crate (WoodenCrate<95329760>, 100, 400, 0) at <2657.082031, 18.320004, 6026.919922>
[COT 2023-11-24 2h:32:51] 76561199407766611: Set UnlimitedStamina To true [guid=spMEkRl42onhFHdF_u42e0T03x2sj347kUc600NXdGA=]
[COT 2023-11-24 2h:32:52] 76561199407766611: Set UnlimitedAmmo To true [guid=spMEkRl42onhFHdF_u42e0T03x2sj347kUc600NXdGA=]
[COT 2023-11-24 2h:32:53] 76561199407766611: Set cannot be targeted by AI to true [guid=spMEkRl42onhFHdF_u42e0T03x2sj347kUc600NXdGA=]
[COT 2023-11-24 2h:32:54] 76561199407766611: Set GodMode To true [guid=spMEkRl42onhFHdF_u42e0T03x2sj347kUc600NXdGA=]
[COT 2023-11-24 2h:33:2s] 76561199407766611: Teleported to position <2652.913086, 17.400000, 6020.965820>
[COT 2023-11-24 2h:34:36] 76561199407766611: Spawned Entity MVS Patrol Cap - Multicam Black (Clothing<9cab32d0>, 1000, 100, 0) at <2657.532471, 17.583935, 6033.579102>
[COT 2023-11-24 2h:34:49] 76561199407766611: Spawned Entity Identifier Patch - ADMIN (Clothing<9cab75c0>, 100, 100, 0) at <2657.523193, 17.583935, 6033.575684>
[COT 2023-11-24 2h:37:31] 76561199108250772: Spawned Entity Wooden Crate (WoodenCrate<aae77c10>, 100, 400, 0) at <2657.852783, 18.320005, 6026.754883>
[COT 2023-11-24 2h:37:36] 76561199108250772: Spawned Entity Wooden Crate (WoodenCrate<aae99390>, 100, 400, 0) at <2658.755615, 18.327948, 6026.871582>
[COT 2023-11-24 2h:38:25] 76561199407766611: Deleted Entity Fence:020157 at <2660.564697, 24.669748, 6039.837891>
[COT 2023-11-24 2h:38:27] 76561199407766611: Deleted Entity Fence:04910 at <2661.276367, 24.669748, 6039.819336>
[COT 2023-11-24 2h:38:31] 76561199407766611: Deleted Entity Fence:09575 at <2665.278320, 24.637299, 6040.009766>
[COT 2023-11-24 2h:38:32] 76561199407766611: Deleted Entity Fence:021913 at <2664.835205, 24.641439, 6040.005859>
[COT 2023-11-24 2h:38:36] 76561199407766611: Deleted Entity Fence:022351 at <2662.882080, 24.600000, 6042.338867>
[COT 2023-11-24 2h:40:10] 76561199108250772: ESP: Viewing ESP
[COT 2023-11-24 2h:40:12] 76561199108250772: ESP index=0 target=ZmbM_VillagerOld_Blue:0514 position=<2661.700928, 24.695848, 6037.600586> action=delete
[COT 2023-11-24 2h:40:12] 76561199108250772: ESP action=delete_all count=1 attempted=1
[COT 2023-11-24 2h:40:22] 76561199108250772: ESP: Clearing ESP
[COT 2023-11-24 2h:40:59] 76561199108250772: Spawned Entity #syb_topoizomeraza_name (InjectorBase<a930c6a0>, 100, 100, 0) at <2664.111572, 24.624863, 6044.969727>
[COT 2023-11-24 2h:41:2s] 76561199407766611: Spawned Entity Wooden Log (WoodenLog<a930e350>, 1, 500, 0) at <2665.218750, 24.673388, 6039.420898>
[COT 2023-11-24 2h:41:3s] 76561199407766611: Spawned Entity Wooden Log (WoodenLog<a930ece0>, 1, 500, 0) at <2665.064209, 24.869766, 6039.439941>
[COT 2023-11-24 2h:41:16] 76561199407766611: Spawned Entity Shovel (Shovel<a9313960>, 100, 200, 0) at <2665.186768, 24.673687, 6039.440918>
[COT 2023-11-24 2h:41:17] 76561199108250772: Spawned Entity Alcoholic Tincture (DisinfectantAlcohol<970ce850>, 200, 30, 0) at <2663.726563, 24.625187, 6044.986328>
[COT 2023-11-24 2h:41:22] 76561199407766611: Spawned Entity Sledgehammer (SledgeHammer<a92d86b0>, 100, 300, 0) at <2665.114502, 24.803673, 6039.443848>
[COT 2023-11-24 2h:41:29] 76561199407766611: Spawned Entity Hatchet (Hatchet<a92e3c60>, 100, 150, 0) at <2665.044678, 24.920618, 6039.447266>
[COT 2023-11-24 2h:41:47] 76561199108250772: Set the date to 2023/9/6 12:0
[COT 2023-11-24 2h:41:48] 76561199108250772: Set rain to 0 0 0
[COT 2023-11-24 2h:41:48] 76561199108250772: Set storm to 0 0.8 4000
[COT 2023-11-24 2h:41:48] 76561199108250772: Set fog to 0 0 0
[COT 2023-11-24 2h:41:48] 76561199108250772: Set overcast to 0 0 0
[COT 2023-11-24 2h:41:48] 76561199108250772: Set wind to 0 0 1
[COT 2023-11-24 2h:43:0s] 76561199407766611: Spawned Entity Wooden Log (WoodenLog<a8e54db0>, 1, 500, 0) at <2661.136230, 24.695848, 6040.267090>
[COT 2023-11-24 2h:43:0s] 76561199407766611: Spawned Entity Wooden Log (WoodenLog<a8e53100>, 1, 500, 0) at <2661.156738, 24.910566, 6040.285156>
[COT 2023-11-24 2h:43:0s] 76561199407766611: Spawned Entity Wooden Log (WoodenLog<a8e50130>, 1, 500, 0) at <2661.177246, 25.125284, 6040.304199>
[COT 2023-11-24 2h:44:6s] 76561199108250772: Set UnlimitedAmmo To true [guid=MVVMrVN0PghCJDna1iwe28IrroKs62R6OSQ-lDTxy3U=]
[COT 2023-11-24 2h:45:11] 76561199108250772: Healed [guid=MVVMrVN0PghCJDna1iwe28IrroKs62R6OSQ-lDTxy3U=]
[COT 2023-11-24 2h:45:33] 76561199407766611: Spawned Entity Wooden Log (WoodenLog<849c6820>, 1, 500, 0) at <2662.745361, 24.867229, 6041.539063>
[COT 2023-11-24 2h:47:12] 76561199407766611: Spawned Entity Plank (WoodenPlank<9980a600>, 10, 100, 0) at <2662.756348, 24.624447, 6042.098145>
[COT 2023-11-24 2h:47:12] 76561199407766611: Spawned Entity Plank (WoodenPlank<9980c2b0>, 10, 100, 0) at <2662.763184, 24.773888, 6041.996582>
[COT 2023-11-24 2h:47:12] 76561199407766611: Spawned Entity Plank (WoodenPlank<99805980>, 10, 100, 0) at <2662.769775, 24.923185, 6041.894531>
[COT 2023-11-24 2h:47:12] 76561199407766611: Spawned Entity Plank (WoodenPlank<99806ca0>, 10, 100, 0) at <2662.776855, 25.072517, 6041.792480>
[COT 2023-11-24 2h:47:12] 76561199407766611: Spawned Entity Plank (WoodenPlank<99807630>, 10, 100, 0) at <2662.783691, 25.220095, 6041.691406>
[COT 2023-11-24 2h:47:12] 76561199407766611: Spawned Entity Plank (WoodenPlank<99810f30>, 10, 100, 0) at <2662.791260, 25.369404, 6041.589844>
[COT 2023-11-24 2h:47:12] 76561199407766611: Spawned Entity Plank (WoodenPlank<9980df60>, 10, 100, 0) at <2662.799072, 25.518719, 6041.489258>
[COT 2023-11-24 2h:49:19] 76561199407766611: Spawned Entity Nails (Nail<7307c340>, 99, 80, 0) at <2664.724121, 24.678013, 6040.142090>
[COT 2023-11-24 2h:49:19] 76561199407766611: Spawned Entity Nails (Nail<73089f30>, 99, 80, 0) at <2664.703613, 24.752819, 6040.142578>
[COT 2023-11-24 2h:49:19] 76561199407766611: Spawned Entity Nails (Nail<730865d0>, 99, 80, 0) at <2664.684082, 24.827625, 6040.143066>
[COT 2023-11-24 2h:52:6s] 76561199108250772: Healed [guid=MVVMrVN0PghCJDna1iwe28IrroKs62R6OSQ-lDTxy3U=]
[COT 2023-11-24 2h:52:13] 76561199407766611: Spawned Entity Metal Wire (MetalWire<11fa09d0>, 100, 500, 0) at <2662.164551, 24.701937, 6041.292969>
[COT 2023-11-24 2h:52:31] 76561199407766611: Spawned Entity Pliers (Pliers<aac150f0>, 100, 100, 0) at <2661.964600, 25.246744, 6041.429199>
[COT 2023-11-24 2h:53:20] 76561199407766611: Spawned Entity #syb_metralyndol (SyberiaMedicineAmpoule<a50ef2a0>, 4, 50, 0) at <2660.326416, 24.599998, 6045.685059>
[COT 2023-11-24 2h:53:20] 76561199407766611: Spawned Entity #syb_metralyndol (SyberiaMedicineAmpoule<a50eb940>, 4, 50, 0) at <2660.354736, 24.672417, 6045.749023>
[COT 2023-11-24 2h:54:27] 76561199407766611: Spawned Entity CodeLock (CodeLock<8c4ff8b0>, 100, 1500, 0) at <2662.817627, 24.695835, 6041.462891>
[COT 2023-11-24 2h:54:28] 76561199407766611: Spawned Entity CodeLock (CodeLock<8c5144c0>, 100, 1500, 0) at <2662.813721, 24.989510, 6041.416504>
[COT 2023-11-24 2h:54:28] 76561199407766611: Spawned Entity CodeLock (CodeLock<7fa6df80>, 100, 1500, 0) at <2662.812256, 25.121038, 6041.396973>
[COT 2023-11-24 2h:57:58] 76561199108250772: Spawned Entity #syb_zvirus_antidot_name (InjectorBase<7befd590>, 100, 100, 0) at <2663.111572, 24.972416, 6039.127930>
[COT 2023-11-24 2h:57:59] 76561199108250772: Spawned Entity #syb_zvirus_antidot_name (InjectorBase<7befdf20>, 100, 100, 0) at <2663.103271, 25.024996, 6039.185547>
[COT 2023-11-24 2h:58:0s] 76561199108250772: Spawned Entity #syb_zvirus_antidot_name (InjectorBase<7befe8b0>, 100, 100, 0) at <2663.093750, 25.084669, 6039.250977>
[COT 2023-11-24 2h:58:0s] 76561199108250772: Spawned Entity #syb_zvirus_antidot_name (InjectorBase<7bef7f80>, 100, 100, 0) at <2663.085938, 25.134367, 6039.305176>
[COT 2023-11-24 2h:58:1s] 76561199108250772: Spawned Entity #syb_zvirus_antidot_name (InjectorBase<7beffbd0>, 100, 100, 0) at <2663.075439, 25.199545, 6039.376465>
[COT 2023-11-24 2h:58:1s] 76561199108250772: Spawned Entity #syb_zvirus_antidot_name (InjectorBase<7bf02ba0>, 100, 100, 0) at <2663.066162, 25.258993, 6039.441406>
[COT 2023-11-24 2h:58:1s] 76561199108250772: Spawned Entity #syb_zvirus_antidot_name (InjectorBase<7bf00ef0>, 100, 100, 0) at <2663.058594, 25.306929, 6039.494141>
[COT 2023-11-24 2h:58:2s] 76561199108250772: Spawned Entity #syb_zvirus_antidot_name (InjectorBase<7bf081b0>, 100, 100, 0) at <2663.050781, 25.355291, 6039.546875>
[COT 2023-11-24 2h:58:2s] 76561199108250772: Spawned Entity #syb_zvirus_antidot_name (InjectorBase<7bf0a7f0>, 100, 100, 0) at <2663.041992, 25.410736, 6039.607422>
[COT 2023-11-24 2h:58:3s] 76561199108250772: Spawned Entity #syb_zvirus_antidot_name (InjectorBase<7bf051e0>, 100, 100, 0) at <2663.032959, 25.469086, 6039.671387>
[COT 2023-11-24 2h:58:54] 76561199407766611: Spawned Entity AUR AX (Aug<7faeb480>, 100, 300, 0) at <2663.129395, 24.692919, 6037.089355>
[COT 2023-11-24 3h:0m:16] 76561199407766611: Spawned Entity Survivor (SurvivorBase<2caa4010>, 100, 100, 0) at <2628.074707, 24.391418, 6072.127930>
[COT 2023-11-24 3h:0m:16] 76561199407766611: Spawned Entity Survivor (SurvivorBase<2c688020>, 100, 100, 0) at <2628.123779, 24.398338, 6072.081055>
[COT 2023-11-24 3h:0m:16] 76561199407766611: Spawned Entity Survivor (SurvivorBase<2c2e0030>, 100, 100, 0) at <2628.173828, 24.405527, 6072.032715>
[COT 2023-11-24 3h:0m:16] 76561199407766611: Spawned Entity Survivor (SurvivorBase<2b9f9020>, 100, 100, 0) at <2628.223389, 24.412502, 6071.985352>
[COT 2023-11-24 3h:0m:16] 76561199407766611: Spawned Entity Survivor (SurvivorBase<2c5dc010>, 100, 100, 0) at <2628.272949, 24.419399, 6071.938965>
[COT 2023-11-24 3h:0m:16] 76561199407766611: Spawned Entity Survivor (SurvivorBase<289d01c0>, 100, 100, 0) at <2628.321777, 24.425951, 6071.893555>
[COT 2023-11-24 3h:0m:16] 76561199407766611: Spawned Entity Survivor (SurvivorBase<212d3030>, 100, 100, 0) at <2628.993408, 24.514221, 6071.281738>
[COT 2023-11-24 3h:0m:17] 76561199407766611: Spawned Entity Survivor (SurvivorBase<3087b020>, 100, 100, 0) at <2629.040283, 24.520130, 6071.239746>
[COT 2023-11-24 3h:0m:17] 76561199407766611: Spawned Entity Survivor (SurvivorBase<1be23290>, 100, 100, 0) at <2629.086670, 24.525967, 6071.198730>
[COT 2023-11-24 3h:0m:17] 76561199407766611: Spawned Entity Survivor (SurvivorBase<2ba37010>, 100, 100, 0) at <2629.264893, 24.549049, 6071.038086>
[COT 2023-11-24 3h:0m:17] 76561199407766611: Spawned Entity Survivor (SurvivorBase<27e9d020>, 100, 100, 0) at <2629.309814, 24.554630, 6070.997559>
[COT 2023-11-24 3h:0m:17] 76561199407766611: Spawned Entity Survivor (SurvivorBase<2313e010>, 100, 100, 0) at <2629.642578, 24.597940, 6070.696289>
[COT 2023-11-24 3h:0m:17] 76561199407766611: Spawned Entity Survivor (SurvivorBase<1e2f0690>, 100, 100, 0) at <2629.687744, 24.603348, 6070.656738>
[COT 2023-11-24 3h:0m:17] 76561199407766611: Spawned Entity Survivor (SurvivorBase<2bd9d020>, 100, 100, 0) at <2630.364014, 24.691767, 6070.041992>
[COT 2023-11-24 3h:0m:17] 76561199407766611: Spawned Entity Survivor (SurvivorBase<dea153b0>, 100, 100, 0) at <2630.409668, 24.697327, 6070.001953>
[COT 2023-11-24 3h:0m:18] 76561199407766611: Spawned Entity Survivor (SurvivorBase<27d87010>, 100, 100, 0) at <2630.456787, 24.703365, 6069.959961>
[COT 2023-11-24 3h:0m:18] 76561199407766611: Spawned Entity Survivor (SurvivorBase<2c854020>, 100, 100, 0) at <2630.547607, 24.715231, 6069.877441>
[COT 2023-11-24 3h:0m:18] 76561199407766611: Spawned Entity Survivor (SurvivorBase<e66224c0>, 100, 100, 0) at <2630.786865, 24.746973, 6069.658691>
[COT 2023-11-24 3h:0m:18] 76561199407766611: Spawned Entity Survivor (SurvivorBase<10939010>, 100, 100, 0) at <2630.836670, 24.753853, 6069.612305>
[COT 2023-11-24 3h:0m:18] 76561199407766611: Spawned Entity Survivor (SurvivorBase<19044020>, 100, 100, 0) at <2630.886963, 24.760914, 6069.564941>
[COT 2023-11-24 3h:0m:18] 76561199407766611: Spawned Entity Survivor (SurvivorBase<190484b0>, 100, 100, 0) at <2630.978271, 24.773365, 6069.479492>
[COT 2023-11-24 3h:0m:19] 76561199407766611: Spawned Entity Survivor (SurvivorBase<23c86030>, 100, 100, 0) at <2631.029053, 24.780354, 6069.431641>
[COT 2023-11-24 3h:0m:19] 76561199407766611: Spawned Entity Survivor (SurvivorBase<23c8a4c0>, 100, 100, 0) at <2631.076904, 24.786598, 6069.388184>
[COT 2023-11-24 3h:0m:19] 76561199407766611: Spawned Entity Survivor (SurvivorBase<30904020>, 100, 100, 0) at <2631.158691, 24.797235, 6069.313965>
[COT 2023-11-24 3h:0m:19] 76561199407766611: Spawned Entity Survivor (SurvivorBase<1f88d950>, 100, 100, 0) at <2631.255371, 24.809757, 6069.227539>
[COT 2023-11-24 3h:0m:19] 76561199407766611: Spawned Entity Survivor (SurvivorBase<26a412b0>, 100, 100, 0) at <2631.317139, 24.817711, 6069.174316>
[COT 2023-11-24 3h:0m:19] 76561199407766611: Spawned Entity Survivor (SurvivorBase<16ce3050>, 100, 100, 0) at <2631.420410, 24.831091, 6069.082520>
[COT 2023-11-24 3h:0m:19] 76561199407766611: Spawned Entity Survivor (SurvivorBase<2ceae010>, 100, 100, 0) at <2631.492920, 24.840401, 6069.018066>
[COT 2023-11-24 3h:0m:20] 76561199407766611: Spawned Entity Survivor (SurvivorBase<16cda010>, 100, 100, 0) at <2631.755371, 24.874985, 6068.779785>
[COT 2023-11-24 3h:0m:20] 76561199407766611: Spawned Entity Survivor (SurvivorBase<16cde4a0>, 100, 100, 0) at <2631.950928, 24.900507, 6068.602051>
[COT 2023-11-24 3h:0m:20] 76561199407766611: Spawned Entity Survivor (SurvivorBase<1f9e5db0>, 100, 100, 0) at <2631.997803, 24.906563, 6068.559570>
[COT 2023-11-24 3h:0m:20] 76561199407766611: Spawned Entity Survivor (SurvivorBase<2b1732e0>, 100, 100, 0) at <2632.045166, 24.912659, 6068.517090>
[COT 2023-11-24 3h:0m:20] 76561199407766611: Spawned Entity Survivor (SurvivorBase<16b509e0>, 100, 100, 0) at <2632.093506, 24.918997, 6068.473633>
[COT 2023-11-24 3h:0m:20] 76561199407766611: Spawned Entity Survivor (SurvivorBase<2bd71870>, 100, 100, 0) at <2632.140869, 24.925257, 6068.430176>
[COT 2023-11-24 3h:0m:20] 76561199407766611: Spawned Entity Survivor (SurvivorBase<2bd75d00>, 100, 100, 0) at <2632.239014, 24.938267, 6068.340332>
[COT 2023-11-24 3h:0m:21] 76561199407766611: Spawned Entity Survivor (SurvivorBase<1e0120e0>, 100, 100, 0) at <2632.287109, 24.944643, 6068.295898>
[COT 2023-11-24 3h:0m:21] 76561199407766611: Spawned Entity Survivor (SurvivorBase<2188b2d0>, 100, 100, 0) at <2632.365479, 24.955051, 6068.222656>
[COT 2023-11-24 3h:0m:21] 76561199407766611: Spawned Entity Survivor (SurvivorBase<e9a32a0>, 100, 100, 0) at <2632.447998, 24.966198, 6068.145996>
[COT 2023-11-24 3h:0m:21] 76561199407766611: Spawned Entity Survivor (SurvivorBase<232ae2b0>, 100, 100, 0) at <2632.512451, 24.975035, 6068.085938>
[COT 2023-11-24 3h:0m:21] 76561199407766611: Spawned Entity Survivor (SurvivorBase<1e0b3040>, 100, 100, 0) at <2632.561768, 24.981771, 6068.040527>
[COT 2023-11-24 3h:0m:21] 76561199407766611: Spawned Entity Survivor (SurvivorBase<2be92530>, 100, 100, 0) at <2634.195313, 25.196617, 6066.551270>
[COT 2023-11-24 3h:0m:22] 76561199407766611: Spawned Entity Survivor (SurvivorBase<2be6e2c0>, 100, 100, 0) at <2634.240967, 25.202202, 6066.511230>
[COT 2023-11-24 3h:0m:22] 76561199407766611: Spawned Entity Survivor (SurvivorBase<27dd72a0>, 100, 100, 0) at <2634.389160, 25.220970, 6066.377441>
[COT 2023-11-24 3h:0m:22] 76561199407766611: Spawned Entity Survivor (SurvivorBase<4b09030>, 100, 100, 0) at <2634.430420, 25.225662, 6066.339844>
[COT 2023-11-24 3h:0m:22] 76561199407766611: Spawned Entity Survivor (SurvivorBase<21263010>, 100, 100, 0) at <2634.503906, 25.235062, 6066.272949>
[COT 2023-11-24 3h:0m:22] 76561199407766611: Spawned Entity Survivor (SurvivorBase<21275740>, 100, 100, 0) at <2634.623779, 25.250713, 6066.163574>
[COT 2023-11-24 3h:0m:22] 76561199407766611: Spawned Entity Survivor (SurvivorBase<2bca62b0>, 100, 100, 0) at <2634.672607, 25.257332, 6066.118164>
[COT 2023-11-24 3h:0m:23] 76561199407766611: Spawned Entity Survivor (SurvivorBase<2bce8020>, 100, 100, 0) at <2634.824463, 25.277924, 6065.978516>
[COT 2023-11-24 3h:0m:23] 76561199407766611: Spawned Entity Survivor (SurvivorBase<2c32f050>, 100, 100, 0) at <2634.875000, 25.285172, 6065.930664>
[COT 2023-11-24 3h:0m:23] 76561199407766611: Spawned Entity Survivor (SurvivorBase<212072b0>, 100, 100, 0) at <2634.925049, 25.292488, 6065.881836>
[COT 2023-11-24 3h:0m:23] 76561199407766611: Spawned Entity Survivor (SurvivorBase<2c391010>, 100, 100, 0) at <2634.975586, 25.299820, 6065.833008>
[COT 2023-11-24 3h:0m:23] 76561199407766611: Spawned Entity Survivor (SurvivorBase<2c3994b0>, 100, 100, 0) at <2635.152588, 25.323689, 6065.668945>
[COT 2023-11-24 3h:0m:23] 76561199407766611: Spawned Entity Survivor (SurvivorBase<217202a0>, 100, 100, 0) at <2635.539063, 25.374889, 6065.314941>
[COT 2023-11-24 3h:0m:23] 76561199407766611: Spawned Entity Survivor (SurvivorBase<21754020>, 100, 100, 0) at <2635.586914, 25.381323, 6065.270996>
[COT 2023-11-24 3h:0m:24] 76561199407766611: Spawned Entity Survivor (SurvivorBase<21784010>, 100, 100, 0) at <2635.634277, 25.387438, 6065.228027>
[COT 2023-11-24 3h:0m:24] 76561199407766611: Spawned Entity Survivor (SurvivorBase<21e66030>, 100, 100, 0) at <2635.680176, 25.393160, 6065.187012>
[COT 2023-11-24 3h:0m:24] 76561199407766611: Spawned Entity Survivor (SurvivorBase<216f4610>, 100, 100, 0) at <2635.797852, 25.408279, 6065.081543>
[COT 2023-11-24 3h:0m:24] 76561199407766611: Spawned Entity Survivor (SurvivorBase<313ac010>, 100, 100, 0) at <2635.843262, 25.413828, 6065.041504>
[COT 2023-11-24 3h:0m:24] 76561199407766611: Spawned Entity Survivor (SurvivorBase<2836a2c0>, 100, 100, 0) at <2636.003174, 25.434387, 6064.897949>
[COT 2023-11-24 3h:0m:24] 76561199407766611: Spawned Entity Survivor (SurvivorBase<283dc020>, 100, 100, 0) at <2636.047607, 25.439655, 6064.858887>
[COT 2023-11-24 3h:0m:25] 76561199407766611: Spawned Entity Survivor (SurvivorBase<283ee750>, 100, 100, 0) at <2636.131592, 25.450096, 6064.784668>
[COT 2023-11-24 3h:0m:25] 76561199407766611: Spawned Entity Survivor (SurvivorBase<283f6bf0>, 100, 100, 0) at <2636.196777, 25.458271, 6064.726563>
[COT 2023-11-24 3h:0m:25] 76561199407766611: Spawned Entity Survivor (SurvivorBase<2c999020>, 100, 100, 0) at <2636.243652, 25.464237, 6064.684570>
[COT 2023-11-24 3h:0m:25] 76561199407766611: Spawned Entity Survivor (SurvivorBase<2c9a7740>, 100, 100, 0) at <2636.318359, 25.474186, 6064.616699>
[COT 2023-11-24 3h:0m:25] 76561199407766611: Spawned Entity Survivor (SurvivorBase<2c9f7010>, 100, 100, 0) at <2636.368652, 25.481236, 6064.569824>
[COT 2023-11-24 3h:0m:25] 76561199407766611: Spawned Entity Survivor (SurvivorBase<2ccda070>, 100, 100, 0) at <2636.441406, 25.491283, 6064.501465>
[COT 2023-11-24 3h:0m:26] 76561199407766611: Spawned Entity Survivor (SurvivorBase<268b4010>, 100, 100, 0) at <2636.531494, 25.503605, 6064.417480>
[COT 2023-11-24 3h:0m:26] 76561199407766611: Spawned Entity Survivor (SurvivorBase<28364540>, 100, 100, 0) at <2636.633301, 25.517254, 6064.323730>
[COT 2023-11-24 3h:0m:26] 76561199407766611: Spawned Entity Survivor (SurvivorBase<2690e030>, 100, 100, 0) at <2636.679688, 25.523376, 6064.280762>
[COT 2023-11-24 3h:0m:26] 76561199407766611: Spawned Entity Survivor (SurvivorBase<2692a020>, 100, 100, 0) at <2636.760498, 25.533920, 6064.207031>
[COT 2023-11-24 3h:0m:26] 76561199407766611: Spawned Entity Survivor (SurvivorBase<26938740>, 100, 100, 0) at <2636.808594, 25.540039, 6064.164551>
[COT 2023-11-24 3h:0m:26] 76561199407766611: Spawned Entity Survivor (SurvivorBase<26946e60>, 100, 100, 0) at <2636.858398, 25.546465, 6064.122070>
[COT 2023-11-24 3h:0m:58] 76561199407766611: Spawned Entity 30rd Standardized Mag (Mag_STANAG_30Rnd<a2598a60>, 30, 100, 0) at <2636.763916, 24.578283, 6055.732910>
[COT 2023-11-24 3h:1m:10] 76561199407766611: Set GodMode To true [guid=spMEkRl42onhFHdF_u42e0T03x2sj347kUc600NXdGA=]
[COT 2023-11-24 3h:1m:11] 76561199407766611: Set UnlimitedStamina To true [guid=spMEkRl42onhFHdF_u42e0T03x2sj347kUc600NXdGA=]
[COT 2023-11-24 3h:1m:11] 76561199407766611: Set UnlimitedAmmo To true [guid=spMEkRl42onhFHdF_u42e0T03x2sj347kUc600NXdGA=]
[COT 2023-11-24 3h:1m:13] 76561199407766611: Healed [guid=spMEkRl42onhFHdF_u42e0T03x2sj347kUc600NXdGA=]
[COT 2023-11-24 3h:2m:51] 76561199407766611: Spawned Entity Barrel (Barrel_Green<a4dd73a0>, 200000, 1300, 512) at <2662.343506, 24.700268, 6038.344238>
[COT 2023-11-24 3h:4m:46] 76561199108250772: Spawned Entity Sawed-off Blaze (SawedoffB95<2dd099a0>, 100, 250, 0) at <2659.144287, 24.230597, 6052.859863>
[COT 2023-11-24 3h:5m:22] 76561199108250772: Spawned Entity Sawed-off BK-12 (SawedoffIzh18Shotgun<1b572b00>, 100, 300, 0) at <2651.660400, 24.300705, 6052.453125>
[COT 2023-11-24 3h:5m:37] 76561199407766611: Spawned Entity Combat Knife (CombatKnife<a70da300>, 100, 150, 0) at <2642.658447, 23.598528, 6059.789063>
[COT 2023-11-24 3h:9m:17] 76561199108250772: Spawned Entity #syb_surgical_kit_once_name (SurgicalKit<7f1fda80>, 100, 100, 0) at <2647.153076, 23.953129, 6056.009766>
[COT 2023-11-24 3h:9m:18] 76561199108250772: Spawned Entity #syb_surgical_kit_once_name (SurgicalKit<7f1fc760>, 100, 100, 0) at <2647.096924, 23.986532, 6056.020508>
[COT 2023-11-24 3h:10:16] 76561199108250772: Spawned Entity Alcoholic Tincture (DisinfectantAlcohol<7c16e200>, 200, 30, 0) at <2838.776611, 1105.218262, 6119.333496>
[COT 2023-11-24 3h:10:17] 76561199407766611: Spawned Entity Hen (Animal_GallusGallusDomesticusF_Brown<7c183820>, 100, 15, 0) at <2650.895752, 23.053406, 6059.273438>
[COT 2023-11-24 3h:10:18] 76561199407766611: Spawned Entity Hen (Animal_GallusGallusDomesticusF_Spotted<a2941850>, 100, 15, 0) at <2650.893799, 23.053598, 6059.279297>
[COT 2023-11-24 3h:10:20] 76561199407766611: Spawned Entity Hen (Animal_GallusGallusDomesticusF_White<a2922b40>, 100, 15, 0) at <2646.206543, 24.533997, 6055.788574>
[COT 2023-11-24 3h:10:20] 76561199407766611: Spawned Entity Hen (Animal_GallusGallusDomesticusF_Spotted<7805e9d0>, 100, 15, 0) at <2646.207031, 24.533997, 6055.788574>
[COT 2023-11-24 3h:10:21] 76561199407766611: Spawned Entity Rooster (Animal_GallusGallusDomesticus<95400ee0>, 100, 15, 0) at <2646.207520, 24.533997, 6055.789063>
[COT 2023-11-24 3h:10:22] 76561199407766611: Spawned Entity Rooster (Animal_GallusGallusDomesticus<97a185d0>, 100, 15, 0) at <2646.211914, 24.533997, 6055.787598>
[COT 2023-11-24 3h:10:24] 76561199407766611: Entered the Free Camera
[COT 2023-11-24 3h:10:44] 76561199407766611: Left the Free Camera
[COT 2023-11-24 3h:10:50] 76561199407766611: Entered the Free Camera
[COT 2023-11-24 3h:11:17] 76561199407766611: Left the Free Camera
[COT 2023-11-24 3h:11:53] 76561199108250772: Teleported to position <2667.382813, 22.893978, 6066.520996>
[COT 2023-11-24 3h:12:58] 76561199108250772: Teleported to position <3021.582520, 27.304766, 4316.966797>
[COT 2023-11-24 3h:13:36] 76561199108250772: ESP: Viewing ESP
[COT 2023-11-24 3h:13:44] 76561199108250772: ESP: Clearing ESP
[COT 2023-11-24 3h:13:45] 76561199108250772: ESP: Viewing ESP
[COT 2023-11-24 3h:14:6s] 76561199108250772: Teleported to position <3021.843506, 27.059999, 4321.665039>
[COT 2023-11-24 3h:14:12] 76561199108250772: ESP: Clearing ESP
[COT 2023-11-24 3h:14:13] 76561199108250772: ESP: Viewing ESP
[COT 2023-11-24 3h:14:37] 76561199108250772: ESP: Clearing ESP
[COT 2023-11-24 3h:14:38] 76561199108250772: ESP: Viewing ESP
[COT 2023-11-24 3h:15:48] 76561199108250772: Teleported to position <9432.284180, 7.662240, 8784.531250>
[COT 2023-11-24 3h:16:39] 76561199108250772: Spawned Entity KAS-74U (AKS74U<30aca970>, 100, 250, 0) at <9425.684570, 8.256372, 8769.739258>
[COT 2023-11-24 3h:18:27] 76561199108250772: Entered the Free Camera
[COT 2023-11-24 3h:18:38] 76561199108250772: Left the Free Camera
[COT 2023-11-24 3h:20:27] 76561199108250772: Set UnlimitedAmmo To true [guid=OAdpPkJP2Ps_W7h2ttR1bK23ekHCzrxw0mDT3zqLMdU=]
[COT 2023-11-24 3h:20:28] 76561199108250772: Set UnlimitedStamina To true [guid=OAdpPkJP2Ps_W7h2ttR1bK23ekHCzrxw0mDT3zqLMdU=]
[COT 2023-11-24 3h:20:34] 76561199108250772: ESP: Clearing ESP
