[COT 2023-11-27 3h:16:23] 76561199108250772: Spawned Entity CR-75 (CZ75_Base<a3d07ce0>, 10, 170, 0) at <6898.862793, 36.186966, 6351.579102>
[COT 2023-11-27 3h:16:43] 76561199108250772: ESP: Viewing ESP
[COT 2023-11-27 3h:16:51] 76561199108250772: ESP: Clearing ESP
[COT 2023-11-27 3h:16:51] 76561199108250772: ESP: Viewing ESP
[COT 2023-11-27 3h:16:59] 76561199108250772: ESP: Clearing ESP
[COT 2023-11-27 3h:16:59] 76561199108250772: ESP: Viewing ESP
[COT 2023-11-27 3h:17:4s] 76561199108250772: ESP: Clearing ESP
[COT 2023-11-27 3h:17:23] 76561199108250772: Spawned Entity 15rd CR-75 Mag (Mag_CZ75_15Rnd<9ec2df20>, 15, 100, 0) at <6898.439941, 36.186966, 6352.103516>
[COT 2023-11-27 3h:17:24] 76561199108250772: Spawned Entity 15rd CR-75 Mag (Mag_CZ75_15Rnd<ad7cbb10>, 15, 100, 0) at <6898.451172, 36.244171, 6352.129883>
[COT 2023-11-27 3h:17:25] 76561199108250772: Spawned Entity 15rd CR-75 Mag (Mag_CZ75_15Rnd<9a491590>, 15, 100, 0) at <6898.465332, 36.304489, 6352.163574>
[COT 2023-11-27 3h:18:6s] 76561199108250772: Spawned Entity M3S Wheel (Truck_01_Wheel<9bcdcf50>, 100, 200, 0) at <6900.300781, 36.149578, 6333.771484>
[COT 2023-11-27 3h:18:18] 76561199108250772: Spawned Entity M1025 Wheel (Offroad_02_Wheel<32aa49c0>, 100, 200, 0) at <6901.111816, 36.149330, 6335.204590>
[COT 2023-11-27 3h:18:39] 76561199108250772: Teleported to position <1988.877563, 32.043770, 9058.894531>
[COT 2023-11-27 3h:18:41] 76561199108250772: Entered the Free Camera
[COT 2023-11-27 3h:18:53] 76561199108250772: Left the Free Camera
[COT 2023-11-27 3h:18:55] 76561199108250772: Entered the Free Camera
[COT 2023-11-27 3h:18:59] 76561199108250772: Left the Free Camera
[COT 2023-11-27 3h:21:50] 76561199108250772: Spawned Entity #syb_amitriptilin (TabletsBase<a3829590>, 10, 50, 0) at <2142.009521, 29.565512, 9081.375977>
[COT 2023-11-27 3h:22:7s] 76561199108250772: Spawned Entity #syb_amitriptilin (SyberiaMedicineAmpoule<36cffdd0>, 4, 50, 0) at <2142.094238, 29.548752, 9081.707031>
[COT 2023-11-27 3h:22:13] 76561199108250772: Spawned Entity #syb_syringe_empty_name (SyringeEmpty<36d02da0>, 4, 50, 0) at <2141.773682, 29.604347, 9081.703125>
[COT 2023-11-27 3h:22:19] 76561199108250772: Spawned Entity Alcoholic Tincture (DisinfectantAlcohol<808a73c0>, 200, 30, 0) at <2141.777344, 29.626680, 9081.692383>
[COT 2023-11-27 3h:23:20] 76561199108250772: ESP: Viewing ESP
[COT 2023-11-27 3h:23:22] 76561199108250772: ESP: Clearing ESP
[COT 2023-11-27 3h:23:22] 76561199108250772: ESP: Viewing ESP
[COT 2023-11-27 3h:23:23] 76561199108250772: ESP: Clearing ESP
[COT 2023-11-27 3h:23:28] 76561199108250772: ESP: Viewing ESP
[COT 2023-11-27 3h:23:37] 76561199108250772: ESP index=0 target=ZmbM_OffshoreWorker_Yellow:0298 position=<2170.584961, 26.279333, 9153.135742> action=delete
[COT 2023-11-27 3h:23:37] 76561199108250772: ESP index=1 target=ZmbF_MechanicNormal_Orange:0296 position=<2160.151123, 26.380075, 9133.083984> action=delete
[COT 2023-11-27 3h:23:37] 76561199108250772: ESP index=2 target=ZmbM_MechanicSkinny_Red:0540 position=<2188.783447, 25.561409, 9158.787109> action=delete
[COT 2023-11-27 3h:23:37] 76561199108250772: ESP index=3 target=ZmbM_HandymanNormal_White:0408 position=<2166.110352, 25.401747, 9093.461914> action=delete
[COT 2023-11-27 3h:23:37] 76561199108250772: ESP action=delete_all count=4 attempted=4
[COT 2023-11-27 3h:23:38] 76561199108250772: ESP index=0 target=ZmbF_BlueCollarFat_Green:0409 position=<2161.433594, 26.679930, 9155.519531> action=delete
[COT 2023-11-27 3h:23:38] 76561199108250772: ESP action=delete_all count=1 attempted=1
[COT 2023-11-27 3h:23:42] 76561199108250772: ESP index=0 target=ZmbM_ConstrWorkerNormal_Black:0410 position=<2144.259277, 27.442993, 9163.309570> action=delete
[COT 2023-11-27 3h:23:42] 76561199108250772: ESP action=delete_all count=1 attempted=1
[COT 2023-11-27 3h:23:49] 76561199108250772: ESP: Clearing ESP
[COT 2023-11-27 3h:23:50] 76561199108250772: Entered the Free Camera
[COT 2023-11-27 3h:24:2s] 76561199108250772: Left the Free Camera
[COT 2023-11-27 3h:24:15] 76561199108250772: Spawned Entity Firewood (Firewood<9f021cc0>, 1, 500, 0) at <2154.579834, 27.532446, 9149.242188>
[COT 2023-11-27 3h:24:15] 76561199108250772: Spawned Entity Firewood (Firewood<9f01d040>, 1, 500, 0) at <2154.629150, 27.709280, 9149.274414>
[COT 2023-11-27 3h:24:29] 76561199108250772: Spawned Entity Paper (Paper<9f021cc0>, 10, 15, 0) at <2154.781982, 27.532446, 9149.301758>
[COT 2023-11-27 3h:24:34] 76561199108250772: Spawned Entity Lighter (PetrolLighter<9f052350>, 20, 20, 0) at <2154.809326, 27.604780, 9149.323242>
[COT 2023-11-27 3h:37:25] 76561199108250772: Entered the Free Camera
[COT 2023-11-27 3h:37:29] 76561199108250772: Left the Free Camera
[COT 2023-11-27 3h:37:34] 76561199108250772: Set the date to 2023/8/23 12:0
[COT 2023-11-27 3h:37:35] 76561199108250772: Set rain to 0 0 0
[COT 2023-11-27 3h:37:35] 76561199108250772: Set storm to 0 0.8 4000
[COT 2023-11-27 3h:37:35] 76561199108250772: Set fog to 0 0 0
[COT 2023-11-27 3h:37:35] 76561199108250772: Set overcast to 0 0 0
[COT 2023-11-27 3h:37:35] 76561199108250772: Set wind to 0 0 1
[COT 2023-11-27 3h:37:41] 76561199108250772: Entered the Free Camera
[COT 2023-11-27 3h:38:17] 76561199108250772: Left the Free Camera
[COT 2023-11-27 3h:38:26] 76561199108250772: Entered the Free Camera
[COT 2023-11-27 3h:39:13] 76561199108250772: Left the Free Camera
[COT 2023-11-27 3h:39:31] 76561199108250772: Entered the Free Camera
[COT 2023-11-27 3h:39:41] 76561199108250772: Left the Free Camera
[COT 2023-11-27 3h:40:30] 76561199108250772: Spawned Entity  (ExplosionTest<37167b60>, 100, 0, 0) at <2001.162231, 17.681408, 8416.917969>
[COT 2023-11-27 3h:40:40] 76561199108250772: Set GodMode To true [guid=OAdpPkJP2Ps_W7h2ttR1bK23ekHCzrxw0mDT3zqLMdU=]
[COT 2023-11-27 3h:40:41] 76561199108250772: Set UnlimitedStamina To true [guid=OAdpPkJP2Ps_W7h2ttR1bK23ekHCzrxw0mDT3zqLMdU=]
[COT 2023-11-27 3h:40:42] 76561199108250772: Set cannot be targeted by AI to true [guid=OAdpPkJP2Ps_W7h2ttR1bK23ekHCzrxw0mDT3zqLMdU=]
[COT 2023-11-27 3h:40:42] 76561199108250772: Set UnlimitedAmmo To true [guid=OAdpPkJP2Ps_W7h2ttR1bK23ekHCzrxw0mDT3zqLMdU=]
[COT 2023-11-27 3h:40:56] 76561199108250772: Spawned Entity  (ExplosionTest<37179e80>, 100, 0, 0) at <2011.745728, 17.744829, 8440.126953>
[COT 2023-11-27 3h:41:7s] 76561199108250772: Spawned Entity  (ExplosionTest<3717afa0>, 100, 0, 0) at <1994.803467, 18.779919, 8433.162109>
[COT 2023-11-27 3h:41:13] 76561199108250772: Spawned Entity  (ExplosionTest<371661b0>, 100, 0, 0) at <2014.907959, 16.459976, 8420.986328>
[COT 2023-11-27 3h:41:45] 76561199108250772: Spawned Entity  (ExplosionTest<37161d30>, 100, 0, 0) at <1994.155396, 17.679045, 8454.728516>
[COT 2023-11-27 3h:42:0s] 76561199108250772: Entered the Free Camera
[COT 2023-11-27 3h:42:20] 76561199108250772: Left the Free Camera
[COT 2023-11-27 3h:42:37] 76561199108250772: Entered the Free Camera
[COT 2023-11-27 3h:42:51] 76561199108250772: Left the Free Camera
[COT 2023-11-27 3h:43:56] 76561199108250772: Teleported to position <8602.175781, 49.042915, 9925.900391>
[COT 2023-11-27 3h:44:46] 76561199108250772: Entered the Free Camera
[COT 2023-11-27 3h:45:4s] 76561199108250772: Left the Free Camera
[COT 2023-11-27 3h:45:27] 76561199108250772: Spawned Entity Sea Chest (SeaChest<8027f030>, 100, 600, 0) at <8385.258789, 54.251110, 9854.752930>
[COT 2023-11-27 3h:46:35] 76561199108250772: Spawned Entity M417 (MassM417_Base<440c7140>, 10, 250, 0) at <8385.969727, 53.888596, 9854.788086>
[COT 2023-11-27 3h:46:37] 76561199108250772: Spawned Entity M417 (MassM417_Base<440cdfe0>, 10, 250, 0) at <8386.013672, 53.998150, 9854.732422>
[COT 2023-11-27 3h:46:45] 76561199108250772: Spawned Entity M417 Buttstock (M4_OEBttstck<a77709c0>, 10, 200, 0) at <8386.059570, 54.106678, 9854.675781>
[COT 2023-11-27 3h:46:46] 76561199108250772: Spawned Entity M417 Buttstock (M4_OEBttstck<a7773000>, 10, 200, 0) at <8386.104492, 54.221607, 9854.612305>
[COT 2023-11-27 3h:46:48] 76561199108250772: Spawned Entity M417 Suppressor (ItemSuppressor<a776d060>, 10, 200, 0) at <8386.138672, 54.316597, 9854.556641>
[COT 2023-11-27 3h:46:49] 76561199108250772: Spawned Entity M417 Suppressor (ItemSuppressor<a7774cb0>, 10, 200, 0) at <8386.134766, 54.314560, 9854.553711>
[COT 2023-11-27 3h:46:51] 76561199108250772: Spawned Entity 308 STANAG Magazine (Mass_Mag_M417_20Rnd<7150df60>, 20, 100, 0) at <8386.153320, 54.355942, 9854.529297>
[COT 2023-11-27 3h:46:51] 76561199108250772: Spawned Entity 308 STANAG Magazine (Mass_Mag_M417_20Rnd<7e0bfc00>, 20, 100, 0) at <8386.162109, 54.383759, 9854.509766>
[COT 2023-11-27 3h:46:53] 76561199108250772: Spawned Entity 308 STANAG Magazine (Mass_Mag_M417_20Rnd<7e0e8000>, 20, 100, 0) at <8386.177734, 54.411572, 9854.501953>
[COT 2023-11-27 3h:46:53] 76561199108250772: Spawned Entity 308 STANAG Magazine (Mass_Mag_M417_20Rnd<ac9c6920>, 20, 100, 0) at <8386.188477, 54.439384, 9854.487305>
[COT 2023-11-27 3h:48:44] 76561199108250772: ESP: Viewing ESP
[COT 2023-11-27 3h:49:2s] 76561199108250772: ESP index=0 target=ZmbF_VillagerOld_Green:0296 position=<8386.981445, 45.100002, 9846.063477> action=delete
[COT 2023-11-27 3h:49:2s] 76561199108250772: ESP index=1 target=ZmbM_priestPopSkinny:0409 position=<8477.385742, 45.100002, 9849.934570> action=delete
[COT 2023-11-27 3h:49:2s] 76561199108250772: ESP index=2 target=ZmbM_Jacket_greenchecks:0559 position=<8387.621094, 45.100002, 9846.454102> action=delete
[COT 2023-11-27 3h:49:2s] 76561199108250772: ESP index=3 target=ZmbF_VillagerOld_Green:0552 position=<8398.371094, 45.100002, 9850.566406> action=delete
[COT 2023-11-27 3h:49:2s] 76561199108250772: ESP index=4 target=ZmbF_VillagerOld_Red:0541 position=<8372.416992, 45.152157, 9888.231445> action=delete
[COT 2023-11-27 3h:49:2s] 76561199108250772: ESP index=5 target=ZmbM_Jacket_stripes:0557 position=<8353.252930, 45.100002, 9852.435547> action=delete
[COT 2023-11-27 3h:49:2s] 76561199108250772: ESP index=6 target=ZmbM_Jacket_blue:0542 position=<8391.938477, 45.100002, 9828.632813> action=delete
[COT 2023-11-27 3h:49:2s] 76561199108250772: ESP index=7 target=ZmbM_Jacket_grey:0555 position=<8427.665039, 45.100002, 9808.788086> action=delete
[COT 2023-11-27 3h:49:2s] 76561199108250772: ESP action=delete_all count=8 attempted=8
[COT 2023-11-27 3h:49:4s] 76561199108250772: ESP index=0 target=ZmbM_FarmerFat_Blue:0558 position=<8376.421875, 45.100002, 9828.398438> action=delete
[COT 2023-11-27 3h:49:4s] 76561199108250772: ESP action=delete_all count=1 attempted=1
[COT 2023-11-27 3h:49:12] 76561199108250772: ESP index=0 target=ZmbM_VillagerOld_White:0553 position=<8405.508789, 45.100002, 9876.923828> action=delete
[COT 2023-11-27 3h:49:12] 76561199108250772: ESP index=1 target=ZmbF_VillagerOld_Red:0408 position=<8397.263672, 46.436459, 9875.749023> action=delete
[COT 2023-11-27 3h:49:12] 76561199108250772: ESP action=delete_all count=2 attempted=2
[COT 2023-11-27 3h:49:19] 76561199108250772: ESP index=0 target=ZmbM_Jacket_grey:0385 position=<8363.663086, 45.100002, 9844.306641> action=delete
[COT 2023-11-27 3h:49:19] 76561199108250772: ESP action=delete_all count=1 attempted=1
[COT 2023-11-27 3h:51:11] 76561199108250772: Teleported to position <5037.007324, 6.279630, 9525.650391>
[COT 2023-11-27 3h:51:18] 76561199108250772: Entered the Free Camera
[COT 2023-11-27 3h:51:45] 76561199108250772: Left the Free Camera
[COT 2023-11-27 3h:52:25] 76561199108250772: Spawned Entity Nails (Nail<7d5709f0>, 99, 80, 0) at <5058.402344, 8.083863, 9525.057617>
[COT 2023-11-27 3h:52:37] 76561199108250772: Spawned Entity Plank (WoodenPlank<7d540cf0>, 10, 100, 0) at <5059.104004, 8.083580, 9524.772461>
[COT 2023-11-27 3h:54:23] 76561199108250772: Spawned vehicle M1025 (Offroad_02) at <5075.266602, 7.415543, 9533.397461>
[COT 2023-11-27 3h:55:45] 76561199108250772: Spawned Entity Wolf AR15 (MassAR15_Base<440d2d50>, 100, 200, 0) at <5075.624023, 7.222506, 9529.776367>
[COT 2023-11-27 3h:55:46] 76561199108250772: Spawned Entity Wolf AR15 (MassAR15_Base<440ceaf0>, 100, 200, 0) at <5075.759277, 7.321678, 9529.719727>
[COT 2023-11-27 3h:55:48] 76561199108250772: Spawned Entity Wolf AR15 (MassAR15_Base<440d1730>, 100, 200, 0) at <5075.880859, 7.409277, 9529.662109>
[COT 2023-11-27 3h:55:48] 76561199108250772: Spawned Entity Wolf AR15 (MassAR15_Base<440d2240>, 100, 200, 0) at <5075.933105, 7.447041, 9529.638672>
[COT 2023-11-27 3h:55:49] 76561199108250772: Spawned Entity Wolf AR15 (MassAR15_Base<440d5990>, 100, 200, 0) at <5075.987305, 7.486571, 9529.619141>
[COT 2023-11-27 3h:56:19] 76561199108250772: Spawned Entity Boxed 9x39mm Armor-Piercing Rounds (Box_Base<39296630>, 100, 100, 0) at <5075.529785, 7.235380, 9530.091797>
[COT 2023-11-27 3h:56:20] 76561199108250772: Spawned Entity Boxed 9x39mm Armor-Piercing Rounds (Box_Base<39292340>, 100, 100, 0) at <5075.546387, 7.275839, 9530.057617>
[COT 2023-11-27 3h:56:20] 76561199108250772: Spawned Entity Boxed 9x39mm Armor-Piercing Rounds (Box_Base<369e4e20>, 100, 100, 0) at <5075.563477, 7.318359, 9530.018555>
[COT 2023-11-27 3h:56:21] 76561199108250772: Spawned Entity Boxed 9x39mm Armor-Piercing Rounds (Box_Base<369f8020>, 100, 100, 0) at <5075.584961, 7.370606, 9529.963867>
[COT 2023-11-27 3h:56:21] 76561199108250772: Spawned Entity Boxed 9x39mm Armor-Piercing Rounds (Box_Base<369ff2e0>, 100, 100, 0) at <5075.601563, 7.410000, 9529.918945>
[COT 2023-11-27 3h:56:21] 76561199108250772: Spawned Entity Boxed 9x39mm Armor-Piercing Rounds (Box_Base<36a05280>, 100, 100, 0) at <5075.625977, 7.464430, 9529.864258>
[COT 2023-11-27 3h:56:22] 76561199108250772: Spawned Entity Boxed 9x39mm Armor-Piercing Rounds (Box_Base<36a167d0>, 100, 100, 0) at <5075.651367, 7.518859, 9529.816406>
[COT 2023-11-27 3h:56:22] 76561199108250772: Spawned Entity Boxed 9x39mm Armor-Piercing Rounds (Box_Base<95c2a080>, 100, 100, 0) at <5075.671387, 7.559305, 9529.784180>
[COT 2023-11-27 3h:56:23] 76561199108250772: Spawned Entity Boxed 9x39mm Armor-Piercing Rounds (Box_Base<95c30020>, 100, 100, 0) at <5075.693848, 7.606618, 9529.741211>
[COT 2023-11-27 3h:58:1s] 76561199108250772: Teleported to position <91.566055, 344.047729, 2627.766113>
[COT 2023-11-27 3h:58:17] 76561199108250772: Entered the Free Camera
[COT 2023-11-27 3h:59:19] 76561199108250772: Left the Free Camera
[COT 2023-11-27 4h:0m:2s] 76561199108250772: Spawned Entity Plank (WoodenPlank<96565690>, 10, 100, 0) at <127.898521, 432.735840, 2354.427734>
[COT 2023-11-27 4h:1m:10] 76561199108250772: Entered the Free Camera
[COT 2023-11-27 4h:1m:30] 76561199108250772: Left the Free Camera
[COT 2023-11-27 4h:1m:36] 76561199108250772: Entered the Free Camera
[COT 2023-11-27 4h:1m:49] 76561199108250772: Left the Free Camera
[COT 2023-11-27 4h:2m:22] 76561199108250772: Entered the Free Camera
[COT 2023-11-27 4h:2m:32] 76561199108250772: Left the Free Camera
[COT 2023-11-27 4h:2m:40] 76561199108250772: Teleported to position <680.985474, 62.704571, 3093.782959>
[COT 2023-11-27 4h:2m:53] 76561199108250772: Entered the Free Camera
[COT 2023-11-27 4h:2m:55] 76561199108250772: Left the Free Camera
[COT 2023-11-27 4h:2m:59] 76561199108250772: Teleported to position <889.570313, 88.050278, 3083.500488>
[COT 2023-11-27 4h:3m:18] 76561199108250772: Teleported to position <1484.727539, 18.070000, 3137.250977>
[COT 2023-11-27 4h:4m:18] 76561199108250772: Entered the Free Camera
[COT 2023-11-27 4h:4m:36] 76561199108250772: Left the Free Camera
[COT 2023-11-27 4h:4m:51] 76561199108250772: Spawned Entity NVG Headstrap (NVGHeadstrap<9a50b390>, 100, 200, 0) at <683.347168, 62.850693, 3072.303467>
[COT 2023-11-27 4h:4m:53] 76561199108250772: Spawned Entity Night Vision Goggles (NVGoggles<773364c0>, 100, 100, 0) at <683.407715, 63.005920, 3072.219727>
[COT 2023-11-27 4h:5m:9s] 76561199108250772: Spawned Entity 9V Battery (Battery9V<32801340>, 50, 20, 0) at <683.790222, 62.876110, 3071.834473>
[COT 2023-11-27 4h:6m:26] 76561199108250772: Entered the Free Camera
[COT 2023-11-27 4h:6m:50] 76561199108250772: Left the Free Camera
[COT 2023-11-27 4h:8m:33] 76561199108250772: Entered the Free Camera
[COT 2023-11-27 4h:8m:36] 76561199108250772: Left the Free Camera
[COT 2023-11-27 4h:11:19] 76561199108250772: Teleported to position <1360.424561, 283.584381, 1771.267700>
[COT 2023-11-27 4h:13:46] 76561199108250772: Teleported to position <8115.366699, 2.236929, 4303.831055>
[COT 2023-11-27 4h:13:51] 76561199108250772: Entered the Free Camera
[COT 2023-11-27 4h:14:0s] 76561199108250772: Left the Free Camera
[COT 2023-11-27 4h:14:5s] 76561199108250772: Set the date to 2023/8/23 12:0
[COT 2023-11-27 4h:14:5s] 76561199108250772: Set rain to 0 0 0
[COT 2023-11-27 4h:14:5s] 76561199108250772: Set storm to 0 0.8 4000
[COT 2023-11-27 4h:14:5s] 76561199108250772: Set fog to 0 0 0
[COT 2023-11-27 4h:14:5s] 76561199108250772: Set overcast to 0 0 0
[COT 2023-11-27 4h:14:5s] 76561199108250772: Set wind to 0 0 1
[COT 2023-11-27 4h:14:7s] 76561199108250772: Set rain to 0 0 0
[COT 2023-11-27 4h:14:7s] 76561199108250772: Set storm to 0 0.8 4000
[COT 2023-11-27 4h:14:7s] 76561199108250772: Set fog to 0 0 0
[COT 2023-11-27 4h:14:7s] 76561199108250772: Set overcast to 0 0 0
[COT 2023-11-27 4h:14:7s] 76561199108250772: Set wind to 0 0 1
[COT 2023-11-27 4h:14:8s] 76561199108250772: Set the date to 2023/8/23 12:0
[COT 2023-11-27 4h:23:16] 76561199108250772: Entered the Free Camera
[COT 2023-11-27 4h:24:55] 76561199108250772: Left the Free Camera
[COT 2023-11-27 4h:25:18] 76561199108250772: Spawned Entity LE-MAS (FAMAS<4f23da30>, 100, 200, 0) at <8908.412109, 17.546913, 4996.993652>
[COT 2023-11-27 4h:25:57] 76561199108250772: Set GodMode To true [guid=OAdpPkJP2Ps_W7h2ttR1bK23ekHCzrxw0mDT3zqLMdU=]
[COT 2023-11-27 4h:25:58] 76561199108250772: Set UnlimitedAmmo To true [guid=OAdpPkJP2Ps_W7h2ttR1bK23ekHCzrxw0mDT3zqLMdU=]
[COT 2023-11-27 4h:25:59] 76561199108250772: Set UnlimitedStamina To true [guid=OAdpPkJP2Ps_W7h2ttR1bK23ekHCzrxw0mDT3zqLMdU=]
[COT 2023-11-27 4h:25:59] 76561199108250772: Set cannot be targeted by AI to true [guid=OAdpPkJP2Ps_W7h2ttR1bK23ekHCzrxw0mDT3zqLMdU=]
[COT 2023-11-27 4h:26:0s] 76561199108250772: Set cannot be targeted by AI to true [guid=OAdpPkJP2Ps_W7h2ttR1bK23ekHCzrxw0mDT3zqLMdU=]
[COT 2023-11-27 4h:27:22] 76561199108250772: Spawned Entity  (ExplosionTest<4afbc270>, 100, 100, 0) at <9007.292969, 4.560241, 5024.868652>
[COT 2023-11-27 4h:27:22] 76561199108250772: Spawned Entity  (ExplosionTest<4afc0f80>, 100, 100, 0) at <9007.312500, 4.700489, 5025.408203>
[COT 2023-11-27 4h:27:24] 76561199108250772: Spawned Entity  (ExplosionTest<4afba030>, 100, 100, 0) at <9007.231445, 4.088517, 5023.063965>
[COT 2023-11-27 4h:27:24] 76561199108250772: Spawned Entity  (ExplosionTest<4afbed40>, 100, 100, 0) at <9007.228516, 4.088533, 5023.054688>
[COT 2023-11-27 4h:27:24] 76561199108250772: Spawned Entity  (ExplosionTest<4afbfe60>, 100, 100, 0) at <9007.228516, 4.088532, 5023.054199>
[COT 2023-11-27 4h:27:25] 76561199108250772: Spawned Entity  (ExplosionTest<4afc1810>, 100, 100, 0) at <9007.228516, 4.088532, 5023.053711>
[COT 2023-11-27 4h:27:25] 76561199108250772: Spawned Entity  (ExplosionTest<4afbb150>, 100, 100, 0) at <9007.228516, 4.088533, 5023.053711>
[COT 2023-11-27 4h:27:25] 76561199108250772: Spawned Entity  (ExplosionTest<4afc2930>, 100, 100, 0) at <9007.228516, 4.088533, 5023.053711>
[COT 2023-11-27 4h:27:25] 76561199108250772: Spawned Entity  (ExplosionTest<4afbb9e0>, 100, 100, 0) at <9007.228516, 4.088533, 5023.053711>
[COT 2023-11-27 4h:27:25] 76561199108250772: Spawned Entity  (ExplosionTest<4afc42e0>, 100, 100, 0) at <9007.862305, 4.086095, 5024.464355>
[COT 2023-11-27 4h:27:26] 76561199108250772: Spawned Entity  (ExplosionTest<4afc6520>, 100, 100, 0) at <9007.965820, 4.084320, 5025.552734>
[COT 2023-11-27 4h:27:26] 76561199108250772: Spawned Entity  (ExplosionTest<4afcc350>, 100, 100, 0) at <9008.112305, 4.082891, 5026.185059>
[COT 2023-11-27 4h:27:26] 76561199108250772: Spawned Entity  (ExplosionTest<4afd3b30>, 100, 100, 0) at <9007.760742, 4.085737, 5024.940918>
[COT 2023-11-27 4h:27:26] 76561199108250772: Spawned Entity  (ExplosionTest<4afccbe0>, 100, 100, 0) at <9007.719727, 4.085956, 5024.794434>
[COT 2023-11-27 4h:27:26] 76561199108250772: Spawned Entity  (ExplosionTest<4afd43c0>, 100, 100, 0) at <9008.017578, 4.083664, 5025.855957>
[COT 2023-11-27 4h:27:26] 76561199108250772: Spawned Entity  (ExplosionTest<4afd4c50>, 100, 100, 0) at <9007.196289, 4.088701, 5022.939941>
[COT 2023-11-27 4h:27:27] 76561199108250772: Spawned Entity  (ExplosionTest<4afd54e0>, 100, 100, 0) at <9007.262695, 4.088355, 5023.175293>
[COT 2023-11-27 4h:27:27] 76561199108250772: Spawned Entity  (ExplosionTest<4afd5d70>, 100, 100, 0) at <9007.583984, 4.086662, 5024.315430>
[COT 2023-11-27 4h:27:27] 76561199108250772: Spawned Entity  (ExplosionTest<4afd6e90>, 100, 100, 0) at <9007.769531, 4.085687, 5024.972656>
[COT 2023-11-27 4h:27:27] 76561199108250772: Spawned Entity  (ExplosionTest<4afd7720>, 100, 100, 0) at <9008.218750, 4.081990, 5026.576172>
[COT 2023-11-27 4h:27:27] 76561199108250772: Spawned Entity  (ExplosionTest<4afd6600>, 100, 100, 0) at <9007.882813, 4.084777, 5025.375000>
[COT 2023-11-27 4h:27:27] 76561199108250772: Spawned Entity  (ExplosionTest<4af98d50>, 100, 100, 0) at <9007.024414, 4.089351, 5022.337402>
[COT 2023-11-27 4h:27:28] 76561199108250772: Spawned Entity  (ExplosionTest<4af9da60>, 100, 100, 0) at <9007.298828, 4.226408, 5023.766113>
[COT 2023-11-27 4h:27:28] 76561199108250772: Spawned Entity  (ExplosionTest<4af9c0b0>, 100, 100, 0) at <9007.583984, 4.086665, 5024.311035>
[COT 2023-11-27 4h:27:28] 76561199108250772: Spawned Entity  (ExplosionTest<4af9c940>, 100, 100, 0) at <9007.827148, 4.085234, 5025.179199>
[COT 2023-11-27 4h:27:28] 76561199108250772: Spawned Entity  (ExplosionTest<4af9e2f0>, 100, 100, 0) at <9008.019531, 4.083651, 5025.860352>
[COT 2023-11-27 4h:30:31] 76561199108250772: Entered the Free Camera
[COT 2023-11-27 4h:31:17] 76561199108250772: Left the Free Camera
[COT 2023-11-27 4h:31:28] 76561199108250772: Set the date to 2023/8/23 12:0
[COT 2023-11-27 4h:31:29] 76561199108250772: Set rain to 0 0 0
[COT 2023-11-27 4h:31:29] 76561199108250772: Set storm to 0 0.8 4000
[COT 2023-11-27 4h:31:29] 76561199108250772: Set fog to 0 0 0
[COT 2023-11-27 4h:31:29] 76561199108250772: Set overcast to 0 0 0
[COT 2023-11-27 4h:31:29] 76561199108250772: Set wind to 0 0 1
[COT 2023-11-27 4h:31:39] 76561199108250772: Teleported to position <8429.728516, 47.059822, 8513.863281>
[COT 2023-11-27 4h:32:54] 76561199108250772: Entered the Free Camera
[COT 2023-11-27 4h:33:9s] 76561199108250772: Left the Free Camera
