[COT 2023-11-13 23:44:59] 76561199407766611: Set GodMode To true [guid=spMEkRl42onhFHdF_u42e0T03x2sj347kUc600NXdGA=]
[COT 2023-11-13 23:45:0s] 76561199407766611: Set Invisibility To 1 [guid=spMEkRl42onhFHdF_u42e0T03x2sj347kUc600NXdGA=]
[COT 2023-11-13 23:45:0s] 76561199407766611: Set UnlimitedStamina To true [guid=spMEkRl42onhFHdF_u42e0T03x2sj347kUc600NXdGA=]
[COT 2023-11-13 23:45:1s] 76561199407766611: Set UnlimitedAmmo To true [guid=spMEkRl42onhFHdF_u42e0T03x2sj347kUc600NXdGA=]
[COT 2023-11-13 23:45:31] 76561199407766611: ESP: ESP updating
[COT 2023-11-13 23:45:48] 76561199407766611: Healed [guid=n_Y1Mqb3uG32DR9QdFS3YDNwzRq5XvGyUO5hFjEQtrM=]
[COT 2023-11-13 23:45:51] 76561199407766611: Healed [guid=mBYZaWdzmD7JC6kyP0g-o4s_Y3OAVU4b_VMBFbqijMY=]
[COT 2023-11-13 23:46:14] 76561199407766611: Teleported to position <9373.599609, 3.547738, 8215.022461>
[COT 2023-11-13 23:46:53] 76561199407766611: Spawned Entity #syb_zvirus_antidot_name (SyberiaMedicineAmpoule<1df9b330>, 4, 50, 0) at <9392.552734, 2.139235, 8210.876953>
[COT 2023-11-13 23:46:55] 76561199407766611: Spawned Entity #syb_zvirus_antidot_name (SyberiaMedicineAmpoule<1df94a00>, 4, 50, 0) at <9392.486328, 2.149004, 8210.887695>
[COT 2023-11-13 23:47:1s] 76561199407766611: Spawned Entity #syb_syringe_empty_name (SyringeEmpty<1dfa1c60>, 4, 50, 0) at <9392.418945, 2.160376, 8210.901367>
[COT 2023-11-13 23:47:1s] 76561199407766611: Spawned Entity #syb_syringe_empty_name (SyringeEmpty<1df9bcc0>, 4, 50, 0) at <9392.407227, 2.162128, 8210.903320>
[COT 2023-11-13 23:47:8s] 76561199407766611: Spawned Entity #syb_amoksivan_name (SyberiaMedicineAmpoule<7f8a4d10>, 4, 50, 0) at <9392.397461, 2.164307, 8210.905273>
[COT 2023-11-13 23:47:16] 76561199407766611: Spawned Entity #syb_ketamin_name (SyberiaMedicineAmpoule<7f8a56a0>, 4, 50, 0) at <9392.329102, 2.174521, 8210.917969>
[COT 2023-11-13 23:49:35] 76561199407766611: Spawned Entity FX-45 (FNX45_Base<19cdbdd0>, 100, 150, 0) at <9392.550781, 2.138836, 8210.871094>
[COT 2023-11-13 23:49:37] 76561199407766611: Spawned Entity 15rd FX-45 Mag (Mag_FNX45_15Rnd<1df54810>, 15, 100, 0) at <9392.283203, 2.181630, 8210.924805>
[COT 2023-11-13 23:49:37] 76561199407766611: Spawned Entity 15rd FX-45 Mag (Mag_FNX45_15Rnd<19bcb070>, 15, 100, 0) at <9392.162109, 2.201173, 8210.947266>
[COT 2023-11-13 23:49:46] 76561199407766611: Entered the Free Camera
[COT 2023-11-13 23:50:35] 76561199407766611: Left the Free Camera
[COT 2023-11-13 23:51:29] 76561199407766611: Entered the Free Camera
[COT 2023-11-13 23:51:38] 76561199407766611: Left the Free Camera
[COT 2023-11-13 23:51:51] 76561199407766611: Entered the Free Camera
[COT 2023-11-13 23:52:3s] 76561199407766611: Left the Free Camera
[COT 2023-11-13 23:52:20] 76561199407766611: Deleted Entity TerritoryFlag:016421 at <7056.241699, 28.313967, 5837.769531>
[COT 2023-11-13 23:52:27] 76561199407766611: Spawned Entity Flag Pole Kit (TerritoryFlagKit<95cd7ba0>, 100, 200, 0) at <7056.232422, 28.307409, 5837.495117>
[COT 2023-11-13 23:53:46] 76561199407766611: Spawned Entity Lock Pick (Lockpick<8c760680>, 1, 125, 0) at <7053.163086, 28.272205, 5837.455566>
[COT 2023-11-13 23:53:47] 76561199407766611: Spawned Entity Lock Pick (Lockpick<8c75c390>, 1, 125, 0) at <7053.175781, 28.289120, 5837.460938>
[COT 2023-11-13 23:53:56] 76561199407766611: Spawned Entity Wooden Log (WoodenLog<23f41a90>, 1, 500, 0) at <7054.542480, 28.326319, 5838.036621>
[COT 2023-11-13 23:53:57] 76561199407766611: Spawned Entity Wooden Log (WoodenLog<23f42420>, 1, 500, 0) at <7054.542480, 28.326319, 5838.036621>
[COT 2023-11-13 23:53:57] 76561199407766611: Spawned Entity Wooden Log (WoodenLog<23f3e130>, 1, 500, 0) at <7054.542480, 28.326319, 5838.036621>
[COT 2023-11-13 23:54:2s] 76561199407766611: Spawned Entity Sledgehammer (SledgeHammer<23f496e0>, 1, 300, 0) at <7054.542480, 28.326319, 5838.036621>
[COT 2023-11-13 23:54:11] 76561199407766611: Spawned Entity Hatchet (Hatchet<23f4a070>, 1, 150, 0) at <7054.542480, 28.326319, 5838.036621>
[COT 2023-11-13 23:54:16] 76561199407766611: Spawned Entity Pickaxe (Pickaxe<29b6a760>, 1, 250, 0) at <7054.542480, 28.326319, 5838.036621>
[COT 2023-11-13 23:54:54] 76561199407766611: Spawned Entity Wooden Log (WoodenLog<24d479e0>, 1, 500, 0) at <7054.542480, 28.326319, 5838.036621>
[COT 2023-11-13 23:54:54] 76561199407766611: Spawned Entity Wooden Log (WoodenLog<24d4eca0>, 1, 500, 0) at <7054.542480, 28.326319, 5838.036621>
[COT 2023-11-13 23:54:55] 76561199407766611: Spawned Entity Wooden Log (WoodenLog<24d4a9b0>, 1, 500, 0) at <7054.542480, 28.326319, 5838.036621>
[COT 2023-11-13 23:54:55] 76561199407766611: Spawned Entity Wooden Log (WoodenLog<24d53920>, 1, 500, 0) at <7054.542480, 28.326319, 5838.036621>
[COT 2023-11-13 23:55:3s] 76561199407766611: Spawned Entity Large Stone (Stone<24d4cff0>, 1, 200, 0) at <7054.542480, 28.326319, 5838.036621>
[COT 2023-11-13 23:55:3s] 76561199407766611: Spawned Entity Large Stone (Stone<24d5bf00>, 1, 200, 0) at <7054.542480, 28.326319, 5838.036621>
[COT 2023-11-13 23:55:4s] 76561199407766611: Spawned Entity Large Stone (Stone<24d5e540>, 1, 200, 0) at <7054.542480, 28.326319, 5838.036621>
[COT 2023-11-13 23:55:4s] 76561199407766611: Spawned Entity Large Stone (Stone<24d598c0>, 1, 200, 0) at <7054.542480, 28.326319, 5838.036621>
[COT 2023-11-13 23:55:4s] 76561199407766611: Spawned Entity Large Stone (Stone<24d5c890>, 1, 200, 0) at <7054.542480, 28.326319, 5838.036621>
[COT 2023-11-13 23:55:4s] 76561199407766611: Spawned Entity Large Stone (Stone<24d5eed0>, 1, 200, 0) at <7054.542480, 28.326319, 5838.036621>
[COT 2023-11-13 23:55:5s] 76561199407766611: Spawned Entity Large Stone (Stone<24d585a0>, 1, 200, 0) at <7054.542480, 28.326319, 5838.036621>
[COT 2023-11-13 23:55:5s] 76561199407766611: Spawned Entity Large Stone (Stone<24d61ea0>, 1, 200, 0) at <7054.542480, 28.326319, 5838.036621>
[COT 2023-11-13 23:55:5s] 76561199407766611: Spawned Entity Large Stone (Stone<24d62830>, 1, 200, 0) at <7054.542480, 28.326319, 5838.036621>
[COT 2023-11-13 23:55:6s] 76561199407766611: Spawned Entity Large Stone (Stone<24d65800>, 1, 200, 0) at <7054.542480, 28.326319, 5838.036621>
[COT 2023-11-13 23:55:6s] 76561199407766611: Spawned Entity Large Stone (Stone<24d63b50>, 1, 200, 0) at <7054.542480, 28.326319, 5838.036621>
[COT 2023-11-13 23:55:6s] 76561199407766611: Spawned Entity Large Stone (Stone<24d644e0>, 1, 200, 0) at <7054.542480, 28.326319, 5838.036621>
[COT 2023-11-13 23:55:6s] 76561199407766611: Spawned Entity Large Stone (Stone<24d70db0>, 1, 200, 0) at <7054.542480, 28.326319, 5838.036621>
[COT 2023-11-13 23:55:6s] 76561199407766611: Spawned Entity Large Stone (Stone<24d71740>, 1, 200, 0) at <7054.542480, 28.326319, 5838.036621>
[COT 2023-11-13 23:55:7s] 76561199407766611: Spawned Entity Large Stone (Stone<24d6b7a0>, 1, 200, 0) at <7054.542480, 28.326319, 5838.036621>
[COT 2023-11-13 23:55:7s] 76561199407766611: Spawned Entity Large Stone (Stone<24d74710>, 1, 200, 0) at <7054.542480, 28.326319, 5838.036621>
[COT 2023-11-13 23:55:7s] 76561199407766611: Spawned Entity Large Stone (Stone<24d79390>, 1, 200, 0) at <7054.542480, 28.326319, 5838.036621>
[COT 2023-11-13 23:55:7s] 76561199407766611: Spawned Entity Large Stone (Stone<8fc052c0>, 1, 200, 0) at <7054.542480, 28.326319, 5838.036621>
[COT 2023-11-13 23:55:8s] 76561199407766611: Spawned Entity Large Stone (Stone<8fc09f40>, 1, 200, 0) at <7054.542480, 28.326319, 5838.036621>
[COT 2023-11-13 23:55:8s] 76561199407766611: Spawned Entity Large Stone (Stone<8fc0b260>, 1, 200, 0) at <7054.542480, 28.326319, 5838.036621>
[COT 2023-11-13 23:55:8s] 76561199407766611: Spawned Entity Large Stone (Stone<8fc05c50>, 1, 200, 0) at <7054.542480, 28.326319, 5838.036621>
[COT 2023-11-13 23:55:8s] 76561199407766611: Spawned Entity Large Stone (Stone<8fbdf850>, 1, 200, 0) at <7054.542480, 28.326319, 5838.036621>
[COT 2023-11-13 23:55:9s] 76561199407766611: Spawned Entity Large Stone (Stone<8fbe01e0>, 1, 200, 0) at <7054.542480, 28.326319, 5838.036621>
[COT 2023-11-13 23:55:9s] 76561199407766611: Spawned Entity Large Stone (Stone<8fc03fa0>, 1, 200, 0) at <7054.542480, 28.326319, 5838.036621>
[COT 2023-11-13 23:55:9s] 76561199407766611: Spawned Entity Large Stone (Stone<8fc00fd0>, 1, 200, 0) at <7054.542480, 28.326319, 5838.036621>
[COT 2023-11-13 23:55:9s] 76561199407766611: Spawned Entity Large Stone (Stone<8fbfd670>, 1, 200, 0) at <7054.542480, 28.326319, 5838.036621>
[COT 2023-11-13 23:55:10] 76561199407766611: Spawned Entity Large Stone (Stone<fec30650>, 1, 200, 0) at <7054.542480, 28.326319, 5838.036621>
[COT 2023-11-13 23:55:10] 76561199407766611: Spawned Entity Large Stone (Stone<fec31970>, 1, 200, 0) at <7054.542480, 28.326319, 5838.036621>
[COT 2023-11-13 23:55:10] 76561199407766611: Spawned Entity Large Stone (Stone<fec2b040>, 1, 200, 0) at <7054.542480, 28.326319, 5838.036621>
[COT 2023-11-13 23:55:10] 76561199407766611: Spawned Entity Large Stone (Stone<fec2c360>, 1, 200, 0) at <7054.542480, 28.326319, 5838.036621>
[COT 2023-11-13 23:55:11] 76561199407766611: Spawned Entity Large Stone (Stone<fec39f50>, 1, 200, 0) at <7054.542480, 28.326319, 5838.036621>
[COT 2023-11-13 23:55:11] 76561199407766611: Spawned Entity Large Stone (Stone<fec34940>, 1, 200, 0) at <7054.542480, 28.326319, 5838.036621>
[COT 2023-11-13 23:56:41] 76561199407766611: Spawned Entity Nails (Nail<26076fe0>, 99, 80, 0) at <7054.542480, 28.326319, 5838.036621>
[COT 2023-11-13 23:56:41] 76561199407766611: Spawned Entity Nails (Nail<26078300>, 99, 80, 0) at <7054.542480, 28.326319, 5838.036621>
[COT 2023-11-13 23:56:48] 76561199407766611: Spawned Entity Rope (Rope<26072cf0>, 99, 200, 0) at <7054.542480, 28.326319, 5838.036621>
[COT 2023-11-13 23:56:54] 76561199407766611: Spawned Entity Metal Wire (MetalWire<2607b2d0>, 99, 500, 0) at <7054.542480, 28.326319, 5838.036621>
[COT 2023-11-13 23:57:0s] 76561199407766611: Spawned Entity Wooden Log (WoodenLog<18f4f680>, 1, 500, 0) at <7054.542480, 28.326319, 5838.036621>
[COT 2023-11-13 23:57:0s] 76561199407766611: Spawned Entity Wooden Log (WoodenLog<18f50010>, 1, 500, 0) at <7054.542480, 28.326319, 5838.036621>
[COT 2023-11-13 23:57:0s] 76561199407766611: Spawned Entity Wooden Log (WoodenLog<18f4a070>, 1, 500, 0) at <7054.542480, 28.326319, 5838.036621>
[COT 2023-11-13 23:57:42] 76561199407766611: Spawned Entity Flag (Flag_BabyDeer<1ff9f100>, 100, 100, 0) at <7054.541016, 28.408297, 5838.034668>
[COT 2023-11-13 23:57:57] 76561199407766611: Spawned Entity Standardized Suppressor (M4_Suppressor<202105f0>, 100, 12, 0) at <7054.279785, 28.468992, 5837.995605>
[COT 2023-11-13 23:57:59] 76561199407766611: Spawned Entity M4-A1 (M4A1_Base<ddbd6d0>, 100, 200, 0) at <7054.261230, 28.493753, 5838.009277>
[COT 2023-11-13 23:58:31] 76561199407766611: Teleported to position <9515.466797, 6.431159, 8595.022461>
[COT 2023-11-13 23:58:46] 76561199407766611: Entered the Free Camera
[COT 2023-11-13 23:59:8s] 76561199407766611: Left the Free Camera
[COT 2023-11-13 23:59:23] 76561199407766611: Spawned Entity Firefighter Axe (FirefighterAxe<dedbb20>, 100, 250, 0) at <9544.605469, 6.938770, 8686.595703>
[COT 2023-11-13 23:59:47] 76561199407766611: Entered the Free Camera
[COT 2023-11-13 23:59:54] 76561199407766611: Left the Free Camera
[COT 2023-11-13 23:59:59] 76561199407766611: Entered the Free Camera
[COT 2023-11-14 0h:0m:15] 76561199407766611: Left the Free Camera
[COT 2023-11-14 0h:0m:39] 76561199407766611: Entered the Free Camera
[COT 2023-11-14 0h:0m:44] 76561199407766611: Left the Free Camera
[COT 2023-11-14 0h:0m:54] 76561199407766611: Entered the Free Camera
[COT 2023-11-14 0h:2m:17] 76561199407766611: Left the Free Camera
