[COT 2023-11-12 0h:8m:37] 76561199108250772: Set the date to 2023/8/27 12:0
[COT 2023-11-12 0h:8m:37] 76561199108250772: Set rain to 0 0 0
[COT 2023-11-12 0h:8m:37] 76561199108250772: Set storm to 0 0.8 4000
[COT 2023-11-12 0h:8m:37] 76561199108250772: Set fog to 0 0 0
[COT 2023-11-12 0h:8m:37] 76561199108250772: Set overcast to 0 0 0
[COT 2023-11-12 0h:8m:37] 76561199108250772: Set wind to 0 0 1
[COT 2023-11-12 0h:8m:49] 76561199108250772: Set GodMode To true [guid=OAdpPkJP2Ps_W7h2ttR1bK23ekHCzrxw0mDT3zqLMdU=]
[COT 2023-11-12 0h:8m:50] 76561199108250772: Set cannot be targeted by AI to true [guid=OAdpPkJP2Ps_W7h2ttR1bK23ekHCzrxw0mDT3zqLMdU=]
[COT 2023-11-12 0h:8m:51] 76561199108250772: Set UnlimitedStamina To true [guid=OAdpPkJP2Ps_W7h2ttR1bK23ekHCzrxw0mDT3zqLMdU=]
[COT 2023-11-12 0h:8m:51] 76561199108250772: Set UnlimitedAmmo To true [guid=OAdpPkJP2Ps_W7h2ttR1bK23ekHCzrxw0mDT3zqLMdU=]
[COT 2023-11-12 0h:9m:0s] 76561199108250772: Teleported to position <9088.940430, 7.510374, 7891.521484>
[COT 2023-11-12 0h:12:24] 76561199108250772: Spawned Entity MK II (MKII_Base<6282c0>, 100, 120, 0) at <9109.485352, 6.588870, 7888.606445>
[COT 2023-11-12 0h:12:25] 76561199108250772: Spawned Entity 10rd MK II Mag (Mag_MKII_10Rnd<95b981b0>, 10, 100, 0) at <9109.446289, 6.646075, 7888.575684>
[COT 2023-11-12 0h:12:25] 76561199108250772: Spawned Entity 10rd MK II Mag (Mag_MKII_10Rnd<95ba40e0>, 10, 100, 0) at <9109.437500, 6.660988, 7888.567871>
[COT 2023-11-12 0h:12:31] 76561199108250772: Spawned Entity Boxed .22 LR Rounds (AmmoBox_22_50Rnd<9736db70>, 10, 100, 0) at <9109.485352, 6.588870, 7888.606445>
[COT 2023-11-12 0h:12:31] 76561199108250772: Spawned Entity Boxed .22 LR Rounds (AmmoBox_22_50Rnd<9736e500>, 10, 100, 0) at <9109.464844, 6.618876, 7888.590332>
[COT 2023-11-12 0h:13:30] 76561199108250772: Spawned Entity Rope (Rope<8f21a520>, 100, 200, 0) at <9000.673828, 8.324110, 7930.367676>
[COT 2023-11-12 0h:14:21] 76561199108250772: Spawned Entity #syb_adepress (TabletsBase<95bbbf40>, 10, 50, 0) at <8947.498047, 7.221353, 7921.865234>
[COT 2023-11-12 0h:14:21] 76561199108250772: Spawned Entity #syb_adepress (TabletsBase<95bbd360>, 10, 50, 0) at <8947.546875, 7.285029, 7921.813965>
[COT 2023-11-12 0h:14:31] 76561199108250772: Spawned Entity Multivitamin Pills (VitaminBottle<95bc4c20>, 50, 50, 0) at <8947.591797, 7.344828, 7921.765625>
[COT 2023-11-12 0h:14:32] 76561199108250772: Spawned Entity Multivitamin Pills (VitaminBottle<95bc7460>, 50, 50, 0) at <8947.591797, 7.344828, 7921.765625>
[COT 2023-11-12 0h:14:37] 76561199108250772: Spawned Entity #syb_topoizomeraza_name (InjectorBase<8f2009f0>, 50, 100, 0) at <8947.644531, 7.413805, 7921.709473>
[COT 2023-11-12 0h:14:38] 76561199108250772: Spawned Entity #syb_topoizomeraza_name (InjectorBase<8f2026a0>, 50, 100, 0) at <8947.687500, 7.471024, 7921.663574>
[COT 2023-11-12 0h:14:43] 76561199108250772: Spawned Entity #syb_zvirus_antidot_name (SyberiaMedicineAmpoule<8f206000>, 4, 50, 0) at <8947.741211, 7.541701, 7921.605957>
[COT 2023-11-12 0h:14:43] 76561199108250772: Spawned Entity #syb_zvirus_antidot_name (SyberiaMedicineAmpoule<8f207cb0>, 4, 50, 0) at <8947.793945, 7.611449, 7921.549805>
[COT 2023-11-12 0h:14:49] 76561199108250772: Spawned Entity Alcoholic Tincture (DisinfectantAlcohol<95bc6040>, 200, 30, 0) at <8947.841797, 7.673397, 7921.499512>
[COT 2023-11-12 0h:14:49] 76561199108250772: Spawned Entity Alcoholic Tincture (DisinfectantAlcohol<95bc6a50>, 200, 30, 0) at <8947.892578, 7.740186, 7921.445313>
[COT 2023-11-12 0h:14:57] 76561199108250772: Spawned Entity #syb_syringe_empty_name (SyringeEmpty<94ef44e0>, 200, 50, 0) at <8947.936523, 7.799165, 7921.397949>
[COT 2023-11-12 0h:14:57] 76561199108250772: Spawned Entity #syb_syringe_empty_name (SyringeEmpty<94ef1ea0>, 200, 50, 0) at <8947.951172, 7.817918, 7921.382324>
[COT 2023-11-12 0h:15:5s] 76561199108250772: Spawned Entity MVS Sling Pack - Black (MountainBag_ColorBase<94ef4e70>, 200, 300, 0) at <8947.958008, 7.826927, 7921.375000>
[COT 2023-11-12 0h:15:6s] 76561199108250772: Spawned Entity MVS Sling Pack - Black (MountainBag_ColorBase<94ef31c0>, 200, 300, 0) at <8948.075195, 7.981267, 7921.250488>
[COT 2023-11-12 0h:16:17] 76561199108250772: Spawned Entity #syb_actovegin_name (SyberiaMedicineAmpoule<94f05a30>, 4, 50, 0) at <8947.347656, 7.221346, 7921.896973>
[COT 2023-11-12 0h:16:17] 76561199108250772: Spawned Entity #syb_actovegin_name (SyberiaMedicineAmpoule<94f063c0>, 4, 50, 0) at <8947.407227, 7.324754, 7921.845215>
[COT 2023-11-12 0h:16:25] 76561199108250772: Spawned Entity #syb_ibuprofen_name (TabletsBase<15d92ec0>, 10, 50, 0) at <8947.464844, 7.424055, 7921.795898>
[COT 2023-11-12 0h:16:25] 76561199108250772: Spawned Entity #syb_ibuprofen_name (TabletsBase<263db2d0>, 10, 50, 0) at <8947.464844, 7.424055, 7921.795898>
[COT 2023-11-12 0h:16:34] 76561199108250772: Spawned Entity #syb_tetracycline_name (TabletsBase<263a8dd0>, 10, 50, 0) at <8947.511719, 7.505406, 7921.755371>
[COT 2023-11-12 0h:16:34] 76561199108250772: Spawned Entity #syb_tetracycline_name (TabletsBase<263bcfd0>, 10, 50, 0) at <8947.549805, 7.571120, 7921.722656>
[COT 2023-11-12 0h:17:8s] 76561199108250772: Spawned Entity #syb_surgical_kit_once_name (SurgicalKit<94ede310>, 100, 100, 0) at <8947.161133, 7.236285, 7922.109375>
[COT 2023-11-12 0h:17:8s] 76561199108250772: Spawned Entity #syb_surgical_kit_once_name (SurgicalKit<94ee98c0>, 100, 100, 0) at <8947.182617, 7.275124, 7922.089844>
[COT 2023-11-12 0h:17:36] 76561199108250772: Spawned Entity Purple Fishing Rod (FishingRod<95441660>, 100, 150, 0) at <8947.488281, 7.197682, 7921.592285>
[COT 2023-11-12 0h:17:47] 76561199108250772: Spawned Entity Fishing Lure 1 (Bait<954492b0>, 100, 30, 0) at <8947.530273, 7.281265, 7921.556152>
[COT 2023-11-12 0h:17:49] 76561199108250772: Spawned Entity Fishing Lure 2 (Bait<95445950>, 100, 30, 0) at <8947.561523, 7.343073, 7921.529297>
[COT 2023-11-12 0h:17:51] 76561199108250772: Spawned Entity Fishing Lure 3 (Bait<95448920>, 100, 30, 0) at <8947.593750, 7.406878, 7921.501465>
[COT 2023-11-12 0h:17:52] 76561199108250772: Spawned Entity Fishing Lure 4 (Bait<954462e0>, 100, 30, 0) at <8947.626953, 7.472165, 7921.473145>
[COT 2023-11-12 0h:18:18] 76561199108250772: Spawned Entity Metal Hook (ItemBase<95465420>, 100, 10, 0) at <8947.343750, 7.227438, 7921.968750>
[COT 2023-11-12 0h:18:18] 76561199108250772: Spawned Entity Metal Hook (ItemBase<9546c6e0>, 100, 10, 0) at <8947.390625, 7.301058, 7921.910156>
[COT 2023-11-12 0h:18:19] 76561199108250772: Spawned Entity Metal Hook (ItemBase<954551f0>, 100, 10, 0) at <8947.428711, 7.361897, 7921.862305>
[COT 2023-11-12 0h:18:20] 76561199108250772: Spawned Entity Metal Hook (ItemBase<95466740>, 100, 10, 0) at <8947.480469, 7.442643, 7921.798340>
[COT 2023-11-12 0h:18:51] 76561199108250772: Spawned Entity KA-101 (AK101<f764f810>, 100, 300, 0) at <8947.370117, 7.204818, 7921.699707>
[COT 2023-11-12 0h:19:35] 76561199108250772: Spawned Entity Winter Parka (Winter_Parka_Green<22f8e000>, 20, 175, 0) at <8947.599609, 7.191536, 7921.497559>
[COT 2023-11-12 0h:19:42] 76561199108250772: Spawned Entity #syb_karbopekt_name (TabletsBase<22f93a90>, 10, 50, 0) at <8947.622070, 7.447646, 7921.478027>
[COT 2023-11-12 0h:20:40] 76561199108250772: Spawned Entity Gun Cleaning Kit (WeaponCleaningKit<936edb70>, 100, 100, 0) at <8947.264648, 7.184536, 7921.486328>
[COT 2023-11-12 0h:22:43] 76561199108250772: Spawned Entity MVS Canteen - OD (Canteen<f1268c80>, 1000, 100, 1) at <8947.371094, 7.211067, 7921.772461>
[COT 2023-11-12 0h:22:43] 76561199108250772: Spawned Entity MVS Canteen - OD (Canteen<f125f590>, 1000, 100, 1) at <8947.423828, 7.315758, 7921.705078>
[COT 2023-11-12 0h:23:5s] 76561199108250772: Spawned Entity Canned Bacon (TacticalBaconCan<2158b6e0>, 100, 100, 0) at <8947.281250, 7.205610, 7921.727539>
[COT 2023-11-12 0h:23:5s] 76561199108250772: Spawned Entity Canned Bacon (TacticalBaconCan<215ba990>, 100, 100, 0) at <8947.309570, 7.252487, 7921.698242>
[COT 2023-11-12 0h:23:21] 76561199108250772: Spawned Entity Hunting Knife (HuntingKnife<93b33980>, 100, 130, 0) at <8947.321289, 7.212642, 7921.800781>
[COT 2023-11-12 0h:23:29] 76561199108250772: Spawned Entity Can Opener (CanOpener<972bc920>, 100, 20, 0) at <8947.351563, 7.265944, 7921.762695>
[COT 2023-11-12 0h:23:34] 76561199108250772: Spawned Entity Sharpening Stone (Whetstone<972ba2e0>, 100, 50, 0) at <8947.380859, 7.319506, 7921.728027>
