[COT 2023-11-23 19:17:38] 76561199108250772: Teleported to position <9352.141602, 3.770742, 8048.953125>
[COT 2023-11-23 19:18:23] 76561199407766611: Set Health To 0 [guid=spMEkRl42onhFHdF_u42e0T03x2sj347kUc600NXdGA=]
[COT 2023-11-23 19:19:10] 76561199108250772: Teleported to position <991.375061, 163.730103, 1005.926514>
[COT 2023-11-23 19:19:37] 76561199108250772: Set GodMode To true [guid=OAdpPkJP2Ps_W7h2ttR1bK23ekHCzrxw0mDT3zqLMdU=]
[COT 2023-11-23 19:19:38] 76561199108250772: Set UnlimitedAmmo To true [guid=OAdpPkJP2Ps_W7h2ttR1bK23ekHCzrxw0mDT3zqLMdU=]
[COT 2023-11-23 19:19:38] 76561199108250772: Set UnlimitedStamina To true [guid=OAdpPkJP2Ps_W7h2ttR1bK23ekHCzrxw0mDT3zqLMdU=]
[COT 2023-11-23 19:19:39] 76561199108250772: Set cannot be targeted by AI to true [guid=OAdpPkJP2Ps_W7h2ttR1bK23ekHCzrxw0mDT3zqLMdU=]
[COT 2023-11-23 19:21:0s] 76561199407766611: Teleported to position <5640.380371, 16.191690, 8653.062500>
[COT 2023-11-23 19:21:15] 76561199407766611: Set GodMode To true [guid=spMEkRl42onhFHdF_u42e0T03x2sj347kUc600NXdGA=]
[COT 2023-11-23 19:21:16] 76561199407766611: Set UnlimitedStamina To true [guid=spMEkRl42onhFHdF_u42e0T03x2sj347kUc600NXdGA=]
[COT 2023-11-23 19:21:16] 76561199407766611: Set UnlimitedAmmo To true [guid=spMEkRl42onhFHdF_u42e0T03x2sj347kUc600NXdGA=]
[COT 2023-11-23 19:21:17] 76561199407766611: Set cannot be targeted by AI to true [guid=spMEkRl42onhFHdF_u42e0T03x2sj347kUc600NXdGA=]
[COT 2023-11-23 19:21:18] 76561199407766611: Healed [guid=spMEkRl42onhFHdF_u42e0T03x2sj347kUc600NXdGA=]
[COT 2023-11-23 19:21:46] 76561199407766611: Spawned Entity AUR AX (Aug<f4ac4e0>, 100, 300, 0) at <5625.952148, 18.414366, 8638.381836>
[COT 2023-11-23 19:22:1s] 76561199108250772: Spawned Entity Mini-14 (MassMini14_Base<f4acf70>, 100, 200, 0) at <880.574341, 28.483135, 1283.773071>
[COT 2023-11-23 19:22:12] 76561199108250772: Entered the Free Camera
[COT 2023-11-23 19:22:18] 76561199108250772: Left the Free Camera
[COT 2023-11-23 19:22:21] 76561199407766611: Entered the Free Camera
[COT 2023-11-23 19:22:27] 76561199407766611: Left the Free Camera
[COT 2023-11-23 19:22:43] 76561199108250772: Teleported to position <9141.569336, 4.663723, 7858.700195>
[COT 2023-11-23 19:23:1s] 76561199407766611: Spawned Entity AUR AX (Aug<f4a9010>, 100, 300, 0) at <5642.187988, 16.797449, 8642.936523>
[COT 2023-11-23 19:23:18] 76561199407766611: Spawned Entity 30rd Coupled Standardized Mag (Mag_STANAGCoupled_30Rnd<8062e470>, 60, 100, 0) at <5642.540039, 16.795511, 8642.887695>
[COT 2023-11-23 19:23:19] 76561199407766611: Spawned Entity 30rd Coupled Standardized Mag (Mag_STANAGCoupled_30Rnd<80625790>, 60, 100, 0) at <5642.510254, 16.888191, 8642.938477>
[COT 2023-11-23 19:23:24] 76561199108250772: Spawned Entity Sea Chest (SeaChest<10af8190>, 100, 600, 0) at <9137.956055, 4.732589, 7869.676270>
[COT 2023-11-23 19:24:5s] 76561199108250772: Teleported to position <5621.519531, 16.573555, 8638.417969>
[COT 2023-11-23 19:24:13] 76561199407766611: Spawned Entity Barrel (Barrel_Blue<e8c0580>, 200000, 1300, 512) at <5642.543945, 16.795412, 8642.884766>
[COT 2023-11-23 19:24:51] 76561199407766611: Spawned Entity Tactical Gloves (TacticalGloves_Black<15c78090>, 100, 165, 0) at <5642.520996, 17.142637, 8643.208008>
[COT 2023-11-23 19:24:57] 76561199407766611: Spawned Entity Head Torch (Headtorch_Black<15b82090>, 100, 25, 0) at <5642.459473, 17.253498, 8643.263672>
[COT 2023-11-23 19:24:57] 76561199407766611: Spawned Entity Head Torch (Headtorch_Black<15b86700>, 100, 25, 0) at <5642.432617, 17.321486, 8643.300781>
[COT 2023-11-23 19:25:5s] 76561199407766611: Spawned Entity Hunter Boots (CombatBoots_Black<15c5f880>, 100, 160, 0) at <5642.401855, 17.401445, 8643.345703>
[COT 2023-11-23 19:25:13] 76561199407766611: Spawned Entity Raincoat (Raincoat_Black<15c82320>, 100, 150, 0) at <5642.711426, 17.622326, 8643.145508>
[COT 2023-11-23 19:25:59] 76561199108250772: Spawned vehicle Ada 4x4 (OffroadHatchback) at <5621.677246, 16.191624, 8647.809570>
[COT 2023-11-23 19:26:0s] 76561199407766611: Spawned Entity 9V Battery (Battery9V<177e4d30>, 50, 20, 0) at <5641.675293, 17.372383, 8643.459961>
[COT 2023-11-23 19:26:0s] 76561199407766611: Spawned Entity 9V Battery (Battery9V<177ee630>, 50, 20, 0) at <5641.735840, 17.430363, 8643.442383>
[COT 2023-11-23 19:26:3s] 76561199108250772: Spawned vehicle Gunter 2 (Hatchback_02_Black) at <5614.924316, 16.265884, 8645.958008>
[COT 2023-11-23 19:26:19] 76561199108250772: Teleported to position <9198.918945, 3.357340, 7920.072266>
[COT 2023-11-23 19:26:27] 76561199108250772: Spawned vehicle M1025 (Offroad_02) at <9195.790039, 3.411198, 7907.825195>
[COT 2023-11-23 19:26:49] 76561199407766611: Entered the Free Camera
[COT 2023-11-23 19:26:51] 76561199108250772: Teleported to position <7398.903809, 22.736914, 5285.971680>
[COT 2023-11-23 19:26:56] 76561199108250772: Spawned vehicle Olga 24 (CivilianSedan_Black) at <7394.385254, 23.077326, 5287.777344>
[COT 2023-11-23 19:27:2s] 76561199108250772: Entered the Free Camera
[COT 2023-11-23 19:27:6s] 76561199407766611: ESP: ESP updating
[COT 2023-11-23 19:27:9s] 76561199108250772: Left the Free Camera
[COT 2023-11-23 19:39:26] 76561199108250772: Set the date to 2023/9/4 12:0
[COT 2023-11-23 19:39:27] 76561199108250772: Set rain to 0 0 0
[COT 2023-11-23 19:39:27] 76561199108250772: Set storm to 0 0.8 4000
[COT 2023-11-23 19:39:27] 76561199108250772: Set fog to 0 0 0
[COT 2023-11-23 19:39:27] 76561199108250772: Set overcast to 0 0 0
[COT 2023-11-23 19:39:27] 76561199108250772: Set wind to 0 0 1
[COT 2023-11-23 19:39:43] 76561199108250772: Teleported to position <4012.745361, 12.993767, 7488.113281>
[COT 2023-11-23 19:39:44] 76561199108250772: Teleported to position <4012.745361, 12.993767, 7488.113281>
[COT 2023-11-23 19:39:55] 76561199108250772: Spawned vehicle Sarka 120 (Sedan_02_Red) at <4016.536621, 13.350005, 7487.817871>
[COT 2023-11-23 19:40:7s] 76561199108250772: Teleported to position <4584.536621, 2.072798, 6082.736328>
[COT 2023-11-23 19:40:15] 76561199108250772: Spawned vehicle Sarka 120 (Sedan_02_Red) at <4589.675781, 2.101779, 6082.395508>
[COT 2023-11-23 19:40:18] 76561199108250772: Entered the Free Camera
[COT 2023-11-23 19:40:22] 76561199108250772: Left the Free Camera
[COT 2023-11-23 19:40:39] 76561199108250772: Teleported to position <9747.284180, 8.652939, 9245.417969>
[COT 2023-11-23 19:40:45] 76561199108250772: Spawned vehicle Olga 24 (CivilianSedan) at <9749.277344, 8.791134, 9242.231445>
[COT 2023-11-23 19:59:3s] 76561199108250772: Teleported to position <9146.452148, 4.588090, 7872.243164>
[COT 2023-11-23 20:0m:18] 76561199108250772: Healed [guid=KwpSVEhKqkN7AYnOj4L2-jcrGaMeVo9TJdfQD5etrvQ=]
[COT 2023-11-23 20:0m:19] 76561199108250772: Set BloodyHands To false [guid=KwpSVEhKqkN7AYnOj4L2-jcrGaMeVo9TJdfQD5etrvQ=]
[COT 2023-11-23 20:1m:25] 76561199108250772: Spawned Entity MVS Sling Pack - Black (MountainBag_ColorBase<8f54f830>, 100, 300, 0) at <9193.249023, 3.419996, 7908.505371>
[COT 2023-11-23 20:1m:37] 76561199108250772: Spawned Entity Alcoholic Tincture (DisinfectantAlcohol<9f64b2c0>, 200, 30, 0) at <9193.080078, 3.525938, 7907.495605>
[COT 2023-11-23 20:1m:38] 76561199108250772: Spawned Entity Alcoholic Tincture (DisinfectantAlcohol<9c2a54a0>, 200, 30, 0) at <9193.006836, 3.598467, 7907.521973>
[COT 2023-11-23 20:1m:43] 76561199108250772: Spawned Entity Multivitamin Pills (VitaminBottle<9c2c2380>, 50, 50, 0) at <9192.942383, 3.662876, 7907.544922>
[COT 2023-11-23 20:1m:48] 76561199108250772: Spawned Entity #syb_tetracycline_name (TabletsBase<1fdb09f0>, 10, 50, 0) at <9192.874023, 3.730550, 7907.569336>
[COT 2023-11-23 20:1m:48] 76561199108250772: Spawned Entity #syb_tetracycline_name (TabletsBase<1fdaa550>, 10, 50, 0) at <9192.813477, 3.791591, 7907.591309>
[COT 2023-11-23 20:1m:55] 76561199108250772: Spawned Entity Working Gloves (WorkingGloves_Black<9dbb2100>, 10, 150, 0) at <9192.753906, 3.850455, 7907.612305>
[COT 2023-11-23 20:2m:8s] 76561199108250772: Spawned Entity Ballistic Vest (PressVest_Blue<9dbb3db0>, 10, 170, 0) at <9193.184570, 3.422329, 7907.458496>
[COT 2023-11-23 20:2m:15] 76561199108250772: Spawned Entity #syb_syringe_empty_name (SyringeEmpty<1267d9c0>, 10, 50, 0) at <9193.005859, 3.599493, 7907.521973>
[COT 2023-11-23 20:2m:16] 76561199108250772: Spawned Entity #syb_syringe_empty_name (SyringeEmpty<1267a060>, 10, 50, 0) at <9192.982422, 3.622641, 7907.530273>
[COT 2023-11-23 20:2m:25] 76561199108250772: Spawned Entity #syb_topoizomeraza_name (InjectorBase<1267e350>, 10, 100, 0) at <9193.184570, 3.422329, 7907.458496>
[COT 2023-11-23 20:2m:26] 76561199108250772: Spawned Entity #syb_topoizomeraza_name (InjectorBase<126783b0>, 10, 100, 0) at <9193.120117, 3.485779, 7907.481445>
[COT 2023-11-23 20:2m:26] 76561199108250772: Spawned Entity #syb_topoizomeraza_name (InjectorBase<1267b380>, 10, 100, 0) at <9193.069336, 3.536241, 7907.499512>
[COT 2023-11-23 20:2m:27] 76561199108250772: Spawned Entity #syb_topoizomeraza_name (InjectorBase<1267a9f0>, 10, 100, 0) at <9193.002930, 3.602703, 7907.523438>
[COT 2023-11-23 20:2m:34] 76561199108250772: Spawned Entity #syb_zvirus_antidot_name (InjectorBase<12678d40>, 4, 100, 0) at <9192.931641, 3.673398, 7907.548828>
[COT 2023-11-23 20:2m:35] 76561199108250772: Spawned Entity #syb_zvirus_antidot_name (InjectorBase<1267d030>, 4, 100, 0) at <9192.862305, 3.743139, 7907.573730>
[COT 2023-11-23 20:2m:35] 76561199108250772: Spawned Entity #syb_zvirus_antidot_name (InjectorBase<12677a20>, 4, 100, 0) at <9192.794922, 3.809934, 7907.597656>
[COT 2023-11-23 20:2m:36] 76561199108250772: Spawned Entity #syb_zvirus_antidot_name (InjectorBase<12680990>, 4, 100, 0) at <9192.744141, 3.860015, 7907.615723>
[COT 2023-11-23 20:2m:46] 76561199108250772: Spawned Entity #syb_adepress (TabletsBase<e898b90>, 10, 50, 0) at <9193.722656, 3.419738, 7907.684570>
[COT 2023-11-23 20:2m:46] 76561199108250772: Spawned Entity #syb_adepress (TabletsBase<e8a4ac0>, 10, 50, 0) at <9193.722656, 3.419739, 7907.684570>
[COT 2023-11-23 20:2m:46] 76561199108250772: Spawned Entity #syb_adepress (TabletsBase<e8a54d0>, 10, 50, 0) at <9193.617188, 3.500726, 7907.703125>
[COT 2023-11-23 20:2m:47] 76561199108250772: Spawned Entity #syb_adepress (TabletsBase<e8c6a20>, 10, 50, 0) at <9193.536133, 3.563972, 7907.717773>
[COT 2023-11-23 20:3m:50] 76561199108250772: Spawned Entity #syb_surgical_kit_once_name (SurgicalKit<8e9321b0>, 100, 100, 0) at <9193.548828, 3.420932, 7907.444336>
[COT 2023-11-23 20:3m:50] 76561199108250772: Spawned Entity #syb_surgical_kit_once_name (SurgicalKit<8e938ae0>, 100, 100, 0) at <9193.500977, 3.460326, 7907.458984>
[COT 2023-11-23 20:3m:51] 76561199108250772: Spawned Entity #syb_surgical_kit_once_name (SurgicalKit<8e93cdd0>, 100, 100, 0) at <9193.454102, 3.499165, 7907.473145>
[COT 2023-11-23 20:3m:51] 76561199108250772: Spawned Entity #syb_surgical_kit_once_name (SurgicalKit<8e93e0f0>, 100, 100, 0) at <9193.406250, 3.538003, 7907.487793>
[COT 2023-11-23 20:3m:52] 76561199108250772: Spawned Entity #syb_surgical_kit_once_name (SurgicalKit<8e939e00>, 100, 100, 0) at <9193.359375, 3.577398, 7907.502441>
[COT 2023-11-23 20:3m:52] 76561199108250772: Spawned Entity #syb_surgical_kit_once_name (SurgicalKit<8e93a790>, 100, 100, 0) at <9193.310547, 3.616236, 7907.516602>
[COT 2023-11-23 20:4m:3s] 76561199108250772: Spawned Entity MVS Canteen - OD (Canteen<a9366d50>, 1000, 100, 512) at <9194.027344, 3.418518, 7907.680664>
[COT 2023-11-23 20:4m:19] 76561199108250772: Spawned Entity #syb_actovegin_name (SyberiaMedicineAmpoule<1604bf00>, 4, 50, 0) at <9193.923828, 3.488766, 7907.697266>
[COT 2023-11-23 20:4m:19] 76561199108250772: Spawned Entity #syb_actovegin_name (SyberiaMedicineAmpoule<160485a0>, 4, 50, 0) at <9193.853516, 3.536759, 7907.708496>
[COT 2023-11-23 20:4m:20] 76561199108250772: Spawned Entity #syb_actovegin_name (SyberiaMedicineAmpoule<160498c0>, 4, 50, 0) at <9193.781250, 3.585752, 7907.720215>
[COT 2023-11-23 20:7m:24] 76561199108250772: Spawned Entity Bandage (BandageDressing<1be835c0>, 4, 50, 0) at <9193.335938, 3.421749, 7907.438477>
[COT 2023-11-23 20:7m:25] 76561199108250772: Spawned Entity Bandage (BandageDressing<1be83f50>, 4, 50, 0) at <9193.286133, 3.501420, 7907.399902>
[COT 2023-11-23 20:7m:25] 76561199108250772: Spawned Entity Bandage (BandageDressing<1be848e0>, 4, 50, 0) at <9193.233398, 3.584676, 7907.358887>
[COT 2023-11-23 20:7m:26] 76561199108250772: Spawned Entity Bandage (BandageDressing<1be7dfb0>, 4, 50, 0) at <9193.180664, 3.668796, 7907.317871>
[COT 2023-11-23 20:7m:26] 76561199108250772: Spawned Entity Bandage (BandageDressing<1be8a880>, 4, 50, 0) at <9193.125000, 3.757354, 7907.274902>
[COT 2023-11-23 20:7m:28] 76561199108250772: Spawned Entity #syb_hemostatic_bandage_name (BandageDressing<1be89ef0>, 1, 80, 0) at <9193.074219, 3.837044, 7907.235840>
[COT 2023-11-23 20:7m:28] 76561199108250772: Spawned Entity #syb_hemostatic_bandage_name (BandageDressing<1be8bba0>, 1, 80, 0) at <9193.045898, 3.882496, 7907.213867>
[COT 2023-11-23 20:7m:29] 76561199108250772: Spawned Entity #syb_hemostatic_bandage_name (BandageDressing<1be8b210>, 1, 80, 0) at <9193.015625, 3.930679, 7907.190430>
[COT 2023-11-23 20:7m:29] 76561199108250772: Spawned Entity #syb_hemostatic_bandage_name (BandageDressing<1be85270>, 1, 80, 0) at <9192.986328, 3.976131, 7907.167969>
[COT 2023-11-23 20:7m:30] 76561199108250772: Spawned Entity #syb_hemostatic_bandage_name (BandageDressing<1be8c530>, 1, 80, 0) at <9192.958008, 4.021584, 7907.145996>
[COT 2023-11-23 20:9m:37] 76561199108250772: Spawned Entity Boxed Nails (NailBox<10adf980>, 100, 80, 0) at <9193.979492, 3.419427, 7907.338867>
[COT 2023-11-23 20:9m:38] 76561199108250772: Spawned Entity Boxed Nails (NailBox<10b01a90>, 100, 80, 0) at <9193.873047, 3.486562, 7907.291016>
[COT 2023-11-23 20:9m:38] 76561199108250772: Spawned Entity Boxed Nails (NailBox<10b0aa00>, 100, 80, 0) at <9193.764648, 3.554185, 7907.243164>
[COT 2023-11-23 20:9m:39] 76561199108250772: Spawned Entity Boxed Nails (NailBox<10b096e0>, 100, 80, 0) at <9193.663086, 3.617915, 7907.197754>
