[COT 2023-11-25 21:56:54] 76561199108250772: Set GodMode To true [guid=OAdpPkJP2Ps_W7h2ttR1bK23ekHCzrxw0mDT3zqLMdU=]
[COT 2023-11-25 21:56:54] 76561199108250772: Set UnlimitedAmmo To true [guid=OAdpPkJP2Ps_W7h2ttR1bK23ekHCzrxw0mDT3zqLMdU=]
[COT 2023-11-25 21:56:55] 76561199108250772: Set UnlimitedStamina To true [guid=OAdpPkJP2Ps_W7h2ttR1bK23ekHCzrxw0mDT3zqLMdU=]
[COT 2023-11-25 21:56:55] 76561199108250772: Set cannot be targeted by AI to true [guid=OAdpPkJP2Ps_W7h2ttR1bK23ekHCzrxw0mDT3zqLMdU=]
[COT 2023-11-25 21:57:9s] 76561199108250772: Teleported to position <9120.920898, 4.676393, 7833.196289>
[COT 2023-11-25 21:59:4s] 76561199108250772: Entered the Free Camera
[COT 2023-11-25 21:59:16] 76561199108250772: Left the Free Camera
[COT 2023-11-25 22:0m:5s] 76561199108250772: ESP: Viewing ESP
[COT 2023-11-25 22:0m:12] 76561199108250772: ESP: Clearing ESP
[COT 2023-11-25 22:0m:52] 76561199108250772: Healed [guid=hvwuSJTa65OKlD95lDxHijkCObIZa3EMhvLz9lC6L6Y=]
[COT 2023-11-25 22:0m:54] 76561199108250772: Healed [guid=Kr5p15tVu5Ov7dlpojUrhGcIwK_CX2qWVwF3ojCL4ZY=]
[COT 2023-11-25 22:1m:2s] 76561199108250772: Entered the Free Camera
[COT 2023-11-25 22:1m:13] 76561199108250772: Left the Free Camera
[COT 2023-11-25 22:1m:21] 76561199108250772: Spawned Entity Firewood (Firewood<2eadba90>, 1, 500, 0) at <9003.594727, 8.324110, 7932.635254>
[COT 2023-11-25 22:1m:22] 76561199108250772: Spawned Entity Firewood (Firewood<2eadf3f0>, 1, 500, 0) at <9003.566406, 8.500721, 7932.543457>
[COT 2023-11-25 22:1m:22] 76561199108250772: Spawned Entity Firewood (Firewood<2ead9450>, 1, 500, 0) at <9003.538086, 8.670533, 7932.455078>
[COT 2023-11-25 22:1m:31] 76561199108250772: Spawned Entity Paper (Paper<197bbc70>, 10, 15, 0) at <9003.509766, 8.847145, 7932.363281>
[COT 2023-11-25 22:1m:40] 76561199108250772: Spawned Entity Lighter (PetrolLighter<197b8ca0>, 20, 20, 0) at <9003.197266, 8.324110, 7932.942383>
[COT 2023-11-25 22:3m:16] 76561199108250772: Spawned Entity 15rd Sporter 22 Mag (Mag_Ruger1022_15Rnd<2dc9aa20>, 15, 100, 0) at <9000.065430, 8.387682, 7928.610352>
[COT 2023-11-25 22:3m:24] 76561199108250772: ESP: Viewing ESP
[COT 2023-11-25 22:3m:29] 76561199108250772: ESP: Clearing ESP
[COT 2023-11-25 22:3m:53] 76561199108250772: Spawned Entity MVS Sling Pack - Black (MountainBag_ColorBase<f2b17a60>, 100, 300, 0) at <9000.611328, 8.324110, 7928.727539>
[COT 2023-11-25 22:3m:55] 76561199108250772: Spawned Entity MVS Sling Pack - Black (MountainBag_ColorBase<f2b13770>, 100, 300, 0) at <9000.673828, 8.385620, 7928.892090>
[COT 2023-11-25 22:5m:34] 76561199108250772: Spawned Entity Alcoholic Tincture (DisinfectantAlcohol<f2c23d80>, 200, 30, 0) at <8999.080078, 8.324110, 7931.630371>
[COT 2023-11-25 22:5m:34] 76561199108250772: Spawned Entity Alcoholic Tincture (DisinfectantAlcohol<f2859f30>, 200, 30, 0) at <8999.130859, 8.389031, 7931.687988>
[COT 2023-11-25 22:5m:56] 76561199108250772: Spawned Entity #syb_adepress (TabletsBase<f62f8c30>, 10, 50, 0) at <8999.788086, 8.324110, 7931.545410>
[COT 2023-11-25 22:5m:57] 76561199108250772: Spawned Entity #syb_adepress (TabletsBase<20703270>, 10, 50, 0) at <8999.798828, 8.405255, 7931.611816>
[COT 2023-11-25 22:6m:6s] 76561199108250772: Spawned Entity Multivitamin Pills (VitaminBottle<18aa68e0>, 50, 50, 0) at <8999.394531, 8.324110, 7932.003906>
[COT 2023-11-25 22:6m:7s] 76561199108250772: Spawned Entity Multivitamin Pills (VitaminBottle<18ac0f80>, 50, 50, 0) at <8999.432617, 8.432291, 7932.069824>
[COT 2023-11-25 22:6m:13] 76561199108250772: Spawned Entity #syb_tetracycline_name (TabletsBase<18ac6a10>, 10, 50, 0) at <8999.446289, 8.324110, 7931.637207>
[COT 2023-11-25 22:6m:13] 76561199108250772: Spawned Entity #syb_tetracycline_name (TabletsBase<13e857e0>, 10, 50, 0) at <8999.473633, 8.409370, 7931.706055>
[COT 2023-11-25 22:6m:20] 76561199108250772: Spawned Entity #syb_topoizomeraza_name (InjectorBase<2dbbc070>, 10, 100, 0) at <8999.753906, 8.324110, 7931.836426>
[COT 2023-11-25 22:6m:21] 76561199108250772: Spawned Entity #syb_topoizomeraza_name (InjectorBase<2dbc6c90>, 10, 100, 0) at <8999.762695, 8.387204, 7931.877441>
[COT 2023-11-25 22:6m:27] 76561199108250772: Spawned Entity #syb_zvirus_antidot_name (InjectorBase<2dbc3cc0>, 10, 100, 0) at <8999.772461, 8.453807, 7931.920410>
[COT 2023-11-25 22:6m:27] 76561199108250772: Spawned Entity #syb_zvirus_antidot_name (InjectorBase<2dbc4650>, 10, 100, 0) at <8999.782227, 8.515697, 7931.960449>
[COT 2023-11-25 22:6m:43] 76561199108250772: Spawned Entity #syb_syringe_empty_name (SyringeEmpty<2dbd3ef0>, 10, 50, 0) at <9000.036133, 8.324110, 7931.613770>
[COT 2023-11-25 22:6m:43] 76561199108250772: Spawned Entity #syb_syringe_empty_name (SyringeEmpty<2dbd4880>, 10, 50, 0) at <9000.036133, 8.347258, 7931.630859>
[COT 2023-11-25 22:6m:49] 76561199108250772: Spawned Entity #syb_ibuprofen_name (TabletsBase<1e22a580>, 10, 50, 0) at <9000.036133, 8.370405, 7931.647949>
[COT 2023-11-25 22:6m:50] 76561199108250772: Spawned Entity #syb_ibuprofen_name (TabletsBase<a54376f0>, 10, 50, 0) at <9000.036133, 8.435882, 7931.696777>
[COT 2023-11-25 22:8m:6s] 76561199108250772: Spawned Entity Lighter (PetrolLighter<24433120>, 20, 20, 0) at <8999.095703, 8.324110, 7931.951172>
[COT 2023-11-25 22:8m:6s] 76561199108250772: Spawned Entity Lighter (PetrolLighter<244360f0>, 20, 20, 0) at <8999.101563, 8.336136, 7931.959473>
[COT 2023-11-25 22:8m:11] 76561199108250772: Spawned Entity Plastic Bottle (WaterBottle<2468c510>, 1000, 50, 512) at <8999.101563, 8.336136, 7931.959473>
[COT 2023-11-25 22:8m:12] 76561199108250772: Spawned Entity Plastic Bottle (WaterBottle<239d8840>, 1000, 50, 512) at <8999.156250, 8.437541, 7932.028320>
[COT 2023-11-25 22:12:49] 76561199108250772: Spawned Entity #syb_surgical_kit_once_name (SurgicalKit<1e932080>, 100, 100, 0) at <9000.253906, 8.324110, 7932.753906>
[COT 2023-11-25 22:12:50] 76561199108250772: Spawned Entity #syb_surgical_kit_once_name (SurgicalKit<1e939cd0>, 100, 100, 0) at <9000.247070, 8.362948, 7932.751953>
[COT 2023-11-25 22:12:53] 76561199108250772: Spawned Entity #syb_surgical_kit_once_name (SurgicalKit<1e933d30>, 100, 100, 0) at <9000.050781, 8.657563, 7931.319824>
[COT 2023-11-25 22:12:53] 76561199108250772: Spawned Entity #syb_surgical_kit_once_name (SurgicalKit<1e93b980>, 100, 100, 0) at <9000.033203, 8.696402, 7931.357910>
[COT 2023-11-25 22:18:16] 76561199108250772: Teleported to position <8398.832031, 36.253754, 8122.609375>
[COT 2023-11-25 22:18:22] 76561199108250772: Entered the Free Camera
[COT 2023-11-25 22:18:34] 76561199108250772: Left the Free Camera
[COT 2023-11-25 22:18:44] 76561199108250772: Entered the Free Camera
[COT 2023-11-25 22:19:26] 76561199108250772: Left the Free Camera
[COT 2023-11-25 22:19:45] 76561199108250772: ESP: Viewing ESP
[COT 2023-11-25 22:19:51] 76561199108250772: ESP: Clearing ESP
[COT 2023-11-25 22:19:51] 76561199108250772: ESP: Viewing ESP
[COT 2023-11-25 22:20:18] 76561199108250772: Spawned Entity Fireworks Launcher (FireworksLauncher<14259a20>, 100, 30, 0) at <8461.606445, 53.601952, 8388.311523>
[COT 2023-11-25 22:22:4s] 76561199108250772: Healed [guid=hvwuSJTa65OKlD95lDxHijkCObIZa3EMhvLz9lC6L6Y=]
[COT 2023-11-25 22:22:7s] 76561199108250772: Healed [guid=Kr5p15tVu5Ov7dlpojUrhGcIwK_CX2qWVwF3ojCL4ZY=]
[COT 2023-11-25 22:22:37] 76561199108250772: Entered the Free Camera
[COT 2023-11-25 22:23:12] 76561199108250772: ESP: Clearing ESP
[COT 2023-11-25 22:24:21] 76561199108250772: Spawned Entity M4-A1 (M4A1_Base<615a28b0>, 100, 200, 0) at <8554.672852, 23.850927, 8410.018555>
[COT 2023-11-25 22:28:47] 76561199108250772: Set BloodyHands To false [guid=hvwuSJTa65OKlD95lDxHijkCObIZa3EMhvLz9lC6L6Y=]
[COT 2023-11-25 22:31:16] 76561199108250772: Spawned Entity Unknown Food Can (UnknownFoodCan<78fb0>, 100, 100, 0) at <8681.100586, 10.061284, 8313.197266>
[COT 2023-11-25 22:31:40] 76561199108250772: Left the Free Camera
[COT 2023-11-25 22:31:57] 76561199108250772: Spectating [guid=hvwuSJTa65OKlD95lDxHijkCObIZa3EMhvLz9lC6L6Y=]
[COT 2023-11-25 22:33:17] 76561199108250772: Stopped spectating
[COT 2023-11-25 22:38:40] 76561199108250772: ESP: Viewing ESP
[COT 2023-11-25 22:38:54] 76561199108250772: ESP: Clearing ESP
[COT 2023-11-25 22:38:55] 76561199108250772: ESP: Viewing ESP
[COT 2023-11-25 22:39:13] 76561199108250772: Entered the Free Camera
[COT 2023-11-25 22:40:19] 76561199108250772: Spawned Entity Cooking Pot (Pot<1f09bd90>, 2000, 200, 512) at <8583.077148, 34.013882, 8187.234863>
[COT 2023-11-25 22:40:37] 76561199108250772: ESP: Clearing ESP
[COT 2023-11-25 22:41:26] 76561199108250772: Left the Free Camera
[COT 2023-11-25 22:43:51] 76561199108250772: Teleported to position <7773.926758, 63.023899, 9469.197266>
[COT 2023-11-25 22:44:18] 76561199108250772: Entered the Free Camera
[COT 2023-11-25 22:44:35] 76561199108250772: Left the Free Camera
[COT 2023-11-25 22:44:45] 76561199108250772: Spawned vehicle Sarka 120 (Sedan_02_Red) at <7535.020020, 37.598778, 9582.962891>
[COT 2023-11-25 22:44:52] 76561199108250772: Entered the Free Camera
[COT 2023-11-25 22:44:58] 76561199108250772: Left the Free Camera
[COT 2023-11-25 22:51:21] 76561199108250772: Entered the Free Camera
[COT 2023-11-25 22:51:29] 76561199108250772: Left the Free Camera
[COT 2023-11-25 22:52:43] 76561199108250772: Teleported to position <9000.076172, 13.016620, 7126.352539>
[COT 2023-11-25 22:52:54] 76561199108250772: Entered the Free Camera
[COT 2023-11-25 22:53:27] 76561199108250772: Spawned Entity Boxed 5.56x45mm Rounds (AmmoBox_556x45_20Rnd<33e9d0>, 100, 100, 0) at <8791.635742, 76.295883, 7116.211914>
[COT 2023-11-25 22:53:28] 76561199108250772: Spawned Entity Boxed 5.56x45mm Rounds (AmmoBox_556x45_20Rnd<24445990>, 100, 100, 0) at <8791.635742, 76.295883, 7116.211914>
[COT 2023-11-25 22:53:52] 76561199108250772: Spawned Entity Compass (Compass<24421240>, 100, 70, 0) at <8786.920898, 76.533455, 7114.864746>
[COT 2023-11-25 22:54:13] 76561199108250772: Left the Free Camera
[COT 2023-11-25 22:54:14] 76561199108250772: Entered the Free Camera
[COT 2023-11-25 22:55:55] 76561199108250772: Left the Free Camera
[COT 2023-11-25 22:55:59] 76561199108250772: Entered the Free Camera
[COT 2023-11-25 22:56:49] 76561199108250772: Left the Free Camera
