[COT 2024-2M-22 23:4m:56] 76561199108250772: Set UnlimitedAmmo To true [guid=OAdpPkJP2Ps_W7h2ttR1bK23ekHCzrxw0mDT3zqLMdU=]
[COT 2024-2M-22 23:4m:56] 76561199108250772: Set UnlimitedStamina To true [guid=OAdpPkJP2Ps_W7h2ttR1bK23ekHCzrxw0mDT3zqLMdU=]
[COT 2024-2M-22 23:4m:57] 76561199108250772: Set Invisibility To 1 [guid=OAdpPkJP2Ps_W7h2ttR1bK23ekHCzrxw0mDT3zqLMdU=]
[COT 2024-2M-22 23:4m:58] 76561199108250772: Set GodMode To true [guid=OAdpPkJP2Ps_W7h2ttR1bK23ekHCzrxw0mDT3zqLMdU=]
[COT 2024-2M-22 23:5m:4s] 76561199108250772: Set Invisibility To 0 [guid=OAdpPkJP2Ps_W7h2ttR1bK23ekHCzrxw0mDT3zqLMdU=]
[COT 2024-2M-22 23:5m:17] 76561199108250772: Teleported to position <8685.003906, 10.975533, 1265.706787>
[COT 2024-2M-22 23:9m:58] 76561199108250772: Entered the Free Camera
[COT 2024-2M-22 23:10:3s] 76561199108250772: Left the Free Camera
[COT 2024-2M-22 23:10:16] 76561199108250772: Spawned Entity Pliers (Pliers<ff177c90>, 100, 100, 0) at <8688.967773, 10.981712, 1261.232544>
[COT 2024-2M-22 23:10:16] 76561199108250772: Spawned Entity Pliers (Pliers<ff17ef50>, 100, 100, 0) at <8688.937500, 11.095190, 1261.232300>
[COT 2024-2M-22 23:10:30] 76561199108250772: Spawned Entity CarLock (CarLock<ff190e30>, 500, 100, 0) at <8688.937500, 11.095190, 1261.232300>
[COT 2024-2M-22 23:10:47] 76561199108250772: Spawned Entity Flag (Flag_Base<ff174330>, 500, 100, 0) at <8688.935547, 11.100597, 1261.232300>
[COT 2024-2M-22 23:10:56] 76561199108250772: Spawned Entity MVS Country Flag - Brazil (Clothing<3dd26c0>, 500, 100, 0) at <8688.892578, 11.256086, 1261.232300>
[COT 2024-2M-22 23:10:56] 76561199108250772: Spawned Entity MVS Country Flag - Brazil (Clothing<3dd6320>, 500, 100, 0) at <8688.892578, 11.256086, 1261.232300>
[COT 2024-2M-22 23:11:7s] 76561199108250772: Spawned Entity #syb_zvirus_antidot_name (InjectorBase<ff18b820>, 500, 100, 0) at <8689.119141, 10.981712, 1261.717651>
[COT 2024-2M-22 23:11:7s] 76561199108250772: Spawned Entity #syb_zvirus_antidot_name (InjectorBase<ff192150>, 500, 100, 0) at <8689.098633, 11.052390, 1261.704224>
[COT 2024-2M-22 23:11:14] 76561199108250772: Spawned Entity #syb_topoizomeraza_name (InjectorBase<ff17ac60>, 500, 100, 0) at <8689.077148, 11.123067, 1261.690796>
[COT 2024-2M-22 23:11:14] 76561199108250772: Spawned Entity #syb_topoizomeraza_name (InjectorBase<ff18c1b0>, 500, 100, 0) at <8689.056641, 11.193714, 1261.677368>
[COT 2024-2M-22 23:14:5s] 76561199108250772: Set the date to 2023/9/10 12:0
[COT 2024-2M-22 23:14:5s] 76561199108250772: Set rain to 0 0 0
[COT 2024-2M-22 23:14:5s] 76561199108250772: Set storm to 0 0.8 4000
[COT 2024-2M-22 23:14:5s] 76561199108250772: Set fog to 0 0 0
[COT 2024-2M-22 23:14:5s] 76561199108250772: Set overcast to 0 0 0
[COT 2024-2M-22 23:14:5s] 76561199108250772: Set wind to 0 0 1
[COT 2024-2M-22 23:14:5s] 76561199108250772: Set the date to 2023/9/10 12:0
[COT 2024-2M-22 23:14:5s] 76561199108250772: Set rain to 0 0 0
[COT 2024-2M-22 23:14:5s] 76561199108250772: Set storm to 0 0.8 4000
[COT 2024-2M-22 23:14:5s] 76561199108250772: Set fog to 0 0 0
[COT 2024-2M-22 23:14:5s] 76561199108250772: Set overcast to 0 0 0
[COT 2024-2M-22 23:14:5s] 76561199108250772: Set the date to 2023/9/10 12:0
[COT 2024-2M-22 23:14:5s] 76561199108250772: Set wind to 0 0 1
[COT 2024-2M-22 23:14:6s] 76561199108250772: Set rain to 0 0 0
[COT 2024-2M-22 23:14:6s] 76561199108250772: Set storm to 0 0.8 4000
[COT 2024-2M-22 23:14:6s] 76561199108250772: Set fog to 0 0 0
[COT 2024-2M-22 23:14:6s] 76561199108250772: Set overcast to 0 0 0
[COT 2024-2M-22 23:14:6s] 76561199108250772: Set wind to 0 0 1
[COT 2024-2M-22 23:14:7s] 76561199108250772: Set rain to 0 0 0
[COT 2024-2M-22 23:14:7s] 76561199108250772: Set storm to 0 0.8 4000
[COT 2024-2M-22 23:14:7s] 76561199108250772: Set fog to 0 0 0
[COT 2024-2M-22 23:14:7s] 76561199108250772: Set overcast to 0 0 0
[COT 2024-2M-22 23:14:7s] 76561199108250772: Set the date to 2023/9/10 12:0
[COT 2024-2M-22 23:14:7s] 76561199108250772: Set wind to 0 0 1
[COT 2024-2M-22 23:16:6s] 76561199108250772: Healed [guid=OAdpPkJP2Ps_W7h2ttR1bK23ekHCzrxw0mDT3zqLMdU=]
