[COT 2023-12-18 0h:4m:27] 76561199407766611: Set GodMode To true [guid=spMEkRl42onhFHdF_u42e0T03x2sj347kUc600NXdGA=]
[COT 2023-12-18 0h:4m:28] 76561199407766611: Set UnlimitedStamina To true [guid=spMEkRl42onhFHdF_u42e0T03x2sj347kUc600NXdGA=]
[COT 2023-12-18 0h:4m:29] 76561199407766611: Set UnlimitedAmmo To true [guid=spMEkRl42onhFHdF_u42e0T03x2sj347kUc600NXdGA=]
[COT 2023-12-18 0h:4m:31] 76561199407766611: Set cannot be targeted by AI to true [guid=spMEkRl42onhFHdF_u42e0T03x2sj347kUc600NXdGA=]
[COT 2023-12-18 0h:4m:33] 76561199407766611: Healed [guid=spMEkRl42onhFHdF_u42e0T03x2sj347kUc600NXdGA=]
[COT 2023-12-18 0h:4m:34] 76561199407766611: Stripped [guid=spMEkRl42onhFHdF_u42e0T03x2sj347kUc600NXdGA=]
[COT 2023-12-18 0h:4m:41] 76561199407766611: Spawned Entity ADMIN GEAR-DOC-TOP (DOC_ADMIN_DOC_TOP<dc6e71f0>, 100, 50, 0) at <5688.286621, 4.117640, 8849.822266>
[COT 2023-12-18 0h:4m:43] 76561199407766611: Spawned Entity ADMIN GEAR-DOC-BOTTOM (DOC_ADMIN_DOC_BOTTOM<dc6eab50>, 100, 50, 0) at <5688.191406, 4.300220, 8849.927734>
[COT 2023-12-18 0h:4m:45] 76561199407766611: Spawned Entity Doc's Personal Sidearm - ADMIN EDITION (DOC_ADMIN_DOC_BOCCHIGLOCK<2b9f09f0>, 100, 3000, 0) at <5688.088379, 4.486290, 8850.010742>
[COT 2023-12-18 0h:4m:49] 76561199407766611: Spawned Entity Doc's Glock Mag - ADMIN (DOC_ADMIN_MAG_DOC_BOCCHI<d48f13f0>, 150, 100, 0) at <5688.064453, 4.523994, 8850.027344>
[COT 2023-12-18 0h:4m:56] 76561199407766611: Spawned Entity Bocchi the Suppressor (ItemSuppressor<2bb04ef0>, 150, 1800, 0) at <5688.027344, 4.596022, 8850.063477>
[COT 2023-12-18 0h:5m:6s] 76561199407766611: Spawned Entity Doc's Oilfoil M4 Carstock (DOC_M4CARSTOCK_OILFOIL<2bae2450>, 150, 200, 0) at <5689.005859, 4.126584, 8848.580078>
[COT 2023-12-18 0h:5m:8s] 76561199407766611: Spawned Entity Doc's Oilfoil M4 RIS Handguard (DOC_M4RIS_OILFOIL<2baea0a0>, 150, 250, 0) at <5688.946289, 4.181988, 8848.649414>
[COT 2023-12-18 0h:5m:10] 76561199407766611: Spawned Entity Doc's Oilfoil Suppressor (ItemSuppressor<2bae5420>, 150, 1800, 0) at <5688.927246, 4.200073, 8848.676758>
[COT 2023-12-18 0h:5m:11] 76561199407766611: Spawned Entity Doc's Oilfoil M4 (DOC_M4_OILFOIL<2b9f5760>, 150, 1200, 0) at <5688.916504, 4.217307, 8848.699219>
[COT 2023-12-18 0h:5m:13] 76561199407766611: Spawned Entity Doc's Oilfoil Stanag69 (DOC_STANAG69_OILFOIL<cf12b910>, 69, 200, 0) at <5688.843262, 4.284465, 8848.783203>
[COT 2023-12-18 0h:5m:14] 76561199407766611: Spawned Entity Doc's Oilfoil Stanag69 (DOC_STANAG69_OILFOIL<cf12d740>, 69, 200, 0) at <5688.756836, 4.369606, 8848.895508>
[COT 2023-12-18 0h:5m:14] 76561199407766611: Spawned Entity Doc's Oilfoil Stanag69 (DOC_STANAG69_OILFOIL<b129a6e0>, 69, 200, 0) at <5688.681641, 4.444622, 8848.993164>
[COT 2023-12-18 0h:5m:25] 76561199407766611: Spawned Entity Doc's Nightfoil M4 Carstock (M4_OEBttstck<2baf5650>, 69, 200, 0) at <5688.190430, 4.132312, 8847.344727>
[COT 2023-12-18 0h:5m:29] 76561199407766611: Spawned Entity Doc's Nightfoil M4 RIS Handguard (DOC_M4RIS_NIGHTFOIL<d46689a0>, 69, 250, 0) at <5688.174316, 4.163781, 8847.411133>
[COT 2023-12-18 0h:5m:31] 76561199407766611: Spawned Entity Doc's Nightfoil Suppressor (ItemSuppressor<d4663390>, 69, 1800, 0) at <5688.161621, 4.178360, 8847.441406>
[COT 2023-12-18 0h:5m:33] 76561199407766611: Spawned Entity Doc's Nightfoil M4 (DOC_M4_NIGHTFOIL<2b9ee8c0>, 69, 1200, 0) at <5688.159668, 4.193588, 8847.473633>
[COT 2023-12-18 0h:5m:34] 76561199407766611: Spawned Entity Doc's Nightfoil Stanag69 (DOC_STANAG69_NIGHTFOIL<cb6959a0>, 69, 200, 0) at <5688.102539, 4.290094, 8847.669922>
[COT 2023-12-18 0h:5m:35] 76561199407766611: Spawned Entity Doc's Nightfoil Stanag69 (DOC_STANAG69_NIGHTFOIL<da8754a0>, 69, 200, 0) at <5688.075195, 4.337639, 8847.767578>
[COT 2023-12-18 0h:5m:35] 76561199407766611: Spawned Entity Doc's Nightfoil Stanag69 (DOC_STANAG69_NIGHTFOIL<da8a3330>, 69, 200, 0) at <5688.049805, 4.382866, 8847.860352>
[COT 2023-12-18 0h:5m:35] 76561199407766611: Spawned Entity Doc's Nightfoil Stanag69 (DOC_STANAG69_NIGHTFOIL<dc2bf3d0>, 69, 200, 0) at <5688.028320, 4.421819, 8847.939453>
[COT 2023-12-18 0h:7m:35] 76561199407766611: Spawned Entity #syb_medcontainer_middle_name (MedContainerMedium<3d24b000>, 100, 100, 0) at <5686.781738, 4.117394, 8849.361328>
[COT 2023-12-18 0h:7m:35] 76561199407766611: Spawned Entity #syb_medcontainer_middle_name (MedContainerMedium<3d2522c0>, 100, 100, 0) at <5686.782227, 4.117401, 8849.358398>
[COT 2023-12-18 0h:7m:42] 76561199407766611: Spawned Entity Bandage (BandageDressing<3d259f10>, 4, 50, 0) at <5686.781738, 4.117351, 8849.362305>
[COT 2023-12-18 0h:7m:44] 76561199407766611: Spawned Entity #syb_hemostatic_bandage_name (BandageDressing<3d2667e0>, 1, 80, 0) at <5686.834473, 4.200187, 8849.290039>
[COT 2023-12-18 0h:7m:52] 76561199407766611: Spawned Entity #syb_zvirus_antidot_name (InjectorBase<3d25c550>, 1, 100, 0) at <5686.861328, 4.245639, 8849.248047>
[COT 2023-12-18 0h:7m:52] 76561199407766611: Spawned Entity #syb_zvirus_antidot_name (InjectorBase<3d267170>, 1, 100, 0) at <5686.905273, 4.315444, 8849.187500>
[COT 2023-12-18 0h:7m:52] 76561199407766611: Spawned Entity #syb_zvirus_antidot_name (InjectorBase<3d261b60>, 1, 100, 0) at <5686.949707, 4.384201, 8849.128906>
[COT 2023-12-18 0h:7m:53] 76561199407766611: Spawned Entity #syb_zvirus_antidot_name (InjectorBase<3d260840>, 1, 100, 0) at <5686.985352, 4.444255, 8849.101563>
[COT 2023-12-18 0h:7m:58] 76561199407766611: Spawned Entity #syb_amoksivan_name (InjectorBase<3d272720>, 1, 100, 0) at <5687.009766, 4.483979, 8849.038086>
[COT 2023-12-18 0h:7m:59] 76561199407766611: Spawned Entity #syb_amoksivan_name (InjectorBase<3d2700e0>, 1, 100, 0) at <5687.040039, 4.534301, 8848.992188>
[COT 2023-12-18 0h:8m:7s] 76561199407766611: Spawned Entity #syb_metralyndol (SyberiaMedicineAmpoule<3d26bdf0>, 4, 50, 0) at <5687.077637, 4.591456, 8848.944336>
[COT 2023-12-18 0h:8m:7s] 76561199407766611: Spawned Entity #syb_metralyndol (SyberiaMedicineAmpoule<3d274d60>, 4, 50, 0) at <5687.122559, 4.662815, 8848.882813>
[COT 2023-12-18 0h:8m:15] 76561199407766611: Spawned Entity Alcoholic Tincture (DisinfectantAlcohol<d3a9a250>, 200, 30, 0) at <5687.168457, 4.734194, 8848.819336>
[COT 2023-12-18 0h:8m:15] 76561199407766611: Spawned Entity Alcoholic Tincture (DisinfectantAlcohol<dbe38720>, 200, 30, 0) at <5687.211914, 4.804332, 8848.755859>
[COT 2023-12-18 0h:8m:21] 76561199407766611: Spawned Entity #syb_syringe_empty_name (SyringeEmpty<2dd3fcf0>, 200, 50, 0) at <5687.244629, 4.862500, 8848.703125>
[COT 2023-12-18 0h:8m:21] 76561199407766611: Spawned Entity #syb_syringe_empty_name (SyringeEmpty<2dd3e9d0>, 200, 50, 0) at <5687.251465, 4.873391, 8848.694336>
[COT 2023-12-18 0h:9m:13] 76561199407766611: Spawned Entity Bandage (BandageDressing<b5474420>, 4, 50, 0) at <5686.027344, 4.109789, 8850.556641>
[COT 2023-12-18 0h:9m:15] 76561199407766611: Spawned Entity #syb_hemostatic_bandage_name (BandageDressing<b54773f0>, 1, 80, 0) at <5686.067383, 4.192261, 8850.530273>
[COT 2023-12-18 0h:9m:33] 76561199407766611: Healed [guid=spMEkRl42onhFHdF_u42e0T03x2sj347kUc600NXdGA=]
[COT 2023-12-18 0h:9m:35] 76561199407766611: Dried [guid=spMEkRl42onhFHdF_u42e0T03x2sj347kUc600NXdGA=]
[COT 2023-12-18 0h:9m:37] 76561199407766611: Set rain to 0 0 0
[COT 2023-12-18 0h:9m:37] 76561199407766611: Set storm to 0 0.8 4000
[COT 2023-12-18 0h:9m:37] 76561199407766611: Set fog to 0 0 0
[COT 2023-12-18 0h:9m:37] 76561199407766611: Set overcast to 0 0 0
[COT 2023-12-18 0h:9m:37] 76561199407766611: Set wind to 0 0 1
[COT 2023-12-18 0h:9m:40] 76561199407766611: Dried [guid=spMEkRl42onhFHdF_u42e0T03x2sj347kUc600NXdGA=]
[COT 2023-12-18 0h:9m:43] 76561199407766611: Dried [guid=1UGLycCYxRdomaqHNLjPXsMWAsdjVnQrca-bUicSj00=]
[COT 2023-12-18 0h:9m:45] 76561199407766611: Dried [guid=RhYGUxd8CBSdnJHelB7lHRXFhWO9bgys0xwR8my4iVc=]
[COT 2023-12-18 0h:10:5s] 76561199407766611: Teleported to position <9378.666992, 2.395118, 8179.555664>
[COT 2023-12-18 0h:10:14] 76561199407766611: ESP: ESP updating
[COT 2023-12-18 0h:11:39] 76561199407766611: Teleported to position <803.825195, 16.431374, 2789.556152>
[COT 2023-12-18 0h:11:45] 76561199407766611: Entered the Free Camera
[COT 2023-12-18 0h:12:18] 76561199407766611: Left the Free Camera
[COT 2023-12-18 0h:12:43] 76561199407766611: Spawned Entity Road Flare (Roadflare<d3667ac0>, 20, 100, 0) at <699.826294, 17.069004, 2832.708984>
[COT 2023-12-18 0h:13:53] 76561199407766611: Spawned Entity Mini Sights (ItemOptics<b525db70>, 100, 30, 0) at <667.622742, 10.258639, 2959.937744>
[COT 2023-12-18 0h:15:5s] 76561199407766611: Teleported to position <7898.326172, 13.548809, 1460.889893>
[COT 2023-12-18 0h:15:17] 76561199407766611: Teleported to position <7858.902344, 13.022717, 1480.977783>
[COT 2023-12-18 0h:15:22] 76561199407766611: Entered the Free Camera
[COT 2023-12-18 0h:15:33] 76561199407766611: Teleported to position <7401.303223, 30.990000, 1912.764282>
[COT 2023-12-18 0h:15:38] 76561199407766611: Teleported to position <7885.303223, 12.350303, 1465.725098>
[COT 2023-12-18 0h:15:44] 76561199407766611: Left the Free Camera
[COT 2023-12-18 0h:17:4s] 76561199407766611: Set GodMode To true [guid=spMEkRl42onhFHdF_u42e0T03x2sj347kUc600NXdGA=]
[COT 2023-12-18 0h:17:4s] 76561199407766611: Set UnlimitedAmmo To true [guid=spMEkRl42onhFHdF_u42e0T03x2sj347kUc600NXdGA=]
[COT 2023-12-18 0h:17:5s] 76561199407766611: Set UnlimitedStamina To true [guid=spMEkRl42onhFHdF_u42e0T03x2sj347kUc600NXdGA=]
[COT 2023-12-18 0h:17:12] 76561199407766611: Healed [guid=RhYGUxd8CBSdnJHelB7lHRXFhWO9bgys0xwR8my4iVc=]
[COT 2023-12-18 0h:17:40] 76561199407766611: Spawned Entity Cow Jacket 1 (DOC_BOMBERJACKET_COW1<d6465ea0>, 100, 100, 0) at <7882.541504, 13.516928, 1500.563843>
[COT 2023-12-18 0h:18:4s] 76561199407766611: Spawned Entity MVS Rucksack - Black (MountainBag_ColorBase<b583b620>, 100, 300, 0) at <7882.116699, 13.642639, 1502.661133>
[COT 2023-12-18 0h:18:39] 76561199407766611: Healed [guid=RhYGUxd8CBSdnJHelB7lHRXFhWO9bgys0xwR8my4iVc=]
[COT 2023-12-18 0h:19:58] 76561199407766611: Set GodMode To true [guid=RhYGUxd8CBSdnJHelB7lHRXFhWO9bgys0xwR8my4iVc=]
[COT 2023-12-18 0h:19:59] 76561199407766611: Healed [guid=RhYGUxd8CBSdnJHelB7lHRXFhWO9bgys0xwR8my4iVc=]
[COT 2023-12-18 0h:20:23] 76561199407766611: Healed [guid=RhYGUxd8CBSdnJHelB7lHRXFhWO9bgys0xwR8my4iVc=]
[COT 2023-12-18 0h:20:34] 76561199407766611: Spawned Entity Surgical Gloves (SurgicalGloves_Green<3e56e6e0>, 100, 50, 0) at <7882.810547, 13.603931, 1501.839478>
[COT 2023-12-18 0h:20:36] 76561199407766611: Spawned Entity #syb_surgical_kit_once_name (SurgicalKit<3e570d20>, 100, 100, 0) at <7882.746094, 13.658348, 1501.826782>
[COT 2023-12-18 0h:20:42] 76561199407766611: Spawned Entity Alcoholic Tincture (DisinfectantAlcohol<cec85e40>, 200, 30, 0) at <7882.799316, 13.697186, 1501.783325>
[COT 2023-12-18 0h:20:42] 76561199407766611: Spawned Entity Alcoholic Tincture (DisinfectantAlcohol<c48a6cd0>, 200, 30, 0) at <7882.786133, 13.796193, 1501.725464>
[COT 2023-12-18 0h:22:8s] 76561199407766611: Spawned Entity #syb_surgical_kit_once_name (SurgicalKit<40904250>, 100, 100, 0) at <7882.669434, 13.601880, 1501.851440>
[COT 2023-12-18 0h:22:8s] 76561199407766611: Spawned Entity #syb_surgical_kit_once_name (SurgicalKit<40905570>, 100, 100, 0) at <7882.646973, 13.641273, 1501.793945>
[COT 2023-12-18 0h:23:57] 76561199407766611: Healed [guid=RhYGUxd8CBSdnJHelB7lHRXFhWO9bgys0xwR8my4iVc=]
[COT 2023-12-18 0h:24:16] 76561199407766611: Spawned Entity #syb_stethoscope_name (Stethoscope<2bae5420>, 100, 50, 0) at <7882.375977, 13.567660, 1501.408569>
[COT 2023-12-18 0h:26:50] 76561199407766611: Spawned Entity #syb_amoksivan_name (InjectorBase<445b2d80>, 100, 100, 0) at <7883.799316, 13.617707, 1501.713989>
[COT 2023-12-18 0h:27:27] 76561199407766611: Spawned Entity #syb_ibuprofen_name (TabletsBase<d325c890>, 10, 50, 0) at <7883.226563, 13.624846, 1502.021118>
[COT 2023-12-18 0h:30:8s] 76561199407766611: Spawned Entity Firewood (Firewood<3d658df0>, 1, 500, 0) at <7885.591797, 13.508486, 1499.457275>
[COT 2023-12-18 0h:30:8s] 76561199407766611: Spawned Entity Firewood (Firewood<3d661d60>, 1, 500, 0) at <7885.563965, 13.561969, 1499.624023>
[COT 2023-12-18 0h:30:9s] 76561199407766611: Spawned Entity Firewood (Firewood<3d663a10>, 1, 500, 0) at <7885.541992, 13.602470, 1499.749390>
[COT 2023-12-18 0h:30:9s] 76561199407766611: Spawned Entity Firewood (Firewood<3d6643a0>, 1, 500, 0) at <7885.499512, 13.687331, 1500.003540>
[COT 2023-12-18 0h:30:9s] 76561199407766611: Spawned Entity Firewood (Firewood<3d666050>, 1, 500, 0) at <7885.476563, 13.732739, 1500.140747>
[COT 2023-12-18 0h:30:9s] 76561199407766611: Spawned Entity Firewood (Firewood<3d6626f0>, 1, 500, 0) at <7885.450195, 13.784932, 1500.296509>
[COT 2023-12-18 0h:30:10] 76561199407766611: Spawned Entity Firewood (Firewood<3d6669e0>, 1, 500, 0) at <7885.408203, 13.867720, 1500.541138>
[COT 2023-12-18 0h:30:15] 76561199407766611: Spawned Entity Paper (Paper<3d67d540>, 10, 15, 0) at <7885.349121, 13.984579, 1500.889038>
[COT 2023-12-18 0h:30:26] 76561199407766611: Spawned Entity Lighter (PetrolLighter<3d67c220>, 20, 20, 0) at <7885.315430, 14.047499, 1501.080322>
[COT 2023-12-18 0h:32:21] 76561199407766611: Spawned Entity #pda_item_name (ItemPDA<26c94f80>, 100, 100, 0) at <7885.758301, 13.528162, 1499.683105>
[COT 2023-12-18 0h:32:26] 76561199407766611: Spawned Entity 9V Battery (Battery9V<d11e07c0>, 50, 20, 0) at <7885.756836, 13.598524, 1499.676392>
[COT 2023-12-18 0h:34:53] 76561199407766611: Set GodMode To false [guid=RhYGUxd8CBSdnJHelB7lHRXFhWO9bgys0xwR8my4iVc=]
[COT 2023-12-18 0h:34:54] 76561199407766611: Set GodMode To false [guid=RhYGUxd8CBSdnJHelB7lHRXFhWO9bgys0xwR8my4iVc=]
[COT 2023-12-18 0h:35:54] 76561199407766611: Set GodMode To false [guid=RhYGUxd8CBSdnJHelB7lHRXFhWO9bgys0xwR8my4iVc=]
[COT 2023-12-18 0h:35:55] 76561199407766611: Set GodMode To false [guid=RhYGUxd8CBSdnJHelB7lHRXFhWO9bgys0xwR8my4iVc=]
[COT 2023-12-18 0h:36:10] 76561199407766611: Spawned Entity #syb_noopept_name (TabletsBase<df749cc0>, 10, 50, 0) at <7883.096191, 13.512335, 1500.318848>
[COT 2023-12-18 0h:40:26] 76561199407766611: Spawned Entity 42 Glocks After Mag (DOC_42MA_GLOCK_MAG<cb687230>, 42, 100, 0) at <7884.041504, 13.514582, 1500.058594>
[COT 2023-12-18 0h:40:26] 76561199407766611: Spawned Entity 42 Glocks After Mag (DOC_42MA_GLOCK_MAG<cb69e680>, 42, 100, 0) at <7884.100098, 13.571424, 1499.959961>
[COT 2023-12-18 0h:40:30] 76561199407766611: Spawned Entity 42MA Pistol Suppressor (ItemSuppressor<d4ed14d0>, 42, 1800, 0) at <7884.156250, 13.618271, 1499.868042>
[COT 2023-12-18 0h:45:14] 76561199407766611: Spawned Entity MVS Canteen - Black (Canteen<3d6c4c60>, 1000, 100, 512) at <7882.455078, 13.486660, 1500.118042>
[COT 2023-12-18 0h:45:25] 76561199407766611: Spawned Entity Canned Bacon (TacticalBaconCan<d6784740>, 1000, 100, 0) at <7882.446289, 13.506790, 1500.030518>
[COT 2023-12-18 0h:45:25] 76561199407766611: Spawned Entity Canned Bacon (TacticalBaconCan<d677f6c0>, 1000, 100, 0) at <7882.431152, 13.535813, 1499.880249>
[COT 2023-12-18 0h:45:25] 76561199407766611: Spawned Entity Canned Bacon (TacticalBaconCan<c48ba4c0>, 1000, 100, 0) at <7882.421387, 13.555505, 1499.773438>
[COT 2023-12-18 0h:45:31] 76561199407766611: Spawned Entity Can Opener (CanOpener<bff0d660>, 1000, 20, 0) at <7882.416504, 13.561161, 1499.709229>
[COT 2023-12-18 0h:47:7s] 76561199407766611: Spawned Entity #syb_venlafaxyn (TabletsBase<d2dbf3c0>, 10, 50, 0) at <7881.075684, 13.333021, 1498.215820>
[COT 2023-12-18 0h:49:51] 76561199407766611: Teleported [guid=Q5-ob799ZJw_9xeytwSLx966o8a1vvRfr9uaTsPds8c=] to <7882.474609, 13.238509, 1496.184570>
[COT 2023-12-18 0h:50:29] 76561199407766611: Spawned Entity Doc's Galaxy M4 Carstock (DOC_M4CARSTOCK_GALAXY<d202af20>, 100, 200, 0) at <7882.735352, 13.308014, 1497.401245>
[COT 2023-12-18 0h:50:31] 76561199407766611: Spawned Entity Doc's Galaxy M4 RIS Handguard (DOC_M4RIS_GALAXY<d204f670>, 100, 250, 0) at <7882.765137, 13.341456, 1497.290283>
[COT 2023-12-18 0h:50:33] 76561199407766611: Spawned Entity $Doc's Galaxy Suppressor (ItemSuppressor<d2050990>, 100, 1800, 0) at <7882.775879, 13.358143, 1497.255371>
[COT 2023-12-18 0h:50:35] 76561199407766611: Spawned Entity Doc's Galaxy M4 (DOC_M4_GALAXY<ad25eed0>, 100, 1200, 0) at <7882.784180, 13.367990, 1497.225952>
[COT 2023-12-18 0h:50:37] 76561199407766611: Spawned Entity Doc's Galaxy Stanag69 (DOC_STANAG69_GALAXY<591307f0>, 69, 200, 0) at <7882.839355, 13.429375, 1497.023926>
[COT 2023-12-18 0h:50:37] 76561199407766611: Spawned Entity Doc's Galaxy Stanag69 (DOC_STANAG69_GALAXY<5912b770>, 69, 200, 0) at <7882.896484, 13.498802, 1496.819580>
[COT 2023-12-18 0h:50:37] 76561199407766611: Spawned Entity Doc's Galaxy Stanag69 (DOC_STANAG69_GALAXY<59133030>, 69, 200, 0) at <7882.941895, 13.552581, 1496.658569>
[COT 2023-12-18 0h:51:3s] 76561199407766611: Spawned Entity Chicken Jacket 1 (DOC_BOMBERJACKET_CHOOK1<d849ac30>, 100, 100, 0) at <7882.592285, 13.244694, 1496.456421>
[COT 2023-12-18 0h:51:6s] 76561199407766611: Spawned Entity Chicken Jacket 1 (DOC_BOMBERJACKET_CHOOK1<d84a4ec0>, 100, 100, 0) at <7882.715820, 13.374618, 1496.233765>
[COT 2023-12-18 0h:51:14] 76561199407766611: Spawned Entity Doc's Royalfoil M4 Carstock (DOC_M4CARSTOCK_ROYALFOIL<c9abd680>, 100, 200, 0) at <7882.717285, 13.372255, 1496.232788>
[COT 2023-12-18 0h:51:15] 76561199407766611: Spawned Entity Doc's Royalfoil M4 RIS Handguard (DOC_M4RIS_ROYALFOIL<c9ac65f0>, 100, 250, 0) at <7882.773926, 13.433549, 1496.131592>
[COT 2023-12-18 0h:51:16] 76561199407766611: Spawned Entity Doc's Royalfoil Suppressor (ItemSuppressor<c9ac2c90>, 100, 1800, 0) at <7882.790039, 13.442950, 1496.101440>
[COT 2023-12-18 0h:51:17] 76561199407766611: Spawned Entity Doc's Royalfoil M4 (DOC_M4_ROYALFOIL<c99e17c0>, 100, 1200, 0) at <7882.800781, 13.457906, 1496.086426>
[COT 2023-12-18 0h:51:18] 76561199407766611: Spawned Entity Doc's Royalfoil Stanag69 (DOC_STANAG69_ROYALFOIL<5913b300>, 69, 200, 0) at <7882.889160, 13.548771, 1495.927856>
[COT 2023-12-18 0h:51:18] 76561199407766611: Spawned Entity Doc's Royalfoil Stanag69 (DOC_STANAG69_ROYALFOIL<5913a8f0>, 69, 200, 0) at <7882.937012, 13.597339, 1495.840698>
[COT 2023-12-18 0h:51:18] 76561199407766611: Spawned Entity Doc's Royalfoil Stanag69 (DOC_STANAG69_ROYALFOIL<591380b0>, 69, 200, 0) at <7883.021973, 13.683803, 1495.689697>
[COT 2023-12-18 0h:51:31] 76561199407766611: Spawned Entity Tactical Gloves (TacticalGloves_Black<c9ad7b40>, 69, 165, 0) at <7883.144531, 13.252163, 1496.435303>
[COT 2023-12-18 0h:51:31] 76561199407766611: Spawned Entity Tactical Gloves (TacticalGloves_Black<c9ad6820>, 69, 165, 0) at <7883.176758, 13.332003, 1496.298828>
[COT 2023-12-18 0h:51:31] 76561199407766611: Spawned Entity Tactical Gloves (TacticalGloves_Black<c9ad1210>, 69, 165, 0) at <7883.220703, 13.439479, 1496.112793>
[COT 2023-12-18 0h:51:37] 76561199407766611: Spawned Entity Jungle Boots (JungleBoots_Brown<c9add150>, 69, 150, 0) at <7883.255859, 13.521236, 1495.964478>
[COT 2023-12-18 0h:51:38] 76561199407766611: Spawned Entity Jungle Boots (JungleBoots_Brown<c9addae0>, 69, 150, 0) at <7883.304199, 13.642087, 1495.760742>
[COT 2023-12-18 0h:51:38] 76561199407766611: Spawned Entity Jungle Boots (JungleBoots_Brown<c9ad8e60>, 69, 150, 0) at <7883.356445, 13.769089, 1495.543457>
[COT 2023-12-18 0h:51:47] 76561199407766611: Spawned Entity MVS Canteen - Tan (Canteen<d8872670>, 1000, 100, 512) at <7884.084961, 13.264740, 1496.368042>
[COT 2023-12-18 0h:51:47] 76561199407766611: Spawned Entity MVS Canteen - Tan (Canteen<d8857fd0>, 1000, 100, 512) at <7884.052734, 13.322309, 1496.270752>
[COT 2023-12-18 0h:51:47] 76561199407766611: Spawned Entity MVS Canteen - Tan (Canteen<d4cd8180>, 1000, 100, 512) at <7884.028809, 13.367032, 1496.197632>
[COT 2023-12-18 0h:52:33] 76561199407766611: Healed [guid=Q5-ob799ZJw_9xeytwSLx966o8a1vvRfr9uaTsPds8c=]
[COT 2023-12-18 0h:52:35] 76561199407766611: Healed [guid=73GWnxNOIHV2naEUTGm3oxaAFJXM6JDxDu01Zne0ry4=]
[COT 2023-12-18 0h:52:38] 76561199407766611: Healed [guid=RhYGUxd8CBSdnJHelB7lHRXFhWO9bgys0xwR8my4iVc=]
[COT 2023-12-18 0h:53:58] 76561199407766611: Spawned Entity #syb_metralyndol (SyberiaMedicineAmpoule<daa1a5c0>, 4, 50, 0) at <7883.813965, 13.530991, 1500.386108>
[COT 2023-12-18 0h:53:59] 76561199407766611: Spawned Entity #syb_metralyndol (SyberiaMedicineAmpoule<daa13c90>, 4, 50, 0) at <7883.862305, 13.573699, 1500.323730>
[COT 2023-12-18 0h:53:59] 76561199407766611: Spawned Entity #syb_metralyndol (SyberiaMedicineAmpoule<daa1af50>, 4, 50, 0) at <7883.909668, 13.616891, 1500.259888>
[COT 2023-12-18 0h:54:5s] 76561199407766611: Spawned Entity #syb_syringe_empty_name (SyringeEmpty<daa15940>, 4, 50, 0) at <7883.949707, 13.656183, 1500.194702>
[COT 2023-12-18 0h:54:5s] 76561199407766611: Spawned Entity #syb_syringe_empty_name (SyringeEmpty<daa23ec0>, 4, 50, 0) at <7883.967773, 13.673733, 1500.167114>
[COT 2023-12-18 0h:54:5s] 76561199407766611: Spawned Entity #syb_syringe_empty_name (SyringeEmpty<daa1df20>, 4, 50, 0) at <7883.979004, 13.684122, 1500.150879>
[COT 2023-12-18 0h:54:5s] 76561199407766611: Spawned Entity #syb_syringe_empty_name (SyringeEmpty<daa1fbd0>, 4, 50, 0) at <7883.993164, 13.697485, 1500.130493>
[COT 2023-12-18 0h:55:38] 76561199407766611: Spawned Entity Armband (Armband_ColorBase<cc0ae390>, 100, 100, 0) at <7883.097656, 13.548678, 1500.886353>
[COT 2023-12-18 0h:55:38] 76561199407766611: Spawned Entity Armband (Armband_ColorBase<cc0b6970>, 100, 100, 0) at <7882.985840, 13.632992, 1500.843384>
[COT 2023-12-18 0h:55:39] 76561199407766611: Spawned Entity Armband (Armband_ColorBase<cc0b8fb0>, 100, 100, 0) at <7882.892578, 13.704428, 1500.805054>
[COT 2023-12-18 0h:55:39] 76561199407766611: Spawned Entity Armband (Armband_ColorBase<cc0af6b0>, 100, 100, 0) at <7882.784180, 13.788686, 1500.759033>
[COT 2023-12-18 0h:55:39] 76561199407766611: Spawned Entity Armband (Armband_ColorBase<cc0b9940>, 100, 100, 0) at <7882.689453, 13.861217, 1500.721069>
[COT 2023-12-18 0h:55:40] 76561199407766611: Spawned Entity Armband (Armband_ColorBase<cc0d0e30>, 100, 100, 0) at <7882.590820, 13.935573, 1500.681030>
[COT 2023-12-18 0h:56:1s] 76561199407766611: Spawned Entity Firewood (Firewood<cf2efd20>, 1, 500, 0) at <7882.707031, 13.502481, 1498.903931>
[COT 2023-12-18 0h:56:1s] 76561199407766611: Spawned Entity Firewood (Firewood<cf2f19d0>, 1, 500, 0) at <7882.575684, 13.604439, 1498.956787>
[COT 2023-12-18 0h:58:6s] 76561199407766611: Spawned Entity #syb_zvirus_antidot_name (InjectorBase<c02f2d30>, 100, 100, 0) at <7881.215820, 13.416105, 1499.437988>
[COT 2023-12-18 0h:58:6s] 76561199407766611: Spawned Entity #syb_zvirus_antidot_name (InjectorBase<c02f4050>, 100, 100, 0) at <7881.189941, 13.485857, 1499.443481>
[COT 2023-12-18 0h:58:6s] 76561199407766611: Spawned Entity #syb_zvirus_antidot_name (InjectorBase<c02fb310>, 100, 100, 0) at <7881.163574, 13.555514, 1499.448975>
[COT 2023-12-18 0h:58:39] 76561199407766611: Healed [guid=Q5-ob799ZJw_9xeytwSLx966o8a1vvRfr9uaTsPds8c=]
[COT 2023-12-18 0h:58:45] 76561199407766611: Set GodMode To true [guid=Q5-ob799ZJw_9xeytwSLx966o8a1vvRfr9uaTsPds8c=]
[COT 2023-12-18 0h:59:53] 76561199407766611: Spawned Entity Paper (Paper<1f0b2ed0>, 10, 15, 0) at <7882.694336, 13.473191, 1498.820923>
[COT 2023-12-18 1h:0m:7s] 76561199407766611: Spawned Entity Lighter (PetrolLighter<1f0ac5a0>, 20, 20, 0) at <7882.746094, 13.516526, 1498.901245>
[COT 2023-12-18 1h:0m:13] 76561199407766611: Spawned Entity Short Stick (WoodenStick<302cb6c0>, 5, 50, 0) at <7882.748047, 13.528433, 1498.890991>
[COT 2023-12-18 1h:0m:19] 76561199407766611: Spawned Entity Firewood (Firewood<302d3310>, 1, 500, 0) at <7882.716309, 13.598694, 1498.878662>
[COT 2023-12-18 1h:0m:19] 76561199407766611: Spawned Entity Firewood (Firewood<302d1660>, 1, 500, 0) at <7882.631348, 13.775305, 1498.850342>
[COT 2023-12-18 1h:2m:9s] 76561199407766611: Healed [guid=RhYGUxd8CBSdnJHelB7lHRXFhWO9bgys0xwR8my4iVc=]
[COT 2023-12-18 1h:2m:15] 76561199407766611: Healed [guid=73GWnxNOIHV2naEUTGm3oxaAFJXM6JDxDu01Zne0ry4=]
[COT 2023-12-18 1h:2m:24] 76561199407766611: Healed [guid=Q5-ob799ZJw_9xeytwSLx966o8a1vvRfr9uaTsPds8c=]
[COT 2023-12-18 1h:3m:40] 76561199407766611: Spawned Entity Olga 24 (CivilianSedan_Black<271790b0>, 100, 1000, 0) at <7890.367676, 13.712811, 1500.555054>
[COT 2023-12-18 1h:3m:47] 76561199407766611: Spawned Entity Bathmobile (Bathmobile_Chiemsee_blue<27167840>, 100, 5000, 0) at <7893.666504, 13.553709, 1496.280640>
[COT 2023-12-18 1h:5m:11] 76561199407766611: Spawned Entity MVS Compact Pack 2 - Multicam Black (MountainBag_ColorBase<cdb64b20>, 100, 300, 0) at <7891.166016, 13.504750, 1497.031860>
[COT 2023-12-18 1h:5m:39] 76561199407766611: Spawned Entity MVS Rucksack - ERDL (MountainBag_ColorBase<b805cd30>, 100, 300, 0) at <7891.397461, 13.671998, 1497.238525>
