[COT 2023-12-17 6h:22:12] 76561199108250772: Spawned Entity ADMIN GEAR-BLUE-TOP (DOC_ADMIN_BLUE_TOP<bf144320>, 100, 70, 0) at <9089.733398, 6.802230, 7672.113281>
[COT 2023-12-17 6h:22:16] 76561199108250772: Spawned Entity ADMIN GEAR-BLUE-BOTTOM (DOC_ADMIN_BLUE_BOTTOM<bf140030>, 100, 130, 0) at <9089.695313, 6.979393, 7672.049316>
[COT 2023-12-17 6h:23:49] 76561199108250772: Spawned Entity Blue's Personal Sidearm - ADMIN EDITION (Glock19_Base<c6d30db0>, 150, 3000, 0) at <9091.125977, 6.868732, 7674.590332>
[COT 2023-12-17 6h:24:3s] 76561199108250772: Set GodMode To true [guid=OAdpPkJP2Ps_W7h2ttR1bK23ekHCzrxw0mDT3zqLMdU=]
[COT 2023-12-17 6h:24:4s] 76561199108250772: Set cannot be targeted by AI to true [guid=OAdpPkJP2Ps_W7h2ttR1bK23ekHCzrxw0mDT3zqLMdU=]
[COT 2023-12-17 6h:24:5s] 76561199108250772: Set UnlimitedStamina To true [guid=OAdpPkJP2Ps_W7h2ttR1bK23ekHCzrxw0mDT3zqLMdU=]
[COT 2023-12-17 6h:24:5s] 76561199108250772: Set UnlimitedAmmo To true [guid=OAdpPkJP2Ps_W7h2ttR1bK23ekHCzrxw0mDT3zqLMdU=]
[COT 2023-12-17 6h:24:31] 76561199108250772: Teleported to position <3470.837891, 0.439855, 5280.384766>
[COT 2023-12-17 6h:26:8s] 76561199108250772: Spawned Entity Blue's Glock Mag (Mag_Glock_15Rnd<47b56910>, 150, 100, 0) at <3433.208496, 9.382755, 5292.000000>
[COT 2023-12-17 6h:26:29] 76561199108250772: Healed [guid=OAdpPkJP2Ps_W7h2ttR1bK23ekHCzrxw0mDT3zqLMdU=]
[COT 2023-12-17 6h:29:53] 76561199108250772: Spawned Entity Rag (Rag<ae19ca00>, 10, 50, 0) at <3469.276367, 3.132438, 5338.655273>
[COT 2023-12-17 6h:30:21] 76561199108250772: Spawned Entity Lighter (PetrolLighter<ae1bb1b0>, 20, 20, 0) at <3466.023926, 3.298028, 5338.459961>
[COT 2023-12-17 6h:31:23] 76561199108250772: Spawned Entity #syb_tetracycline_name (TabletsBase<39dd8410>, 10, 50, 0) at <3466.704834, 3.432932, 5341.541016>
[COT 2023-12-17 6h:35:35] 76561199108250772: Teleported to position <8985.586914, 18.782333, 2432.738770>
[COT 2023-12-17 6h:38:6s] 76561199108250772: Spawned Entity Hunting Knife (HuntingKnife<9eae8f10>, 100, 130, 0) at <8989.309570, 19.866186, 2436.343262>
[COT 2023-12-17 6h:38:7s] 76561199108250772: Spawned Entity Hunting Knife (HuntingKnife<9eae25e0>, 100, 130, 0) at <8989.361328, 19.905952, 2436.311035>
[COT 2023-12-17 6h:38:13] 76561199108250772: Spawned Entity Sharpening Stone (Whetstone<c6da50c0>, 100, 50, 0) at <8989.421875, 19.952387, 2436.273193>
[COT 2023-12-17 6h:38:13] 76561199108250772: Spawned Entity Sharpening Stone (Whetstone<c6d9e790>, 100, 50, 0) at <8989.496094, 20.009880, 2436.226563>
[COT 2023-12-17 6h:38:48] 76561199108250772: Spawned vehicle Gunter 2 (Hatchback_02_Black) at <8946.024414, 21.511089, 2461.506592>
[COT 2023-12-17 6h:40:37] 76561199108250772: Healed [guid=73GWnxNOIHV2naEUTGm3oxaAFJXM6JDxDu01Zne0ry4=]
[COT 2023-12-17 6h:40:39] 76561199108250772: Healed [guid=PoaHK0J9yCqY9VDVBHi33ffxq4vfui9X4EMXL1yTiV8=]
[COT 2023-12-17 6h:40:43] 76561199108250772: Healed [guid=Q5-ob799ZJw_9xeytwSLx966o8a1vvRfr9uaTsPds8c=]
[COT 2023-12-17 6h:40:57] 76561199108250772: Spawned Entity #syb_tetracycline_name (TabletsBase<4dc3ac80>, 10, 50, 0) at <8990.121094, 19.638460, 2435.590820>
[COT 2023-12-17 6h:40:58] 76561199108250772: Spawned Entity #syb_tetracycline_name (TabletsBase<4f5abb40>, 10, 50, 0) at <8990.185547, 19.724215, 2435.539063>
[COT 2023-12-17 6h:41:4s] 76561199108250772: Spawned Entity #syb_charcoal_name (TabletsBase<5a8769b0>, 10, 50, 0) at <8990.231445, 19.784760, 2435.502197>
[COT 2023-12-17 6h:41:5s] 76561199108250772: Spawned Entity #syb_charcoal_name (TabletsBase<3790df20>, 10, 50, 0) at <8990.292969, 19.867195, 2435.452148>
[COT 2023-12-17 6h:41:22] 76561199108250772: Spawned Entity Alcoholic Tincture (DisinfectantAlcohol<5949ef20>, 200, 30, 0) at <8989.275391, 19.585405, 2435.000488>
[COT 2023-12-17 6h:41:22] 76561199108250772: Spawned Entity Alcoholic Tincture (DisinfectantAlcohol<594b4540>, 200, 30, 0) at <8989.231445, 19.644588, 2434.936523>
[COT 2023-12-17 6h:42:40] 76561199108250772: Teleported to position <3277.987305, 7.363940, 5437.066406>
[COT 2023-12-17 6h:42:49] 76561199108250772: Spawned vehicle Gunter 2 (Hatchback_02) at <3270.185059, 7.777570, 5434.006348>
[COT 2023-12-17 6h:44:26] 76561199108250772: ESP: Viewing ESP
[COT 2023-12-17 6h:44:46] 76561199108250772: ESP: Clearing ESP
[COT 2023-12-17 6h:46:41] 76561199108250772: Entered the Free Camera
[COT 2023-12-17 6h:46:53] 76561199108250772: Left the Free Camera
[COT 2023-12-17 6h:49:33] 76561199108250772: ESP: Viewing ESP
[COT 2023-12-17 6h:49:37] 76561199108250772: ESP: Clearing ESP
[COT 2023-12-17 6h:49:38] 76561199108250772: ESP: Viewing ESP
[COT 2023-12-17 6h:49:54] 76561199108250772: Entered the Free Camera
[COT 2023-12-17 6h:50:12] 76561199108250772: Left the Free Camera
[COT 2023-12-17 6h:50:23] 76561199108250772: Entered the Free Camera
[COT 2023-12-17 6h:50:42] 76561199108250772: Left the Free Camera
[COT 2023-12-17 6h:52:50] 76561199108250772: Spawned Entity Sea Chest (SeaChest<c70b3990>, 1000, 600, 0) at <3026.129150, 24.080000, 4945.280273>
[COT 2023-12-17 6h:53:5s] 76561199108250772: Spawned Entity #syb_adepress (TabletsBase<4b019e30>, 10, 50, 0) at <3026.649902, 24.080000, 4945.430176>
[COT 2023-12-17 6h:53:6s] 76561199108250772: Spawned Entity #syb_adepress (TabletsBase<4b0157c0>, 10, 50, 0) at <3026.610352, 24.161905, 4945.477539>
[COT 2023-12-17 6h:53:15] 76561199108250772: Spawned Entity #syb_topoizomeraza_name (InjectorBase<c70ca4f0>, 10, 100, 0) at <3026.578857, 24.227228, 4945.515137>
[COT 2023-12-17 6h:53:15] 76561199108250772: Spawned Entity #syb_topoizomeraza_name (InjectorBase<c70cde50>, 10, 100, 0) at <3026.545166, 24.296837, 4945.555664>
[COT 2023-12-17 6h:53:22] 76561199108250772: Spawned Entity #syb_zvirus_antidot_name (InjectorBase<c70d2140>, 4, 100, 0) at <3026.512695, 24.364237, 4945.594238>
[COT 2023-12-17 6h:53:23] 76561199108250772: Spawned Entity #syb_zvirus_antidot_name (InjectorBase<c70d2ad0>, 4, 100, 0) at <3026.478516, 24.434919, 4945.635254>
[COT 2023-12-17 6h:53:48] 76561199108250772: Spawned Entity KAS-74U (AKS74U<c5d53360>, 100, 250, 0) at <3026.787842, 24.080000, 4945.464844>
[COT 2023-12-17 6h:53:52] 76561199108250772: Spawned Entity AUR AX (Aug<c5d53e70>, 100, 300, 0) at <3026.790039, 24.165743, 4945.497070>
[COT 2023-12-17 6h:54:17] 76561199108250772: Spawned Entity Fishing Rod (FishingRod<344fda20>, 100, 150, 0) at <3027.063232, 24.080000, 4944.862305>
[COT 2023-12-17 6h:54:38] 76561199108250772: Spawned Entity Fishing Hook (Hook<345158a0>, 100, 30, 0) at <3027.061523, 24.185612, 4944.904297>
[COT 2023-12-17 6h:54:47] 76561199108250772: Spawned Entity Hunting Knife (HuntingKnife<af2256a0>, 100, 130, 0) at <3027.061279, 24.192650, 4944.907227>
[COT 2023-12-17 6h:54:53] 76561199108250772: Spawned Entity Sharpening Stone (Whetstone<af22d2f0>, 100, 50, 0) at <3027.060303, 24.245953, 4944.928223>
[COT 2023-12-17 6h:55:12] 76561199108250772: Spawned Entity Lighter (PetrolLighter<af20a850>, 20, 20, 0) at <3026.625244, 24.080000, 4944.983398>
[COT 2023-12-17 6h:55:12] 76561199108250772: Spawned Entity Lighter (PetrolLighter<c7026cd0>, 20, 20, 0) at <3026.626221, 24.092026, 4944.985352>
[COT 2023-12-17 6h:55:31] 76561199108250772: Spawned Entity Paper (Paper<c7022050>, 10, 15, 0) at <3026.456299, 24.080000, 4944.594727>
[COT 2023-12-17 6h:55:41] 76561199108250772: ESP: Clearing ESP
