[COT 2023-10-26 23:49:16] 76561198036774377: Teleported to <3177.218994, 21.085873, 4250.922363> [guid=spMEkRl42onhFHdF_u42e0T03x2sj347kUc600NXdGA=]
[COT 2023-10-26 23:49:26] 76561198036774377: Teleported [guid=OAdpPkJP2Ps_W7h2ttR1bK23ekHCzrxw0mDT3zqLMdU=] to <3177.218994, 21.085873, 4250.922363>
[COT 2023-10-26 23:50:10] 76561198036774377: Healed [guid=OAdpPkJP2Ps_W7h2ttR1bK23ekHCzrxw0mDT3zqLMdU=]
[COT 2023-10-26 23:50:13] 76561198036774377: Healed [guid=mBNlxASsPlOcry0dpDl8K-WgHNR5WMCMmoJ9NhpU4FY=]
[COT 2023-10-26 23:50:22] 76561198036774377: Healed [guid=spMEkRl42onhFHdF_u42e0T03x2sj347kUc600NXdGA=]
[COT 2023-10-26 23:55:46] 76561198036774377: Healed [guid=mBNlxASsPlOcry0dpDl8K-WgHNR5WMCMmoJ9NhpU4FY=]
[COT 2023-10-26 23:55:51] 76561198036774377: Healed [guid=OAdpPkJP2Ps_W7h2ttR1bK23ekHCzrxw0mDT3zqLMdU=]
[COT 2023-10-27 0h:6m:51] 76561198036774377: Healed [guid=mBNlxASsPlOcry0dpDl8K-WgHNR5WMCMmoJ9NhpU4FY=]
[COT 2023-10-27 0h:7m:13] 76561198036774377: Teleported to position <6903.809082, 9.187296, 3503.903809>
[COT 2023-10-27 0h:7m:24] 76561198036774377: Entered the Free Camera
[COT 2023-10-27 0h:9m:14] 76561198036774377: Left the Free Camera
[COT 2023-10-27 0h:9m:28] 76561198036774377: Entered the Free Camera
[COT 2023-10-27 0h:10:27] 76561198036774377: Left the Free Camera
[COT 2023-10-27 0h:10:28] 76561198036774377: Entered the Free Camera
[COT 2023-10-27 0h:10:38] 76561198036774377: Teleported to position <2957.760254, 26.490000, 4153.760254>
[COT 2023-10-27 0h:10:51] 76561198036774377: Left the Free Camera
[COT 2023-10-27 0h:10:52] 76561198036774377: Entered the Free Camera
[COT 2023-10-27 0h:11:5s] 76561198036774377: Spawned vehicle Olga 24 (CivilianSedan_Black) at <2959.040527, 26.503874, 4162.895508>
[COT 2023-10-27 0h:21:50] 76561198036774377: Left the Free Camera
[COT 2023-10-27 0h:22:37] 76561198036774377: Teleported to position <8865.155273, 7.600749, 4795.901367>
[COT 2023-10-27 0h:22:47] 76561198036774377: Entered the Free Camera
[COT 2023-10-27 0h:33:8s] 76561198036774377: Left the Free Camera
[COT 2023-10-27 0h:33:19] 76561198036774377: Teleported to position <3946.081543, 26.315233, 2623.137695>
[COT 2023-10-27 0h:33:40] 76561198036774377: Spawned vehicle Ada 4x4 (OffroadHatchback_White) at <3942.560791, 26.774052, 2628.919922>
