[COT 2023-10-28 1h:6m:24] 76561199407766611: Set GodMode To true [guid=spMEkRl42onhFHdF_u42e0T03x2sj347kUc600NXdGA=]
[COT 2023-10-28 1h:6m:24] 76561199407766611: Set Invisibility To 1 [guid=spMEkRl42onhFHdF_u42e0T03x2sj347kUc600NXdGA=]
[COT 2023-10-28 1h:6m:25] 76561199407766611: Set UnlimitedStamina To true [guid=spMEkRl42onhFHdF_u42e0T03x2sj347kUc600NXdGA=]
[COT 2023-10-28 1h:6m:25] 76561199407766611: Set UnlimitedAmmo To true [guid=spMEkRl42onhFHdF_u42e0T03x2sj347kUc600NXdGA=]
[COT 2023-10-28 1h:6m:42] 76561199407766611: Teleported to position <4479.129883, 9.129457, 5710.542969>
[COT 2023-10-28 1h:7m:9s] 76561199407766611: ESP: ESP updating
[COT 2023-10-28 1h:7m:17] 76561199407766611: Entered the Free Camera
[COT 2023-10-28 1h:7m:42] 76561199407766611: Left the Free Camera
[COT 2023-10-28 1h:27:37] 76561199108250772: Teleported to position <3645.759521, 1.191495, 5105.254395>
[COT 2023-10-28 1h:28:48] 76561199108250772: Spawned Entity #syb_mad_bull_name (SodaCan_EnergyDrink<78113dc0>, 300, 30, 0) at <3650.650879, 1.255039, 5102.633301>
[COT 2023-10-28 1h:29:24] 76561199108250772: Spawned Entity ChiemseeMap (ChernarusMap<8fdb3150>, 100, 50, 0) at <3647.935059, 1.250742, 5101.501465>
[COT 2023-10-28 1h:30:47] 76561199108250772: Set GodMode To true [guid=OAdpPkJP2Ps_W7h2ttR1bK23ekHCzrxw0mDT3zqLMdU=]
[COT 2023-10-28 1h:30:47] 76561199108250772: Set cannot be targeted by AI to true [guid=OAdpPkJP2Ps_W7h2ttR1bK23ekHCzrxw0mDT3zqLMdU=]
[COT 2023-10-28 1h:30:48] 76561199108250772: Set UnlimitedStamina To true [guid=OAdpPkJP2Ps_W7h2ttR1bK23ekHCzrxw0mDT3zqLMdU=]
[COT 2023-10-28 1h:30:48] 76561199108250772: Set UnlimitedAmmo To true [guid=OAdpPkJP2Ps_W7h2ttR1bK23ekHCzrxw0mDT3zqLMdU=]
[COT 2023-10-28 1h:31:1s] 76561199108250772: Teleported to position <3188.333740, 3.646318, 5555.389648>
[COT 2023-10-28 1h:31:28] 76561199108250772: Spawned Entity #syb_ibuprofen_name (TabletsBase<905e5620>, 10, 50, 0) at <3193.889648, 5.245720, 5543.669434>
[COT 2023-10-28 1h:31:39] 76561199108250772: Spawned Entity #syb_adepress (TabletsBase<8cd99490>, 10, 50, 0) at <3193.955811, 5.250453, 5543.849121>
[COT 2023-10-28 1h:31:45] 76561199108250772: Spawned Entity Alcoholic Tincture (DisinfectantAlcohol<893fcdc0>, 200, 30, 0) at <3194.024170, 5.226535, 5544.035645>
[COT 2023-10-28 1h:33:26] 76561199108250772: Spawned Entity #syb_syringe_empty_name (SyringeEmpty<8766f2e0>, 200, 50, 0) at <3193.807129, 5.244574, 5543.447754>
[COT 2023-10-28 1h:33:35] 76561199108250772: Spawned Entity #syb_actovegin_name (SyberiaMedicineAmpoule<8769acf0>, 4, 50, 0) at <3194.062500, 5.167390, 5544.179199>
[COT 2023-10-28 1h:34:8s] 76561199108250772: Spawned Entity #syb_enterofuril_name (TabletsBase<7f98b6f0>, 10, 50, 0) at <3193.972656, 5.136056, 5543.895020>
[COT 2023-10-28 2h:49:45] 76561198036774377: Spawned Entity LAR (FAL_Base<17a0c160>, 100, 300, 0) at <4933.561035, 25.076008, 6449.674805>
[COT 2023-10-28 2h:50:5s] 76561199108250772: Set GodMode To true [guid=OAdpPkJP2Ps_W7h2ttR1bK23ekHCzrxw0mDT3zqLMdU=]
[COT 2023-10-28 2h:50:6s] 76561199108250772: Set UnlimitedAmmo To true [guid=OAdpPkJP2Ps_W7h2ttR1bK23ekHCzrxw0mDT3zqLMdU=]
[COT 2023-10-28 2h:50:6s] 76561199108250772: Set UnlimitedStamina To true [guid=OAdpPkJP2Ps_W7h2ttR1bK23ekHCzrxw0mDT3zqLMdU=]
[COT 2023-10-28 2h:50:6s] 76561199108250772: Set cannot be targeted by AI to true [guid=OAdpPkJP2Ps_W7h2ttR1bK23ekHCzrxw0mDT3zqLMdU=]
[COT 2023-10-28 2h:50:31] 76561199108250772: Teleported to position <8269.633789, 9.708649, 7281.319336>
[COT 2023-10-28 2h:52:46] 76561198036774377: Teleported to position <8353.384766, 58.276749, 8236.500000>
[COT 2023-10-28 2h:54:38] 76561199108250772: Entered the Free Camera
[COT 2023-10-28 2h:55:20] 76561198036774377: Teleported to position <3294.512939, 9.337749, 5339.997559>
[COT 2023-10-28 2h:55:28] 76561199108250772: Left the Free Camera
[COT 2023-10-28 2h:56:28] 76561199108250772: Teleported to position <3248.446289, 31.977659, 4657.924805>
[COT 2023-10-28 2h:56:34] 76561199108250772: ESP: Viewing ESP
[COT 2023-10-28 2h:56:38] 76561199108250772: ESP: Clearing ESP
[COT 2023-10-28 2h:56:39] 76561199108250772: Entered the Free Camera
[COT 2023-10-28 2h:57:1s] 76561199108250772: Left the Free Camera
[COT 2023-10-28 2h:58:13] 76561199108250772: Entered the Free Camera
[COT 2023-10-28 2h:58:20] 76561199108250772: Left the Free Camera
[COT 2023-10-28 3h:0m:36] 76561199108250772: Teleported to position <9523.156250, 5.959780, 8670.027344>
[COT 2023-10-28 3h:0m:54] 76561199108250772: Teleported [guid=8yMSYHWbwn2zBog4G5wVYdX1WiQrNJsn415X6C_C_O4=] to <9516.030273, 5.977174, 8679.382813>
[COT 2023-10-28 3h:2m:58] 76561199108250772: Teleported to position <8598.858398, 77.135506, 6797.904297>
[COT 2023-10-28 3h:3m:54] 76561199108250772: Teleported to position <8691.978516, 8.382397, 8303.939453>
[COT 2023-10-28 3h:6m:58] 76561199108250772: Teleported to position <8929.307617, 7.655211, 4889.086426>
[COT 2023-10-28 3h:7m:24] 76561199108250772: Entered the Free Camera
[COT 2023-10-28 3h:7m:46] 76561199108250772: Left the Free Camera
[COT 2023-10-28 3h:8m:2s] 76561199108250772: ESP: Viewing ESP
[COT 2023-10-28 3h:8m:10] 76561199108250772: ESP: Clearing ESP
[COT 2023-10-28 3h:8m:56] 76561199108250772: Entered the Free Camera
[COT 2023-10-28 3h:9m:12] 76561199108250772: Left the Free Camera
[COT 2023-10-28 3h:9m:28] 76561199108250772: Teleported to position <3277.673584, 10.790002, 5309.069824>
[COT 2023-10-28 3h:9m:35] 76561199108250772: Entered the Free Camera
[COT 2023-10-28 3h:9m:41] 76561199108250772: Left the Free Camera
[COT 2023-10-28 3h:10:12] 76561199108250772: ESP: Viewing ESP
[COT 2023-10-28 3h:10:14] 76561199108250772: ESP: Clearing ESP
[COT 2023-10-28 3h:10:16] 76561199108250772: Entered the Free Camera
[COT 2023-10-28 3h:10:24] 76561199108250772: Left the Free Camera
[COT 2023-10-28 3h:10:55] 76561199108250772: Teleported to position <2252.741455, 59.995689, 4682.463867>
[COT 2023-10-28 3h:11:1s] 76561199108250772: Entered the Free Camera
[COT 2023-10-28 3h:11:14] 76561199108250772: Left the Free Camera
[COT 2023-10-28 3h:12:31] 76561199108250772: Set GodMode To true [guid=OAdpPkJP2Ps_W7h2ttR1bK23ekHCzrxw0mDT3zqLMdU=]
[COT 2023-10-28 3h:12:31] 76561199108250772: Set UnlimitedAmmo To true [guid=OAdpPkJP2Ps_W7h2ttR1bK23ekHCzrxw0mDT3zqLMdU=]
[COT 2023-10-28 3h:12:32] 76561199108250772: Set UnlimitedStamina To true [guid=OAdpPkJP2Ps_W7h2ttR1bK23ekHCzrxw0mDT3zqLMdU=]
[COT 2023-10-28 3h:12:32] 76561199108250772: Set cannot be targeted by AI to true [guid=OAdpPkJP2Ps_W7h2ttR1bK23ekHCzrxw0mDT3zqLMdU=]
[COT 2023-10-28 3h:14:42] 76561199108250772: Teleported to position <1690.808350, 45.074471, 7426.372070>
[COT 2023-10-28 3h:15:17] 76561199108250772: Spawned Entity #syb_tetracycline_name (TabletsBase<2be03f30>, 10, 50, 0) at <1740.553955, 54.414246, 7388.638184>
[COT 2023-10-28 3h:15:55] 76561199108250772: Entered the Free Camera
[COT 2023-10-28 3h:15:59] 76561199108250772: Left the Free Camera
[COT 2023-10-28 3h:20:56] 76561199108250772: Entered the Free Camera
[COT 2023-10-28 3h:21:23] 76561199108250772: Left the Free Camera
[COT 2023-10-28 3h:22:23] 76561199108250772: Spawned Entity Hunting Knife (HuntingKnife<906e8dd0>, 100, 130, 0) at <3136.835938, 31.490522, 8465.202148>
[COT 2023-10-28 3h:24:42] 76561199108250772: Spawned Entity EGD-5 Frag Grenade (RGD5Grenade<2be2d750>, 100, 50, 0) at <3196.551270, 31.739616, 8459.081055>
[COT 2023-10-28 3h:24:59] 76561199108250772: Entered the Free Camera
[COT 2023-10-28 3h:25:13] 76561199108250772: Left the Free Camera
[COT 2023-10-28 3h:26:3s] 76561199108250772: ESP: Viewing ESP
[COT 2023-10-28 3h:26:10] 76561199108250772: ESP: Clearing ESP
[COT 2023-10-28 3h:27:4s] 76561199108250772: Entered the Free Camera
[COT 2023-10-28 3h:27:25] 76561199108250772: Left the Free Camera
[COT 2023-10-28 3h:27:41] 76561199108250772: Entered the Free Camera
[COT 2023-10-28 3h:27:49] 76561199108250772: Left the Free Camera
[COT 2023-10-28 3h:28:16] 76561199108250772: Spawned Entity Sarka 120 (Sedan_02_Red<1dd0f1f0>, 100, 1000, 0) at <3042.361572, 16.329542, 8517.704102>
[COT 2023-10-28 3h:28:28] 76561199108250772: Teleported to position <8960.847656, 2.405141, 7258.907227>
[COT 2023-10-28 3h:28:44] 76561199108250772: Spawned Entity Bathmobile (Bathmobile_Chiemsee_blue<2b86040>, 100, 5000, 0) at <8961.499023, 2.409703, 7259.457031>
[COT 2023-10-28 3h:31:20] 76561199108250772: ESP: Viewing ESP
[COT 2023-10-28 3h:31:22] 76561199108250772: ESP index=0 target=Bathmobile_Chiemsee_blue:018879 position=<9163.326172, 24.371572, 8795.210938> action=delete
[COT 2023-10-28 3h:31:22] 76561199108250772: ESP action=delete_all count=1 attempted=1
[COT 2023-10-28 3h:32:51] 76561199108250772: ESP: Clearing ESP
[COT 2023-10-28 3h:33:19] 76561199108250772: Entered the Free Camera
[COT 2023-10-28 3h:34:31] 76561199108250772: Left the Free Camera
[COT 2023-10-28 3h:38:7s] 76561199108250772: Entered the Free Camera
[COT 2023-10-28 3h:38:15] 76561199108250772: Left the Free Camera
[COT 2023-10-28 3h:38:59] 76561199108250772: Entered the Free Camera
[COT 2023-10-28 3h:39:16] 76561199108250772: Left the Free Camera
[COT 2023-10-28 3h:40:4s] 76561198036774377: Teleported to <8706.882813, 3.152004, 8784.723633> [guid=OAdpPkJP2Ps_W7h2ttR1bK23ekHCzrxw0mDT3zqLMdU=]
[COT 2023-10-28 3h:40:59] 76561198036774377: Entered the Free Camera
[COT 2023-10-28 3h:41:3s] 76561198036774377: Left the Free Camera
[COT 2023-10-28 3h:41:14] 76561198036774377: Spawned Entity LAR (FAL_Base<17a15130>, 100, 300, 0) at <8847.517578, 4.292413, 8721.833008>
[COT 2023-10-28 3h:47:40] 76561199108250772: Entered the Free Camera
[COT 2023-10-28 3h:47:49] 76561199108250772: Left the Free Camera
[COT 2023-10-28 3h:49:27] 76561199108250772: ESP: Viewing ESP
[COT 2023-10-28 3h:49:31] 76561199108250772: ESP: Clearing ESP
[COT 2023-10-28 3h:49:32] 76561199108250772: ESP: Viewing ESP
[COT 2023-10-28 3h:49:38] 76561199108250772: ESP: Clearing ESP
[COT 2023-10-28 3h:50:37] 76561199108250772: ESP: Viewing ESP
[COT 2023-10-28 3h:50:40] 76561199108250772: ESP: Clearing ESP
[COT 2023-10-28 3h:51:19] 76561199108250772: Entered the Free Camera
[COT 2023-10-28 3h:51:35] 76561199108250772: Left the Free Camera
[COT 2023-10-28 3h:52:26] 76561199108250772: Set GodMode To false [guid=OAdpPkJP2Ps_W7h2ttR1bK23ekHCzrxw0mDT3zqLMdU=]
[COT 2023-10-28 3h:52:27] 76561199108250772: Set GodMode To true [guid=OAdpPkJP2Ps_W7h2ttR1bK23ekHCzrxw0mDT3zqLMdU=]
[COT 2023-10-28 3h:55:21] 76561198036774377: Spawned Entity 20rd LAR Mag (Mag_FAL_20Rnd<905559a0>, 20, 100, 0) at <9076.271484, 6.402763, 8721.569336>
[COT 2023-10-28 3h:55:22] 76561198036774377: Spawned Entity 20rd LAR Mag (Mag_FAL_20Rnd<9054f070>, 20, 100, 0) at <9076.271484, 6.402763, 8721.569336>
[COT 2023-10-28 3h:56:26] 76561198036774377: Entered the Free Camera
[COT 2023-10-28 3h:56:44] 76561198036774377: Left the Free Camera
[COT 2023-10-28 3h:58:8s] 76561198036774377: Teleported to position <4661.849609, 20.620001, 5355.426758>
