[COT 2023-10-27 0h:40:11] 76561198036774377: Entered the Free Camera
[COT 2023-10-27 0h:40:18] 76561198036774377: Left the Free Camera
[COT 2023-10-27 0h:40:51] 76561198036774377: Spawned Entity LAR (FAL_Base<4cc19900>, 20, 300, 0) at <3929.501221, 28.946651, 2645.402344>
[COT 2023-10-27 0h:41:5s] 76561198036774377: Set GodMode To true [guid=mBNlxASsPlOcry0dpDl8K-WgHNR5WMCMmoJ9NhpU4FY=]
[COT 2023-10-27 0h:41:6s] 76561198036774377: Set UnlimitedStamina To true [guid=mBNlxASsPlOcry0dpDl8K-WgHNR5WMCMmoJ9NhpU4FY=]
[COT 2023-10-27 0h:41:6s] 76561198036774377: Set UnlimitedAmmo To true [guid=mBNlxASsPlOcry0dpDl8K-WgHNR5WMCMmoJ9NhpU4FY=]
[COT 2023-10-27 0h:41:12] 76561198036774377: Healed [guid=mBNlxASsPlOcry0dpDl8K-WgHNR5WMCMmoJ9NhpU4FY=]
[COT 2023-10-27 0h:41:34] 76561198036774377: Spawned vehicle Olga 24 (CivilianSedan_Wine) at <3937.606934, 27.054499, 2638.555176>
[COT 2023-10-27 0h:47:18] 76561199108250772: Spawned Entity #syb_zvirus_antidot_name (InjectorBase<708a0dd0>, 100, 100, 0) at <3937.261230, 27.487587, 2642.297607>
[COT 2023-10-27 0h:47:35] 76561199108250772: Spawned Entity Alcoholic Tincture (DisinfectantAlcohol<2371c2d0>, 200, 30, 0) at <3950.144043, 27.700615, 2641.451172>
[COT 2023-10-27 0h:47:39] 76561198036774377: Teleported to position <1407.485596, 313.913605, 1777.080078>
[COT 2023-10-27 0h:48:33] 76561198036774377: Teleported to position <280.907990, 365.227264, 7531.327637>
[COT 2023-10-27 0h:48:40] 76561199407766611: Set GodMode To true [guid=spMEkRl42onhFHdF_u42e0T03x2sj347kUc600NXdGA=]
[COT 2023-10-27 0h:48:42] 76561199407766611: Set UnlimitedAmmo To true [guid=spMEkRl42onhFHdF_u42e0T03x2sj347kUc600NXdGA=]
[COT 2023-10-27 0h:48:43] 76561199407766611: Set UnlimitedStamina To true [guid=spMEkRl42onhFHdF_u42e0T03x2sj347kUc600NXdGA=]
[COT 2023-10-27 0h:48:51] 76561198036774377: Entered the Free Camera
[COT 2023-10-27 0h:49:17] 76561199407766611: Healed [guid=spMEkRl42onhFHdF_u42e0T03x2sj347kUc600NXdGA=]
[COT 2023-10-27 0h:49:20] 76561198036774377: Left the Free Camera
[COT 2023-10-27 0h:49:38] 76561199407766611: ESP: ESP updating
[COT 2023-10-27 0h:50:4s] 76561199407766611: Healed [guid=OAdpPkJP2Ps_W7h2ttR1bK23ekHCzrxw0mDT3zqLMdU=]
[COT 2023-10-27 0h:50:14] 76561199407766611: Set Broken Legs To true [guid=OAdpPkJP2Ps_W7h2ttR1bK23ekHCzrxw0mDT3zqLMdU=]
[COT 2023-10-27 0h:50:26] 76561199407766611: Set Broken Legs To false [guid=OAdpPkJP2Ps_W7h2ttR1bK23ekHCzrxw0mDT3zqLMdU=]
[COT 2023-10-27 0h:51:4s] 76561199407766611: Spawned Entity MVS Canteen - Black (Canteen<535f5bf0>, 1000, 100, 1) at <3950.376465, 27.693655, 2639.039795>
[COT 2023-10-27 0h:51:11] 76561199407766611: Spawned Entity MVS Warrior Helmet - OD (Mich2001Helmet<7054c640>, 1000, 100, 0) at <3950.462646, 27.816698, 2639.049316>
[COT 2023-10-27 0h:51:12] 76561199407766611: Spawned Entity MVS Warrior Helmet - Multicam Black (Mich2001Helmet<7054b320>, 1000, 100, 0) at <3950.611572, 28.036430, 2639.065674>
[COT 2023-10-27 0h:51:30] 76561199108250772: Spawned Entity Firewood (Firewood<70548ce0>, 1, 500, 0) at <3949.753174, 27.699528, 2640.905518>
[COT 2023-10-27 0h:51:31] 76561199108250772: Spawned Entity Firewood (Firewood<7054ffa0>, 1, 500, 0) at <3949.925049, 27.876139, 2641.009277>
[COT 2023-10-27 0h:51:32] 76561199108250772: Spawned Entity Firewood (Firewood<7a4e0770>, 1, 500, 0) at <3950.035156, 27.989326, 2641.075684>
[COT 2023-10-27 0h:51:38] 76561199407766611: Spawned Entity MVS Combat Shirt - Black (TacticalShirt_ColorBase<7a4e2db0>, 1000, 100, 0) at <3950.755127, 28.250389, 2639.079834>
[COT 2023-10-27 0h:51:38] 76561199407766611: Spawned Entity MVS Combat Shirt - Black (TacticalShirt_ColorBase<7a4e1a90>, 1000, 100, 0) at <3950.815674, 28.342680, 2639.085693>
[COT 2023-10-27 0h:51:42] 76561199108250772: Healed [guid=OAdpPkJP2Ps_W7h2ttR1bK23ekHCzrxw0mDT3zqLMdU=]
[COT 2023-10-27 0h:52:1s] 76561199407766611: Spawned Entity MVS Combat Pants - Black (BDUPants<7a4e83c0>, 1000, 100, 0) at <3950.881348, 28.434971, 2639.091797>
[COT 2023-10-27 0h:52:1s] 76561199407766611: Spawned Entity MVS Combat Pants - Black (BDUPants<7a4eaa00>, 1000, 100, 0) at <3951.118896, 28.788027, 2639.117188>
[COT 2023-10-27 0h:52:21] 76561199108250772: Spawned Entity #syb_irineks_name (SyberiaMedicineAmpoule<7a4e5d80>, 4, 50, 0) at <3951.074219, 27.702162, 2641.870605>
[COT 2023-10-27 0h:52:31] 76561199108250772: Spawned Entity #syb_syringe_empty_name (SyringeEmpty<7a4ca5a0>, 100, 50, 0) at <3950.911377, 27.702265, 2641.890869>
[COT 2023-10-27 0h:53:1s] 76561199108250772: Spawned Entity Alcoholic Tincture (DisinfectantAlcohol<53605780>, 200, 30, 0) at <3950.977051, 27.701872, 2641.768066>
[COT 2023-10-27 0h:53:17] 76561199407766611: Spawned Entity Standardized Suppressor (M4_Suppressor<7a4d1860>, 100, 12, 0) at <3948.936035, 27.693668, 2639.193115>
[COT 2023-10-27 0h:53:18] 76561199407766611: Spawned Entity Normalized Suppressor (AK_Suppressor<7a4cd570>, 100, 12, 0) at <3948.930664, 27.728552, 2639.167725>
[COT 2023-10-27 0h:53:18] 76561199407766611: Spawned Entity Pistol Suppressor (PistolSuppressor<7a4d0ed0>, 100, 15, 0) at <3948.925049, 27.789967, 2639.132324>
[COT 2023-10-27 0h:55:30] 76561199108250772: Spawned Entity Cooking Stand (CookingStand<7cfcb070>, 100, 150, 0) at <3947.251709, 27.663082, 2638.251465>
[COT 2023-10-27 0h:55:42] 76561199108250772: Spawned Entity Cooking Pot (Pot<5360f880>, 2000, 200, 1) at <3947.405518, 27.663723, 2638.564697>
[COT 2023-10-27 0h:56:14] 76561199108250772: Spawned Entity Tactical Vest (HighCapacityVest_Olive<7cfd5c90>, 100, 120, 0) at <3947.470703, 27.691923, 2639.117432>
[COT 2023-10-27 0h:57:35] 76561199407766611: Spawned Entity Purple Fish Knife (HuntingKnife<7cfe5ec0>, 100, 200, 0) at <3907.450439, 40.215107, 2959.877441>
[COT 2023-10-27 0h:59:13] 76561199407766611: Teleported to position <3951.516357, 26.879475, 2635.513184>
[COT 2023-10-27 0h:59:56] 76561198036774377: Healed [guid=mBNlxASsPlOcry0dpDl8K-WgHNR5WMCMmoJ9NhpU4FY=]
[COT 2023-10-27 1h:0m:43] 76561198036774377: Entered the Free Camera
[COT 2023-10-27 1h:0m:49] 76561199407766611: Spawned Entity baby pig (piglet<53607fc0>, 100, 200, 0) at <3943.599609, 26.904636, 2634.223877>
[COT 2023-10-27 1h:2m:18] 76561199407766611: Spawned Entity M4-A1 MP Buttstock (M4_MPBttstck<63885420>, 100, 220, 0) at <3944.487061, 27.085342, 2636.185059>
[COT 2023-10-27 1h:2m:19] 76561199407766611: Spawned Entity M4-A1 MP Buttstock (M4_MPBttstck<638883f0>, 100, 220, 0) at <3944.494141, 27.164621, 2636.185303>
[COT 2023-10-27 1h:2m:49] 76561198036774377: Teleported to position <4051.560303, 54.570000, 9654.388672>
[COT 2023-10-27 1h:2m:52] 76561198036774377: Left the Free Camera
[COT 2023-10-27 1h:2m:53] 76561198036774377: Entered the Free Camera
[COT 2023-10-27 1h:3m:8s] 76561199407766611: Spawned Entity $UNT$Long Range Scope (LongrangeOptic<5361ea00>, 100, 100, 0) at <3940.345703, 26.896404, 2634.075684>
[COT 2023-10-27 1h:3m:13] 76561199407766611: Deleted Entity LongrangeOptic:06536 at <3940.345703, 26.905695, 2634.075684>
[COT 2023-10-27 1h:3m:20] 76561199407766611: Spawned Entity Hunting Scope (HuntingOptic<53624ea0>, 100, 50, 0) at <3940.273926, 26.898895, 2634.106689>
[COT 2023-10-27 1h:5m:6s] 76561199407766611: Entered the Free Camera
[COT 2023-10-27 1h:5m:31] 76561199407766611: Left the Free Camera
[COT 2023-10-27 1h:5m:52] 76561199108250772: Spawned Entity Alcoholic Tincture (DisinfectantAlcohol<a8d60d0>, 200, 30, 0) at <3947.287842, 27.696377, 2640.969482>
[COT 2023-10-27 1h:5m:56] 76561198036774377: Spawned Entity Campfire (FBF_FireplaceIgnited<4cc14080>, 100, 100, 0) at <4940.802246, 12.875879, 6459.284668>
[COT 2023-10-27 1h:6m:25] 76561199108250772: Spawned Entity #syb_topoizomeraza_name (InjectorBase<7c61a000>, 100, 100, 0) at <3947.251709, 27.696302, 2640.955566>
[COT 2023-10-27 1h:6m:42] 76561199108250772: Spawned Entity #syb_ibuprofen_name (TabletsBase<de3f9f0>, 10, 50, 0) at <3946.996582, 27.695768, 2640.850830>
[COT 2023-10-27 1h:7m:13] 76561199407766611: Teleported to position <3929.488281, 27.208612, 2646.110840>
[COT 2023-10-27 1h:7m:19] 76561199108250772: Teleported to <3930.500977, 27.338196, 2646.406006> [guid=spMEkRl42onhFHdF_u42e0T03x2sj347kUc600NXdGA=]
[COT 2023-10-27 1h:7m:28] 76561198036774377: Left the Free Camera
[COT 2023-10-27 1h:8m:0s] 76561199407766611: Teleported to position <977.866821, 122.172005, 1030.222778>
[COT 2023-10-27 1h:8m:20] 76561199407766611: Teleported to position <993.482971, 180.942932, 990.236816>
[COT 2023-10-27 1h:8m:40] 76561199407766611: Teleported to position <1413.599854, 315.157196, 1764.889526>
[COT 2023-10-27 1h:8m:49] 76561199407766611: Entered the Free Camera
[COT 2023-10-27 1h:9m:21] 76561199407766611: Left the Free Camera
[COT 2023-10-27 1h:9m:22] 76561198036774377: Teleported to position <4863.448242, 3.808183, 6307.964844>
[COT 2023-10-27 1h:9m:25] 76561198036774377: Entered the Free Camera
[COT 2023-10-27 1h:9m:32] 76561199407766611: Teleported to position <5632.714844, 5.409934, 8767.085938>
[COT 2023-10-27 1h:9m:34] 76561199108250772: Teleported to position <4900.058105, 6.869235, 6351.194336>
[COT 2023-10-27 1h:9m:51] 76561199407766611: Teleported to position <4900.581543, 7.805628, 6359.375488>
[COT 2023-10-27 1h:10:22] 76561199407766611: Set GodMode To true [guid=OAdpPkJP2Ps_W7h2ttR1bK23ekHCzrxw0mDT3zqLMdU=]
[COT 2023-10-27 1h:10:27] 76561199407766611: Set GodMode To false [guid=spMEkRl42onhFHdF_u42e0T03x2sj347kUc600NXdGA=]
[COT 2023-10-27 1h:10:33] 76561199407766611: Set GodMode To false [guid=OAdpPkJP2Ps_W7h2ttR1bK23ekHCzrxw0mDT3zqLMdU=]
[COT 2023-10-27 1h:13:5s] 76561199108250772: Set the date to 2023/8/11 12:0
[COT 2023-10-27 1h:13:6s] 76561199108250772: Set rain to 0 0 0
[COT 2023-10-27 1h:13:6s] 76561199108250772: Set storm to 0 0.8 4000
[COT 2023-10-27 1h:13:6s] 76561199108250772: Set fog to 0 0 0
[COT 2023-10-27 1h:13:6s] 76561199108250772: Set overcast to 0 0 0
[COT 2023-10-27 1h:13:6s] 76561199108250772: Set wind to 0 0 1
[COT 2023-10-27 1h:13:41] 76561199108250772: Teleported to <3381.376953, 5.907029, 6133.740723> [guid=mBNlxASsPlOcry0dpDl8K-WgHNR5WMCMmoJ9NhpU4FY=]
[COT 2023-10-27 1h:14:15] 76561198036774377: Spawned Entity M1025 (Offroad_02<7a864210>, 100, 1000, 0) at <3383.491211, 5.856470, 6139.864746>
[COT 2023-10-27 1h:16:9s] 76561199407766611: Entered the Free Camera
[COT 2023-10-27 1h:16:14] 76561199407766611: Left the Free Camera
[COT 2023-10-27 1h:16:32] 76561199108250772: Set GodMode To true [guid=mBNlxASsPlOcry0dpDl8K-WgHNR5WMCMmoJ9NhpU4FY=]
[COT 2023-10-27 1h:16:33] 76561199108250772: Set cannot be targeted by AI to true [guid=mBNlxASsPlOcry0dpDl8K-WgHNR5WMCMmoJ9NhpU4FY=]
[COT 2023-10-27 1h:16:33] 76561199108250772: Set UnlimitedStamina To true [guid=mBNlxASsPlOcry0dpDl8K-WgHNR5WMCMmoJ9NhpU4FY=]
[COT 2023-10-27 1h:16:34] 76561199108250772: Set UnlimitedAmmo To true [guid=mBNlxASsPlOcry0dpDl8K-WgHNR5WMCMmoJ9NhpU4FY=]
[COT 2023-10-27 1h:16:58] 76561199407766611: ESP: Clearing ESP
[COT 2023-10-27 1h:18:19] 76561198036774377: Teleported to position <8533.044922, 45.060001, 10062.047852>
[COT 2023-10-27 1h:18:24] 76561199407766611: Teleported to position <8507.200195, 1.716218, 863.023071>
[COT 2023-10-27 1h:18:43] 76561199407766611: Entered the Free Camera
[COT 2023-10-27 1h:19:42] 76561199407766611: Teleported to position <6893.163574, 4.405261, 3437.902832>
[COT 2023-10-27 1h:19:46] 76561199407766611: Left the Free Camera
[COT 2023-10-27 1h:20:4s] 76561199108250772: Spawned Entity Stew (MassGoatStew<5360e460>, 600, 100, 1) at <3098.516113, 10.839670, 5978.153809>
[COT 2023-10-27 1h:20:17] 76561199108250772: Teleported to <6916.462891, 16.630350, 3464.671387> [guid=spMEkRl42onhFHdF_u42e0T03x2sj347kUc600NXdGA=]
[COT 2023-10-27 1h:24:27] 76561199407766611: Teleported to position <4645.850586, 92.915482, 7607.022461>
[COT 2023-10-27 1h:25:30] 76561199407766611: Deleted Entity Land_Castle_Donjon:-2147098624964693059 at <4636.084473, 91.366005, 7541.863281>
[COT 2023-10-27 1h:25:31] 76561199407766611: Entered the Free Camera
[COT 2023-10-27 1h:26:16] 76561199407766611: Spawned Entity #pda_item_name (ItemPDA<85dace60>, 100, 100, 0) at <4578.858887, 130.519196, 7653.669922>
[COT 2023-10-27 1h:26:22] 76561199407766611: Spawned Entity 9V Battery (Battery9V<85db2e00>, 50, 20, 0) at <4578.858887, 130.519196, 7653.669922>
[COT 2023-10-27 1h:27:26] 76561199407766611: Left the Free Camera
[COT 2023-10-27 1h:27:31] 76561199407766611: Entered the Free Camera
[COT 2023-10-27 1h:29:3s] 76561199108250772: Healed [guid=OAdpPkJP2Ps_W7h2ttR1bK23ekHCzrxw0mDT3zqLMdU=]
[COT 2023-10-27 1h:29:22] 76561199108250772: Set UnlimitedAmmo To true [guid=OAdpPkJP2Ps_W7h2ttR1bK23ekHCzrxw0mDT3zqLMdU=]
[COT 2023-10-27 1h:29:22] 76561199108250772: Set UnlimitedStamina To true [guid=OAdpPkJP2Ps_W7h2ttR1bK23ekHCzrxw0mDT3zqLMdU=]
[COT 2023-10-27 1h:29:23] 76561199108250772: Set UnlimitedStamina To false [guid=OAdpPkJP2Ps_W7h2ttR1bK23ekHCzrxw0mDT3zqLMdU=]
[COT 2023-10-27 1h:29:24] 76561199108250772: Set GodMode To true [guid=OAdpPkJP2Ps_W7h2ttR1bK23ekHCzrxw0mDT3zqLMdU=]
[COT 2023-10-27 1h:29:24] 76561199108250772: Set cannot be targeted by AI to true [guid=OAdpPkJP2Ps_W7h2ttR1bK23ekHCzrxw0mDT3zqLMdU=]
[COT 2023-10-27 1h:29:57] 76561199108250772: Spawned Entity M4-A1 (M4A1_Base<6be9bb0>, 100, 200, 0) at <5893.635742, 5.474672, 8757.329102>
[COT 2023-10-27 2h:33:57] 76561199108250772: Set GodMode To true [guid=OAdpPkJP2Ps_W7h2ttR1bK23ekHCzrxw0mDT3zqLMdU=]
[COT 2023-10-27 2h:33:58] 76561199108250772: Set cannot be targeted by AI to true [guid=OAdpPkJP2Ps_W7h2ttR1bK23ekHCzrxw0mDT3zqLMdU=]
[COT 2023-10-27 2h:33:59] 76561199108250772: Set UnlimitedStamina To true [guid=OAdpPkJP2Ps_W7h2ttR1bK23ekHCzrxw0mDT3zqLMdU=]
[COT 2023-10-27 2h:33:59] 76561199108250772: Set UnlimitedAmmo To true [guid=OAdpPkJP2Ps_W7h2ttR1bK23ekHCzrxw0mDT3zqLMdU=]
[COT 2023-10-27 2h:35:34] 76561199108250772: Teleported to position <9101.013672, 6.970409, 7877.403320>
[COT 2023-10-27 2h:35:46] 76561199108250772: Spawned Entity ChiemseeMap (ChernarusMap<84131a50>, 100, 50, 0) at <9094.339844, 7.935365, 7877.827148>
[COT 2023-10-27 2h:37:19] 76561199108250772: Spawned Entity Compass (Compass<7a4ed9d0>, 100, 70, 0) at <9093.635742, 7.935365, 7877.515137>
[COT 2023-10-27 2h:43:4s] 76561199108250772: Spawned Entity MVS Sling Pack - Black (MountainBag_ColorBase<85da8b70>, 100, 300, 0) at <9093.374023, 7.935365, 7877.138184>
[COT 2023-10-27 2h:43:49] 76561199108250772: Spawned Entity Standardized Suppressor (M4_Suppressor<698cae40>, 100, 12, 0) at <9094.594727, 7.935365, 7876.579590>
[COT 2023-10-27 2h:44:11] 76561199108250772: Spawned Entity #syb_adepress (TabletsBase<536120c0>, 10, 50, 0) at <9093.397461, 7.935365, 7876.473633>
[COT 2023-10-27 2h:44:22] 76561199108250772: Spawned Entity #syb_ibuprofen_name (TabletsBase<efecbd00>, 10, 50, 0) at <9093.460938, 7.935365, 7876.680664>
[COT 2023-10-27 2h:45:7s] 76561199108250772: Spawned Entity #syb_enterofuril_name (TabletsBase<5360a800>, 10, 50, 0) at <9093.462891, 7.935365, 7876.686035>
[COT 2023-10-27 2h:45:18] 76561199108250772: Spawned Entity Alcoholic Tincture (DisinfectantAlcohol<53615310>, 200, 30, 0) at <9093.466797, 7.935365, 7876.686523>
[COT 2023-10-27 2h:45:19] 76561199108250772: Spawned Entity Alcoholic Tincture (DisinfectantAlcohol<6923dd0>, 200, 30, 0) at <9093.522461, 7.995537, 7876.647949>
[COT 2023-10-27 2h:45:34] 76561199108250772: Spawned Entity #syb_syringe_empty_name (SyringeEmpty<638aae90>, 200, 50, 0) at <9093.460938, 7.935365, 7876.681641>
[COT 2023-10-27 2h:45:35] 76561199108250772: Spawned Entity #syb_syringe_empty_name (SyringeEmpty<6387f480>, 200, 50, 0) at <9093.476563, 7.950076, 7876.669434>
[COT 2023-10-27 2h:45:44] 76561199108250772: Spawned Entity Tactical Gloves (TacticalGloves_Black<7d6a2d40>, 100, 165, 0) at <9093.267578, 7.935365, 7877.106934>
[COT 2023-10-27 2h:46:28] 76561199108250772: Spawned Entity Boxed 5.56x45mm Rounds (AmmoBox_556x45_20Rnd<7d688880>, 100, 100, 0) at <9093.391602, 7.935365, 7876.961914>
[COT 2023-10-27 2h:46:28] 76561199108250772: Spawned Entity Boxed 5.56x45mm Rounds (AmmoBox_556x45_20Rnd<7d687ef0>, 100, 100, 0) at <9093.420898, 7.954991, 7876.957031>
[COT 2023-10-27 2h:46:29] 76561199108250772: Spawned Entity Boxed 5.56x45mm Rounds (AmmoBox_556x45_20Rnd<7d683c00>, 100, 100, 0) at <9093.452148, 7.974372, 7876.949707>
[COT 2023-10-27 2h:46:29] 76561199108250772: Spawned Entity Boxed 5.56x45mm Rounds (AmmoBox_556x45_20Rnd<7d68b850>, 100, 100, 0) at <9093.484375, 7.993924, 7876.940918>
[COT 2023-10-27 2h:46:30] 76561199108250772: Spawned Entity Boxed 5.56x45mm Rounds (AmmoBox_556x45_20Rnd<7d6904d0>, 100, 100, 0) at <9093.515625, 8.013552, 7876.929688>
[COT 2023-10-27 2h:46:38] 76561199108250772: Spawned Entity Gun Cleaning Kit (WeaponCleaningKit<8a5605c0>, 100, 100, 0) at <9093.294922, 7.935365, 7876.477051>
[COT 2023-10-27 2h:48:4s] 76561199108250772: Teleported to position <659.854248, 26.937386, 9034.907227>
[COT 2023-10-27 2h:48:34] 76561199108250772: Spawned Entity MVS Combat Pants - Black (BDUPants<70515680>, 100, 100, 0) at <609.000732, 26.654598, 9004.947266>
[COT 2023-10-27 2h:48:38] 76561199108250772: Spawned Entity MVS Combat Shirt - Black (TacticalShirt_ColorBase<705126b0>, 100, 100, 0) at <608.803223, 27.039534, 9004.823242>
[COT 2023-10-27 2h:50:0s] 76561199108250772: Spawned Entity MVS Sling Pack - Black (MountainBag_ColorBase<83f314a0>, 1000, 300, 0) at <608.984741, 26.654594, 9005.538086>
[COT 2023-10-27 2h:50:15] 76561199108250772: Spawned Entity MVS Balaclava - Black (BalaclavaMask_ColorBase<83f17970>, 1000, 100, 0) at <608.984741, 26.654594, 9005.538086>
[COT 2023-10-27 2h:50:25] 76561199108250772: Spawned Entity MVS Patrol Cap - Black (Clothing<83f46350>, 1000, 100, 0) at <608.984741, 26.654594, 9005.538086>
[COT 2023-10-27 2h:50:39] 76561199108250772: Spawned Entity Working Gloves (WorkingGloves_Black<978becf0>, 1000, 150, 0) at <608.907654, 26.811764, 9005.440430>
[COT 2023-10-27 2h:51:9s] 76561199108250772: Spawned Entity Jungle Boots (JungleBoots_Black<978cdc00>, 100, 150, 0) at <609.852722, 26.628387, 9005.478516>
[COT 2023-10-27 2h:51:22] 76561199108250772: Spawned Entity Identifier Patch - ADMIN (Clothing<978ce590>, 100, 100, 0) at <609.852722, 26.628387, 9005.478516>
[COT 2023-10-27 2h:51:23] 76561199108250772: Spawned Entity Identifier Patch - ADMIN (Clothing<978cef20>, 100, 100, 0) at <609.852722, 26.628387, 9005.478516>
[COT 2023-10-27 2h:51:57] 76561199108250772: Spawned Entity Sawed-Off Super-Short Savage Stevens-301 (MassStevens301SuperShortNew<131ae880>, 100, 200, 0) at <609.857483, 26.654596, 9005.294922>
[COT 2023-10-27 2h:52:21] 76561199108250772: Spawned Entity .408 Praetorian Composite M300 (M300BL<1aa7290>, 100, 200, 0) at <609.925171, 26.633694, 9005.268555>
[COT 2023-10-27 2h:53:34] 76561199108250772: Spawned Entity M300 Magazine (Mass_Mag_M300_7Rnd<978f82f0>, 7, 100, 0) at <609.752197, 26.654596, 9005.213867>
[COT 2023-10-27 2h:53:37] 76561199108250772: Spawned Entity M300 Magazine (Massm300mag<978f8c80>, 7, 100, 0) at <609.744385, 26.681059, 9005.218750>
[COT 2023-10-27 2h:55:37] 76561199108250772: Teleported to position <1352.810791, 28.642832, 10187.091797>
[COT 2023-10-27 2h:55:37] 76561199108250772: Teleported to position <1352.810791, 28.642832, 10187.091797>
[COT 2023-10-27 2h:55:44] 76561199108250772: Entered the Free Camera
[COT 2023-10-27 2h:55:54] 76561199108250772: Left the Free Camera
[COT 2023-10-27 2h:56:21] 76561199108250772: ESP: Viewing ESP
[COT 2023-10-27 2h:56:25] 76561199108250772: ESP: Clearing ESP
[COT 2023-10-27 2h:56:59] 76561199108250772: Teleported to position <3181.304932, 16.350685, 6882.165039>
[COT 2023-10-27 2h:57:21] 76561199108250772: ESP: Viewing ESP
[COT 2023-10-27 2h:57:25] 76561199108250772: Entered the Free Camera
[COT 2023-10-27 3h:1m:53] 76561199108250772: Left the Free Camera
[COT 2023-10-27 3h:2m:1s] 76561199108250772: ESP: Clearing ESP
[COT 2023-10-27 3h:2m:33] 76561199108250772: Spawned Entity Car Battery (CarBattery<8412d760>, 50, 200, 0) at <3236.634766, 17.699993, 6795.063477>
[COT 2023-10-27 3h:2m:50] 76561199108250772: Teleported to position <8457.769531, 46.403831, 9761.427734>
[COT 2023-10-27 3h:3m:32] 76561199108250772: Repaired Transport [guid=OAdpPkJP2Ps_W7h2ttR1bK23ekHCzrxw0mDT3zqLMdU=]
[COT 2023-10-27 3h:4m:24] 76561199108250772: Teleported to position <129.914124, 381.416840, 2077.404297>
[COT 2023-10-27 3h:5m:9s] 76561199108250772: Teleported to position <1029.090088, 258.626129, 914.814453>
[COT 2023-10-27 3h:5m:17] 76561199108250772: ESP: Viewing ESP
[COT 2023-10-27 3h:5m:23] 76561199108250772: ESP: Clearing ESP
[COT 2023-10-27 3h:5m:24] 76561199108250772: ESP: Viewing ESP
[COT 2023-10-27 3h:5m:51] 76561199108250772: ESP: Clearing ESP
[COT 2023-10-27 3h:5m:51] 76561199108250772: ESP: Viewing ESP
[COT 2023-10-27 3h:6m:12] 76561199108250772: Teleported to position <1000.003540, 177.620468, 995.808105>
[COT 2023-10-27 3h:6m:17] 76561199108250772: ESP: Clearing ESP
[COT 2023-10-27 3h:6m:18] 76561199108250772: ESP: Viewing ESP
[COT 2023-10-27 3h:6m:21] 76561199108250772: Entered the Free Camera
[COT 2023-10-27 3h:6m:45] 76561199108250772: Left the Free Camera
[COT 2023-10-27 3h:6m:51] 76561199108250772: ESP: Clearing ESP
[COT 2023-10-27 3h:7m:38] 76561199108250772: Spawned Entity KA-74 (AK74<95fb1940>, 1000, 250, 0) at <679.774841, 27.255156, 1187.100098>
[COT 2023-10-27 3h:8m:7s] 76561199108250772: Spawned Entity Deagle (Deagle_Gold<65d17950>, 100, 220, 0) at <701.725342, 27.088032, 1189.593994>
[COT 2023-10-27 3h:8m:29] 76561199108250772: Spawned Entity Boxed .357 Rounds (AmmoBox_357_20Rnd<7c4abd40>, 100, 100, 0) at <701.863464, 27.156580, 1189.593994>
[COT 2023-10-27 3h:8m:32] 76561199108250772: Spawned Entity Boxed .357 Rounds (AmmoBox_357_20Rnd<7c4a7a50>, 100, 100, 0) at <701.888245, 26.793819, 1189.593994>
[COT 2023-10-27 3h:11:12] 76561199108250772: Set Invisibility To 1 [guid=OAdpPkJP2Ps_W7h2ttR1bK23ekHCzrxw0mDT3zqLMdU=]
[COT 2023-10-27 3h:11:27] 76561199108250772: Teleported to position <9120.497070, 5.978881, 8090.800781>
[COT 2023-10-27 3h:11:36] 76561199108250772: Entered the Free Camera
[COT 2023-10-27 3h:11:41] 76561199108250772: Left the Free Camera
[COT 2023-10-27 3h:11:43] 76561199108250772: Entered the Free Camera
[COT 2023-10-27 3h:12:18] 76561199108250772: Left the Free Camera
[COT 2023-10-27 3h:12:36] 76561199108250772: Healed [guid=0QLRo9NWV-maMIDkMhJ5b5gHyC6Kx0Um6SQMCzFlvWU=]
[COT 2023-10-27 3h:12:40] 76561199108250772: Healed [guid=AFb9FdBvYqk0PhvrBW_o_UEqkgpfqZ5dJY_Pqew1Lu8=]
[COT 2023-10-27 3h:12:47] 76561199108250772: Entered the Free Camera
[COT 2023-10-27 3h:12:55] 76561199108250772: Left the Free Camera
[COT 2023-10-27 3h:13:0s] 76561199108250772: Set Invisibility To 0 [guid=OAdpPkJP2Ps_W7h2ttR1bK23ekHCzrxw0mDT3zqLMdU=]
[COT 2023-10-27 3h:13:28] 76561199108250772: Entered the Free Camera
[COT 2023-10-27 3h:13:43] 76561199108250772: Left the Free Camera
[COT 2023-10-27 3h:13:47] 76561199108250772: Entered the Free Camera
[COT 2023-10-27 3h:13:58] 76561199108250772: Left the Free Camera
[COT 2023-10-27 3h:20:23] 76561199108250772: Teleported to position <9132.110352, 5.724766, 8093.002441>
[COT 2023-10-27 3h:20:40] 76561199108250772: Spawned Entity Sea Chest (SeaChest<985a71d0>, 100, 600, 0) at <9130.358398, 5.614462, 8080.033691>
[COT 2023-10-27 3h:20:48] 76561199108250772: Spawned Entity Alcoholic Tincture (DisinfectantAlcohol<5362a930>, 200, 30, 0) at <9129.792969, 5.616073, 8080.354980>
[COT 2023-10-27 3h:20:48] 76561199108250772: Spawned Entity Alcoholic Tincture (DisinfectantAlcohol<53632c00>, 200, 30, 0) at <9129.802734, 5.729703, 8080.425781>
[COT 2023-10-27 3h:20:56] 76561199108250772: Spawned Entity MVS Canteen - Black (Canteen<53621240>, 1000, 100, 1) at <9129.624023, 5.615451, 8080.059082>
[COT 2023-10-27 3h:20:56] 76561199108250772: Spawned Entity MVS Canteen - Black (Canteen<53621c50>, 1000, 100, 1) at <9129.647461, 5.744549, 8080.166016>
[COT 2023-10-27 3h:21:2s] 76561199108250772: Spawned Entity #syb_tetracycline_name (TabletsBase<5362e590>, 10, 50, 0) at <9129.670898, 5.872260, 8080.271973>
[COT 2023-10-27 3h:21:3s] 76561199108250772: Spawned Entity #syb_tetracycline_name (TabletsBase<5360da50>, 10, 50, 0) at <9129.685547, 5.953817, 8080.339355>
[COT 2023-10-27 3h:21:8s] 76561199108250772: Spawned Entity Multivitamin Pills (VitaminBottle<5360ee70>, 50, 50, 0) at <9129.697266, 6.019887, 8080.394043>
[COT 2023-10-27 3h:21:8s] 76561199108250772: Spawned Entity Multivitamin Pills (VitaminBottle<53610290>, 50, 50, 0) at <9129.712891, 6.104903, 8080.464355>
[COT 2023-10-27 3h:21:17] 76561199108250772: Spawned Entity MVS Sling Pack - Black (MountainBag_ColorBase<985a5520>, 50, 300, 0) at <9129.433594, 5.616765, 8080.442383>
[COT 2023-10-27 3h:21:27] 76561199108250772: Spawned Entity AUR A1 (AugShort<95f95da0>, 50, 300, 0) at <9129.294922, 5.615929, 8080.083496>
[COT 2023-10-27 3h:23:16] 76561199108250772: Spawned Entity Canned Baked Beans (BakedBeansCan_Opened<a8ce810>, 400, 100, 0) at <9129.534180, 5.615756, 8080.127441>
[COT 2023-10-27 3h:23:18] 76561199108250772: Spawned Entity Canned Baked Beans (BakedBeansCan_Opened<a8cfc30>, 400, 100, 0) at <9129.629883, 5.614999, 8079.901367>
[COT 2023-10-27 3h:23:31] 76561199108250772: Spawned Entity Hunting Knife (HuntingKnife<8a55a620>, 250, 130, 0) at <9129.618164, 5.616353, 8080.377441>
[COT 2023-10-27 3h:23:32] 76561199108250772: Spawned Entity Hunting Knife (HuntingKnife<8a55afb0>, 250, 130, 0) at <9129.629883, 5.675154, 8080.411133>
[COT 2023-10-27 3h:24:28] 76561199108250772: Entered the Free Camera
[COT 2023-10-27 3h:24:38] 76561199108250772: Left the Free Camera
[COT 2023-10-27 3h:26:42] 76561199108250772: Set GodMode To true [guid=OAdpPkJP2Ps_W7h2ttR1bK23ekHCzrxw0mDT3zqLMdU=]
[COT 2023-10-27 3h:26:43] 76561199108250772: Set Invisibility To 1 [guid=OAdpPkJP2Ps_W7h2ttR1bK23ekHCzrxw0mDT3zqLMdU=]
[COT 2023-10-27 3h:26:43] 76561199108250772: Set cannot be targeted by AI to true [guid=OAdpPkJP2Ps_W7h2ttR1bK23ekHCzrxw0mDT3zqLMdU=]
[COT 2023-10-27 3h:26:43] 76561199108250772: Set UnlimitedStamina To true [guid=OAdpPkJP2Ps_W7h2ttR1bK23ekHCzrxw0mDT3zqLMdU=]
[COT 2023-10-27 3h:26:44] 76561199108250772: Set UnlimitedAmmo To true [guid=OAdpPkJP2Ps_W7h2ttR1bK23ekHCzrxw0mDT3zqLMdU=]
[COT 2023-10-27 3h:27:12] 76561199108250772: Teleported to position <9121.005859, 5.799668, 8084.130859>
[COT 2023-10-27 3h:29:19] 76561199108250772: Teleported to position <9422.274414, 0.319686, 8202.625977>
[COT 2023-10-27 3h:29:27] 76561199108250772: Set GodMode To true [guid=OAdpPkJP2Ps_W7h2ttR1bK23ekHCzrxw0mDT3zqLMdU=]
[COT 2023-10-27 3h:29:28] 76561199108250772: Set Invisibility To 1 [guid=OAdpPkJP2Ps_W7h2ttR1bK23ekHCzrxw0mDT3zqLMdU=]
[COT 2023-10-27 3h:29:28] 76561199108250772: Set cannot be targeted by AI to true [guid=OAdpPkJP2Ps_W7h2ttR1bK23ekHCzrxw0mDT3zqLMdU=]
[COT 2023-10-27 3h:29:28] 76561199108250772: Set UnlimitedStamina To true [guid=OAdpPkJP2Ps_W7h2ttR1bK23ekHCzrxw0mDT3zqLMdU=]
[COT 2023-10-27 3h:29:29] 76561199108250772: Set UnlimitedAmmo To true [guid=OAdpPkJP2Ps_W7h2ttR1bK23ekHCzrxw0mDT3zqLMdU=]
[COT 2023-10-27 3h:29:50] 76561199108250772: Entered the Free Camera
[COT 2023-10-27 3h:30:21] 76561199108250772: Left the Free Camera
[COT 2023-10-27 3h:30:23] 76561199108250772: Entered the Free Camera
[COT 2023-10-27 3h:31:37] 76561199108250772: Left the Free Camera
[COT 2023-10-27 3h:31:47] 76561199108250772: Entered the Free Camera
[COT 2023-10-27 3h:34:52] 76561199108250772: Left the Free Camera
[COT 2023-10-27 3h:54:2s] 76561199108250772: Spawned Entity #syb_zvirus_antidot_name (InjectorBase<937a4420>, 100, 100, 0) at <9153.947266, 3.756982, 8026.952637>
[COT 2023-10-27 3h:54:2s] 76561199108250772: Spawned Entity #syb_zvirus_antidot_name (InjectorBase<9379e480>, 100, 100, 0) at <9153.993164, 3.795437, 8026.915039>
[COT 2023-10-27 3h:54:25] 76561199108250772: Spawned Entity #syb_topoizomeraza_name (InjectorBase<93795510>, 100, 100, 0) at <9076.880859, 5.571981, 8344.775391>
[COT 2023-10-27 3h:54:25] 76561199108250772: Spawned Entity #syb_topoizomeraza_name (InjectorBase<93795ea0>, 100, 100, 0) at <9076.800781, 5.642660, 8344.817383>
[COT 2023-10-27 3h:54:46] 76561199108250772: Teleported to position <9330.584961, 4.631686, 7999.136719>
[COT 2023-10-27 3h:55:0s] 76561199108250772: Set Invisibility To 0 [guid=OAdpPkJP2Ps_W7h2ttR1bK23ekHCzrxw0mDT3zqLMdU=]
[COT 2023-10-27 3h:55:25] 76561199108250772: Spawned Entity Alcoholic Tincture (DisinfectantAlcohol<5486180>, 200, 30, 0) at <9334.433594, 4.831657, 7997.201172>
[COT 2023-10-27 3h:57:20] 76561199108250772: Entered the Free Camera
[COT 2023-10-27 3h:57:26] 76561199108250772: Left the Free Camera
