[COT 2024-2M-20 19:33:18] 76561199407766611: Stripped [guid=spMEkRl42onhFHdF_u42e0T03x2sj347kUc600NXdGA=]
[COT 2024-2M-20 19:33:19] 76561199407766611: Healed [guid=spMEkRl42onhFHdF_u42e0T03x2sj347kUc600NXdGA=]
[COT 2024-2M-20 19:33:20] 76561199407766611: Set Invisibility To 1 [guid=spMEkRl42onhFHdF_u42e0T03x2sj347kUc600NXdGA=]
[COT 2024-2M-20 19:33:20] 76561199407766611: Set GodMode To true [guid=spMEkRl42onhFHdF_u42e0T03x2sj347kUc600NXdGA=]
[COT 2024-2M-20 19:33:21] 76561199407766611: Set UnlimitedAmmo To true [guid=spMEkRl42onhFHdF_u42e0T03x2sj347kUc600NXdGA=]
[COT 2024-2M-20 19:33:22] 76561199407766611: Set UnlimitedStamina To true [guid=spMEkRl42onhFHdF_u42e0T03x2sj347kUc600NXdGA=]
[COT 2024-2M-20 19:33:29] 76561199407766611: Spawned Entity ADMIN GEAR-DOC-TOP (DOC_ADMIN_DOC_TOP<25c49b00>, 100, 80, 0) at <7868.168945, 12.988958, 1490.385132>
[COT 2024-2M-20 19:33:30] 76561199407766611: Spawned Entity ADMIN GEAR-DOC-BOTTOM (DOC_ADMIN_DOC_BOTTOM<25c45ea0>, 100, 80, 0) at <7868.110352, 13.171537, 1490.349731>
[COT 2024-2M-20 19:34:4s] 76561199407766611: Spawned Entity #syb_medcontainer_middle_name (MedContainerMedium<a27af9c0>, 100, 100, 0) at <7867.330078, 12.977886, 1489.515381>
[COT 2024-2M-20 19:34:4s] 76561199407766611: Spawned Entity #syb_medcontainer_middle_name (MedContainerMedium<a27abd60>, 100, 100, 0) at <7867.324707, 12.978045, 1489.516602>
[COT 2024-2M-20 19:34:17] 76561199407766611: Spawned Entity #syb_diazinon_name (SyberiaMedicineAmpoule<74e66db0>, 4, 50, 0) at <7868.120117, 12.955718, 1489.316040>
[COT 2024-2M-20 19:34:17] 76561199407766611: Spawned Entity #syb_diazinon_name (SyberiaMedicineAmpoule<74e61320>, 4, 50, 0) at <7868.098145, 13.085262, 1489.368652>
[COT 2024-2M-20 19:34:19] 76561199407766611: Spawned Entity #syb_irineks_name (SyberiaMedicineAmpoule<74e61d30>, 4, 50, 0) at <7868.068848, 13.219150, 1489.415283>
[COT 2024-2M-20 19:34:20] 76561199407766611: Spawned Entity #syb_irineks_name (SyberiaMedicineAmpoule<74e63150>, 4, 50, 0) at <7868.045898, 13.351265, 1489.467896>
[COT 2024-2M-20 19:34:22] 76561199407766611: Spawned Entity #syb_propofol_name (SyberiaMedicineAmpoule<74e704a0>, 4, 50, 0) at <7868.029297, 13.488124, 1489.524048>
[COT 2024-2M-20 19:34:22] 76561199407766611: Spawned Entity #syb_propofol_name (SyberiaMedicineAmpoule<74e6fa90>, 4, 50, 0) at <7868.007324, 13.618184, 1489.577515>
[COT 2024-2M-20 19:34:24] 76561199407766611: Spawned Entity #syb_ketorol_name (SyberiaMedicineAmpoule<74e6c840>, 4, 50, 0) at <7867.982910, 13.754679, 1489.630249>
[COT 2024-2M-20 19:34:24] 76561199407766611: Spawned Entity #syb_ketorol_name (SyberiaMedicineAmpoule<74e76940>, 4, 50, 0) at <7867.960449, 13.886023, 1489.683228>
[COT 2024-2M-20 19:34:26] 76561199407766611: Spawned Entity #syb_flemoclav_name (SyberiaMedicineAmpoule<74e77350>, 4, 50, 0) at <7867.932617, 14.023746, 1489.731812>
[COT 2024-2M-20 19:34:26] 76561199407766611: Spawned Entity #syb_flemoclav_name (SyberiaMedicineAmpoule<74e7ec10>, 4, 50, 0) at <7867.908691, 14.159925, 1489.785400>
[COT 2024-2M-20 19:34:32] 76561199407766611: Spawned Entity #syb_vikasol_name (SyberiaMedicineAmpoule<74e7c3d0>, 4, 50, 0) at <7867.955566, 12.957267, 1489.261841>
[COT 2024-2M-20 19:34:35] 76561199407766611: Spawned Entity #syb_actovegin_name (SyberiaMedicineAmpoule<74e80a40>, 4, 50, 0) at <7867.935059, 13.090639, 1489.318481>
[COT 2024-2M-20 19:34:36] 76561199407766611: Spawned Entity #syb_zvirus_antidot_name (SyberiaMedicineAmpoule<9a80af10>, 4, 50, 0) at <7867.930176, 13.221158, 1489.372803>
[COT 2024-2M-20 19:34:37] 76561199407766611: Spawned Entity #syb_zvirus_antidot_name (SyberiaMedicineAmpoule<9a8068a0>, 4, 50, 0) at <7867.918945, 13.348650, 1489.432495>
[COT 2024-2M-20 19:34:43] 76561199407766611: Spawned Entity #syb_amoksivan_name (SyberiaMedicineAmpoule<b8a22470>, 4, 50, 0) at <7867.820313, 12.957899, 1489.196899>
[COT 2024-2M-20 19:34:43] 76561199407766611: Spawned Entity #syb_amoksivan_name (SyberiaMedicineAmpoule<b8a23890>, 4, 50, 0) at <7867.816406, 13.086910, 1489.257202>
[COT 2024-2M-20 19:34:48] 76561199407766611: Spawned Entity #syb_pentacin (SyberiaMedicineAmpoule<a8893760>, 4, 50, 0) at <7867.804688, 13.219398, 1489.319458>
[COT 2024-2M-20 19:34:49] 76561199407766611: Spawned Entity #syb_pentacin (SyberiaMedicineAmpoule<a888e6e0>, 4, 50, 0) at <7867.801270, 13.344108, 1489.379028>
[COT 2024-2M-20 19:34:49] 76561199407766611: Spawned Entity #syb_pentacin (SyberiaMedicineAmpoule<a889c440>, 4, 50, 0) at <7867.797852, 13.469642, 1489.437622>
[COT 2024-2M-20 19:36:9s] 76561199407766611: Spawned Entity Alcoholic Tincture (DisinfectantAlcohol<18ef1b30>, 200, 30, 0) at <7867.798828, 12.959489, 1489.232910>
[COT 2024-2M-20 19:36:9s] 76561199407766611: Spawned Entity Alcoholic Tincture (DisinfectantAlcohol<18ef2540>, 200, 30, 0) at <7867.794922, 13.087366, 1489.292480>
[COT 2024-2M-20 19:36:10] 76561199407766611: Spawned Entity Alcoholic Tincture (DisinfectantAlcohol<18f0c1d0>, 200, 30, 0) at <7867.791992, 13.200748, 1489.350708>
[COT 2024-2M-20 19:36:10] 76561199407766611: Spawned Entity Alcoholic Tincture (DisinfectantAlcohol<18f08f80>, 200, 30, 0) at <7867.787598, 13.324984, 1489.412354>
[COT 2024-2M-20 19:36:15] 76561199407766611: Spawned Entity Bandage (BandageDressing<18f11250>, 4, 50, 0) at <7867.775391, 13.457633, 1489.470337>
[COT 2024-2M-20 19:36:16] 76561199407766611: Spawned Entity Bandage (BandageDressing<18f0adb0>, 4, 50, 0) at <7867.773926, 13.545183, 1489.508179>
[COT 2024-2M-20 19:36:16] 76561199407766611: Spawned Entity Bandage (BandageDressing<18f13080>, 4, 50, 0) at <7867.772949, 13.633947, 1489.546509>
[COT 2024-2M-20 19:36:16] 76561199407766611: Spawned Entity Bandage (BandageDressing<18f13a90>, 4, 50, 0) at <7867.771973, 13.720843, 1489.585205>
[COT 2024-2M-20 19:36:18] 76561199407766611: Spawned Entity #syb_hemostatic_bandage_name (BandageDressing<18f0cbe0>, 1, 80, 0) at <7867.770508, 13.808207, 1489.636475>
[COT 2024-2M-20 19:36:18] 76561199407766611: Spawned Entity #syb_hemostatic_bandage_name (BandageDressing<18f144a0>, 1, 80, 0) at <7867.769531, 13.853659, 1489.654419>
[COT 2024-2M-20 19:36:28] 76561199407766611: Spawned Entity Surgical Gloves (SurgicalGloves_Blue<18f0e000>, 1, 50, 0) at <7867.420898, 12.965281, 1489.177612>
[COT 2024-2M-20 19:36:28] 76561199407766611: Spawned Entity Surgical Gloves (SurgicalGloves_Blue<18f18b10>, 1, 50, 0) at <7867.430176, 13.024942, 1489.207764>
[COT 2024-2M-20 19:36:30] 76561199407766611: Spawned Entity #syb_surgical_kit_once_name (SurgicalKit<aadd70f0>, 100, 100, 0) at <7867.443848, 13.090308, 1489.239746>
[COT 2024-2M-20 19:36:31] 76561199407766611: Spawned Entity #syb_surgical_kit_once_name (SurgicalKit<aade1c00>, 100, 100, 0) at <7867.451660, 13.129147, 1489.259888>
[COT 2024-2M-20 19:36:31] 76561199407766611: Spawned Entity #syb_surgical_kit_once_name (SurgicalKit<aade4e50>, 100, 100, 0) at <7867.458496, 13.168540, 1489.283081>
[COT 2024-2M-20 19:36:31] 76561199407766611: Spawned Entity #syb_surgical_kit_once_name (SurgicalKit<aade5860>, 100, 100, 0) at <7867.464844, 13.207378, 1489.306641>
[COT 2024-2M-20 19:36:38] 76561199407766611: Spawned Entity #syb_syringe_empty_name (SyringeEmpty<aadfeae0>, 100, 50, 0) at <7867.470215, 13.246772, 1489.319580>
[COT 2024-2M-20 19:36:38] 76561199407766611: Spawned Entity #syb_syringe_empty_name (SyringeEmpty<aae01320>, 100, 50, 0) at <7867.473633, 13.266705, 1489.331177>
[COT 2024-2M-20 19:36:38] 76561199407766611: Spawned Entity #syb_syringe_empty_name (SyringeEmpty<aadfa470>, 100, 50, 0) at <7867.477051, 13.281275, 1489.341675>
[COT 2024-2M-20 19:36:38] 76561199407766611: Spawned Entity #syb_syringe_empty_name (SyringeEmpty<aae01d30>, 100, 50, 0) at <7867.479980, 13.296228, 1489.353882>
[COT 2024-2M-20 19:36:48] 76561199407766611: Spawned Entity #syb_venlafaxyn (TabletsBase<aae03150>, 10, 50, 0) at <7867.482422, 13.318140, 1489.364990>
[COT 2024-2M-20 19:36:49] 76561199407766611: Spawned Entity #syb_venlafaxyn (TabletsBase<aae0b420>, 10, 50, 0) at <7867.493652, 13.383617, 1489.396851>
[COT 2024-2M-20 19:36:49] 76561199407766611: Spawned Entity #syb_venlafaxyn (TabletsBase<aae0c840>, 10, 50, 0) at <7867.504395, 13.468700, 1489.438965>
[COT 2024-2M-20 19:36:49] 76561199407766611: Spawned Entity #syb_venlafaxyn (TabletsBase<aae118c0>, 10, 50, 0) at <7867.514160, 13.534177, 1489.470825>
[COT 2024-2M-20 19:38:36] 76561199407766611: Spawned Entity MVS Rucksack - Black (MountainBag_ColorBase<9a140c50>, 100, 300, 0) at <7867.909180, 12.974968, 1489.785400>
[COT 2024-2M-20 19:39:2s] 76561199407766611: Spawned Entity Doc's Blue M4 Carstock (DOC_M4CARSTOCK_BLUE<97db0f80>, 100, 200, 0) at <7867.902344, 13.361553, 1489.816284>
[COT 2024-2M-20 19:39:11] 76561199407766611: Spawned Entity Doc's Blue M4 RIS Handguard (DOC_M4RIS_BLUE<86747840>, 100, 250, 0) at <7867.899902, 13.447796, 1489.812622>
[COT 2024-2M-20 19:39:26] 76561199407766611: Spawned Entity $Doc's Galaxy Suppressor (ItemSuppressor<8671d610>, 150, 1800, 0) at <7867.896973, 13.511363, 1489.824341>
[COT 2024-2M-20 19:39:33] 76561199407766611: Spawned Entity Doc's Purple M4 (DOC_M4_PURPLE<a86bee10>, 150, 1200, 0) at <7867.895020, 13.550576, 1489.826904>
[COT 2024-2M-20 19:39:51] 76561199407766611: Spawned Entity Doc's Royalfoil Stanag69 (DOC_STANAG69_ROYALFOIL<a015afa0>, 69, 200, 0) at <7867.891113, 13.361553, 1489.872070>
[COT 2024-2M-20 19:39:51] 76561199407766611: Spawned Entity Doc's Royalfoil Stanag69 (DOC_STANAG69_ROYALFOIL<a0163270>, 69, 200, 0) at <7867.887207, 13.448334, 1489.878784>
[COT 2024-2M-20 19:40:10] 76561199407766611: Spawned Entity Doc's Galaxy M4 Carstock (DOC_M4CARSTOCK_GALAXY<8a286a80>, 100, 200, 0) at <7868.625000, 12.961128, 1489.800537>
[COT 2024-2M-20 19:40:10] 76561199407766611: Spawned Entity Doc's Galaxy M4 RIS Handguard (DOC_M4RIS_GALAXY<8a28f760>, 100, 250, 0) at <7868.595215, 13.038821, 1489.808838>
[COT 2024-2M-20 19:40:11] 76561199407766611: Spawned Entity $Doc's Galaxy Suppressor (ItemSuppressor<8a289cd0>, 100, 1800, 0) at <7868.564453, 13.102388, 1489.820190>
[COT 2024-2M-20 19:40:12] 76561199407766611: Spawned Entity Doc's Galaxy M4 (DOC_M4_GALAXY<968bbc40>, 100, 1200, 0) at <7868.550781, 13.142271, 1489.827637>
[COT 2024-2M-20 19:40:13] 76561199407766611: Spawned Entity Doc's Galaxy Stanag69 (DOC_STANAG69_GALAXY<8a298440>, 69, 200, 0) at <7868.511230, 13.238029, 1489.852661>
[COT 2024-2M-20 19:40:14] 76561199407766611: Spawned Entity Doc's Galaxy Stanag69 (DOC_STANAG69_GALAXY<8a299860>, 69, 200, 0) at <7868.474121, 13.324809, 1489.868896>
[COT 2024-2M-20 19:41:3s] 76561199407766611: Spawned Entity MVS Canteen - Multicam Black (Canteen<9fe0dc80>, 1000, 100, 512) at <7868.579590, 12.988716, 1490.634644>
[COT 2024-2M-20 19:41:6s] 76561199407766611: Spawned Entity MVS Chestrig - Multicam Black (ModularChestRig_Base<9e2dbf90>, 1000, 100, 0) at <7868.512207, 13.154142, 1490.597046>
[COT 2024-2M-20 19:41:11] 76561199407766611: Spawned Entity MVS Gorka Top - Multicam Black (GorkaEJacket_Flat<9e2aeb10>, 1000, 130, 0) at <7868.354004, 13.539078, 1490.509644>
[COT 2024-2M-20 19:41:14] 76561199407766611: Spawned Entity MVS Gorka Pants - Multicam Black (GorkaPants_Flat<9e2a9a90>, 1000, 130, 0) at <7868.307129, 13.681554, 1490.476685>
[COT 2024-2M-20 22:0m:41] 76561199407766611: Set GodMode To true [guid=spMEkRl42onhFHdF_u42e0T03x2sj347kUc600NXdGA=]
[COT 2024-2M-20 22:0m:42] 76561199407766611: Set Invisibility To 1 [guid=spMEkRl42onhFHdF_u42e0T03x2sj347kUc600NXdGA=]
[COT 2024-2M-20 22:1m:30] 76561199407766611: Set Invisibility To 0 [guid=spMEkRl42onhFHdF_u42e0T03x2sj347kUc600NXdGA=]
[COT 2024-2M-20 22:1m:39] 76561199407766611: Spawned Entity Assault Boots (MilitaryBoots_Black<a200f4f0>, 100, 180, 0) at <7868.160645, 13.012003, 1491.100220>
[COT 2024-2M-20 22:2m:6s] 76561199407766611: Spawned Entity MVS Canteen - Multicam Black (Canteen<a6fbe500>, 1000, 100, 512) at <7867.937012, 13.004017, 1490.711060>
[COT 2024-2M-20 22:2m:10] 76561199407766611: Spawned Entity MVS Chestrig - Multicam Black (ModularChestRig_Base<9c297d30>, 1000, 100, 0) at <7867.896484, 13.232327, 1490.637817>
[COT 2024-2M-20 22:2m:10] 76561199407766611: Spawned Entity MVS Chestrig - Multicam Black (ModularChestRig_Base<9c2895c0>, 1000, 100, 0) at <7867.831055, 13.617262, 1490.514038>
[COT 2024-2M-20 22:2m:15] 76561199407766611: Spawned Entity MVS Combat Belt - Multicam Black (Modular_Belt_Base<a94ba340>, 1000, 100, 0) at <7867.764648, 14.002197, 1490.385376>
[COT 2024-2M-20 22:2m:16] 76561199407766611: Spawned Entity MVS Combat Belt - Multicam Black (Modular_Belt_Base<a94b8f20>, 1000, 100, 0) at <7867.749512, 14.127610, 1490.368652>
[COT 2024-2M-20 22:2m:19] 76561199407766611: Spawned Entity MVS Gorka Pants - Multicam Black (GorkaPants_Flat<a94b3490>, 1000, 130, 0) at <7867.722656, 14.253023, 1490.322510>
[COT 2024-2M-20 22:2m:20] 76561199407766611: Spawned Entity MVS Gorka Top - Multicam Black (GorkaEJacket_Flat<a94b3ea0>, 1000, 130, 0) at <7867.687500, 14.477552, 1490.240356>
[COT 2024-2M-20 22:3m:2s] 76561199407766611: Spawned Entity Assault Boots (MilitaryBoots_Black<8fa9d940>, 100, 180, 0) at <7867.880859, 13.006651, 1490.758545>
[COT 2024-2M-20 22:3m:29] 76561199407766611: Teleported to <3132.728271, 8.999029, 5466.501953> [guid=pod5B72JHSqsn_XNMr587skUFpcgUl5U4e6KmhqavEU=]
[COT 2024-2M-20 22:4m:23] 76561199407766611: Spawned Entity Sea Chest (SeaChest<9c620d30>, 100, 600, 0) at <3130.739746, 8.999035, 5469.975098>
[COT 2024-2M-20 22:4m:23] 76561199407766611: Spawned Entity Sea Chest (SeaChest<9c61b2a0>, 100, 600, 0) at <3130.921143, 9.303495, 5469.700684>
[COT 2024-2M-20 22:4m:24] 76561199407766611: Spawned Entity Sea Chest (SeaChest<9c61bcb0>, 100, 600, 0) at <3131.103027, 9.608745, 5469.425781>
[COT 2024-2M-20 22:4m:24] 76561199407766611: Spawned Entity Sea Chest (SeaChest<9c61c6c0>, 100, 600, 0) at <3131.240479, 9.839927, 5469.217773>
