[COT 2023-11-15 2h:57:41] 76561199108250772: Set GodMode To true [guid=OAdpPkJP2Ps_W7h2ttR1bK23ekHCzrxw0mDT3zqLMdU=]
[COT 2023-11-15 2h:57:41] 76561199108250772: Set cannot be targeted by AI to true [guid=OAdpPkJP2Ps_W7h2ttR1bK23ekHCzrxw0mDT3zqLMdU=]
[COT 2023-11-15 2h:57:42] 76561199108250772: Set UnlimitedStamina To true [guid=OAdpPkJP2Ps_W7h2ttR1bK23ekHCzrxw0mDT3zqLMdU=]
[COT 2023-11-15 2h:57:42] 76561199108250772: Set UnlimitedAmmo To true [guid=OAdpPkJP2Ps_W7h2ttR1bK23ekHCzrxw0mDT3zqLMdU=]
[COT 2023-11-15 2h:58:13] 76561199108250772: Teleported to position <9305.203125, 6.255890, 8772.055664>
[COT 2023-11-15 2h:59:17] 76561199108250772: Entered the Free Camera
[COT 2023-11-15 2h:59:22] 76561199108250772: Left the Free Camera
[COT 2023-11-15 2h:59:36] 76561199108250772: Spawned Entity #syb_adepress (TabletsBase<aa55b3c0>, 10, 50, 0) at <9319.118164, 7.412398, 8746.372070>
[COT 2023-11-15 3h:0m:13] 76561199108250772: Spawned Entity Alcoholic Tincture (DisinfectantAlcohol<a3f472a0>, 200, 30, 0) at <9319.129883, 7.412398, 8745.721680>
[COT 2023-11-15 3h:0m:25] 76561199108250772: Spawned Entity #syb_ibuprofen_name (TabletsBase<1cc3e670>, 10, 50, 0) at <9319.071289, 7.502132, 8745.711914>
[COT 2023-11-15 3h:0m:46] 76561199108250772: Spawned Entity Canteen (Canteen<1cc3aa10>, 1000, 100, 1) at <9319.176758, 7.412398, 8746.130859>
[COT 2023-11-15 3h:1m:43] 76561199108250772: Spawned Entity #syb_actovegin_name (SyberiaMedicineAmpoule<20056840>, 4, 50, 0) at <9319.724609, 7.412398, 8745.398438>
[COT 2023-11-15 3h:2m:5s] 76561199108250772: Spawned Entity #syb_syringe_empty_name (SyringeEmpty<2005be50>, 4, 50, 0) at <9319.812500, 7.412398, 8746.134766>
[COT 2023-11-15 3h:2m:22] 76561199108250772: Spawned Entity #syb_topoizomeraza_name (InjectorBase<20060140>, 4, 100, 0) at <9319.791992, 7.435546, 8746.129883>
[COT 2023-11-15 3h:2m:29] 76561199108250772: Spawned Entity #syb_zvirus_antidot_name (SyberiaMedicineAmpoule<20051bc0>, 4, 50, 0) at <9319.741211, 7.480788, 8746.113281>
[COT 2023-11-15 3h:4m:41] 76561199108250772: Spawned Entity #syb_tetracycline_name (TabletsBase<a4f362b0>, 10, 50, 0) at <9319.472656, 7.412398, 8746.049805>
[COT 2023-11-15 3h:4m:46] 76561199108250772: Spawned Entity Multivitamin Pills (VitaminBottle<a4f47c70>, 50, 50, 0) at <9319.472656, 7.412398, 8746.049805>
[COT 2023-11-15 3h:5m:4s] 76561199108250772: Spawned Entity Cooking Pot (Pot<7fc92940>, 2000, 200, 1) at <9319.183594, 7.412398, 8746.195313>
[COT 2023-11-15 3h:5m:10] 76561199108250772: Spawned Entity Campfire Tripod (Tripod<14257650>, 2000, 500, 0) at <9319.095703, 7.549077, 8746.147461>
[COT 2023-11-15 3h:7m:19] 76561199108250772: Spawned Entity Lighter (PetrolLighter<17fdea90>, 20, 20, 0) at <9319.569336, 7.412398, 8745.979492>
[COT 2023-11-15 3h:7m:49] 76561199108250772: Spawned Entity Firewood (Firewood<17fd5190>, 1, 500, 0) at <9319.554688, 7.418216, 8743.046875>
[COT 2023-11-15 3h:7m:49] 76561199108250772: Spawned Entity Firewood (Firewood<17fcfb80>, 1, 500, 0) at <9319.409180, 7.582935, 8743.214844>
[COT 2023-11-15 3h:7m:49] 76561199108250772: Spawned Entity Firewood (Firewood<17fd77d0>, 1, 500, 0) at <9319.251953, 7.759546, 8743.396484>
[COT 2023-11-15 3h:7m:49] 76561199108250772: Spawned Entity Firewood (Firewood<19277a40>, 1, 500, 0) at <9319.250977, 7.759547, 8743.397461>
[COT 2023-11-15 3h:7m:49] 76561199108250772: Spawned Entity Firewood (Firewood<19275d90>, 1, 500, 0) at <9319.093750, 7.936158, 8743.578125>
[COT 2023-11-15 3h:8m:2s] 76561199108250772: Spawned Entity Paper (Paper<92342a00>, 10, 15, 0) at <9320.023438, 7.418216, 8743.179688>
[COT 2023-11-15 3h:8m:2s] 76561199108250772: Spawned Entity Paper (Paper<9234b970>, 10, 15, 0) at <9319.940430, 7.490547, 8743.248047>
[COT 2023-11-15 3h:8m:3s] 76561199108250772: Spawned Entity Paper (Paper<92353f50>, 10, 15, 0) at <9319.858398, 7.562879, 8743.314453>
[COT 2023-11-15 3h:11:45] 76561199108250772: Spawned Entity Sharpening Stone (Whetstone<a55ca080>, 100, 50, 0) at <9320.014648, 7.418216, 8742.520508>
[COT 2023-11-15 3h:12:6s] 76561199108250772: Spawned Entity Canned Bacon (TacticalBaconCan<9697e510>, 400, 100, 0) at <9320.016602, 7.418217, 8742.516602>
[COT 2023-11-15 3h:12:6s] 76561199108250772: Spawned Entity Canned Bacon (TacticalBaconCan<969542e0>, 400, 100, 0) at <9319.954102, 7.561750, 8742.560547>
[COT 2023-11-15 3h:16:43] 76561199108250772: Entered the Free Camera
[COT 2023-11-15 3h:17:7s] 76561199108250772: Left the Free Camera
[COT 2023-11-15 3h:17:18] 76561199108250772: Entered the Free Camera
[COT 2023-11-15 3h:18:4s] 76561199108250772: Spawned Entity Repeater Carbine (Repeater<237e7460>, 100, 250, 0) at <9331.266602, 6.832371, 8767.986328>
[COT 2023-11-15 3h:18:10] 76561199108250772: Left the Free Camera
[COT 2023-11-15 3h:18:12] 76561199108250772: Entered the Free Camera
[COT 2023-11-15 3h:18:41] 76561199108250772: Left the Free Camera
[COT 2023-11-15 3h:26:18] 76561199108250772: ESP: Viewing ESP
[COT 2023-11-15 3h:26:22] 76561199108250772: Entered the Free Camera
[COT 2023-11-15 3h:26:42] 76561199108250772: Left the Free Camera
[COT 2023-11-15 3h:26:44] 76561199108250772: Entered the Free Camera
[COT 2023-11-15 3h:27:5s] 76561199108250772: Spawned Entity 6-M7 Frag Grenade (M67Grenade<9a9e8370>, 100, 50, 0) at <9061.919922, 12.735043, 8793.973633>
[COT 2023-11-15 3h:27:6s] 76561199108250772: Spawned Entity 6-M7 Frag Grenade (M67Grenade<9a9e3d00>, 100, 50, 0) at <9062.079102, 13.635797, 8794.200195>
[COT 2023-11-15 3h:27:40] 76561199108250772: Left the Free Camera
[COT 2023-11-15 3h:27:44] 76561199108250772: Entered the Free Camera
[COT 2023-11-15 3h:27:59] 76561199108250772: Set Invisibility To 1 [guid=OAdpPkJP2Ps_W7h2ttR1bK23ekHCzrxw0mDT3zqLMdU=]
[COT 2023-11-15 3h:28:5s] 76561199108250772: Left the Free Camera
[COT 2023-11-15 3h:31:14] 76561199108250772: Entered the Free Camera
[COT 2023-11-15 3h:31:19] 76561199108250772: Left the Free Camera
[COT 2023-11-15 3h:31:24] 76561199108250772: Entered the Free Camera
[COT 2023-11-15 3h:31:57] 76561199108250772: Left the Free Camera
[COT 2023-11-15 3h:32:1s] 76561199108250772: Entered the Free Camera
[COT 2023-11-15 3h:35:25] 76561199108250772: Spawned Entity #syb_surgical_kit_once_name (SurgicalKit<8179d050>, 100, 100, 0) at <9206.567383, 6.690000, 8696.142578>
[COT 2023-11-15 3h:35:48] 76561199108250772: Spawned Entity #syb_surgical_kit_once_name (SurgicalKit<817b5860>, 100, 100, 0) at <9103.916992, 6.057034, 8719.476563>
[COT 2023-11-15 3h:36:31] 76561199108250772: Spawned Entity Boxed Nails (NailBox<20652bd0>, 100, 80, 0) at <9104.818359, 5.270261, 8726.715820>
[COT 2023-11-15 3h:36:38] 76561199108250772: Spawned Entity Boxed Nails (NailBox<2067b610>, 100, 80, 0) at <9105.936523, 5.268496, 8725.083008>
[COT 2023-11-15 3h:45:58] 76561199108250772: Left the Free Camera
[COT 2023-11-15 3h:46:15] 76561199108250772: Entered the Free Camera
[COT 2023-11-15 3h:46:50] 76561199108250772: Left the Free Camera
[COT 2023-11-15 3h:46:52] 76561199108250772: Entered the Free Camera
[COT 2023-11-15 3h:47:8s] 76561199108250772: Set Invisibility To 0 [guid=OAdpPkJP2Ps_W7h2ttR1bK23ekHCzrxw0mDT3zqLMdU=]
[COT 2023-11-15 3h:47:14] 76561199108250772: Left the Free Camera
