[COT 2023-10-26 0h:49:0s] 76561198036774377: Healed [guid=OAdpPkJP2Ps_W7h2ttR1bK23ekHCzrxw0mDT3zqLMdU=]
[COT 2023-10-26 0h:49:4s] 76561198036774377: Healed [guid=mBNlxASsPlOcry0dpDl8K-WgHNR5WMCMmoJ9NhpU4FY=]
[COT 2023-10-26 0h:49:57] 76561198036774377: Teleported to position <7877.565918, 13.051573, 1494.043579>
[COT 2023-10-26 0h:50:41] 76561198036774377: Teleported to position <3374.190918, 19.288382, 4537.046875>
[COT 2023-10-26 0h:51:25] 76561198036774377: Teleported to position <5688.096680, 3.962341, 8868.263672>
[COT 2023-10-26 0h:52:10] 76561198036774377: Teleported to position <9093.389648, 6.563877, 7660.196289>
[COT 2023-10-26 0h:53:45] 76561198036774377: Teleported to position <9357.193359, 6.360817, 1975.090942>
[COT 2023-10-26 0h:54:23] 76561198036774377: Healed [guid=mBNlxASsPlOcry0dpDl8K-WgHNR5WMCMmoJ9NhpU4FY=]
[COT 2023-10-26 0h:54:25] 76561198036774377: Healed [guid=OAdpPkJP2Ps_W7h2ttR1bK23ekHCzrxw0mDT3zqLMdU=]
[COT 2023-10-26 0h:54:27] 76561198036774377: Healed [guid=OAdpPkJP2Ps_W7h2ttR1bK23ekHCzrxw0mDT3zqLMdU=]
[COT 2023-10-26 0h:54:30] 76561198036774377: Set BloodyHands To false [guid=OAdpPkJP2Ps_W7h2ttR1bK23ekHCzrxw0mDT3zqLMdU=]
[COT 2023-10-26 0h:54:31] 76561198036774377: Healed [guid=OAdpPkJP2Ps_W7h2ttR1bK23ekHCzrxw0mDT3zqLMdU=]
[COT 2023-10-26 0h:54:46] 76561198036774377: Spawned Entity M16A1 (MassM16<c86c2150>, 100, 200, 0) at <9364.328125, 6.217205, 1976.912598>
[COT 2023-10-26 0h:54:47] 76561198036774377: Spawned Entity M16A1 (MassM16<c86bea00>, 100, 200, 0) at <9364.681641, 6.196712, 1977.485107>
[COT 2023-10-26 0h:55:19] 76561198036774377: Spawned Entity Rag (Rag<f4f2b1b0>, 10, 50, 0) at <9363.848633, 6.223490, 1976.760498>
[COT 2023-10-26 0h:55:19] 76561198036774377: Spawned Entity Rag (Rag<f4f307c0>, 10, 50, 0) at <9363.765625, 6.343719, 1976.714722>
[COT 2023-10-26 0h:55:19] 76561198036774377: Spawned Entity Rag (Rag<f4f27850>, 10, 50, 0) at <9363.685547, 6.457918, 1976.671265>
[COT 2023-10-26 0h:59:5s] 76561198036774377: Set GodMode To true [guid=OAdpPkJP2Ps_W7h2ttR1bK23ekHCzrxw0mDT3zqLMdU=]
[COT 2023-10-26 0h:59:6s] 76561198036774377: Set BloodyHands To false [guid=OAdpPkJP2Ps_W7h2ttR1bK23ekHCzrxw0mDT3zqLMdU=]
[COT 2023-10-26 0h:59:9s] 76561198036774377: Set UnlimitedAmmo To true [guid=OAdpPkJP2Ps_W7h2ttR1bK23ekHCzrxw0mDT3zqLMdU=]
[COT 2023-10-26 0h:59:9s] 76561198036774377: Set UnlimitedStamina To true [guid=OAdpPkJP2Ps_W7h2ttR1bK23ekHCzrxw0mDT3zqLMdU=]
[COT 2023-10-26 0h:59:10] 76561198036774377: Set UnlimitedAmmo To true [guid=OAdpPkJP2Ps_W7h2ttR1bK23ekHCzrxw0mDT3zqLMdU=]
[COT 2023-10-26 0h:59:13] 76561198036774377: Set UnlimitedAmmo To true [guid=mBNlxASsPlOcry0dpDl8K-WgHNR5WMCMmoJ9NhpU4FY=]
[COT 2023-10-26 0h:59:13] 76561198036774377: Set UnlimitedStamina To true [guid=mBNlxASsPlOcry0dpDl8K-WgHNR5WMCMmoJ9NhpU4FY=]
[COT 2023-10-26 0h:59:15] 76561198036774377: Set GodMode To true [guid=mBNlxASsPlOcry0dpDl8K-WgHNR5WMCMmoJ9NhpU4FY=]
[COT 2023-10-26 0h:59:15] 76561198036774377: Set BloodyHands To false [guid=mBNlxASsPlOcry0dpDl8K-WgHNR5WMCMmoJ9NhpU4FY=]
[COT 2023-10-26 1h:0m:24] 76561198036774377: Teleported to position <6345.971680, 0.767221, 4735.052734>
[COT 2023-10-26 1h:0m:32] 76561198036774377: Teleported [guid=OAdpPkJP2Ps_W7h2ttR1bK23ekHCzrxw0mDT3zqLMdU=] to <6345.971680, 0.780275, 4735.052734>
[COT 2023-10-26 1h:0m:58] 76561198036774377: Teleported [guid=OAdpPkJP2Ps_W7h2ttR1bK23ekHCzrxw0mDT3zqLMdU=] to <6345.201660, 1.780339, 4736.371094>
[COT 2023-10-26 1h:4m:24] 76561198036774377: Teleported to position <6989.668945, 10.280978, 3515.858887>
[COT 2023-10-26 1h:4m:36] 76561198036774377: Teleported [guid=OAdpPkJP2Ps_W7h2ttR1bK23ekHCzrxw0mDT3zqLMdU=] to <6989.668945, 10.280978, 3515.858887>
