[COT 2023-10-29 2h:8m:13] 76561199108250772: Deleted Entity Land_House_1W04:-21471170561736448933 at <8289.861328, 12.428902, 7198.600586>
[COT 2023-10-29 2h:8m:20] 76561199108250772: Set GodMode To true [guid=OAdpPkJP2Ps_W7h2ttR1bK23ekHCzrxw0mDT3zqLMdU=]
[COT 2023-10-29 2h:8m:21] 76561199108250772: Set UnlimitedAmmo To true [guid=OAdpPkJP2Ps_W7h2ttR1bK23ekHCzrxw0mDT3zqLMdU=]
[COT 2023-10-29 2h:8m:21] 76561199108250772: Set UnlimitedStamina To true [guid=OAdpPkJP2Ps_W7h2ttR1bK23ekHCzrxw0mDT3zqLMdU=]
[COT 2023-10-29 2h:8m:21] 76561199108250772: Set cannot be targeted by AI to true [guid=OAdpPkJP2Ps_W7h2ttR1bK23ekHCzrxw0mDT3zqLMdU=]
[COT 2023-10-29 2h:13:22] 76561199108250772: Teleported to position <7786.628906, 23.112812, 1677.307739>
[COT 2023-10-29 2h:13:49] 76561199108250772: Spawned Entity M4-A1 (M4A1_Base<88f5dbb0>, 100, 200, 0) at <7775.028809, 27.053886, 1673.151123>
[COT 2023-10-29 2h:13:55] 76561199108250772: Entered the Free Camera
[COT 2023-10-29 2h:14:4s] 76561199108250772: Left the Free Camera
[COT 2023-10-29 2h:16:25] 76561199108250772: Teleported to position <9106.322266, 7.336647, 7703.500000>
[COT 2023-10-29 2h:20:56] 76561199108250772: Spawned Entity MVS Sling Pack - Black (MountainBag_ColorBase<9c8447d0>, 100, 300, 0) at <9106.865234, 7.361699, 7718.503906>
[COT 2023-10-29 2h:21:6s] 76561199108250772: Spawned Entity Alcoholic Tincture (DisinfectantAlcohol<7c81a8c0>, 200, 30, 0) at <9106.427734, 7.364781, 7717.972168>
[COT 2023-10-29 2h:21:15] 76561199108250772: Spawned Entity Bandage (BandageDressing<9c858360>, 4, 50, 0) at <9106.840820, 7.362437, 7718.437500>
[COT 2023-10-29 2h:21:54] 76561199108250772: Spawned Entity #syb_syringe_empty_name (SyringeEmpty<7c9b4820>, 100, 50, 0) at <9106.464844, 7.366147, 7717.828613>
[COT 2023-10-29 2h:23:4s] 76561199108250772: Spawned Entity #syb_zvirus_antidot_name (InjectorBase<861160d0>, 100, 100, 0) at <9106.696289, 7.369889, 7717.535645>
[COT 2023-10-29 2h:23:14] 76561199108250772: Spawned Entity #syb_topoizomeraza_name (InjectorBase<86102ed0>, 100, 100, 0) at <9106.696289, 7.369889, 7717.535645>
[COT 2023-10-29 2h:26:13] 76561199108250772: Spawned Entity Plastic Bottle (WaterBottle<7d10f8f0>, 1000, 50, 1) at <9106.832031, 7.365591, 7718.174316>
[COT 2023-10-29 2h:27:19] 76561199108250772: Spawned Entity ChiemseeMap (ChernarusMap<91ac5980>, 100, 50, 0) at <9106.357422, 7.360186, 7718.495117>
[COT 2023-10-29 2h:28:30] 76561199108250772: Spawned Entity ChiemseeMap (ChernarusMap<90bb94a0>, 100, 50, 0) at <9102.919922, 7.350096, 7719.258301>
[COT 2023-10-29 2h:29:3s] 76561199108250772: Spawned Entity Compass (Compass<8e8fccf0>, 100, 70, 0) at <9106.636719, 7.356085, 7718.932129>
[COT 2023-10-29 2h:29:5s] 76561199108250772: Spawned Entity Compass (Compass<9b560710>, 100, 70, 0) at <9105.340820, 7.354795, 7718.406250>
[COT 2023-10-29 2h:30:47] 76561199108250772: Spawned Entity Repeater Carbine (Repeater<83b79f50>, 100, 250, 0) at <9101.914063, 7.305072, 7697.817383>
[COT 2023-10-29 2h:36:11] 76561199108250772: Spawned Entity #syb_adepress (TabletsBase<91a8ec80>, 10, 50, 0) at <9114.406250, 7.009750, 7395.687988>
[COT 2023-10-29 2h:42:2s] 76561199108250772: Spawned Entity #syb_ibuprofen_name (TabletsBase<2b5fef20>, 10, 50, 0) at <8869.988281, 2.539942, 7152.250488>
[COT 2023-10-29 3h:15:44] 76561199108250772: Teleported to position <8139.980469, 20.409346, 5829.076172>
[COT 2023-10-29 3h:24:2s] 76561199108250772: Spawned Entity #syb_mad_bull_name (SodaCan_EnergyDrink<90873600>, 300, 30, 0) at <8116.033691, 17.677134, 5897.135254>
[COT 2023-10-29 3h:24:4s] 76561199108250772: Spawned Entity #syb_mad_bull_name (SodaCan_EnergyDrink<86b909d0>, 300, 30, 0) at <8115.576172, 17.699144, 5897.524902>
[COT 2023-10-29 3h:33:59] 76561199108250772: Entered the Free Camera
[COT 2023-10-29 3h:34:6s] 76561199108250772: Left the Free Camera
[COT 2023-10-29 3h:54:6s] 76561199108250772: ESP: Viewing ESP
[COT 2023-10-29 3h:54:13] 76561199108250772: ESP: Clearing ESP
