[COT 2023-10-26 1h:21:58] 76561198036774377: Teleported to position <2430.338623, 29.330000, 7185.830566>
[COT 2023-10-26 1h:22:6s] 76561198036774377: Set rain to 0 0 0
[COT 2023-10-26 1h:22:6s] 76561198036774377: Set storm to 0 0.8 4000
[COT 2023-10-26 1h:22:6s] 76561198036774377: Set fog to 0 0 0
[COT 2023-10-26 1h:22:6s] 76561198036774377: Set overcast to 0 0 0
[COT 2023-10-26 1h:22:6s] 76561198036774377: Set the date to 2023/8/10 8:9
[COT 2023-10-26 1h:22:6s] 76561198036774377: Set wind to 1.25849 1.25849 1
[COT 2023-10-26 1h:22:17] 76561198036774377: Set GodMode To true [guid=mBNlxASsPlOcry0dpDl8K-WgHNR5WMCMmoJ9NhpU4FY=]
[COT 2023-10-26 1h:22:17] 76561198036774377: Set Invisibility To 1 [guid=mBNlxASsPlOcry0dpDl8K-WgHNR5WMCMmoJ9NhpU4FY=]
[COT 2023-10-26 1h:22:19] 76561198036774377: Set UnlimitedStamina To true [guid=mBNlxASsPlOcry0dpDl8K-WgHNR5WMCMmoJ9NhpU4FY=]
[COT 2023-10-26 1h:22:20] 76561198036774377: Set UnlimitedAmmo To true [guid=mBNlxASsPlOcry0dpDl8K-WgHNR5WMCMmoJ9NhpU4FY=]
[COT 2023-10-26 1h:22:22] 76561198036774377: Healed [guid=mBNlxASsPlOcry0dpDl8K-WgHNR5WMCMmoJ9NhpU4FY=]
[COT 2023-10-26 1h:22:25] 76561198036774377: Healed [guid=OAdpPkJP2Ps_W7h2ttR1bK23ekHCzrxw0mDT3zqLMdU=]
[COT 2023-10-26 1h:24:24] 76561198036774377: Set GodMode To false [guid=mBNlxASsPlOcry0dpDl8K-WgHNR5WMCMmoJ9NhpU4FY=]
[COT 2023-10-26 1h:24:24] 76561198036774377: Set Invisibility To 0 [guid=mBNlxASsPlOcry0dpDl8K-WgHNR5WMCMmoJ9NhpU4FY=]
[COT 2023-10-26 1h:24:24] 76561198036774377: Set cannot be targeted by AI to false [guid=mBNlxASsPlOcry0dpDl8K-WgHNR5WMCMmoJ9NhpU4FY=]
[COT 2023-10-26 1h:24:25] 76561198036774377: Set UnlimitedStamina To false [guid=mBNlxASsPlOcry0dpDl8K-WgHNR5WMCMmoJ9NhpU4FY=]
[COT 2023-10-26 1h:24:26] 76561198036774377: Set UnlimitedAmmo To false [guid=mBNlxASsPlOcry0dpDl8K-WgHNR5WMCMmoJ9NhpU4FY=]
[COT 2023-10-26 1h:25:39] 76561198036774377: Entered the Free Camera
[COT 2023-10-26 1h:26:52] 76561198036774377: Left the Free Camera
[COT 2023-10-26 1h:28:43] 76561198036774377: Teleported to position <7877.187500, 13.084551, 1494.645996>
[COT 2023-10-26 1h:29:14] 76561198036774377: Teleported [guid=OAdpPkJP2Ps_W7h2ttR1bK23ekHCzrxw0mDT3zqLMdU=] to <7877.187500, 13.084551, 1494.645996>
