[COT 2024-2M-9D 3h:35:57] 76561199108250772: Teleported to position <7320.899414, 41.553829, 9572.138672>
[COT 2024-2M-9D 3h:36:14] 76561199108250772: Teleported to position <5086.019043, 6.532892, 9503.924805>
[COT 2024-2M-9D 3h:37:38] 76561199108250772: Spawned vehicle M1025 (Offroad_02) at <5080.073242, 7.844888, 9532.989258>
[COT 2024-2M-9D 3h:40:34] 76561199108250772: Spawned Entity Fishing Rod (FishingRod<8d1c9070>, 100, 150, 0) at <5067.395508, 8.084160, 9515.806641>
[COT 2024-2M-9D 3h:42:10] 76561199108250772: Set the date to 2023/8/15 12:0
[COT 2024-2M-9D 3h:42:11] 76561199108250772: Set rain to 0 0 0
[COT 2024-2M-9D 3h:42:11] 76561199108250772: Set storm to 0 0.8 4000
[COT 2024-2M-9D 3h:42:11] 76561199108250772: Set fog to 0 0 0
[COT 2024-2M-9D 3h:42:11] 76561199108250772: Set overcast to 0 0 0
[COT 2024-2M-9D 3h:42:11] 76561199108250772: Set wind to 0 0 1
[COT 2024-2M-9D 3h:46:56] 76561199108250772: Spawned Entity HAMMER_H1 black (HAMMER_H1_black<674a0080>, 100, 1e+07, 0) at <5075.136719, 7.614809, 9536.749023>
[COT 2024-2M-9D 3h:48:17] 76561199108250772: Spawned Entity Wolf AR15 (MassAR15_Base<678a9b10>, 100, 200, 0) at <5072.121582, 7.520510, 9538.174805>
[COT 2024-2M-9D 3h:48:42] 76561199108250772: Spawned Entity 9x39 Magazine (Mass_Mag_9x39Palm_30Rnd<739a28c0>, 30, 100, 0) at <5071.772461, 7.501735, 9538.210938>
[COT 2024-2M-9D 3h:48:43] 76561199108250772: Spawned Entity 9x39 Magazine (Mass_Mag_9x39Palm_30Rnd<739a32d0>, 30, 100, 0) at <5071.751465, 7.585199, 9538.136719>
[COT 2024-2M-9D 3h:49:39] 76561199108250772: ESP: Viewing ESP
[COT 2024-2M-9D 3h:49:42] 76561199108250772: ESP index=0 target=Offroad_02:11492 position=<5080.071777, 7.892716, 9532.985352> action=delete
[COT 2024-2M-9D 3h:49:42] 76561199108250772: ESP action=delete_all count=1 attempted=1
[COT 2024-2M-9D 3h:49:52] 76561199108250772: ESP: Clearing ESP
[COT 2024-2M-9D 3h:50:13] 76561199108250772: Spawned Entity CarLockPick (CarLockPick<7668f610>, 100, 50, 0) at <5071.523926, 7.498748, 9538.402344>
[COT 2024-2M-9D 3h:50:24] 76561199108250772: Spawned Entity CarLock (CarLock<76661f50>, 100, 100, 0) at <5072.338379, 7.487611, 9537.475586>
[COT 2024-2M-9D 3h:52:4s] 76561199108250772: Spawned Entity Fireworks Launcher (Anniversary_FireworksLauncher<90ac6f00>, 100, 30, 0) at <5069.009766, 7.354853, 9538.235352>
[COT 2024-2M-9D 3h:52:13] 76561199108250772: Spawned Entity Lighter (PetrolLighter<931b88e0>, 20, 20, 0) at <5068.883301, 7.400127, 9538.940430>
[COT 2024-2M-9D 3h:54:44] 76561199108250772: Healed [guid=OAdpPkJP2Ps_W7h2ttR1bK23ekHCzrxw0mDT3zqLMdU=]
[COT 2024-2M-9D 3h:54:54] 76561199108250772: Healed [guid=OAdpPkJP2Ps_W7h2ttR1bK23ekHCzrxw0mDT3zqLMdU=]
[COT 2024-2M-9D 3h:54:56] 76561199108250772: Healed [guid=OAdpPkJP2Ps_W7h2ttR1bK23ekHCzrxw0mDT3zqLMdU=]
[COT 2024-2M-9D 3h:54:58] 76561199108250772: Healed [guid=OAdpPkJP2Ps_W7h2ttR1bK23ekHCzrxw0mDT3zqLMdU=]
[COT 2024-2M-9D 3h:55:2s] 76561199108250772: Healed [guid=OAdpPkJP2Ps_W7h2ttR1bK23ekHCzrxw0mDT3zqLMdU=]
[COT 2024-2M-9D 3h:55:11] 76561199108250772: Healed [guid=OAdpPkJP2Ps_W7h2ttR1bK23ekHCzrxw0mDT3zqLMdU=]
[COT 2024-2M-9D 3h:55:21] 76561199108250772: Healed [guid=OAdpPkJP2Ps_W7h2ttR1bK23ekHCzrxw0mDT3zqLMdU=]
[COT 2024-2M-9D 3h:55:26] 76561199108250772: Healed [guid=OAdpPkJP2Ps_W7h2ttR1bK23ekHCzrxw0mDT3zqLMdU=]
[COT 2024-2M-9D 3h:55:28] 76561199108250772: Set GodMode To true [guid=OAdpPkJP2Ps_W7h2ttR1bK23ekHCzrxw0mDT3zqLMdU=]
[COT 2024-2M-9D 3h:55:29] 76561199108250772: Set UnlimitedAmmo To true [guid=OAdpPkJP2Ps_W7h2ttR1bK23ekHCzrxw0mDT3zqLMdU=]
[COT 2024-2M-9D 3h:55:30] 76561199108250772: Set UnlimitedStamina To true [guid=OAdpPkJP2Ps_W7h2ttR1bK23ekHCzrxw0mDT3zqLMdU=]
[COT 2024-2M-9D 3h:55:30] 76561199108250772: Set cannot be targeted by AI to true [guid=OAdpPkJP2Ps_W7h2ttR1bK23ekHCzrxw0mDT3zqLMdU=]
[COT 2024-2M-9D 3h:55:31] 76561199108250772: Healed [guid=OAdpPkJP2Ps_W7h2ttR1bK23ekHCzrxw0mDT3zqLMdU=]
[COT 2024-2M-9D 3h:57:48] 76561199108250772: Spawned Entity #syb_noopept_name (TabletsBase<97a75100>, 10, 50, 0) at <5079.804688, 8.279120, 9540.086914>
[COT 2024-2M-9D 3h:58:40] 76561199108250772: Spawned Entity #syb_mad_bull_name (SodaCan_EnergyDrink<6e5453d0>, 300, 30, 0) at <5079.410645, 8.249121, 9540.170898>
[COT 2024-2M-9D 4h:0m:14] 76561199108250772: Spawned Entity #syb_mad_bull_name (SodaCan_EnergyDrink<7d932f20>, 300, 30, 0) at <5078.885254, 8.183014, 9540.000977>
[COT 2024-2M-9D 4h:5m:44] 76561199108250772: Teleported to position <3057.979980, 20.261763, 7987.862305>
[COT 2024-2M-9D 4h:9m:33] 76561199108250772: Spawned Entity #syb_ibuprofen_name (TabletsBase<89b2f320>, 10, 50, 0) at <3064.549316, 20.274313, 7984.986328>
[COT 2024-2M-9D 4h:10:2s] 76561199108250772: Entered the Free Camera
[COT 2024-2M-9D 4h:10:8s] 76561199108250772: Left the Free Camera
[COT 2024-2M-9D 4h:11:8s] 76561199108250772: Spawned Entity Barrel (Barrel_Blue<737ac1d0>, 200000, 528, 512) at <2817.755615, 20.250835, 8188.744141>
[COT 2024-2M-9D 4h:11:38] 76561199108250772: Spawned Entity Splitting Axe (WoodAxe<6dea0cf0>, 100, 250, 0) at <2817.251709, 20.250835, 8187.208984>
[COT 2024-2M-9D 4h:12:35] 76561199108250772: Spawned Entity #syb_surgical_kit_once_name (SurgicalKit<927733f0>, 100, 100, 0) at <2815.294434, 20.250835, 8186.912109>
[COT 2024-2M-9D 4h:12:36] 76561199108250772: Spawned Entity #syb_surgical_kit_once_name (SurgicalKit<92779d20>, 100, 100, 0) at <2815.309570, 20.290230, 8186.912109>
[COT 2024-2M-9D 4h:12:45] 76561199108250772: Spawned Entity Alcoholic Tincture (DisinfectantAlcohol<8c989440>, 200, 30, 0) at <2815.324707, 20.329067, 8186.912109>
[COT 2024-2M-9D 4h:12:46] 76561199108250772: Spawned Entity Alcoholic Tincture (DisinfectantAlcohol<8c99ae00>, 200, 30, 0) at <2815.385254, 20.486271, 8186.911621>
[COT 2024-2M-9D 4h:13:38] 76561199108250772: Spawned Entity REPLACE SR-3 Assault Rifle (SR3_Vikhr_Gun<89cb2c50>, 200, 300, 0) at <2815.444092, 20.638876, 8186.911621>
[COT 2024-2M-9D 4h:14:3s] 76561199108250772: Spawned Entity SR3 Suppressor (SNAFU_SR3Vikhr_Supp<69626880>, 100, 100, 0) at <2815.388672, 20.250835, 8186.234863>
[COT 2024-2M-9D 4h:14:9s] 76561199108250772: Spawned Entity SR3 Stock. (SNAFU_WSR3Stock<69624240>, 20, 200, 0) at <2815.409424, 20.331818, 8186.253418>
[COT 2024-2M-9D 4h:14:15] 76561199108250772: Spawned Entity REPLACE MAG (SR3_Vikhr_Mag<fdd0d130>, 20, 100, 0) at <2814.881104, 20.250835, 8187.008789>
[COT 2024-2M-9D 4h:14:58] 76561199108250772: Spawned Entity Baraka Sights (ReflexOptic<72b58070>, 100, 30, 0) at <2816.322510, 20.250835, 8186.650879>
[COT 2024-2M-9D 4h:15:14] 76561199108250772: Spawned Entity Kobra Sights (KobraOptic<72b5f930>, 100, 50, 0) at <2816.297119, 20.325935, 8186.664063>
[COT 2024-2M-9D 4h:15:56] 76561199108250772: Spawned Entity MVS Warrior Helmet - Black (Mich2001Helmet<86b9e580>, 1000, 100, 0) at <2815.585938, 20.250835, 8186.964355>
[COT 2024-2M-9D 4h:16:9s] 76561199108250772: Spawned Entity Canned Bacon (TacticalBaconCan<86ba4010>, 100, 100, 0) at <2815.559814, 20.250835, 8187.108887>
[COT 2024-2M-9D 4h:16:10] 76561199108250772: Spawned Entity Canned Bacon (TacticalBaconCan<86bab8d0>, 100, 100, 0) at <2815.576416, 20.400335, 8187.103027>
[COT 2024-2M-9D 4h:20:45] 76561199108250772: Spawned Entity Boxed 9x39mm Armor-Piercing Rounds (Box_Base<72f54fe0>, 100, 100, 0) at <2815.589600, 20.518490, 8187.098633>
[COT 2024-2M-9D 4h:20:46] 76561199108250772: Spawned Entity Boxed 9x39mm Armor-Piercing Rounds (Box_Base<72f50cf0>, 100, 100, 0) at <2815.595703, 20.572918, 8187.096191>
[COT 2024-2M-9D 4h:20:46] 76561199108250772: Spawned Entity Boxed 9x39mm Armor-Piercing Rounds (Box_Base<72f4f040>, 100, 100, 0) at <2815.601807, 20.627346, 8187.094238>
[COT 2024-2M-9D 4h:20:47] 76561199108250772: Spawned Entity Boxed 9x39mm Armor-Piercing Rounds (Box_Base<72f58940>, 100, 100, 0) at <2815.607666, 20.681263, 8187.092285>
[COT 2024-2M-9D 4h:20:47] 76561199108250772: Spawned Entity Boxed 9x39mm Armor-Piercing Rounds (Box_Base<72f56300>, 100, 100, 0) at <2815.613770, 20.735180, 8187.089844>
[COT 2024-2M-9D 4h:22:50] 76561199108250772: Teleported to position <6320.425781, 1.987212, 5684.572754>
[COT 2024-2M-9D 4h:24:21] 76561199108250772: Entered the Free Camera
[COT 2024-2M-9D 4h:24:44] 76561199108250772: Left the Free Camera
[COT 2024-2M-9D 4h:25:3s] 76561199108250772: Entered the Free Camera
[COT 2024-2M-9D 4h:25:10] 76561199108250772: Left the Free Camera
[COT 2024-2M-9D 4h:26:54] 76561199108250772: Teleported to position <7338.500977, 114.306358, 8932.666992>
[COT 2024-2M-9D 4h:27:17] 76561199108250772: Spawned Entity Sea Chest (SeaChest<86caa8f0>, 100, 600, 0) at <7353.210449, 114.907562, 8937.582031>
[COT 2024-2M-9D 4h:27:26] 76561199108250772: Spawned Entity Gun Cleaning Kit (WeaponCleaningKit<86ca52e0>, 100, 100, 0) at <7352.364746, 114.907562, 8937.208008>
[COT 2024-2M-9D 4h:27:26] 76561199108250772: Spawned Entity Gun Cleaning Kit (WeaponCleaningKit<86cb0890>, 100, 100, 0) at <7352.364746, 114.907562, 8937.208008>
[COT 2024-2M-9D 4h:27:57] 76561199108250772: Spawned Entity THICC Weapon Case (Mass_THICCWeaponCase<54efbf60>, 100, 80, 0) at <7352.401855, 115.010223, 8937.166992>
[COT 2024-2M-9D 4h:29:37] 76561199108250772: Spawned Entity Doc's Nightfoil M4 (DOC_M4_NIGHTFOIL<92277170>, 100, 1200, 0) at <7354.604004, 115.266220, 8931.241211>
[COT 2024-2M-9D 4h:29:53] 76561199108250772: Teleported to position <9047.386719, 7.549734, 8192.433594>
[COT 2024-2M-9D 4h:30:10] 76561199108250772: Spawned Entity Medium Tent (MediumTent_Green<91903330>, 100, 600, 0) at <9036.349609, 7.659899, 8199.338867>
[COT 2024-2M-9D 4h:31:32] 76561199108250772: Spawned Entity 9V Battery (Battery9V<958d4910>, 50, 20, 0) at <9035.104492, 7.761407, 8207.139648>
[COT 2024-2M-9D 4h:31:32] 76561199108250772: Spawned Entity 9V Battery (Battery9V<958e41b0>, 50, 20, 0) at <9035.148438, 7.819356, 8207.139648>
[COT 2024-2M-9D 4h:31:37] 76561199108250772: Spawned Entity Sharpening Stone (Whetstone<8b03f780>, 100, 50, 0) at <9035.188477, 7.873536, 8207.139648>
[COT 2024-2M-9D 4h:31:37] 76561199108250772: Spawned Entity Sharpening Stone (Whetstone<8b038e50>, 100, 50, 0) at <9035.232422, 7.931089, 8207.139648>
[COT 2024-2M-9D 4h:31:43] 76561199108250772: Spawned Entity Hand Saw (HandSaw<8b044400>, 100, 100, 0) at <9035.275391, 7.988551, 8207.138672>
[COT 2024-2M-9D 4h:31:43] 76561199108250772: Spawned Entity Hand Saw (HandSaw<8b046a40>, 100, 100, 0) at <9035.320313, 8.049223, 8207.138672>
[COT 2024-2M-9D 4h:31:48] 76561199108250772: Spawned Entity Boxed Nails (NailBox<8b040110>, 100, 80, 0) at <9035.366211, 8.109413, 8207.138672>
[COT 2024-2M-9D 4h:31:48] 76561199108250772: Spawned Entity Boxed Nails (NailBox<8b0473d0>, 100, 80, 0) at <9035.476563, 8.256576, 8207.138672>
[COT 2024-2M-9D 4h:31:49] 76561199108250772: Spawned Entity Boxed Nails (NailBox<8b040aa0>, 100, 80, 0) at <9035.585938, 8.402822, 8207.137695>
[COT 2024-2M-9D 4h:31:49] 76561199108250772: Spawned Entity Boxed Nails (NailBox<8b04c050>, 100, 80, 0) at <9035.718750, 8.579216, 8207.137695>
[COT 2024-2M-9D 4h:31:49] 76561199108250772: Spawned Entity Boxed Nails (NailBox<8b0486f0>, 100, 80, 0) at <9035.836914, 8.736698, 8207.136719>
[COT 2024-2M-9D 4h:31:57] 76561199108250772: Spawned Entity Rope (Rope<8b04f9b0>, 100, 200, 0) at <9035.319336, 7.762516, 8206.456055>
[COT 2024-2M-9D 4h:32:21] 76561199108250772: Spawned Entity Flag (Flag_Crook<8b04ad30>, 100, 100, 0) at <9035.349609, 7.793996, 8206.470703>
[COT 2024-2M-9D 4h:35:39] 76561199108250772: Entered the Free Camera
[COT 2024-2M-9D 4h:35:47] 76561199108250772: Left the Free Camera
[COT 2024-2M-9D 4h:36:15] 76561199108250772: Spawned Entity Sea Chest (SeaChest<716f5e00>, 100, 600, 0) at <9131.076172, 5.612329, 8079.593750>
[COT 2024-2M-9D 4h:36:26] 76561199108250772: Spawned Entity Human Steak (HumanSteakMeat<f6cfe590>, 150, 50, 1) at <9130.835938, 5.614656, 8080.314453>
[COT 2024-2M-9D 4h:36:27] 76561199108250772: Spawned Entity Human Steak (HumanSteakMeat<f6d08690>, 150, 50, 1) at <9130.821289, 5.704311, 8080.339355>
[COT 2024-2M-9D 4h:36:27] 76561199108250772: Spawned Entity Human Steak (HumanSteakMeat<f6d0ff50>, 150, 50, 1) at <9130.806641, 5.793965, 8080.364258>
[COT 2024-2M-9D 4h:36:28] 76561199108250772: Spawned Entity Human Steak (HumanSteakMeat<f6cd93e0>, 150, 50, 1) at <9130.791992, 5.883619, 8080.389160>
[COT 2024-2M-9D 4h:36:28] 76561199108250772: Spawned Entity Human Steak (HumanSteakMeat<f6cd89d0>, 150, 50, 1) at <9130.777344, 5.973274, 8080.414063>
[COT 2024-2M-9D 4h:36:29] 76561199108250772: Spawned Entity Human Steak (HumanSteakMeat<f6ce20c0>, 150, 50, 1) at <9130.762695, 6.062928, 8080.438965>
[COT 2024-2M-9D 4h:36:29] 76561199108250772: Spawned Entity Human Steak (HumanSteakMeat<f6cf3a80>, 150, 50, 1) at <9130.748047, 6.152582, 8080.463867>
[COT 2024-2M-9D 4h:36:30] 76561199108250772: Spawned Entity Human Steak (HumanSteakMeat<f6cf1240>, 150, 50, 1) at <9130.733398, 6.242236, 8080.488770>
[COT 2024-2M-9D 4h:36:30] 76561199108250772: Spawned Entity Human Steak (HumanSteakMeat<f6cf4490>, 150, 50, 1) at <9130.718750, 6.331890, 8080.513672>
[COT 2024-2M-9D 4h:36:30] 76561199108250772: Spawned Entity Human Steak (HumanSteakMeat<f6cef410>, 150, 50, 1) at <9130.704102, 6.421544, 8080.538574>
[COT 2024-2M-9D 4h:37:5s] 76561199108250772: Spawned Entity Human Skull (ItemBase<7d116710>, 100, 100, 0) at <9130.741211, 5.614974, 8080.384766>
[COT 2024-2M-9D 4h:37:6s] 76561199108250772: Spawned Entity Human Skull (ItemBase<7d11a070>, 100, 100, 0) at <9130.724609, 5.867102, 8080.460938>
[COT 2024-2M-9D 4h:37:18] 76561199108250772: Spawned Entity Human head (ItemBase<7d11ecf0>, 500, 100, 0) at <9130.708008, 6.119457, 8080.537109>
[COT 2024-2M-9D 4h:37:19] 76561199108250772: Spawned Entity Human head (ItemBase<7d11d040>, 500, 100, 0) at <9130.683594, 6.485057, 8080.647461>
[COT 2024-2M-9D 4h:37:19] 76561199108250772: Spawned Entity Human head (ItemBase<7d120010>, 500, 100, 0) at <9130.660156, 6.858235, 8080.760254>
