[COT 2023-10-29 23:19:14] 76561199108250772: Teleported to position <3974.012695, 4.348097, 5147.987305>
[COT 2023-10-29 23:19:32] 76561199108250772: Set GodMode To true [guid=OAdpPkJP2Ps_W7h2ttR1bK23ekHCzrxw0mDT3zqLMdU=]
[COT 2023-10-29 23:19:32] 76561199108250772: Set Invisibility To 1 [guid=OAdpPkJP2Ps_W7h2ttR1bK23ekHCzrxw0mDT3zqLMdU=]
[COT 2023-10-29 23:19:33] 76561199108250772: Set cannot be targeted by AI to true [guid=OAdpPkJP2Ps_W7h2ttR1bK23ekHCzrxw0mDT3zqLMdU=]
[COT 2023-10-29 23:19:33] 76561199108250772: Set UnlimitedStamina To true [guid=OAdpPkJP2Ps_W7h2ttR1bK23ekHCzrxw0mDT3zqLMdU=]
[COT 2023-10-29 23:19:34] 76561199108250772: Set UnlimitedAmmo To true [guid=OAdpPkJP2Ps_W7h2ttR1bK23ekHCzrxw0mDT3zqLMdU=]
[COT 2023-10-29 23:19:51] 76561199108250772: ESP: Viewing ESP
[COT 2023-10-29 23:19:59] 76561199108250772: ESP: Clearing ESP
[COT 2023-10-29 23:20:9s] 76561199108250772: Entered the Free Camera
[COT 2023-10-29 23:20:28] 76561199108250772: ESP: Viewing ESP
[COT 2023-10-29 23:20:28] 76561199108250772: ESP: Clearing ESP
[COT 2023-10-29 23:20:29] 76561199108250772: ESP: Viewing ESP
[COT 2023-10-29 23:20:31] 76561199108250772: ESP index=0 target=ZmbF_MechanicNormal_Grey:0560 position=<4071.407471, 5.636806, 5144.402344> action=delete
[COT 2023-10-29 23:20:31] 76561199108250772: ESP index=1 target=ZmbM_OffshoreWorker_Green:0562 position=<4058.756836, 5.702109, 5136.742188> action=delete
[COT 2023-10-29 23:20:31] 76561199108250772: ESP action=delete_all count=2 attempted=2
[COT 2023-10-29 23:20:36] 76561199108250772: ESP index=0 target=ZmbM_MechanicSkinny_Blue:0559 position=<4042.243896, 6.035199, 5098.806152> action=delete
[COT 2023-10-29 23:20:36] 76561199108250772: ESP index=1 target=ZmbM_OffshoreWorker_Yellow:0583 position=<4059.042969, 6.269743, 5095.463867> action=delete
[COT 2023-10-29 23:20:36] 76561199108250772: ESP action=delete_all count=2 attempted=2
[COT 2023-10-29 23:20:38] 76561199108250772: ESP: Clearing ESP
[COT 2023-10-29 23:22:55] 76561199108250772: Left the Free Camera
[COT 2023-10-29 23:22:59] 76561199108250772: Set Invisibility To 0 [guid=OAdpPkJP2Ps_W7h2ttR1bK23ekHCzrxw0mDT3zqLMdU=]
[COT 2023-10-29 23:29:0s] 76561199108250772: Spawned Entity MVS Sling Pack - Black (MountainBag_ColorBase<803da340>, 100, 300, 0) at <4070.061035, 6.403934, 5099.505371>
[COT 2023-10-29 23:31:8s] 76561199108250772: Teleported to position <5764.261719, 2.530000, 8484.832031>
[COT 2023-10-29 23:31:14] 76561199108250772: Set GodMode To true [guid=OAdpPkJP2Ps_W7h2ttR1bK23ekHCzrxw0mDT3zqLMdU=]
[COT 2023-10-29 23:31:14] 76561199108250772: Set UnlimitedStamina To true [guid=OAdpPkJP2Ps_W7h2ttR1bK23ekHCzrxw0mDT3zqLMdU=]
[COT 2023-10-29 23:31:15] 76561199108250772: Set UnlimitedAmmo To true [guid=OAdpPkJP2Ps_W7h2ttR1bK23ekHCzrxw0mDT3zqLMdU=]
[COT 2023-10-29 23:31:49] 76561199108250772: ESP: Viewing ESP
[COT 2023-10-29 23:31:56] 76561199108250772: ESP: Clearing ESP
[COT 2023-10-29 23:33:56] 76561199108250772: Spawned Entity MVS Sling Pack - OD (MountainBag_ColorBase<795ba710>, 100, 300, 0) at <5826.430664, 2.986713, 8515.829102>
[COT 2023-10-29 23:34:8s] 76561199108250772: Spawned Entity MVS Sling Pack - Multicam Tropic (MountainBag_ColorBase<783a07f0>, 100, 300, 0) at <5826.274902, 2.979710, 8517.038086>
[COT 2023-10-29 23:34:15] 76561199108250772: Spawned Entity MVS Sling Pack - ERDL (MountainBag_ColorBase<783aaa80>, 100, 300, 0) at <5825.904297, 2.977297, 8516.330078>
[COT 2023-10-29 23:34:23] 76561199108250772: Spawned Entity MVS Sling Pack - Forest Camo (MountainBag_ColorBase<783ada50>, 100, 300, 0) at <5826.976563, 2.991196, 8516.615234>
[COT 2023-10-29 23:34:27] 76561199108250772: Spawned Entity MVS Sling Pack - Deep Jungle (MountainBag_ColorBase<783a7120>, 100, 300, 0) at <5827.456543, 3.000873, 8515.887695>
[COT 2023-10-29 23:34:54] 76561199108250772: Spawned Entity MVS Warrior Helmet - OD (Mich2001Helmet<efb23530>, 100, 100, 0) at <5825.532715, 2.963393, 8518.513672>
[COT 2023-10-29 23:35:0s] 76561199108250772: Spawned Entity MVS Warrior Helmet - Multicam Tropic (Mich2001Helmet<efb48fa0>, 100, 100, 0) at <5825.565918, 2.965899, 8518.008789>
[COT 2023-10-29 23:37:12] 76561199108250772: Entered the Free Camera
[COT 2023-10-29 23:37:15] 76561199108250772: Left the Free Camera
[COT 2023-10-29 23:37:21] 76561199108250772: ESP: Viewing ESP
[COT 2023-10-29 23:37:25] 76561199108250772: ESP: Clearing ESP
[COT 2023-10-29 23:37:26] 76561199108250772: ESP: Viewing ESP
[COT 2023-10-29 23:37:35] 76561199108250772: ESP: Clearing ESP
[COT 2023-10-29 23:37:35] 76561199108250772: ESP: Viewing ESP
[COT 2023-10-29 23:37:36] 76561199108250772: ESP: Clearing ESP
[COT 2023-10-29 23:38:11] 76561199108250772: ESP: Viewing ESP
[COT 2023-10-29 23:38:15] 76561199108250772: ESP: Clearing ESP
[COT 2023-10-29 23:42:38] 76561199108250772: Teleported to position <891.958313, 8.881702, 2566.987305>
[COT 2023-10-29 23:42:44] 76561199108250772: Entered the Free Camera
[COT 2023-10-29 23:42:50] 76561199108250772: Left the Free Camera
[COT 2023-10-29 23:42:53] 76561199108250772: Entered the Free Camera
[COT 2023-10-29 23:43:1s] 76561199108250772: Left the Free Camera
[COT 2023-10-29 23:55:2s] 76561199108250772: Spawned Entity Standardized Suppressor (M4_Suppressor<13a45e90>, 100, 12, 0) at <964.392273, 19.484297, 2342.066895>
[COT 2023-10-29 23:56:12] 76561199108250772: ESP: Viewing ESP
[COT 2023-10-29 23:56:14] 76561199108250772: ESP index=0 target=ZmbM_usSoldier_normal_Woodland:0541 position=<986.660278, 15.780001, 2376.069580> action=delete
[COT 2023-10-29 23:56:14] 76561199108250772: ESP action=delete_all count=1 attempted=1
[COT 2023-10-29 23:56:18] 76561199108250772: ESP index=0 target=ZmbM_HunterOld_Spring:0559 position=<969.740845, 17.435530, 2387.395752> action=delete
[COT 2023-10-29 23:56:18] 76561199108250772: ESP action=delete_all count=1 attempted=1
[COT 2023-10-29 23:56:29] 76561199108250772: ESP index=0 target=ZmbM_HikerSkinny_Green:0578 position=<994.882813, 15.780000, 2366.542236> action=delete
[COT 2023-10-29 23:56:29] 76561199108250772: ESP index=1 target=ZmbM_usSoldier_normal_Woodland:0532 position=<999.497742, 15.780001, 2372.637939> action=delete
[COT 2023-10-29 23:56:29] 76561199108250772: ESP index=2 target=ZmbM_HermitSkinny_Beige:0564 position=<989.465637, 15.780000, 2373.106934> action=delete
[COT 2023-10-29 23:56:29] 76561199108250772: ESP action=delete_all count=3 attempted=3
[COT 2023-10-29 23:56:41] 76561199108250772: Entered the Free Camera
[COT 2023-10-29 23:56:45] 76561199108250772: Left the Free Camera
[COT 2023-10-29 23:57:17] 76561199108250772: Spawned Entity Wooden Crate (WoodenCrate<1386b8c0>, 100, 400, 0) at <989.708801, 15.740011, 2374.766602>
[COT 2023-10-29 23:57:19] 76561199108250772: Spawned Entity Wooden Crate (WoodenCrate<13874830>, 100, 400, 0) at <989.069702, 15.740018, 2373.942871>
[COT 2023-10-29 23:57:21] 76561199108250772: Spawned Entity Wooden Crate (WoodenCrate<13877800>, 100, 400, 0) at <990.781555, 15.740000, 2375.606445>
[COT 2023-10-29 23:57:29] 76561199108250772: Spawned Entity Sea Chest (SeaChest<fa08e360>, 100, 600, 0) at <986.500488, 15.739996, 2373.770508>
[COT 2023-10-29 23:57:44] 76561199108250772: Spawned Entity #syb_surgical_kit_once_name (SurgicalKit<fa08ecf0>, 100, 100, 0) at <986.134827, 15.739998, 2374.210693>
[COT 2023-10-29 23:57:44] 76561199108250772: Spawned Entity #syb_surgical_kit_once_name (SurgicalKit<fa08a070>, 100, 100, 0) at <986.143066, 15.778836, 2374.230469>
[COT 2023-10-29 23:57:44] 76561199108250772: Spawned Entity #syb_surgical_kit_once_name (SurgicalKit<fa091330>, 100, 100, 0) at <986.151428, 15.818230, 2374.250244>
[COT 2023-10-29 23:57:51] 76561199108250772: Spawned Entity #syb_syringe_empty_name (SyringeEmpty<fa090010>, 100, 50, 0) at <986.033936, 15.740004, 2374.034668>
[COT 2023-10-29 23:57:52] 76561199108250772: Spawned Entity #syb_syringe_empty_name (SyringeEmpty<fa08bd20>, 100, 50, 0) at <986.039246, 15.759336, 2374.046875>
[COT 2023-10-29 23:57:52] 76561199108250772: Spawned Entity #syb_syringe_empty_name (SyringeEmpty<fa08aa00>, 100, 50, 0) at <986.045105, 15.780581, 2374.060059>
[COT 2023-10-29 23:57:52] 76561199108250772: Spawned Entity #syb_syringe_empty_name (SyringeEmpty<fa092650>, 100, 50, 0) at <986.051331, 15.803419, 2374.074219>
[COT 2023-10-29 23:57:57] 76561199108250772: Spawned Entity Alcoholic Tincture (DisinfectantAlcohol<56cff30>, 200, 30, 0) at <986.057617, 15.826259, 2374.088379>
[COT 2023-10-29 23:57:58] 76561199108250772: Spawned Entity Alcoholic Tincture (DisinfectantAlcohol<56e18f0>, 200, 30, 0) at <986.083069, 15.918741, 2374.145996>
[COT 2023-10-29 23:57:58] 76561199108250772: Spawned Entity Alcoholic Tincture (DisinfectantAlcohol<56f0060>, 200, 30, 0) at <986.113037, 16.027889, 2374.214111>
[COT 2023-10-29 23:58:9s] 76561199108250772: Spawned Entity #syb_adepress (TabletsBase<56f6500>, 10, 50, 0) at <986.048340, 15.739991, 2373.845703>
[COT 2023-10-29 23:58:10] 76561199108250772: Spawned Entity #syb_adepress (TabletsBase<6d01690>, 10, 50, 0) at <986.066101, 15.805756, 2373.893555>
[COT 2023-10-29 23:58:10] 76561199108250772: Spawned Entity #syb_adepress (TabletsBase<6d020a0>, 10, 50, 0) at <986.088501, 15.888695, 2373.953857>
[COT 2023-10-29 23:58:19] 76561199108250772: Spawned Entity #syb_zvirus_antidot_name (InjectorBase<13298e00>, 10, 100, 0) at <985.797913, 15.740005, 2373.965820>
[COT 2023-10-29 23:58:20] 76561199108250772: Spawned Entity #syb_zvirus_antidot_name (InjectorBase<132b02f0>, 10, 100, 0) at <985.822510, 15.798853, 2374.006836>
[COT 2023-10-29 23:58:20] 76561199108250772: Spawned Entity #syb_zvirus_antidot_name (InjectorBase<132aefd0>, 10, 100, 0) at <985.848938, 15.862303, 2374.051025>
[COT 2023-10-29 23:58:25] 76561199108250772: Spawned Entity #syb_topoizomeraza_name (InjectorBase<803e6c10>, 10, 100, 0) at <985.875305, 15.925510, 2374.094971>
[COT 2023-10-29 23:58:26] 76561199108250772: Spawned Entity #syb_topoizomeraza_name (InjectorBase<803e0c70>, 10, 100, 0) at <985.904785, 15.996190, 2374.144043>
[COT 2023-10-29 23:58:26] 76561199108250772: Spawned Entity #syb_topoizomeraza_name (InjectorBase<803e7f30>, 10, 100, 0) at <985.933716, 16.065592, 2374.192383>
[COT 2023-10-29 23:58:56] 76561199108250772: Spawned Entity Canned Bacon (TacticalBaconCan<89727570>, 10, 100, 0) at <985.961548, 16.132275, 2374.238770>
[COT 2023-10-29 23:58:56] 76561199108250772: Spawned Entity Canned Bacon (TacticalBaconCan<897206c0>, 10, 100, 0) at <986.003540, 16.232943, 2374.308838>
[COT 2023-10-29 23:58:56] 76561199108250772: Spawned Entity Canned Bacon (TacticalBaconCan<8972b1d0>, 10, 100, 0) at <986.036072, 16.310894, 2374.363037>
[COT 2023-10-29 23:59:40] 76561199108250772: Spawned Entity #syb_actovegin_name (SyberiaMedicineAmpoule<fe5d9970>, 4, 50, 0) at <986.051453, 15.739992, 2374.259277>
[COT 2023-10-29 23:59:41] 76561199108250772: Spawned Entity #syb_actovegin_name (SyberiaMedicineAmpoule<fe5dc940>, 4, 50, 0) at <986.067200, 15.876316, 2374.308594>
[COT 2023-10-30 0h:0m:5s] 76561199108250772: Spawned Entity Glock-18 (CZ75_Base<579c10>, 100, 200, 0) at <985.974060, 15.739988, 2374.149170>
[COT 2023-10-30 0h:0m:8s] 76561199108250772: Spawned Entity Glock-18 (CZ75_Base<57d360>, 100, 200, 0) at <985.990906, 15.808540, 2374.193848>
[COT 2023-10-30 0h:0m:44] 76561199108250772: Spawned Entity Mlock-91 (Glock19_Base<f7422160>, 100, 150, 0) at <986.071472, 15.740001, 2374.833496>
[COT 2023-10-30 0h:0m:46] 76561199108250772: Spawned Entity 15rd Mlock-91 Mag (Mag_Glock_15Rnd<f2fa1640>, 15, 100, 0) at <986.076355, 15.808086, 2374.839111>
[COT 2023-10-30 0h:0m:46] 76561199108250772: Spawned Entity 15rd Mlock-91 Mag (Mag_Glock_15Rnd<f2f9b6a0>, 15, 100, 0) at <986.081543, 15.880115, 2374.844971>
[COT 2023-10-30 0h:1m:34] 76561199108250772: Spawned Entity PistolCase (Mass_PistolCase<7d907250>, 100, 80, 0) at <985.918518, 15.739997, 2374.542236>
[COT 2023-10-30 0h:1m:48] 76561199108250772: Spawned Entity Boxed 9x19mm Rounds (AmmoBox_9x19_25rnd<7d900920>, 10, 100, 0) at <986.170227, 15.740000, 2374.079590>
[COT 2023-10-30 0h:1m:49] 76561199108250772: Spawned Entity Boxed 9x19mm Rounds (AmmoBox_9x19_25rnd<7d9025d0>, 10, 100, 0) at <986.172791, 15.782374, 2374.098145>
[COT 2023-10-30 0h:1m:49] 76561199108250772: Spawned Entity Boxed 9x19mm Rounds (AmmoBox_9x19_25rnd<7d90e510>, 10, 100, 0) at <986.175293, 15.824066, 2374.116211>
[COT 2023-10-30 0h:1m:49] 76561199108250772: Spawned Entity Boxed 9x19mm Rounds (AmmoBox_9x19_25rnd<7d908f00>, 10, 100, 0) at <986.177856, 15.866442, 2374.134521>
[COT 2023-10-30 0h:2m:12] 76561199108250772: Spawned Entity Gun Cleaning Kit (WeaponCleaningKit<7ec8f010>, 100, 100, 0) at <986.006287, 15.740000, 2373.935791>
[COT 2023-10-30 0h:2m:24] 76561199108250772: Teleported to position <1940.332520, 34.692020, 2812.725098>
[COT 2023-10-30 0h:2m:59] 76561199108250772: Spawned Entity Fire Barrel (BarrelHoles_Green<62cb18b0>, 100, 900, 0) at <1945.091431, 34.884113, 2818.702393>
[COT 2023-10-30 0h:3m:7s] 76561199108250772: Spawned Entity Firewood (Firewood<fa504070>, 1, 500, 0) at <1945.226685, 34.884113, 2818.117432>
[COT 2023-10-30 0h:3m:7s] 76561199108250772: Spawned Entity Firewood (Firewood<fa504a00>, 1, 500, 0) at <1945.414551, 35.061657, 2818.120850>
[COT 2023-10-30 0h:3m:8s] 76561199108250772: Spawned Entity Firewood (Firewood<fa509680>, 1, 500, 0) at <1945.414551, 35.061657, 2818.120850>
[COT 2023-10-30 0h:3m:8s] 76561199108250772: Spawned Entity Firewood (Firewood<fa505390>, 1, 500, 0) at <1945.545898, 35.185844, 2818.123047>
[COT 2023-10-30 0h:3m:8s] 76561199108250772: Spawned Entity Firewood (Firewood<fa5066b0>, 1, 500, 0) at <1945.717529, 35.348038, 2818.125977>
[COT 2023-10-30 0h:3m:8s] 76561199108250772: Spawned Entity Firewood (Firewood<fa510940>, 1, 500, 0) at <1945.896362, 35.517097, 2818.129150>
[COT 2023-10-30 0h:3m:30] 76561199108250772: Spawned Entity Paper (Paper<d4f0c90>, 10, 15, 0) at <1945.696655, 34.884113, 2818.608398>
[COT 2023-10-30 0h:3m:35] 76561199108250772: Spawned Entity Lighter (PetrolLighter<d4ec010>, 20, 20, 0) at <1945.740356, 34.956444, 2818.600098>
[COT 2023-10-30 0h:8m:25] 76561199108250772: Teleported to position <7783.129395, 15.665380, 1512.208252>
[COT 2023-10-30 0h:9m:5s] 76561199108250772: ESP: Clearing ESP
[COT 2023-10-30 0h:9m:7s] 76561199108250772: ESP: Viewing ESP
[COT 2023-10-30 0h:9m:22] 76561199108250772: ESP: Clearing ESP
[COT 2023-10-30 0h:9m:24] 76561199108250772: ESP: Viewing ESP
[COT 2023-10-30 0h:9m:29] 76561199108250772: ESP: Clearing ESP
[COT 2023-10-30 0h:9m:52] 76561199108250772: Spawned Entity Flare (Ammo_Flare<f66e8e00>, 20, 100, 0) at <7621.240234, 31.132694, 1684.411133>
[COT 2023-10-30 0h:9m:55] 76561199108250772: Spawned Entity Signal Pistol (Flaregun<7be138a0>, 20, 150, 0) at <7621.242188, 31.148520, 1684.409790>
[COT 2023-10-30 0h:12:53] 76561199108250772: Teleported to position <6485.954102, 35.599998, 6901.828613>
[COT 2023-10-30 0h:13:51] 76561199108250772: Teleported [guid=J-p2rrYWY9rZA39LeZkANS-YhAaf1PxifdJF2GQSgqs=] to <6449.324707, 36.209961, 6955.609375>
[COT 2023-10-30 0h:14:15] 76561199108250772: Spawned Entity MVS Sling Pack - Black (MountainBag_ColorBase<4c0f280>, 100, 300, 0) at <6449.630859, 36.210003, 6955.084473>
[COT 2023-10-30 0h:14:23] 76561199108250772: Spawned Entity Tactical Gloves (TacticalGloves_Black<4c105a0>, 100, 165, 0) at <6449.451660, 36.210003, 6955.077637>
[COT 2023-10-30 0h:14:32] 76561199108250772: Spawned Entity Plastic Bottle (WaterBottle<f4af480>, 1000, 50, 1) at <6449.451660, 36.210003, 6955.077637>
[COT 2023-10-30 0h:14:48] 76561199108250772: Spawned Entity Alcoholic Tincture (DisinfectantAlcohol<ef94c510>, 200, 30, 0) at <6449.070801, 36.210003, 6955.312988>
[COT 2023-10-30 0h:15:37] 76561199108250772: Spawned Entity #syb_syringe_empty_name (SyringeEmpty<feb106d0>, 100, 50, 0) at <6448.961426, 36.210003, 6955.920898>
[COT 2023-10-30 0h:15:37] 76561199108250772: Spawned Entity #syb_syringe_empty_name (SyringeEmpty<feb14030>, 100, 50, 0) at <6448.974609, 36.232841, 6955.907227>
[COT 2023-10-30 0h:15:50] 76561199108250772: Spawned Entity #syb_actovegin_name (SyberiaMedicineAmpoule<feae39a0>, 4, 50, 0) at <6448.961426, 36.210003, 6955.920898>
[COT 2023-10-30 0h:16:11] 76561199108250772: Spawned Entity #syb_adepress (TabletsBase<962d24a0>, 10, 50, 0) at <6448.961426, 36.210003, 6955.920898>
[COT 2023-10-30 0h:16:45] 76561199108250772: Spawned Entity #syb_tetracycline_name (TabletsBase<fa0f12c0>, 10, 50, 0) at <6448.961426, 36.210003, 6955.920898>
[COT 2023-10-30 0h:16:52] 76561199108250772: Spawned Entity Multivitamin Pills (VitaminBottle<fa0fa9b0>, 50, 50, 0) at <6448.961426, 36.210003, 6955.920898>
[COT 2023-10-30 0h:17:2s] 76561199108250772: Spawned Entity #syb_ibuprofen_name (TabletsBase<fa0fc7e0>, 10, 50, 0) at <6448.961426, 36.210003, 6955.920898>
[COT 2023-10-30 0h:17:10] 76561199108250772: Spawned Entity Sharpening Stone (Whetstone<1507e8f0>, 100, 50, 0) at <6448.961426, 36.210003, 6955.920898>
[COT 2023-10-30 0h:17:17] 76561199108250772: Spawned Entity Firefighter Axe (FirefighterAxe<7d1c4bd0>, 100, 250, 0) at <6448.961426, 36.210003, 6955.920898>
[COT 2023-10-30 0h:17:25] 76561199108250772: Spawned Entity Hunting Knife (HuntingKnife<7d1cbe90>, 100, 130, 0) at <6448.961426, 36.210003, 6955.920898>
[COT 2023-10-30 0h:17:37] 76561199108250772: Spawned Entity Lighter (PetrolLighter<7d1d6ab0>, 20, 20, 0) at <6448.961426, 36.210003, 6955.920898>
[COT 2023-10-30 0h:17:51] 76561199108250772: Spawned Entity #syb_zvirus_antidot_name (SyberiaMedicineAmpoule<80401a60>, 4, 50, 0) at <6448.961426, 36.210003, 6955.920898>
[COT 2023-10-30 0h:17:59] 76561199108250772: Spawned Entity #syb_topoizomeraza_name (InjectorBase<80405d50>, 4, 100, 0) at <6448.961426, 36.210003, 6955.920898>
[COT 2023-10-30 0h:18:0s] 76561199108250772: Spawned Entity #syb_topoizomeraza_name (InjectorBase<80408390>, 4, 100, 0) at <6448.993652, 36.265247, 6955.887695>
[COT 2023-10-30 0h:18:19] 76561199108250772: Spawned Entity #syb_irovit_name (TabletsBase<1690c520>, 10, 50, 0) at <6448.961426, 36.210003, 6955.920898>
[COT 2023-10-30 0h:18:32] 76561199108250772: Spawned Entity Firewood (Firewood<78638010>, 1, 500, 0) at <6447.538086, 36.210003, 6953.027344>
[COT 2023-10-30 0h:18:32] 76561199108250772: Spawned Entity Firewood (Firewood<78601050>, 1, 500, 0) at <6447.538086, 36.210003, 6953.027344>
[COT 2023-10-30 0h:18:32] 76561199108250772: Spawned Entity Firewood (Firewood<78609630>, 1, 500, 0) at <6447.746094, 36.386612, 6953.080078>
[COT 2023-10-30 0h:18:33] 76561199108250772: Spawned Entity Firewood (Firewood<7860e2b0>, 1, 500, 0) at <6447.955078, 36.563587, 6953.133301>
[COT 2023-10-30 0h:18:55] 76561199108250772: Spawned Entity Paper (Paper<78638010>, 10, 15, 0) at <6446.562500, 36.210003, 6953.133789>
[COT 2023-10-30 0h:20:41] 76561199108250772: Spawned Entity ChiemseeMap (ChernarusMap<14b7c710>, 100, 50, 0) at <6446.952637, 36.210003, 6953.197754>
[COT 2023-10-30 0h:21:43] 76561199108250772: Spawned Entity MK II (MKII_Base<11e6a140>, 100, 120, 0) at <6449.465332, 36.210003, 6954.132813>
[COT 2023-10-30 0h:21:45] 76561199108250772: Spawned Entity 10rd MK II Mag (Mag_MKII_10Rnd<f31fd8f0>, 10, 100, 0) at <6449.463379, 36.253311, 6954.162598>
[COT 2023-10-30 0h:21:50] 76561199108250772: Spawned Entity Boxed .22 LR Rounds (AmmoBox_22_50Rnd<f3202f00>, 10, 100, 0) at <6449.462891, 36.273369, 6954.176270>
[COT 2023-10-30 0h:21:50] 76561199108250772: Spawned Entity Boxed .22 LR Rounds (AmmoBox_22_50Rnd<f3205540>, 10, 100, 0) at <6449.461914, 36.309654, 6954.201660>
[COT 2023-10-30 0h:21:51] 76561199108250772: Spawned Entity Boxed .22 LR Rounds (AmmoBox_22_50Rnd<f3202570>, 10, 100, 0) at <6449.459961, 36.343521, 6954.224609>
[COT 2023-10-30 0h:21:51] 76561199108250772: Spawned Entity Boxed .22 LR Rounds (AmmoBox_22_50Rnd<f320be70>, 10, 100, 0) at <6449.458496, 36.377388, 6954.247559>
[COT 2023-10-30 0h:33:45] 76561199108250772: Entered the Free Camera
[COT 2023-10-30 0h:33:54] 76561199108250772: Left the Free Camera
[COT 2023-10-30 0h:33:59] 76561199108250772: ESP: Viewing ESP
[COT 2023-10-30 0h:34:3s] 76561199108250772: ESP: Clearing ESP
[COT 2023-10-30 0h:34:4s] 76561199108250772: ESP: Viewing ESP
[COT 2023-10-30 0h:34:6s] 76561199108250772: Entered the Free Camera
[COT 2023-10-30 0h:34:20] 76561199108250772: Left the Free Camera
[COT 2023-10-30 0h:34:23] 76561199108250772: Entered the Free Camera
[COT 2023-10-30 0h:34:44] 76561199108250772: Left the Free Camera
