[COT 2023-11-24 8h:19:20] 76561199108250772: Set GodMode To true [guid=OAdpPkJP2Ps_W7h2ttR1bK23ekHCzrxw0mDT3zqLMdU=]
[COT 2023-11-24 8h:21:33] 76561199108250772: Teleported to position <5620.487305, 15.870980, 8668.213867>
[COT 2023-11-24 8h:22:16] 76561199108250772: Spawned Entity Plastic Bottle (WaterBottle<27be7540>, 1000, 50, 512) at <5640.917969, 16.839144, 8643.735352>
[COT 2023-11-24 8h:24:52] 76561199108250772: Healed [guid=OAdpPkJP2Ps_W7h2ttR1bK23ekHCzrxw0mDT3zqLMdU=]
[COT 2023-11-24 8h:25:2s] 76561199108250772: Set UnlimitedAmmo To true [guid=OAdpPkJP2Ps_W7h2ttR1bK23ekHCzrxw0mDT3zqLMdU=]
[COT 2023-11-24 8h:25:4s] 76561199108250772: Set UnlimitedStamina To true [guid=OAdpPkJP2Ps_W7h2ttR1bK23ekHCzrxw0mDT3zqLMdU=]
[COT 2023-11-24 8h:29:54] 76561199108250772: Entered the Free Camera
[COT 2023-11-24 8h:30:48] 76561199108250772: Left the Free Camera
[COT 2023-11-24 8h:31:36] 76561199108250772: ESP: Viewing ESP
[COT 2023-11-24 8h:31:45] 76561199108250772: ESP: Clearing ESP
[COT 2023-11-24 8h:31:47] 76561199108250772: ESP: Viewing ESP
[COT 2023-11-24 8h:31:53] 76561199108250772: Entered the Free Camera
[COT 2023-11-24 8h:32:40] 76561199108250772: Spawned Entity #syb_adepress (TabletsBase<279083c0>, 10, 50, 0) at <5271.601074, 2.072106, 8652.030273>
[COT 2023-11-24 8h:33:5s] 76561199108250772: Spawned Entity #syb_adepress (TabletsBase<9b091700>, 10, 50, 0) at <5268.785156, 2.678471, 8642.424805>
[COT 2023-11-24 8h:33:6s] 76561199108250772: Spawned Entity #syb_adepress (TabletsBase<c29b4b00>, 10, 50, 0) at <5268.730957, 2.746030, 8642.494141>
[COT 2023-11-24 8h:33:6s] 76561199108250772: Spawned Entity #syb_adepress (TabletsBase<c29ae660>, 10, 50, 0) at <5268.686035, 2.801896, 8642.550781>
[COT 2023-11-24 8h:33:18] 76561199108250772: Spawned Entity Alcoholic Tincture (DisinfectantAlcohol<c29b6930>, 200, 30, 0) at <5268.437012, 2.678471, 8642.257813>
[COT 2023-11-24 8h:33:18] 76561199108250772: Spawned Entity Alcoholic Tincture (DisinfectantAlcohol<e6f3d00>, 200, 30, 0) at <5268.405762, 2.737324, 8642.326172>
[COT 2023-11-24 8h:33:19] 76561199108250772: Spawned Entity Alcoholic Tincture (DisinfectantAlcohol<e6f6540>, 200, 30, 0) at <5268.374512, 2.796975, 8642.394531>
[COT 2023-11-24 8h:33:35] 76561199108250772: Spawned Entity MVS Sling Pack - Black (MountainBag_ColorBase<24f54420>, 200, 300, 0) at <5269.389160, 2.678470, 8642.588867>
[COT 2023-11-24 8h:33:49] 76561199108250772: Spawned Entity #syb_topoizomeraza_name (InjectorBase<c01abc30>, 200, 100, 0) at <5268.434570, 2.678471, 8642.489258>
[COT 2023-11-24 8h:33:50] 76561199108250772: Spawned Entity #syb_topoizomeraza_name (InjectorBase<c01ab2a0>, 200, 100, 0) at <5268.399414, 2.745064, 8642.554688>
[COT 2023-11-24 8h:33:58] 76561199108250772: Spawned Entity #syb_zvirus_antidot_name (InjectorBase<c01a6620>, 200, 100, 0) at <5268.370117, 2.801318, 8642.609375>
[COT 2023-11-24 8h:33:59] 76561199108250772: Spawned Entity #syb_zvirus_antidot_name (InjectorBase<c01b2560>, 200, 100, 0) at <5268.342773, 2.852620, 8642.659180>
[COT 2023-11-24 8h:34:0s] 76561199108250772: Spawned Entity #syb_zvirus_antidot_name (InjectorBase<c01b08b0>, 200, 100, 0) at <5268.311523, 2.911765, 8642.716797>
[COT 2023-11-24 8h:34:17] 76561199108250772: Spawned Entity Canned Bacon (TacticalBaconCan<f9af43a0>, 400, 100, 0) at <5268.477539, 2.678471, 8641.855469>
[COT 2023-11-24 8h:34:18] 76561199108250772: Spawned Entity Canned Bacon (TacticalBaconCan<f9af57c0>, 400, 100, 0) at <5268.443848, 2.738506, 8641.943359>
[COT 2023-11-24 8h:38:5s] 76561199108250772: Left the Free Camera
[COT 2023-11-24 8h:38:7s] 76561199108250772: Entered the Free Camera
[COT 2023-11-24 8h:46:47] 76561199108250772: Healed [guid=otBVjKJwAtcsfKsYYrAjD-bfGbodB2gozEia67KJTeY=]
