[COT 2023-10-28 4h:3m:27] 76561199108250772: Set GodMode To true [guid=OAdpPkJP2Ps_W7h2ttR1bK23ekHCzrxw0mDT3zqLMdU=]
[COT 2023-10-28 4h:3m:28] 76561199108250772: Set UnlimitedAmmo To true [guid=OAdpPkJP2Ps_W7h2ttR1bK23ekHCzrxw0mDT3zqLMdU=]
[COT 2023-10-28 4h:3m:28] 76561199108250772: Set UnlimitedStamina To true [guid=OAdpPkJP2Ps_W7h2ttR1bK23ekHCzrxw0mDT3zqLMdU=]
[COT 2023-10-28 4h:3m:29] 76561199108250772: Set cannot be targeted by AI to true [guid=OAdpPkJP2Ps_W7h2ttR1bK23ekHCzrxw0mDT3zqLMdU=]
[COT 2023-10-28 4h:3m:34] 76561199108250772: Entered the Free Camera
[COT 2023-10-28 4h:4m:2s] 76561199108250772: Left the Free Camera
[COT 2023-10-28 4h:11:7s] 76561199108250772: Entered the Free Camera
[COT 2023-10-28 4h:11:19] 76561199108250772: Left the Free Camera
[COT 2023-10-28 4h:15:25] 76561199108250772: Spawned Entity Alcoholic Tincture (DisinfectantAlcohol<6f43d390>, 200, 30, 0) at <9103.768555, 7.423884, 7709.484863>
[COT 2023-10-28 4h:15:26] 76561199108250772: Spawned Entity Alcoholic Tincture (DisinfectantAlcohol<6f43b560>, 200, 30, 0) at <9103.770508, 7.521658, 7709.560059>
[COT 2023-10-28 4h:15:34] 76561199108250772: Spawned Entity #syb_tetracycline_name (TabletsBase<6f43f1c0>, 10, 50, 0) at <9103.715820, 7.421149, 7708.758301>
[COT 2023-10-28 4h:15:35] 76561199108250772: Spawned Entity #syb_tetracycline_name (TabletsBase<6f44bb00>, 10, 50, 0) at <9103.718750, 7.471606, 7708.839355>
[COT 2023-10-28 4h:15:35] 76561199108250772: Spawned Entity #syb_tetracycline_name (TabletsBase<6f44e340>, 10, 50, 0) at <9103.722656, 7.528482, 7708.930176>
[COT 2023-10-28 4h:15:36] 76561199108250772: Spawned Entity #syb_tetracycline_name (TabletsBase<6f4222e0>, 10, 50, 0) at <9103.726563, 7.585399, 7709.021484>
[COT 2023-10-28 4h:15:42] 76561199108250772: Spawned Entity Multivitamin Pills (VitaminBottle<1b327e0>, 50, 50, 0) at <9103.445313, 7.421124, 7708.833496>
[COT 2023-10-28 4h:15:43] 76561199108250772: Spawned Entity Multivitamin Pills (VitaminBottle<1b2b930>, 50, 50, 0) at <9103.460938, 7.468545, 7708.908203>
[COT 2023-10-28 4h:15:43] 76561199108250772: Spawned Entity Multivitamin Pills (VitaminBottle<1b35a30>, 50, 50, 0) at <9103.476563, 7.514460, 7708.980469>
[COT 2023-10-28 4h:16:16] 76561199108250772: Spawned Entity Bandage (BandageDressing<8253a410>, 4, 50, 0) at <9103.295898, 7.422784, 7709.328125>
[COT 2023-10-28 4h:16:17] 76561199108250772: Spawned Entity Bandage (BandageDressing<82536ab0>, 4, 50, 0) at <9103.303711, 7.511309, 7709.370117>
[COT 2023-10-28 4h:16:17] 76561199108250772: Spawned Entity Bandage (BandageDressing<82534470>, 4, 50, 0) at <9103.311523, 7.597894, 7709.411133>
[COT 2023-10-28 4h:16:18] 76561199108250772: Spawned Entity Bandage (BandageDressing<8253ada0>, 4, 50, 0) at <9103.319336, 7.686658, 7709.453125>
[COT 2023-10-28 4h:16:34] 76561199108250772: Spawned Entity #syb_topoizomeraza_name (InjectorBase<8253e700>, 100, 100, 0) at <9103.232422, 7.422541, 7709.281738>
[COT 2023-10-28 4h:16:34] 76561199108250772: Spawned Entity #syb_topoizomeraza_name (InjectorBase<8253dd70>, 100, 100, 0) at <9103.242188, 7.493219, 7709.321289>
[COT 2023-10-28 4h:16:34] 76561199108250772: Spawned Entity #syb_topoizomeraza_name (InjectorBase<82545030>, 100, 100, 0) at <9103.251953, 7.562239, 7709.359863>
[COT 2023-10-28 4h:16:35] 76561199108250772: Spawned Entity #syb_topoizomeraza_name (InjectorBase<82548000>, 100, 100, 0) at <9103.261719, 7.632917, 7709.398926>
[COT 2023-10-28 4h:17:12] 76561199108250772: Spawned Entity #syb_adepress (TabletsBase<7521e5f0>, 10, 50, 0) at <9103.369141, 7.422131, 7709.129395>
[COT 2023-10-28 4h:17:12] 76561199108250772: Spawned Entity #syb_adepress (TabletsBase<75219f80>, 10, 50, 0) at <9103.373047, 7.507442, 7709.186035>
[COT 2023-10-28 4h:17:13] 76561199108250772: Spawned Entity #syb_adepress (TabletsBase<75217740>, 10, 50, 0) at <9103.375977, 7.572918, 7709.229004>
[COT 2023-10-28 4h:17:13] 76561199108250772: Spawned Entity #syb_adepress (TabletsBase<752254a0>, 10, 50, 0) at <9103.379883, 7.657514, 7709.285156>
[COT 2023-10-28 4h:17:26] 76561199108250772: Spawned Entity #syb_charcoal_name (TabletsBase<751fa860>, 10, 50, 0) at <9103.312500, 7.422408, 7709.221680>
[COT 2023-10-28 4h:17:27] 76561199108250772: Spawned Entity #syb_charcoal_name (TabletsBase<751f43c0>, 10, 50, 0) at <9103.319336, 7.507677, 7709.271484>
[COT 2023-10-28 4h:17:27] 76561199108250772: Spawned Entity #syb_charcoal_name (TabletsBase<7520ae00>, 10, 50, 0) at <9103.325195, 7.573188, 7709.309570>
[COT 2023-10-28 4h:17:27] 76561199108250772: Spawned Entity #syb_charcoal_name (TabletsBase<7a374d0>, 10, 50, 0) at <9103.332031, 7.658393, 7709.359375>
[COT 2023-10-28 4h:17:42] 76561199108250772: Healed [guid=OAdpPkJP2Ps_W7h2ttR1bK23ekHCzrxw0mDT3zqLMdU=]
[COT 2023-10-28 4h:18:49] 76561199108250772: Spawned Entity Hunting Knife (HuntingKnife<7fc72090>, 100, 130, 0) at <9103.128906, 7.422403, 7709.275391>
[COT 2023-10-28 4h:18:49] 76561199108250772: Spawned Entity Hunting Knife (HuntingKnife<7fc759f0>, 100, 130, 0) at <9103.142578, 7.481205, 7709.311523>
[COT 2023-10-28 4h:18:50] 76561199108250772: Spawned Entity Hunting Knife (HuntingKnife<7fc72a20>, 100, 130, 0) at <9103.155273, 7.534507, 7709.344238>
[COT 2023-10-28 4h:19:9s] 76561199108250772: Spawned Entity Boxed 12ga Rifled Slugs (AmmoBox_12gaSlug_10Rnd<7fc703e0>, 2, 100, 0) at <9103.309570, 7.422527, 7709.254883>
[COT 2023-10-28 4h:19:15] 76561199108250772: Teleported to position <9206.986328, 4.731337, 8155.899414>
[COT 2023-10-28 4h:20:14] 76561199108250772: Teleported to position <7198.183594, 43.623299, 9572.344727>
[COT 2023-10-28 4h:20:24] 76561199108250772: Entered the Free Camera
[COT 2023-10-28 4h:20:47] 76561199108250772: Left the Free Camera
[COT 2023-10-28 4h:20:50] 76561199108250772: Entered the Free Camera
[COT 2023-10-28 4h:20:55] 76561199108250772: Left the Free Camera
[COT 2023-10-28 4h:52:1s] 76561199108250772: Entered the Free Camera
[COT 2023-10-28 4h:52:11] 76561199108250772: Left the Free Camera
[COT 2023-10-28 4h:59:39] 76561199108250772: Teleported to position <6439.013672, 8.476762, 4513.162109>
[COT 2023-10-28 5h:0m:57] 76561199108250772: Entered the Free Camera
[COT 2023-10-28 5h:1m:27] 76561199108250772: Left the Free Camera
[COT 2023-10-28 5h:1m:33] 76561199108250772: Entered the Free Camera
[COT 2023-10-28 5h:1m:36] 76561199108250772: Left the Free Camera
[COT 2023-10-28 5h:3m:18] 76561199108250772: Entered the Free Camera
[COT 2023-10-28 5h:3m:28] 76561199108250772: Left the Free Camera
[COT 2023-10-28 5h:10:15] 76561199108250772: Entered the Free Camera
[COT 2023-10-28 5h:10:20] 76561199108250772: Left the Free Camera
[COT 2023-10-28 5h:10:41] 76561199108250772: Spawned Entity Rope (Rope<7e0e17f0>, 100, 200, 0) at <6459.755859, 17.200394, 6054.042480>
[COT 2023-10-28 5h:10:56] 76561199108250772: Spawned Entity Short Stick (WoodenStick<1c23040>, 5, 50, 0) at <6459.703613, 17.200392, 6054.055664>
[COT 2023-10-28 5h:12:29] 76561199108250772: ESP: Viewing ESP
[COT 2023-10-28 5h:12:47] 76561199108250772: ESP target=Fence<ff4479b0> action=built part=base required_materials=false
[COT 2023-10-28 5h:12:49] 76561199108250772: ESP target=Fence<ff4479b0> action=built part=wall_base_down required_materials=false
[COT 2023-10-28 5h:12:51] 76561199108250772: ESP target=Fence<ff4479b0> action=built part=wall_wood_down required_materials=false
[COT 2023-10-28 5h:12:53] 76561199108250772: ESP target=Fence<ff4479b0> action=built part=wall_base_up required_materials=false
[COT 2023-10-28 5h:12:55] 76561199108250772: ESP target=Fence<ff4479b0> action=built part=wall_wood_up required_materials=false
[COT 2023-10-28 5h:12:57] 76561199108250772: ESP target=Fence<ff4479b0> action=built part=wall_platform required_materials=false
[COT 2023-10-28 5h:12:58] 76561199108250772: ESP target=Fence<ff4479b0> action=dismantle part=wall_platform
[COT 2023-10-28 5h:13:4s] 76561199108250772: ESP: Clearing ESP
[COT 2023-10-28 5h:13:14] 76561199108250772: Spawned Entity Metal Wire (MetalWire<8213ecc0>, 100, 500, 0) at <6458.372559, 17.200392, 6053.882324>
[COT 2023-10-28 5h:13:31] 76561199108250772: Spawned Entity Pliers (Pliers<4797f00>, 100, 100, 0) at <6457.272949, 17.200392, 6054.130371>
[COT 2023-10-28 5h:14:1s] 76561199108250772: Spawned Entity CodeLock (CodeLock<b69ba30>, 100, 1500, 0) at <6457.784180, 17.200394, 6053.966797>
[COT 2023-10-28 5h:14:17] 76561199108250772: Entered the Free Camera
[COT 2023-10-28 5h:14:30] 76561199108250772: Left the Free Camera
[COT 2023-10-28 5h:14:40] 76561199108250772: Spawned Entity Flag Pole Kit (TerritoryFlagKit<121bab70>, 100, 200, 0) at <6457.542969, 26.272278, 6052.029297>
[COT 2023-10-28 5h:15:23] 76561199108250772: Entered the Free Camera
[COT 2023-10-28 5h:15:38] 76561199108250772: Left the Free Camera
[COT 2023-10-28 5h:15:43] 76561199108250772: Entered the Free Camera
[COT 2023-10-28 5h:15:49] 76561199108250772: Left the Free Camera
[COT 2023-10-28 5h:16:11] 76561199108250772: ESP: Viewing ESP
[COT 2023-10-28 5h:16:22] 76561199108250772: ESP index=0 target=ZmbF_VillagerOld_White:0538 position=<6465.053223, 17.090000, 6058.224609> action=delete
[COT 2023-10-28 5h:16:22] 76561199108250772: ESP index=1 target=ZmbM_VillagerOld_White:0459 position=<6479.287598, 17.018448, 6058.407227> action=delete
[COT 2023-10-28 5h:16:22] 76561199108250772: ESP index=2 target=ZmbF_MilkMaidOld_Black:0517 position=<6462.306152, 17.089998, 6073.671387> action=delete
[COT 2023-10-28 5h:16:22] 76561199108250772: ESP action=delete_all count=3 attempted=3
[COT 2023-10-28 5h:16:40] 76561199108250772: Entered the Free Camera
[COT 2023-10-28 5h:16:48] 76561199108250772: Left the Free Camera
[COT 2023-10-28 5h:16:53] 76561199108250772: ESP: Clearing ESP
[COT 2023-10-28 5h:17:11] 76561199108250772: Spawned Entity Rope (Rope<f824cfe0>, 100, 200, 0) at <6461.411133, 17.049999, 6044.295410>
[COT 2023-10-28 5h:18:3s] 76561199108250772: ESP: Viewing ESP
[COT 2023-10-28 5h:18:6s] 76561199108250772: ESP target=TerritoryFlag<fcb70060> action=built part=base required_materials=false
[COT 2023-10-28 5h:18:8s] 76561199108250772: ESP target=TerritoryFlag<fcb70060> action=built part=support required_materials=false
[COT 2023-10-28 5h:18:9s] 76561199108250772: ESP target=TerritoryFlag<fcb70060> action=built part=pole required_materials=false
[COT 2023-10-28 5h:18:13] 76561199108250772: ESP: Clearing ESP
[COT 2023-10-28 5h:18:24] 76561199108250772: Spawned Entity Flag (Flag_Pirates<162689a0>, 100, 100, 0) at <6461.602051, 23.559965, 6050.992676>
[COT 2023-10-28 5h:18:43] 76561199108250772: Entered the Free Camera
[COT 2023-10-28 5h:18:50] 76561199108250772: Left the Free Camera
[COT 2023-10-28 5h:18:54] 76561199108250772: Entered the Free Camera
[COT 2023-10-28 5h:19:3s] 76561199108250772: Left the Free Camera
[COT 2023-10-28 5h:22:20] 76561199108250772: Spawned Entity Flashlight (Flashlight<4426db0>, 20, 70, 0) at <6458.408691, 20.339560, 6053.930176>
[COT 2023-10-28 5h:22:36] 76561199108250772: Spawned Entity 9V Battery (Battery9V<b612600>, 50, 20, 0) at <6458.274902, 20.339560, 6053.939453>
[COT 2023-10-28 5h:24:38] 76561199108250772: Spawned Entity Large Gas Canister (LargeGasCanister<1518c40>, 20, 20, 0) at <6456.594727, 20.339558, 6053.554688>
[COT 2023-10-28 5h:24:43] 76561199108250772: Spawned Entity Gas Lamp (PortableGasLamp<1525ea0>, 225, 100, 0) at <6456.489258, 20.558056, 6053.517578>
[COT 2023-10-28 5h:26:27] 76561199108250772: Spawned Entity Barrel (Barrel_Blue<16548750>, 200000, 1300, 1) at <6458.336914, 20.339560, 6056.797852>
[COT 2023-10-28 5h:26:33] 76561199108250772: Spawned Entity Barrel (Barrel_Green<45dab90>, 200000, 1300, 1) at <6457.263672, 20.339560, 6056.353027>
[COT 2023-10-28 5h:26:40] 76561199108250772: Spawned Entity Barrel (Barrel_Yellow<d845150>, 200000, 1300, 1) at <6454.179688, 20.339558, 6055.067871>
[COT 2023-10-28 5h:28:6s] 76561199108250772: ESP: Viewing ESP
[COT 2023-10-28 5h:28:7s] 76561199108250772: ESP: Clearing ESP
[COT 2023-10-28 5h:28:15] 76561199108250772: ESP: Viewing ESP
[COT 2023-10-28 5h:28:22] 76561199108250772: ESP index=0 target=Mass_JunkBox:010962 position=<6459.359375, 20.334627, 6055.701172> action=delete
[COT 2023-10-28 5h:28:22] 76561199108250772: ESP index=1 target=Barrel_Yellow:09529 position=<6454.179688, 20.330757, 6055.067871> action=delete
[COT 2023-10-28 5h:28:22] 76561199108250772: ESP index=2 target=Barrel_Green:022151 position=<6457.263672, 20.330759, 6056.353027> action=delete
[COT 2023-10-28 5h:28:22] 76561199108250772: ESP action=delete_all count=3 attempted=3
[COT 2023-10-28 5h:28:28] 76561199108250772: ESP index=0 target=Barrel_Blue:019158 position=<6457.190430, 20.334621, 6052.195313> action=delete
[COT 2023-10-28 5h:28:28] 76561199108250772: ESP action=delete_all count=1 attempted=1
[COT 2023-10-28 5h:29:10] 76561199108250772: Spawned Entity Fire Barrel (BarrelHoles_Green<5dd317d0>, 100, 900, 0) at <6457.255859, 20.339560, 6056.233398>
[COT 2023-10-28 5h:29:13] 76561199108250772: Spawned Entity Fire Barrel (BarrelHoles_Blue<5dd32ef0>, 100, 900, 0) at <6458.380371, 20.339560, 6056.749512>
[COT 2023-10-28 5h:29:16] 76561199108250772: Spawned Entity Fire Barrel (BarrelHoles_Red<5dd2e990>, 100, 900, 0) at <6459.817871, 20.339558, 6056.221191>
[COT 2023-10-28 5h:29:21] 76561199108250772: Spawned Entity Fire Barrel (BarrelHoles_Yellow<5dd35d30>, 100, 900, 0) at <6460.488281, 20.339558, 6054.171875>
[COT 2023-10-28 5h:29:55] 76561199108250772: ESP: Clearing ESP
[COT 2023-10-28 5h:30:9s] 76561199108250772: Spawned Entity Ballistic Vest (PressVest_Blue<57d8010>, 100, 170, 0) at <6454.517578, 20.339560, 6053.529297>
[COT 2023-10-28 5h:30:9s] 76561199108250772: Spawned Entity Ballistic Vest (PressVest_Blue<57d7680>, 100, 170, 0) at <6454.524902, 20.516724, 6053.438965>
[COT 2023-10-28 5h:30:10] 76561199108250772: Spawned Entity Ballistic Vest (PressVest_Blue<57d2a00>, 100, 170, 0) at <6454.531738, 20.693886, 6053.344727>
[COT 2023-10-28 5h:34:26] 76561199108250772: Spawned Entity MVS Warrior Helmet - Black (Mich2001Helmet<143f35a0>, 100, 100, 0) at <6454.635254, 20.339558, 6053.541504>
[COT 2023-10-28 5h:34:35] 76561199108250772: Spawned Entity MVS Sling Pack - Black (MountainBag_ColorBase<143ecc70>, 100, 300, 0) at <6454.660156, 20.539949, 6053.425293>
[COT 2023-10-28 5h:35:2s] 76561199108250772: Spawned Entity Alcoholic Tincture (DisinfectantAlcohol<ef42e890>, 200, 30, 0) at <6457.601074, 20.339560, 6055.151367>
[COT 2023-10-28 5h:35:2s] 76561199108250772: Spawned Entity Alcoholic Tincture (DisinfectantAlcohol<ef4393a0>, 200, 30, 0) at <6457.626953, 20.436832, 6055.097656>
[COT 2023-10-28 5h:35:3s] 76561199108250772: Spawned Entity Alcoholic Tincture (DisinfectantAlcohol<f745f420>, 200, 30, 0) at <6457.652832, 20.536152, 6055.045410>
[COT 2023-10-28 5h:35:11] 76561199108250772: Spawned Entity #syb_tetracycline_name (TabletsBase<ff46e990>, 10, 50, 0) at <6457.450684, 20.339560, 6055.143555>
[COT 2023-10-28 5h:35:11] 76561199108250772: Spawned Entity #syb_tetracycline_name (TabletsBase<ff450690>, 10, 50, 0) at <6457.470215, 20.405035, 6055.103027>
[COT 2023-10-28 5h:35:11] 76561199108250772: Spawned Entity #syb_tetracycline_name (TabletsBase<751f39b0>, 10, 50, 0) at <6457.491211, 20.470510, 6055.064941>
[COT 2023-10-28 5h:35:19] 76561199108250772: Spawned Entity #syb_syringe_empty_name (SyringeEmpty<5d24fe0>, 10, 50, 0) at <6457.739258, 20.339560, 6055.435547>
[COT 2023-10-28 5h:35:20] 76561199108250772: Spawned Entity #syb_syringe_empty_name (SyringeEmpty<5d27fb0>, 10, 50, 0) at <6457.740234, 20.354414, 6055.424805>
[COT 2023-10-28 5h:35:20] 76561199108250772: Spawned Entity #syb_syringe_empty_name (SyringeEmpty<5d229a0>, 10, 50, 0) at <6457.742676, 20.377174, 6055.405762>
[COT 2023-10-28 5h:35:31] 76561199108250772: Spawned Entity #syb_mad_bull_name (SodaCan_EnergyDrink<facdadd0>, 300, 30, 0) at <6457.497070, 20.339560, 6055.448730>
[COT 2023-10-28 5h:35:31] 76561199108250772: Spawned Entity #syb_mad_bull_name (SodaCan_EnergyDrink<facebd80>, 300, 30, 0) at <6457.527832, 20.434746, 6055.378906>
[COT 2023-10-28 5h:35:32] 76561199108250772: Spawned Entity #syb_mad_bull_name (SodaCan_EnergyDrink<fad03be0>, 300, 30, 0) at <6457.561035, 20.538765, 6055.299805>
[COT 2023-10-28 5h:35:45] 76561199108250772: Spawned Entity #syb_actovegin_name (SyberiaMedicineAmpoule<872540f0>, 4, 50, 0) at <6457.280273, 20.339560, 6055.223145>
[COT 2023-10-28 5h:35:45] 76561199108250772: Spawned Entity #syb_actovegin_name (SyberiaMedicineAmpoule<87251ab0>, 4, 50, 0) at <6457.326172, 20.439854, 6055.164063>
[COT 2023-10-28 5h:36:31] 76561199108250772: Spawned Entity #syb_irineks_name (SyberiaMedicineAmpoule<114fb9a0>, 4, 50, 0) at <6457.365234, 20.530590, 6055.105469>
[COT 2023-10-28 5h:36:31] 76561199108250772: Spawned Entity #syb_irineks_name (SyberiaMedicineAmpoule<114fc330>, 4, 50, 0) at <6457.403320, 20.628510, 6055.048828>
[COT 2023-10-28 5h:36:51] 76561199108250772: Spawned Entity #syb_charcoal_name (TabletsBase<6f42d800>, 10, 50, 0) at <6457.154297, 20.339560, 6055.553223>
[COT 2023-10-28 5h:36:51] 76561199108250772: Spawned Entity #syb_charcoal_name (TabletsBase<6f432880>, 10, 50, 0) at <6457.186035, 20.404188, 6055.496094>
[COT 2023-10-28 5h:36:51] 76561199108250772: Spawned Entity #syb_charcoal_name (TabletsBase<6f435ad0>, 10, 50, 0) at <6457.221680, 20.475332, 6055.435059>
[COT 2023-10-28 5h:38:18] 76561199108250772: Spawned Entity #syb_topoizomeraza_name (InjectorBase<1aa4e10>, 100, 100, 0) at <6457.372559, 20.339560, 6055.483887>
[COT 2023-10-28 5h:38:18] 76561199108250772: Spawned Entity #syb_topoizomeraza_name (InjectorBase<1aa8770>, 100, 100, 0) at <6457.391113, 20.409039, 6055.460938>
[COT 2023-10-28 5h:38:19] 76561199108250772: Spawned Entity #syb_topoizomeraza_name (InjectorBase<1aac0d0>, 100, 100, 0) at <6457.406738, 20.479719, 6055.437988>
[COT 2023-10-28 5h:38:19] 76561199108250772: Spawned Entity #syb_topoizomeraza_name (InjectorBase<1aa6ac0>, 100, 100, 0) at <6457.424316, 20.550415, 6055.411621>
[COT 2023-10-28 5h:38:26] 76561199108250772: Spawned Entity #syb_zvirus_antidot_name (SyberiaMedicineAmpoule<1ab03c0>, 4, 50, 0) at <6456.959961, 20.339560, 6055.486328>
[COT 2023-10-28 5h:38:27] 76561199108250772: Spawned Entity #syb_zvirus_antidot_name (SyberiaMedicineAmpoule<1ab16e0>, 4, 50, 0) at <6457.014160, 20.444195, 6055.438965>
[COT 2023-10-28 5h:38:30] 76561199108250772: Spawned Entity #syb_zvirus_antidot_name (InjectorBase<1aba650>, 4, 100, 0) at <6457.094238, 20.339560, 6055.692383>
[COT 2023-10-28 5h:38:31] 76561199108250772: Spawned Entity #syb_zvirus_antidot_name (InjectorBase<1abafe0>, 4, 100, 0) at <6457.122070, 20.400528, 6055.661621>
[COT 2023-10-28 5h:38:31] 76561199108250772: Spawned Entity #syb_zvirus_antidot_name (InjectorBase<1ab89a0>, 4, 100, 0) at <6457.152832, 20.466721, 6055.627441>
[COT 2023-10-28 5h:39:18] 76561199108250772: Spawned Entity MVS Rucksack - Black (MountainBag_ColorBase<11277a10>, 100, 300, 0) at <6457.519043, 20.339558, 6055.334473>
[COT 2023-10-28 5h:39:37] 76561199108250772: Spawned Entity #syb_surgical_kit_once_name (SurgicalKit<11291ed0>, 100, 100, 0) at <6457.207520, 20.339560, 6055.426758>
[COT 2023-10-28 5h:39:37] 76561199108250772: Spawned Entity #syb_surgical_kit_once_name (SurgicalKit<1128b5a0>, 100, 100, 0) at <6457.221191, 20.378397, 6055.407715>
[COT 2023-10-28 5h:39:38] 76561199108250772: Spawned Entity #syb_surgical_kit_once_name (SurgicalKit<11299190>, 100, 100, 0) at <6457.236816, 20.417234, 6055.385254>
[COT 2023-10-28 5h:39:38] 76561199108250772: Spawned Entity #syb_surgical_kit_once_name (SurgicalKit<11292860>, 100, 100, 0) at <6457.254395, 20.456629, 6055.358398>
[COT 2023-10-28 5h:40:2s] 76561199108250772: Spawned Entity Gun Cleaning Kit (WeaponCleaningKit<ead20d0>, 100, 100, 0) at <6457.444336, 20.339560, 6055.399414>
[COT 2023-10-28 5h:40:2s] 76561199108250772: Spawned Entity Gun Cleaning Kit (WeaponCleaningKit<eadd680>, 100, 100, 0) at <6457.473633, 20.442020, 6055.353516>
[COT 2023-10-28 5h:40:40] 76561199108250772: Spawned Entity MVS Canteen - Black (Canteen<f3295e80>, 1000, 100, 1) at <6457.182129, 20.339560, 6055.566895>
[COT 2023-10-28 5h:40:41] 76561199108250772: Spawned Entity MVS Canteen - Black (Canteen<f328bd80>, 1000, 100, 1) at <6457.254395, 20.532982, 6055.484863>
[COT 2023-10-28 5h:40:48] 76561199108250772: Set GodMode To true [guid=OAdpPkJP2Ps_W7h2ttR1bK23ekHCzrxw0mDT3zqLMdU=]
[COT 2023-10-28 5h:40:50] 76561199108250772: Set UnlimitedAmmo To true [guid=OAdpPkJP2Ps_W7h2ttR1bK23ekHCzrxw0mDT3zqLMdU=]
[COT 2023-10-28 5h:40:50] 76561199108250772: Set UnlimitedStamina To true [guid=OAdpPkJP2Ps_W7h2ttR1bK23ekHCzrxw0mDT3zqLMdU=]
[COT 2023-10-28 5h:40:50] 76561199108250772: Set cannot be targeted by AI to true [guid=OAdpPkJP2Ps_W7h2ttR1bK23ekHCzrxw0mDT3zqLMdU=]
[COT 2023-10-28 5h:41:16] 76561199108250772: Spawned Entity Honey (Honey<b0816d0>, 400, 40, 0) at <6458.330078, 20.339560, 6056.063477>
[COT 2023-10-28 5h:41:16] 76561199108250772: Spawned Entity Honey (Honey<f743cab0>, 400, 40, 0) at <6458.357910, 20.462513, 6055.979492>
[COT 2023-10-28 5h:41:26] 76561199108250772: Spawned Entity Canned Bacon (TacticalBaconCan<ef410fa0>, 400, 100, 0) at <6457.937988, 20.339560, 6056.254883>
[COT 2023-10-28 5h:41:26] 76561199108250772: Spawned Entity Canned Bacon (TacticalBaconCan<ef434320>, 400, 100, 0) at <6457.974609, 20.423019, 6056.186035>
[COT 2023-10-28 5h:41:39] 76561199108250772: Spawned Entity Canned Spaghetti (SpaghettiCan<eedc840>, 400, 100, 0) at <6458.004883, 20.473759, 6056.153809>
[COT 2023-10-28 5h:41:39] 76561199108250772: Spawned Entity Canned Spaghetti (SpaghettiCan<eea8f20>, 400, 100, 0) at <6458.051270, 20.587769, 6056.064453>
[COT 2023-10-28 5h:41:39] 76561199108250772: Spawned Entity Canned Spaghetti (SpaghettiCan<1488d000>, 400, 100, 0) at <6458.095215, 20.691235, 6055.981445>
[COT 2023-10-28 5h:41:52] 76561199108250772: Spawned Entity Chlorine Tablets (PurificationTablets<1488da10>, 10, 30, 0) at <6458.815918, 20.339560, 6056.462402>
[COT 2023-10-28 5h:41:52] 76561199108250772: Spawned Entity Chlorine Tablets (PurificationTablets<87011f80>, 10, 30, 0) at <6458.811523, 20.410295, 6056.392578>
[COT 2023-10-28 5h:42:22] 76561199108250772: Spawned Entity MK II (MKII_Base<66323660>, 100, 120, 0) at <6458.357422, 20.339560, 6055.966309>
[COT 2023-10-28 5h:42:23] 76561199108250772: Spawned Entity MK II (MKII_Base<6633f0e0>, 100, 120, 0) at <6458.369629, 20.411003, 6055.925781>
[COT 2023-10-28 5h:42:23] 76561199108250772: Spawned Entity MK II (MKII_Base<6633fbf0>, 100, 120, 0) at <6458.377441, 20.464100, 6055.892090>
[COT 2023-10-28 5h:42:27] 76561199108250772: Spawned Entity 10rd MK II Mag (Mag_MKII_10Rnd<f3466970>, 10, 100, 0) at <6457.980469, 20.339560, 6056.251953>
[COT 2023-10-28 5h:42:27] 76561199108250772: Spawned Entity 10rd MK II Mag (Mag_MKII_10Rnd<f346e5c0>, 10, 100, 0) at <6457.990234, 20.359615, 6056.237305>
[COT 2023-10-28 5h:42:28] 76561199108250772: Spawned Entity 10rd MK II Mag (Mag_MKII_10Rnd<f34791e0>, 10, 100, 0) at <6457.996094, 20.371843, 6056.228516>
[COT 2023-10-28 5h:42:57] 76561199108250772: Spawned Entity Paper (Paper<7a09a80>, 10, 15, 0) at <6458.380371, 20.339560, 6056.195801>
[COT 2023-10-28 5h:43:7s] 76561199108250772: Spawned Entity Special Ink Pen (DZR_AdminPen_Blue<da38640>, 4, 10, 0) at <6458.379883, 20.411892, 6056.151367>
[COT 2023-10-28 5h:44:3s] 76561199108250772: Spawned Entity $UNT$Refridgerator (Refridgerator<f8000010>, 100, 100, 0) at <6457.122070, 20.339558, 6052.487305>
[COT 2023-10-28 5h:45:13] 76561199108250772: Spawned Entity Boxed .22 LR Rounds (AmmoBox_22_50Rnd<8179c980>, 10, 100, 0) at <6458.237793, 20.339560, 6056.105957>
[COT 2023-10-28 5h:45:13] 76561199108250772: Spawned Entity Boxed .22 LR Rounds (AmmoBox_22_50Rnd<817a1600>, 10, 100, 0) at <6458.243164, 20.365599, 6056.082031>
[COT 2023-10-28 5h:45:13] 76561199108250772: Spawned Entity Boxed .22 LR Rounds (AmmoBox_22_50Rnd<817a3c40>, 10, 100, 0) at <6458.250488, 20.399464, 6056.053711>
[COT 2023-10-28 5h:46:34] 76561199108250772: Entered the Free Camera
[COT 2023-10-28 5h:47:23] 76561199108250772: Left the Free Camera
[COT 2023-10-28 5h:52:20] 76561199108250772: ESP: Viewing ESP
[COT 2023-10-28 5h:52:23] 76561199108250772: ESP target=Fence<9544af0> action=built part=base required_materials=false
[COT 2023-10-28 5h:52:25] 76561199108250772: ESP target=Fence<9544af0> action=built part=wall_base_down required_materials=false
[COT 2023-10-28 5h:52:26] 76561199108250772: ESP target=Fence<9544af0> action=built part=wall_wood_down required_materials=false
[COT 2023-10-28 5h:52:28] 76561199108250772: ESP target=Fence<9544af0> action=built part=wall_base_up required_materials=false
[COT 2023-10-28 5h:52:29] 76561199108250772: ESP target=Fence<9544af0> action=built part=wall_wood_up required_materials=false
[COT 2023-10-28 5h:52:32] 76561199108250772: ESP target=Fence<9544af0> action=built part=wall_gate required_materials=false
[COT 2023-10-28 5h:52:35] 76561199108250772: ESP: Clearing ESP
[COT 2023-10-28 5h:52:52] 76561199108250772: Spawned Entity CodeLock (CodeLock<148582c0>, 100, 1500, 0) at <6457.270020, 17.200394, 6054.827637>
[COT 2023-10-28 5h:54:9s] 76561199108250772: ESP: Viewing ESP
[COT 2023-10-28 5h:54:12] 76561199108250772: ESP target=Fence<f717770> action=built part=base required_materials=false
[COT 2023-10-28 5h:54:13] 76561199108250772: ESP target=Fence<f717770> action=built part=wall_base_down required_materials=false
[COT 2023-10-28 5h:54:16] 76561199108250772: ESP target=Fence<f717770> action=built part=wall_wood_down required_materials=false
[COT 2023-10-28 5h:54:18] 76561199108250772: ESP target=Fence<f717770> action=built part=wall_base_up required_materials=false
[COT 2023-10-28 5h:54:20] 76561199108250772: ESP target=Fence<f717770> action=built part=wall_wood_up required_materials=false
[COT 2023-10-28 5h:54:23] 76561199108250772: ESP: Clearing ESP
[COT 2023-10-28 5h:54:51] 76561199108250772: ESP: Viewing ESP
[COT 2023-10-28 5h:54:54] 76561199108250772: ESP target=Fence<45ee380> action=built part=base required_materials=false
[COT 2023-10-28 5h:54:58] 76561199108250772: ESP target=Fence<45ee380> action=built part=wall_base_down required_materials=false
[COT 2023-10-28 5h:55:0s] 76561199108250772: ESP target=Fence<45ee380> action=built part=wall_wood_down required_materials=false
[COT 2023-10-28 5h:55:2s] 76561199108250772: ESP target=Fence<45ee380> action=built part=wall_base_up required_materials=false
[COT 2023-10-28 5h:55:6s] 76561199108250772: ESP target=Fence<45ee380> action=built part=wall_gate required_materials=false
[COT 2023-10-28 5h:55:8s] 76561199108250772: ESP target=Fence<45ee380> action=dismantle part=wall_wood_down
[COT 2023-10-28 5h:55:10] 76561199108250772: ESP target=Fence<45ee380> action=built part=wall_wood_down required_materials=false
[COT 2023-10-28 5h:55:12] 76561199108250772: ESP target=Fence<45ee380> action=built part=wall_wood_up required_materials=false
[COT 2023-10-28 5h:55:16] 76561199108250772: ESP: Clearing ESP
[COT 2023-10-28 5h:59:5s] 76561199108250772: Teleported to position <5681.424805, 3.992828, 8869.845703>
[COT 2023-10-28 5h:59:26] 76561199108250772: Spawned Entity Mountain Backpack (MountainBag_ColorBase<81cf6820>, 100, 150, 0) at <5691.980957, 3.880535, 8871.972656>
[COT 2023-10-28 6h:1m:23] 76561199108250772: Teleported to position <8240.707031, 9.700000, 7241.802734>
[COT 2023-10-28 6h:1m:48] 76561199108250772: Spawned Entity KAS-74U (AKS74U<893a0b70>, 100, 250, 0) at <8276.705078, 15.358254, 7266.350098>
[COT 2023-10-28 6h:2m:13] 76561199108250772: Teleported [guid=cYesaiwmO6T9X5gP5szC2qAMBWokGSvmGnmxi68Sy08=] to <8246.015625, 10.318487, 7242.275879>
[COT 2023-10-28 6h:2m:57] 76561199108250772: Spawned Entity Firewood (Firewood<7c20240>, 1, 500, 0) at <8246.817383, 10.318519, 7244.059082>
[COT 2023-10-28 6h:2m:57] 76561199108250772: Spawned Entity Firewood (Firewood<7c20bd0>, 1, 500, 0) at <8246.795898, 10.491894, 7243.889160>
[COT 2023-10-28 6h:2m:57] 76561199108250772: Spawned Entity Firewood (Firewood<7c2c180>, 1, 500, 0) at <8246.781250, 10.609643, 7243.773926>
[COT 2023-10-28 6h:3m:4s] 76561199108250772: Spawned Entity Plastic Bottle (WaterBottle<10f2e330>, 1000, 50, 1) at <8246.760742, 10.772824, 7243.613770>
[COT 2023-10-28 6h:3m:4s] 76561199108250772: Spawned Entity Plastic Bottle (WaterBottle<10f05f30>, 1000, 50, 1) at <8246.750000, 10.858577, 7243.529785>
[COT 2023-10-28 6h:3m:15] 76561199108250772: Spawned Entity Canned Bacon (TacticalBaconCan_Opened<10f06940>, 400, 100, 0) at <8245.774414, 10.318520, 7244.335449>
[COT 2023-10-28 6h:3m:15] 76561199108250772: Spawned Entity Canned Bacon (TacticalBaconCan_Opened<86fe40f0>, 400, 100, 0) at <8245.811523, 10.400918, 7244.248047>
[COT 2023-10-28 6h:3m:15] 76561199108250772: Spawned Entity Canned Bacon (TacticalBaconCan_Opened<86ff8d00>, 400, 100, 0) at <8245.842773, 10.472231, 7244.171875>
