[COT 2023-10-31 21:3m:11] 76561199407766611: Set GodMode To true [guid=spMEkRl42onhFHdF_u42e0T03x2sj347kUc600NXdGA=]
[COT 2023-10-31 21:3m:12] 76561199407766611: Set cannot be targeted by AI to true [guid=spMEkRl42onhFHdF_u42e0T03x2sj347kUc600NXdGA=]
[COT 2023-10-31 21:3m:12] 76561199407766611: Set UnlimitedStamina To true [guid=spMEkRl42onhFHdF_u42e0T03x2sj347kUc600NXdGA=]
[COT 2023-10-31 21:3m:13] 76561199407766611: Set UnlimitedAmmo To true [guid=spMEkRl42onhFHdF_u42e0T03x2sj347kUc600NXdGA=]
[COT 2023-10-31 21:3m:15] 76561199407766611: Healed [guid=spMEkRl42onhFHdF_u42e0T03x2sj347kUc600NXdGA=]
[COT 2023-10-31 21:4m:2s] 76561199407766611: Teleported to <7052.874512, 28.813992, 5846.268066> [guid=Ng-QORngqxv-FNqUzAnvho54XXb_GR2kIgFPghl3TdY=]
[COT 2023-10-31 21:4m:5s] 76561199407766611: Healed [guid=Ng-QORngqxv-FNqUzAnvho54XXb_GR2kIgFPghl3TdY=]
[COT 2023-10-31 21:4m:28] 76561199407766611: ESP: Viewing ESP
[COT 2023-10-31 21:5m:20] 76561199407766611: Spawned Entity Flag Pole (TerritoryFlag<5f264a0>, 100, 100, 0) at <7056.958984, 28.283604, 5836.563965>
[COT 2023-10-31 21:5m:35] 76561199407766611: Spawned Entity Wooden Log (WoodenLog<16b49f80>, 1, 500, 0) at <7055.223145, 28.308430, 5836.929688>
[COT 2023-10-31 21:5m:35] 76561199407766611: Spawned Entity Wooden Log (WoodenLog<16b4ec00>, 1, 500, 0) at <7055.223145, 28.308430, 5836.929688>
[COT 2023-10-31 21:5m:35] 76561199407766611: Spawned Entity Wooden Log (WoodenLog<16b51240>, 1, 500, 0) at <7055.223145, 28.308430, 5836.929688>
[COT 2023-10-31 21:5m:35] 76561199407766611: Spawned Entity Wooden Log (WoodenLog<16b53880>, 1, 500, 0) at <7055.223145, 28.308430, 5836.929688>
[COT 2023-10-31 21:5m:37] 76561199407766611: Spawned Entity Wooden Log (WoodenLog<16b55530>, 1, 500, 0) at <7055.223145, 28.308430, 5836.929688>
[COT 2023-10-31 21:5m:37] 76561199407766611: Spawned Entity Wooden Log (WoodenLog<16b4f590>, 1, 500, 0) at <7055.223145, 28.308430, 5836.929688>
[COT 2023-10-31 21:5m:44] 76561199407766611: Spawned Entity Shovel (Shovel<16b56850>, 1, 200, 0) at <7055.223145, 28.308430, 5836.929688>
[COT 2023-10-31 21:5m:51] 76561199407766611: Spawned Entity Sledgehammer (SledgeHammer<f8e6410>, 1, 300, 0) at <7055.223145, 28.308430, 5836.929688>
[COT 2023-10-31 21:5m:57] 76561199407766611: Spawned Entity Hammer (Hammer<f8e4760>, 1, 100, 0) at <7055.223145, 28.308430, 5836.929688>
[COT 2023-10-31 21:6m:9s] 76561199407766611: Spawned Entity Metal Wire (MetalWire<f8e7730>, 1, 500, 0) at <7055.223145, 28.308430, 5836.929688>
[COT 2023-10-31 21:6m:14] 76561199407766611: Spawned Entity Rope (Rope<f8e2120>, 1, 200, 0) at <7055.223145, 28.308430, 5836.929688>
[COT 2023-10-31 21:6m:21] 76561199407766611: Spawned Entity Large Stone (Stone<fb095cf0>, 1, 200, 0) at <7055.223145, 28.308430, 5836.929688>
[COT 2023-10-31 21:6m:21] 76561199407766611: Spawned Entity Large Stone (Stone<fb08f3c0>, 1, 200, 0) at <7055.223145, 28.308430, 5836.929688>
[COT 2023-10-31 21:6m:21] 76561199407766611: Spawned Entity Large Stone (Stone<fb09a970>, 1, 200, 0) at <7055.223145, 28.308430, 5836.929688>
[COT 2023-10-31 21:6m:22] 76561199407766611: Spawned Entity Large Stone (Stone<fb09bc90>, 1, 200, 0) at <7055.223145, 28.308430, 5836.929688>
[COT 2023-10-31 21:6m:22] 76561199407766611: Spawned Entity Large Stone (Stone<fb09c620>, 1, 200, 0) at <7055.223145, 28.308430, 5836.929688>
[COT 2023-10-31 21:6m:22] 76561199407766611: Spawned Entity Large Stone (Stone<fb098cc0>, 1, 200, 0) at <7055.223145, 28.308430, 5836.929688>
[COT 2023-10-31 21:6m:22] 76561199407766611: Spawned Entity Large Stone (Stone<fb099650>, 1, 200, 0) at <7055.223145, 28.308430, 5836.929688>
[COT 2023-10-31 21:6m:22] 76561199407766611: Spawned Entity Large Stone (Stone<fb05f6c0>, 1, 200, 0) at <7055.223145, 28.308430, 5836.929688>
[COT 2023-10-31 21:6m:23] 76561199407766611: Spawned Entity Large Stone (Stone<fb0609e0>, 1, 200, 0) at <7055.223145, 28.308430, 5836.929688>
[COT 2023-10-31 21:6m:23] 76561199407766611: Spawned Entity Large Stone (Stone<fb0639b0>, 1, 200, 0) at <7055.223145, 28.308430, 5836.929688>
[COT 2023-10-31 21:6m:23] 76561199407766611: Spawned Entity Large Stone (Stone<fb05d080>, 1, 200, 0) at <7055.223145, 28.308430, 5836.929688>
[COT 2023-10-31 21:6m:23] 76561199407766611: Spawned Entity Large Stone (Stone<fb068fc0>, 1, 200, 0) at <7055.223145, 28.308430, 5836.929688>
[COT 2023-10-31 21:6m:23] 76561199407766611: Spawned Entity Large Stone (Stone<fb069950>, 1, 200, 0) at <7055.223145, 28.308430, 5836.929688>
[COT 2023-10-31 21:6m:24] 76561199407766611: Spawned Entity Large Stone (Stone<fb064cd0>, 1, 200, 0) at <7055.223145, 28.308430, 5836.929688>
[COT 2023-10-31 21:6m:24] 76561199407766611: Spawned Entity Large Stone (Stone<fb06a2e0>, 1, 200, 0) at <7055.223145, 28.308430, 5836.929688>
[COT 2023-10-31 21:6m:24] 76561199407766611: Spawned Entity Large Stone (Stone<fb0728c0>, 1, 200, 0) at <7055.223145, 28.308430, 5836.929688>
[COT 2023-10-31 21:6m:24] 76561199407766611: Spawned Entity Large Stone (Stone<fb070280>, 1, 200, 0) at <7055.223145, 28.308430, 5836.929688>
[COT 2023-10-31 21:6m:25] 76561199407766611: Spawned Entity Large Stone (Stone<fb079b80>, 1, 200, 0) at <7055.223145, 28.308430, 5836.929688>
[COT 2023-10-31 21:6m:25] 76561199407766611: Spawned Entity Large Stone (Stone<fb073250>, 1, 200, 0) at <7055.223145, 28.308430, 5836.929688>
[COT 2023-10-31 21:6m:25] 76561199407766611: Spawned Entity Large Stone (Stone<fb07a510>, 1, 200, 0) at <7055.223145, 28.308430, 5836.929688>
[COT 2023-10-31 21:6m:25] 76561199407766611: Spawned Entity Large Stone (Stone<fb073be0>, 1, 200, 0) at <7055.223145, 28.308430, 5836.929688>
[COT 2023-10-31 21:6m:26] 76561199407766611: Spawned Entity Large Stone (Stone<fb07fb20>, 1, 200, 0) at <7055.223145, 28.308430, 5836.929688>
[COT 2023-10-31 21:6m:26] 76561199407766611: Spawned Entity Large Stone (Stone<fb07de70>, 1, 200, 0) at <7055.223145, 28.308430, 5836.929688>
[COT 2023-10-31 21:6m:26] 76561199407766611: Spawned Entity Large Stone (Stone<194eca10>, 1, 200, 0) at <7055.223145, 28.308430, 5836.929688>
[COT 2023-10-31 21:6m:26] 76561199407766611: Spawned Entity Large Stone (Stone<194ee6c0>, 1, 200, 0) at <7055.223145, 28.308430, 5836.929688>
[COT 2023-10-31 21:6m:26] 76561199407766611: Spawned Entity Large Stone (Stone<194f5980>, 1, 200, 0) at <7055.223145, 28.308430, 5836.929688>
[COT 2023-10-31 21:6m:27] 76561199407766611: Spawned Entity Large Stone (Stone<194f0d00>, 1, 200, 0) at <7055.223145, 28.308430, 5836.929688>
[COT 2023-10-31 21:6m:27] 76561199407766611: Spawned Entity Large Stone (Stone<194ef050>, 1, 200, 0) at <7055.223145, 28.308430, 5836.929688>
[COT 2023-10-31 21:6m:27] 76561199407766611: Spawned Entity Large Stone (Stone<194f9c70>, 1, 200, 0) at <7055.223145, 28.308430, 5836.929688>
[COT 2023-10-31 21:6m:27] 76561199407766611: Spawned Entity Large Stone (Stone<194fb920>, 1, 200, 0) at <7055.223145, 28.308430, 5836.929688>
[COT 2023-10-31 21:6m:28] 76561199407766611: Spawned Entity Large Stone (Stone<194f8950>, 1, 200, 0) at <7055.223145, 28.308430, 5836.929688>
[COT 2023-10-31 21:6m:28] 76561199407766611: Spawned Entity Large Stone (Stone<19504890>, 1, 200, 0) at <7055.223145, 28.308430, 5836.929688>
[COT 2023-10-31 21:7m:44] 76561199407766611: Deleted Entity WoodenLog:06008 at <7055.564941, 28.365973, 5836.843262>
[COT 2023-10-31 21:7m:44] 76561199407766611: Deleted Entity WoodenLog:021200 at <7055.223145, 28.325798, 5836.929688>
[COT 2023-10-31 21:7m:45] 76561199407766611: Deleted Entity WoodenLog:014183 at <7055.223145, 28.325798, 5836.929688>
[COT 2023-10-31 21:7m:45] 76561199407766611: Deleted Entity WoodenLog:08422 at <7055.223145, 28.325798, 5836.929688>
[COT 2023-10-31 21:7m:45] 76561199407766611: Deleted Entity WoodenLog:015131 at <7055.223145, 28.325798, 5836.929688>
[COT 2023-10-31 21:7m:45] 76561199407766611: Deleted Entity WoodenLog:014008 at <7055.223145, 28.325798, 5836.929688>
[COT 2023-10-31 21:7m:46] 76561199407766611: Deleted Entity Stone:013152 at <7055.223145, 28.292723, 5836.929688>
[COT 2023-10-31 21:7m:46] 76561199407766611: Deleted Entity Stone:015866 at <7055.223145, 28.292723, 5836.929688>
[COT 2023-10-31 21:7m:47] 76561199407766611: Deleted Entity Stone:04779 at <7055.223145, 28.292723, 5836.929688>
[COT 2023-10-31 21:7m:47] 76561199407766611: Deleted Entity Stone:017109 at <7055.223145, 28.292723, 5836.929688>
[COT 2023-10-31 21:7m:47] 76561199407766611: Deleted Entity Stone:012829 at <7055.223145, 28.292723, 5836.929688>
[COT 2023-10-31 21:7m:58] 76561199407766611: Deleted Entity Stone:016627 at <7055.223145, 28.292723, 5836.929688>
[COT 2023-10-31 21:7m:59] 76561199407766611: Deleted Entity Stone:021708 at <7055.223145, 28.292723, 5836.929688>
[COT 2023-10-31 21:7m:59] 76561199407766611: Deleted Entity Stone:05718 at <7055.223145, 28.292723, 5836.929688>
[COT 2023-10-31 21:8m:0s] 76561199407766611: Deleted Entity Stone:010538 at <7055.223145, 28.292723, 5836.929688>
[COT 2023-10-31 21:8m:0s] 76561199407766611: Deleted Entity Stone:09417 at <7055.223145, 28.292723, 5836.929688>
[COT 2023-10-31 21:8m:0s] 76561199407766611: Deleted Entity Stone:012136 at <7055.223145, 28.292723, 5836.929688>
[COT 2023-10-31 21:8m:0s] 76561199407766611: Deleted Entity Stone:05516 at <7055.223145, 28.292723, 5836.929688>
[COT 2023-10-31 21:8m:0s] 76561199407766611: Deleted Entity Stone:020209 at <7055.223145, 28.292723, 5836.929688>
[COT 2023-10-31 21:8m:1s] 76561199407766611: Deleted Entity Stone:016269 at <7055.223145, 28.292723, 5836.929688>
[COT 2023-10-31 21:8m:1s] 76561199407766611: Deleted Entity Stone:017582 at <7055.223145, 28.292723, 5836.929688>
[COT 2023-10-31 21:8m:1s] 76561199407766611: Deleted Entity Stone:018800 at <7055.223145, 28.292723, 5836.929688>
[COT 2023-10-31 21:8m:1s] 76561199407766611: Deleted Entity Stone:010564 at <7055.223145, 28.292723, 5836.929688>
[COT 2023-10-31 21:8m:1s] 76561199407766611: Deleted Entity Stone:016027 at <7055.223145, 28.292723, 5836.929688>
[COT 2023-10-31 21:8m:10] 76561199407766611: Deleted Entity Stone:09299 at <7055.223145, 28.292723, 5836.929688>
[COT 2023-10-31 21:8m:11] 76561199407766611: Deleted Entity Stone:07975 at <7055.223145, 28.292723, 5836.929688>
[COT 2023-10-31 21:8m:11] 76561199407766611: Deleted Entity Stone:010069 at <7055.223145, 28.292723, 5836.929688>
[COT 2023-10-31 21:8m:11] 76561199407766611: Deleted Entity Stone:013337 at <7055.223145, 28.292723, 5836.929688>
[COT 2023-10-31 21:8m:11] 76561199407766611: Deleted Entity Stone:011289 at <7055.223145, 28.292723, 5836.929688>
[COT 2023-10-31 21:8m:12] 76561199407766611: Deleted Entity Stone:05615 at <7055.223145, 28.292723, 5836.929688>
[COT 2023-10-31 21:8m:12] 76561199407766611: Deleted Entity Stone:015113 at <7055.223145, 28.292723, 5836.929688>
[COT 2023-10-31 21:8m:43] 76561199407766611: Spawned Entity Wooden Log (WoodenLog<6a615e00>, 1, 500, 0) at <7056.632324, 28.257675, 5834.843750>
[COT 2023-10-31 21:9m:51] 76561199407766611: Spawned Entity Pickaxe (Pickaxe<d535740>, 100, 250, 0) at <7053.766113, 28.321430, 5838.480957>
[COT 2023-10-31 21:10:37] 76561199407766611: Spawned Entity Large Stone (Stone<da431c0>, 1, 200, 0) at <7057.882813, 28.326807, 5838.189453>
[COT 2023-10-31 21:10:37] 76561199407766611: Spawned Entity Large Stone (Stone<da3c890>, 1, 200, 0) at <7057.882813, 28.326807, 5838.189453>
[COT 2023-10-31 21:10:38] 76561199407766611: Spawned Entity Large Stone (Stone<da44e70>, 1, 200, 0) at <7057.882813, 28.326807, 5838.189453>
[COT 2023-10-31 21:10:38] 76561199407766611: Spawned Entity Large Stone (Stone<da45800>, 1, 200, 0) at <7057.882813, 28.326807, 5838.189453>
[COT 2023-10-31 21:10:38] 76561199407766611: Spawned Entity Large Stone (Stone<da46b20>, 1, 200, 0) at <7057.882813, 28.326807, 5838.189453>
[COT 2023-10-31 21:10:38] 76561199407766611: Spawned Entity Large Stone (Stone<da46190>, 1, 200, 0) at <7057.882813, 28.326807, 5838.189453>
[COT 2023-10-31 21:10:39] 76561199407766611: Spawned Entity Large Stone (Stone<da4dde0>, 1, 200, 0) at <7057.882813, 28.326807, 5838.189453>
[COT 2023-10-31 21:10:39] 76561199407766611: Spawned Entity Large Stone (Stone<da56d50>, 1, 200, 0) at <7057.882813, 28.326807, 5838.189453>
[COT 2023-10-31 21:10:39] 76561199407766611: Spawned Entity Large Stone (Stone<da563c0>, 1, 200, 0) at <7057.882813, 28.326807, 5838.189453>
[COT 2023-10-31 21:10:39] 76561199407766611: Spawned Entity Large Stone (Stone<da50db0>, 1, 200, 0) at <7057.882813, 28.326807, 5838.189453>
[COT 2023-10-31 21:10:39] 76561199407766611: Spawned Entity Large Stone (Stone<da5f330>, 1, 200, 0) at <7057.882813, 28.326807, 5838.189453>
[COT 2023-10-31 21:10:40] 76561199407766611: Spawned Entity Large Stone (Stone<da59d20>, 1, 200, 0) at <7057.882813, 28.326807, 5838.189453>
[COT 2023-10-31 21:10:40] 76561199407766611: Spawned Entity Large Stone (Stone<da5c360>, 1, 200, 0) at <7057.882813, 28.326807, 5838.189453>
[COT 2023-10-31 21:10:40] 76561199407766611: Spawned Entity Large Stone (Stone<da63620>, 1, 200, 0) at <7057.882813, 28.326807, 5838.189453>
[COT 2023-10-31 21:10:41] 76561199407766611: Spawned Entity Large Stone (Stone<881ca10>, 1, 200, 0) at <7057.882813, 28.326807, 5838.189453>
[COT 2023-10-31 21:10:41] 76561199407766611: Spawned Entity Large Stone (Stone<88292e0>, 1, 200, 0) at <7057.882813, 28.326807, 5838.189453>
[COT 2023-10-31 21:10:41] 76561199407766611: Spawned Entity Large Stone (Stone<8827630>, 1, 200, 0) at <7057.882813, 28.326807, 5838.189453>
[COT 2023-10-31 21:10:41] 76561199407766611: Spawned Entity Large Stone (Stone<8823cd0>, 1, 200, 0) at <7057.882813, 28.326807, 5838.189453>
[COT 2023-10-31 21:10:42] 76561199407766611: Spawned Entity Large Stone (Stone<8828950>, 1, 200, 0) at <7057.882813, 28.326807, 5838.189453>
[COT 2023-10-31 21:10:42] 76561199407766611: Spawned Entity Large Stone (Stone<8825980>, 1, 200, 0) at <7057.882813, 28.326807, 5838.189453>
[COT 2023-10-31 21:10:42] 76561199407766611: Spawned Entity Large Stone (Stone<88229b0>, 1, 200, 0) at <7057.882813, 28.326807, 5838.189453>
[COT 2023-10-31 21:10:43] 76561199407766611: Spawned Entity Large Stone (Stone<8824ff0>, 1, 200, 0) at <7057.882813, 28.326807, 5838.189453>
[COT 2023-10-31 21:10:43] 76561199407766611: Spawned Entity Large Stone (Stone<8823340>, 1, 200, 0) at <7057.882813, 28.326807, 5838.189453>
[COT 2023-10-31 21:10:43] 76561199407766611: Spawned Entity Large Stone (Stone<8830f30>, 1, 200, 0) at <7057.882813, 28.326807, 5838.189453>
[COT 2023-10-31 21:10:43] 76561199407766611: Spawned Entity Large Stone (Stone<882df60>, 1, 200, 0) at <7057.882813, 28.326807, 5838.189453>
[COT 2023-10-31 21:10:44] 76561199407766611: Spawned Entity Large Stone (Stone<883f4b0>, 1, 200, 0) at <7057.882813, 28.326807, 5838.189453>
[COT 2023-10-31 21:10:44] 76561199407766611: Spawned Entity Large Stone (Stone<f71270a0>, 1, 200, 0) at <7057.882813, 28.326807, 5838.189453>
[COT 2023-10-31 21:10:44] 76561199407766611: Spawned Entity Large Stone (Stone<f70feff0>, 1, 200, 0) at <7057.882813, 28.326807, 5838.189453>
[COT 2023-10-31 21:10:45] 76561199407766611: Spawned Entity Large Stone (Stone<f71088f0>, 1, 200, 0) at <7057.882813, 28.326807, 5838.189453>
[COT 2023-10-31 21:10:45] 76561199407766611: Spawned Entity Large Stone (Stone<f7113510>, 1, 200, 0) at <7057.882813, 28.326807, 5838.189453>
[COT 2023-10-31 21:10:45] 76561199407766611: Spawned Entity Large Stone (Stone<f7114830>, 1, 200, 0) at <7057.882813, 28.326807, 5838.189453>
[COT 2023-10-31 21:10:45] 76561199407766611: Spawned Entity Large Stone (Stone<fcda1d80>, 1, 200, 0) at <7057.882813, 28.326807, 5838.189453>
[COT 2023-10-31 21:10:52] 76561199407766611: Spawned Entity Wooden Log (WoodenLog<fcd878c0>, 1, 500, 0) at <7057.882813, 28.326807, 5838.189453>
[COT 2023-10-31 21:10:53] 76561199407766611: Spawned Entity Wooden Log (WoodenLog<fcd88250>, 1, 500, 0) at <7057.882813, 28.326807, 5838.189453>
[COT 2023-10-31 21:10:53] 76561199407766611: Spawned Entity Wooden Log (WoodenLog<fcd822b0>, 1, 500, 0) at <7057.882813, 28.326807, 5838.189453>
[COT 2023-10-31 21:10:53] 76561199407766611: Spawned Entity Wooden Log (WoodenLog<fcd848f0>, 1, 500, 0) at <7057.882813, 28.326807, 5838.189453>
[COT 2023-10-31 21:10:54] 76561199407766611: Spawned Entity Wooden Log (WoodenLog<fcd82c40>, 1, 500, 0) at <7057.882813, 28.326807, 5838.189453>
[COT 2023-10-31 21:10:54] 76561199407766611: Spawned Entity Wooden Log (WoodenLog<fcd85280>, 1, 500, 0) at <7057.882813, 28.326807, 5838.189453>
[COT 2023-10-31 21:12:50] 76561199407766611: Spawned Entity Wooden Log (WoodenLog<12ad850>, 1, 500, 0) at <7054.400879, 28.335321, 5838.530273>
[COT 2023-10-31 21:12:51] 76561199407766611: Spawned Entity Wooden Log (WoodenLog<12b7150>, 1, 500, 0) at <7054.400879, 28.335321, 5838.530273>
[COT 2023-10-31 21:12:51] 76561199407766611: Spawned Entity Wooden Log (WoodenLog<12b1b40>, 1, 500, 0) at <7054.400879, 28.335321, 5838.530273>
[COT 2023-10-31 21:12:58] 76561199407766611: Spawned Entity Nails (Nail<fe625d50>, 99, 80, 0) at <7054.400879, 28.335321, 5838.530273>
[COT 2023-10-31 21:12:59] 76561199407766611: Spawned Entity Nails (Nail<fe60d540>, 99, 80, 0) at <7054.400879, 28.335321, 5838.530273>
[COT 2023-10-31 21:12:59] 76561199407766611: Spawned Entity Nails (Nail<fe6177d0>, 99, 80, 0) at <7054.400879, 28.335321, 5838.530273>
[COT 2023-10-31 21:13:4s] 76561199407766611: Spawned Entity Rope (Rope<f7515f10>, 99, 200, 0) at <7054.400879, 28.335321, 5838.530273>
[COT 2023-10-31 21:13:9s] 76561199407766611: Spawned Entity Barbed Wire (BarbedWire<fc97c590>, 99, 300, 0) at <7054.400879, 28.335321, 5838.530273>
[COT 2023-10-31 21:13:10] 76561199407766611: Spawned Entity Metal Wire (MetalWire<f7510900>, 99, 500, 0) at <7054.400879, 28.429590, 5838.530273>
[COT 2023-10-31 21:13:48] 76561199407766611: Spawned Entity Flag (DOC_Squidward<168bf0a0>, 100, 100, 0) at <7052.263672, 28.290894, 5838.459473>
[COT 2023-10-31 21:13:49] 76561199407766611: Spawned Entity Flag (DOC_Pedro<168c03c0>, 100, 100, 0) at <7052.263672, 28.290894, 5838.459473>
[COT 2023-10-31 21:13:50] 76561199407766611: Spawned Entity Flag (DOC_Metallia<168c0d50>, 100, 100, 0) at <7052.263672, 28.290894, 5838.459473>
[COT 2023-10-31 21:13:51] 76561199407766611: Spawned Entity Flag (DOC_Bocchi<168bdd80>, 100, 100, 0) at <7052.263672, 28.290894, 5838.459473>
[COT 2023-10-31 21:14:55] 76561199407766611: Spawned Entity MVS Holster - OD (PlateCarrierHolster<1451d660>, 100, 100, 0) at <7053.327637, 28.324743, 5838.983887>
[COT 2023-10-31 21:15:0s] 76561199407766611: Spawned Entity MVS Canteen - Midnight Camo (Canteen<faf3bb90>, 1000, 100, 1) at <7053.327637, 28.324743, 5838.983887>
[COT 2023-10-31 21:15:6s] 76561199407766611: Spawned Entity MVS Magazine Pouch - OD (MVS_Pouch_Base<14523f90>, 1000, 100, 0) at <7053.327637, 28.324743, 5838.983887>
[COT 2023-10-31 21:15:7s] 76561199407766611: Spawned Entity Army Pouch (ArmyPouch_Camo<14524920>, 1000, 100, 0) at <7053.327637, 28.324743, 5838.983887>
[COT 2023-10-31 21:15:9s] 76561199407766611: Spawned Entity Pouches (PlateCarrierPouches<14520630>, 1000, 200, 0) at <7053.327637, 28.324743, 5838.983887>
[COT 2023-10-31 21:15:12] 76561199407766611: Spawned Entity MVS Raid Pouch - Black (Modular_Pouch_Base_Taco<1452b250>, 1250, 100, 0) at <7053.327637, 28.324743, 5838.983887>
[COT 2023-10-31 21:15:42] 76561199407766611: Spawned Entity Tactical Bag (FirstAidKit<1981cb80>, 100, 100, 0) at <7053.327637, 28.324743, 5838.983887>
[COT 2023-10-31 21:15:44] 76561199407766611: Spawned Entity Tactical Bag (FirstAidKit<1981d510>, 100, 100, 0) at <7053.327637, 28.324743, 5838.983887>
[COT 2023-10-31 21:16:42] 76561199407766611: Spawned Entity Suspicious Blue Candy (MassMeth<f336410>, 100, 100, 0) at <7052.579590, 28.272970, 5837.226563>
[COT 2023-10-31 21:16:46] 76561199407766611: Spawned Entity Menu 4 MRE (MassMRE4<16c0fcb0>, 100, 100, 0) at <7052.579590, 28.272970, 5837.226563>
[COT 2023-10-31 21:16:47] 76561199407766611: Spawned Entity Menu 9 MRE (MassMRE9<16c124f0>, 100, 100, 0) at <7052.579590, 28.272970, 5837.226563>
[COT 2023-10-31 21:16:51] 76561199407766611: Spawned Entity Menu 10 MRE (MassMRE10<16c12f00>, 100, 100, 0) at <7052.579590, 28.272970, 5837.226563>
