[COT 2024-1M-1D 17:39:16] 76561199108250772: Teleported to position <3284.439453, 2.032338, 5535.400391>
[COT 2024-1M-1D 17:39:32] 76561199108250772: Set GodMode To true [guid=OAdpPkJP2Ps_W7h2ttR1bK23ekHCzrxw0mDT3zqLMdU=]
[COT 2024-1M-1D 17:39:33] 76561199108250772: Set cannot be targeted by AI to true [guid=OAdpPkJP2Ps_W7h2ttR1bK23ekHCzrxw0mDT3zqLMdU=]
[COT 2024-1M-1D 17:39:33] 76561199108250772: Set UnlimitedStamina To true [guid=OAdpPkJP2Ps_W7h2ttR1bK23ekHCzrxw0mDT3zqLMdU=]
[COT 2024-1M-1D 17:39:34] 76561199108250772: Set UnlimitedAmmo To true [guid=OAdpPkJP2Ps_W7h2ttR1bK23ekHCzrxw0mDT3zqLMdU=]
[COT 2024-1M-1D 17:39:50] 76561199108250772: Entered the Free Camera
[COT 2024-1M-1D 17:39:56] 76561199108250772: Left the Free Camera
[COT 2024-1M-1D 17:41:5s] 76561199108250772: Entered the Free Camera
[COT 2024-1M-1D 17:41:12] 76561199108250772: Left the Free Camera
[COT 2024-1M-1D 17:41:25] 76561199108250772: Spawned vehicle Gunter 2 (Hatchback_02_Black) at <3375.165527, 4.416484, 5423.492676>
[COT 2024-1M-1D 17:44:16] 76561199108250772: Entered the Free Camera
[COT 2024-1M-1D 17:44:36] 76561199108250772: Left the Free Camera
[COT 2024-1M-1D 17:47:9s] 76561199108250772: Spawned Entity ChiemseeMap (ChernarusMap<d2f76b80>, 100, 50, 0) at <3396.087646, 12.345236, 5257.042480>
[COT 2024-1M-1D 17:47:9s] 76561199108250772: Spawned Entity ChiemseeMap (ChernarusMap<d2f89960>, 100, 50, 0) at <3396.134766, 12.395333, 5256.998535>
[COT 2024-1M-1D 17:48:36] 76561199108250772: Healed [guid=qCEcETMLmhuLAG2ZivsouME9lSLQIWa-HBPvGI4Be04=]
[COT 2024-1M-1D 17:48:41] 76561199108250772: Healed [guid=BZAC3_niTDFf7j73CLbEEOiGbNBTkF2TvbGztvKdlNw=]
[COT 2024-1M-1D 17:51:0s] 76561199108250772: Set BloodyHands To false [guid=OAdpPkJP2Ps_W7h2ttR1bK23ekHCzrxw0mDT3zqLMdU=]
[COT 2024-1M-1D 17:51:1s] 76561199108250772: Set BloodyHands To false [guid=OAdpPkJP2Ps_W7h2ttR1bK23ekHCzrxw0mDT3zqLMdU=]
[COT 2024-1M-1D 17:53:39] 76561199108250772: Spawned Entity Leather Duffel Bag (DuffelBagSmall_Camo<afeca220>, 500, 120, 0) at <3327.795654, 14.211297, 5302.359375>
[COT 2024-1M-1D 17:56:14] 76561199108250772: Spawned Entity Lighter (PetrolLighter<c8385100>, 20, 20, 0) at <3351.524658, 12.989602, 5236.460938>
[COT 2024-1M-1D 17:58:36] 76561199108250772: Spawned Entity Canned Bacon (TacticalBaconCan<caa29f60>, 100, 100, 0) at <3347.849609, 13.443499, 5235.383301>
[COT 2024-1M-1D 17:58:49] 76561199108250772: Spawned Entity Canned Bacon (TacticalBaconCan<b76b72a0>, 100, 100, 0) at <3347.461914, 13.462283, 5235.315918>
[COT 2024-1M-1D 17:58:52] 76561199108250772: Spawned Entity Canned Bacon (TacticalBaconCan<b7697170>, 100, 100, 0) at <3347.246094, 13.462283, 5235.367676>
[COT 2024-1M-1D 17:59:7s] 76561199108250772: Spawned Entity Canteen (Canteen<d19b02b0>, 1000, 100, 512) at <3347.366943, 13.462283, 5235.562500>
[COT 2024-1M-1D 17:59:11] 76561199108250772: Spawned Entity Canteen (Canteen<c40e2000>, 1000, 100, 512) at <3347.011963, 13.462283, 5235.925781>
[COT 2024-1M-1D 17:59:22] 76561199108250772: Spawned Entity Lighter (PetrolLighter<33c7a340>, 20, 20, 0) at <3347.467529, 13.462283, 5234.994141>
[COT 2024-1M-1D 17:59:25] 76561199108250772: Spawned Entity Lighter (PetrolLighter<33c95190>, 20, 20, 0) at <3347.753662, 13.462282, 5235.208496>
[COT 2024-1M-1D 17:59:35] 76561199108250772: Spawned Entity joint (joint_mung<affa12a0>, 100, 100, 0) at <3347.664063, 13.462283, 5235.084961>
[COT 2024-1M-1D 17:59:39] 76561199108250772: Entered the Free Camera
[COT 2024-1M-1D 17:59:51] 76561199108250772: Left the Free Camera
