[COT 2023-11-25 23:2m:22] 76561199108250772: Entered the Free Camera
[COT 2023-11-25 23:2m:28] 76561199108250772: Left the Free Camera
[COT 2023-11-25 23:2m:39] 76561199108250772: Set GodMode To true [guid=OAdpPkJP2Ps_W7h2ttR1bK23ekHCzrxw0mDT3zqLMdU=]
[COT 2023-11-25 23:2m:40] 76561199108250772: Set UnlimitedAmmo To true [guid=OAdpPkJP2Ps_W7h2ttR1bK23ekHCzrxw0mDT3zqLMdU=]
[COT 2023-11-25 23:2m:41] 76561199108250772: Set UnlimitedStamina To true [guid=OAdpPkJP2Ps_W7h2ttR1bK23ekHCzrxw0mDT3zqLMdU=]
[COT 2023-11-25 23:2m:43] 76561199108250772: Set cannot be targeted by AI to true [guid=OAdpPkJP2Ps_W7h2ttR1bK23ekHCzrxw0mDT3zqLMdU=]
[COT 2023-11-25 23:2m:49] 76561199108250772: Teleported to position <8821.873047, 2.540000, 7050.794922>
[COT 2023-11-25 23:2m:58] 76561199108250772: Entered the Free Camera
[COT 2023-11-25 23:3m:13] 76561199108250772: Left the Free Camera
[COT 2023-11-25 23:3m:18] 76561199108250772: ESP: Viewing ESP
[COT 2023-11-25 23:3m:20] 76561199108250772: Entered the Free Camera
[COT 2023-11-25 23:3m:25] 76561199108250772: Left the Free Camera
[COT 2023-11-25 23:3m:31] 76561199108250772: ESP: Clearing ESP
[COT 2023-11-25 23:4m:56] 76561199108250772: Spawned Entity #syb_topoizomeraza_name (InjectorBase<feae8a80>, 100, 100, 0) at <8827.770508, 76.329498, 7046.449707>
[COT 2023-11-25 23:5m:52] 76561199108250772: Spawned Entity #syb_ampicilin_name (TabletsBase<9e378f60>, 10, 50, 0) at <8827.262695, 76.329498, 7046.668945>
[COT 2023-11-25 23:6m:3s] 76561199108250772: ESP: Viewing ESP
[COT 2023-11-25 23:6m:8s] 76561199108250772: ESP index=0 target=ZmbM_usSoldier_normal_Desert:0523 position=<8779.164063, 77.259026, 7108.219238> action=delete
[COT 2023-11-25 23:6m:8s] 76561199108250772: ESP index=1 target=ZmbM_PatrolNormal_PautRev:0522 position=<8796.656250, 76.129730, 7130.001953> action=delete
[COT 2023-11-25 23:6m:8s] 76561199108250772: ESP index=2 target=ZmbM_PatrolNormal_Summer:0524 position=<8800.376953, 77.199303, 7135.718262> action=delete
[COT 2023-11-25 23:6m:8s] 76561199108250772: ESP action=delete_all count=3 attempted=3
[COT 2023-11-25 23:6m:17] 76561199108250772: ESP index=0 target=ZmbM_PolicemanSpecForce:0519 position=<8928.190430, 2.492092, 7227.573242> action=delete
[COT 2023-11-25 23:6m:17] 76561199108250772: ESP index=1 target=ZmbM_PolicemanFat:0521 position=<8876.447266, 3.120034, 7189.536133> action=delete
[COT 2023-11-25 23:6m:17] 76561199108250772: ESP index=2 target=ZmbF_PoliceWomanNormal:0518 position=<8900.459961, 2.580000, 7219.901367> action=delete
[COT 2023-11-25 23:6m:17] 76561199108250772: ESP index=3 target=ZmbF_PoliceWomanNormal:0520 position=<8891.706055, 2.901595, 7215.611816> action=delete
[COT 2023-11-25 23:6m:17] 76561199108250772: ESP index=4 target=ZmbM_PolicemanFat:0517 position=<8904.668945, 2.773479, 7230.081543> action=delete
[COT 2023-11-25 23:6m:17] 76561199108250772: ESP action=delete_all count=5 attempted=5
[COT 2023-11-25 23:6m:18] 76561199108250772: ESP: Clearing ESP
[COT 2023-11-25 23:6m:42] 76561199108250772: ESP: Viewing ESP
[COT 2023-11-25 23:6m:46] 76561199108250772: ESP: Clearing ESP
[COT 2023-11-25 23:6m:46] 76561199108250772: ESP: Viewing ESP
[COT 2023-11-25 23:6m:55] 76561199108250772: ESP: Clearing ESP
[COT 2023-11-25 23:7m:44] 76561199108250772: Healed [guid=Kr5p15tVu5Ov7dlpojUrhGcIwK_CX2qWVwF3ojCL4ZY=]
[COT 2023-11-25 23:10:20] 76561199108250772: Teleported [guid=hvwuSJTa65OKlD95lDxHijkCObIZa3EMhvLz9lC6L6Y=] to <8827.386719, 76.329491, 7045.502441>
[COT 2023-11-25 23:11:13] 76561199108250772: Spawned Entity Alcoholic Tincture (DisinfectantAlcohol<9d542af0>, 200, 30, 0) at <8829.372070, 76.329498, 7047.535156>
[COT 2023-11-25 23:11:45] 76561199108250772: Spawned Entity Surgical Gloves (SurgicalGloves_Green<fc21de20>, 100, 50, 0) at <8830.073242, 76.329498, 7047.478027>
[COT 2023-11-25 23:12:8s] 76561199108250772: Spawned Entity Bandage (BandageDressing<fc222aa0>, 4, 50, 0) at <8829.365234, 76.329498, 7048.060059>
[COT 2023-11-25 23:12:36] 76561199108250772: Spawned Entity MVS Canteen - OD (Canteen<7bdfa000>, 1000, 100, 512) at <8829.502930, 76.329498, 7049.548340>
[COT 2023-11-25 23:12:52] 76561199108250772: Spawned Entity MVS Combat Pants - Black (BDUPants<fc21e7b0>, 100, 100, 0) at <8829.502930, 76.329498, 7049.548340>
[COT 2023-11-25 23:12:56] 76561199108250772: Spawned Entity MVS Combat Shirt - Black (TacticalShirt_ColorBase<fc22b080>, 100, 100, 0) at <8829.640625, 76.692558, 7049.371094>
[COT 2023-11-25 23:13:46] 76561199108250772: Spawned Entity MVS Sling Pack - Black (MountainBag_ColorBase<d740600>, 100, 300, 0) at <8829.060547, 76.329498, 7049.010742>
[COT 2023-11-25 23:14:0s] 76561199108250772: Spawned Entity Working Gloves (WorkingGloves_Black<d741920>, 100, 150, 0) at <8829.060547, 76.329498, 7049.010742>
[COT 2023-11-25 23:14:24] 76561199108250772: Spawned Entity #syb_ibuprofen_name (TabletsBase<839b3790>, 10, 50, 0) at <8829.181641, 76.329498, 7048.262695>
[COT 2023-11-25 23:14:24] 76561199108250772: Spawned Entity #syb_ibuprofen_name (TabletsBase<78420610>, 10, 50, 0) at <8829.200195, 76.394981, 7048.243652>
[COT 2023-11-25 23:14:28] 76561199108250772: Spawned Entity #syb_adepress (TabletsBase<a9613b80>, 10, 50, 0) at <8829.217773, 76.460457, 7048.224609>
[COT 2023-11-25 23:14:29] 76561199108250772: Spawned Entity #syb_adepress (TabletsBase<9b36fa40>, 10, 50, 0) at <8829.236328, 76.525925, 7048.205566>
[COT 2023-11-25 23:14:35] 76561199108250772: Spawned Entity #syb_mad_bull_name (SodaCan_EnergyDrink<9b38b500>, 300, 30, 0) at <8829.259766, 76.611000, 7048.180664>
[COT 2023-11-25 23:14:35] 76561199108250772: Spawned Entity #syb_mad_bull_name (SodaCan_EnergyDrink<80da5fe0>, 300, 30, 0) at <8829.304688, 76.770226, 7048.134277>
[COT 2023-11-25 23:14:55] 76561199108250772: Teleported [guid=Kr5p15tVu5Ov7dlpojUrhGcIwK_CX2qWVwF3ojCL4ZY=] to <8829.576172, 76.329491, 7047.413086>
[COT 2023-11-25 23:15:6s] 76561199108250772: Spawned Entity #syb_tetracycline_name (TabletsBase<9e38c750>, 10, 50, 0) at <8829.554688, 76.329498, 7048.618652>
[COT 2023-11-25 23:15:6s] 76561199108250772: Spawned Entity #syb_tetracycline_name (TabletsBase<9e35ca90>, 10, 50, 0) at <8829.615234, 76.414574, 7048.596191>
[COT 2023-11-25 23:15:12] 76561199108250772: Spawned Entity Multivitamin Pills (VitaminBottle<9e37dfe0>, 50, 50, 0) at <8829.663086, 76.480270, 7048.579102>
[COT 2023-11-25 23:15:12] 76561199108250772: Spawned Entity Multivitamin Pills (VitaminBottle<997e7b80>, 50, 50, 0) at <8829.729492, 76.572746, 7048.555176>
[COT 2023-11-25 23:15:17] 76561199108250772: Spawned Entity #syb_surgical_kit_once_name (SurgicalKit<f8773620>, 100, 100, 0) at <8829.729492, 76.572746, 7048.555176>
[COT 2023-11-25 23:15:17] 76561199108250772: Spawned Entity #syb_surgical_kit_once_name (SurgicalKit<f877f560>, 100, 100, 0) at <8829.757813, 76.612137, 7048.544922>
[COT 2023-11-25 23:15:24] 76561199108250772: Spawned Entity Canned Bacon (TacticalBaconCan<aa0ab080>, 100, 100, 0) at <8829.729492, 76.572746, 7048.555176>
[COT 2023-11-25 23:15:24] 76561199108250772: Spawned Entity Canned Bacon (TacticalBaconCan<aa0e1bf0>, 100, 100, 0) at <8829.777344, 76.639626, 7048.537598>
[COT 2023-11-25 23:15:28] 76561199108250772: Spawned Entity Alcoholic Tincture (DisinfectantAlcohol<a457e0f0>, 200, 30, 0) at <8829.729492, 76.572746, 7048.555176>
[COT 2023-11-25 23:15:29] 76561199108250772: Spawned Entity Alcoholic Tincture (DisinfectantAlcohol<a457ccd0>, 200, 30, 0) at <8829.798828, 76.668427, 7048.530273>
[COT 2023-11-25 23:15:36] 76561199108250772: Spawned Entity ChiemseeMap (ChernarusMap<9ecf8080>, 200, 50, 0) at <8829.428711, 76.665703, 7048.489746>
[COT 2023-11-25 23:15:36] 76561199108250772: Spawned Entity ChiemseeMap (ChernarusMap<97101050>, 200, 50, 0) at <8829.478516, 76.715889, 7048.478027>
[COT 2023-11-25 23:15:41] 76561199108250772: Spawned Entity Compass (Compass<f878a180>, 200, 70, 0) at <8829.428711, 76.665703, 7048.489746>
[COT 2023-11-25 23:15:42] 76561199108250772: Spawned Entity Compass (Compass<f87841e0>, 200, 70, 0) at <8829.474609, 76.711853, 7048.479004>
[COT 2023-11-25 23:16:14] 76561199108250772: Spawned Entity Jungle Boots (JungleBoots_Black<f8791dd0>, 100, 150, 0) at <8829.767578, 76.329498, 7048.636230>
[COT 2023-11-25 23:16:15] 76561199108250772: Spawned Entity Jungle Boots (JungleBoots_Black<f878e470>, 100, 150, 0) at <8829.850586, 76.509026, 7048.510254>
[COT 2023-11-25 23:16:25] 76561199108250772: Spawned Entity Working Gloves (WorkingGloves_Black<f879ad40>, 100, 150, 0) at <8828.674805, 76.329498, 7049.555176>
[COT 2023-11-25 23:16:51] 76561199108250772: Spawned Entity The PredatAR (MassAR15DMR_Base<f5f2b0f0>, 100, 200, 0) at <8826.800781, 76.329498, 7049.006348>
[COT 2023-11-25 23:16:54] 76561199108250772: Spawned Entity The PredatAR (MassAR15DMR_Base<f5f2bc00>, 100, 200, 0) at <8827.445313, 76.329498, 7049.863770>
[COT 2023-11-25 23:16:56] 76561199108250772: Spawned Entity AR15 Precision Buttstock (M4_OEBttstck<f8794410>, 100, 200, 0) at <8827.320313, 76.428436, 7049.750977>
[COT 2023-11-25 23:16:58] 76561199108250772: Spawned Entity AR15 Precision Buttstock (M4_OEBttstck<f879a3b0>, 100, 200, 0) at <8826.848633, 76.329498, 7048.697266>
[COT 2023-11-25 23:17:12] 76561199108250772: Spawned Entity Standardized Suppressor (M4_Suppressor<f82f2360>, 100, 12, 0) at <8826.698242, 76.329498, 7048.778809>
[COT 2023-11-25 23:17:12] 76561199108250772: Spawned Entity Standardized Suppressor (M4_Suppressor<f82f6fe0>, 100, 12, 0) at <8826.681641, 76.347855, 7048.763672>
[COT 2023-11-25 23:21:30] 76561199108250772: Teleported [guid=Kr5p15tVu5Ov7dlpojUrhGcIwK_CX2qWVwF3ojCL4ZY=] to <8826.970703, 76.329498, 7045.667480>
[COT 2023-11-25 23:21:33] 76561199108250772: Teleported [guid=hvwuSJTa65OKlD95lDxHijkCObIZa3EMhvLz9lC6L6Y=] to <8826.917969, 76.329498, 7045.029785>
[COT 2023-11-25 23:22:4s] 76561199108250772: Entered the Free Camera
[COT 2023-11-25 23:22:10] 76561199108250772: Left the Free Camera
[COT 2023-11-25 23:22:30] 76561199108250772: Spawned Entity Buck (Animal_CapraHircus_Spooky<a1f124f0>, 100, 120, 0) at <8927.701172, 77.840042, 6941.308594>
[COT 2023-11-25 23:22:44] 76561199108250772: Entered the Free Camera
[COT 2023-11-25 23:22:57] 76561199108250772: Spawned Entity Buck (Animal_CapraHircus_Spooky<9b36e620>, 100, 120, 0) at <8828.706055, 76.329498, 7042.847656>
[COT 2023-11-25 23:23:4s] 76561199108250772: Left the Free Camera
[COT 2023-11-25 23:26:17] 76561199108250772: Healed [guid=OAdpPkJP2Ps_W7h2ttR1bK23ekHCzrxw0mDT3zqLMdU=]
[COT 2023-11-25 23:29:17] 76561199108250772: Teleported [guid=hvwuSJTa65OKlD95lDxHijkCObIZa3EMhvLz9lC6L6Y=] to <9000.836914, 2.075912, 7221.706055>
[COT 2023-11-25 23:31:17] 76561199108250772: Spawned Entity ATOG 6x48 Scope (ACOGOptic_6x<8a16a070>, 200, 50, 0) at <9008.965820, 3.614041, 7331.187988>
[COT 2023-11-25 23:32:19] 76561199108250772: Spawned Entity #syb_tetracycline_name (TabletsBase<ac8416d0>, 10, 50, 0) at <9052.468750, 4.693903, 7442.699707>
[COT 2023-11-25 23:32:19] 76561199108250772: Spawned Entity #syb_tetracycline_name (TabletsBase<a59ddc60>, 10, 50, 0) at <9052.519531, 4.759371, 7442.666504>
[COT 2023-11-25 23:37:0s] 76561199108250772: Teleported to position <8599.261719, 4.240278, 6593.203125>
[COT 2023-11-25 23:37:11] 76561199108250772: Teleported [guid=hvwuSJTa65OKlD95lDxHijkCObIZa3EMhvLz9lC6L6Y=] to <8599.261719, 4.240278, 6593.203125>
[COT 2023-11-25 23:37:48] 76561199108250772: Teleported to position <8442.966797, 4.534310, 6564.976563>
[COT 2023-11-25 23:38:54] 76561199108250772: Set the date to 2023/8/15 12:0
[COT 2023-11-25 23:38:54] 76561199108250772: Set rain to 0 0 0
[COT 2023-11-25 23:38:54] 76561199108250772: Set storm to 0 0.8 4000
[COT 2023-11-25 23:38:54] 76561199108250772: Set fog to 0 0 0
[COT 2023-11-25 23:38:54] 76561199108250772: Set overcast to 0 0 0
[COT 2023-11-25 23:38:54] 76561199108250772: Set wind to 0 0 1
[COT 2023-11-25 23:39:52] 76561199108250772: ESP: Viewing ESP
[COT 2023-11-25 23:42:51] 76561199108250772: Repaired Transport [guid=hvwuSJTa65OKlD95lDxHijkCObIZa3EMhvLz9lC6L6Y=]
[COT 2023-11-25 23:42:54] 76561199108250772: Repaired Transport [guid=hvwuSJTa65OKlD95lDxHijkCObIZa3EMhvLz9lC6L6Y=]
[COT 2023-11-25 23:43:30] 76561199108250772: Spawned Entity Gunter 2 Wheel (Hatchback_02_Wheel<77b38340>, 100, 200, 0) at <8267.385742, 4.030121, 6235.832520>
[COT 2023-11-25 23:44:2s] 76561199108250772: Spawned Entity Car Radiator (CarRadiator<9a9dfa90>, 100, 250, 0) at <8267.229492, 4.030121, 6233.263184>
[COT 2023-11-25 23:44:36] 76561199108250772: Spawned Entity MVS Canteen - OD (Canteen<97d258d0>, 1000, 100, 512) at <8267.087891, 4.030121, 6233.812500>
[COT 2023-11-25 23:44:53] 76561199108250772: ESP: Clearing ESP
[COT 2023-11-25 23:47:21] 76561199108250772: Spawned Entity Hand Saw (HandSaw<72239ec0>, 100, 100, 0) at <8267.381836, 4.030121, 6214.356445>
[COT 2023-11-25 23:47:21] 76561199108250772: Spawned Entity Hand Saw (HandSaw<7223e1b0>, 100, 100, 0) at <8267.373047, 4.088140, 6214.433594>
[COT 2023-11-25 23:47:46] 76561199108250772: Spawned Entity Burlap Sack (BurlapSack<9ebe2f60>, 100, 200, 0) at <8268.825195, 4.030121, 6212.988770>
[COT 2023-11-25 23:48:8s] 76561199108250772: Spawned Entity Netting (Netting<a43e7850>, 4, 200, 0) at <8268.825195, 4.030121, 6212.988770>
[COT 2023-11-25 23:48:52] 76561199108250772: Spawned Entity Hunting Knife (HuntingKnife<9ce5a0c0>, 100, 130, 0) at <8267.728516, 4.030121, 6211.726563>
[COT 2023-11-25 23:50:54] 76561199108250772: Spawned Entity Burlap Strips (BurlapStrip<8584c0c0>, 10, 100, 0) at <8267.676758, 4.030121, 6210.837402>
[COT 2023-11-25 23:51:3s] 76561199108250772: Spawned Entity Netting (Netting<85845790>, 4, 200, 0) at <8267.676758, 4.030121, 6210.837402>
[COT 2023-11-25 23:51:10] 76561199108250772: Entered the Free Camera
[COT 2023-11-25 23:51:14] 76561199108250772: Left the Free Camera
[COT 2023-11-25 23:53:32] 76561199108250772: Spawned Entity Firewood (Firewood<85ff03b0>, 1, 500, 0) at <8270.866211, 4.030122, 6213.471191>
[COT 2023-11-25 23:53:32] 76561199108250772: Spawned Entity Firewood (Firewood<85feca50>, 1, 500, 0) at <8270.894531, 4.206734, 6213.402344>
[COT 2023-11-25 23:53:33] 76561199108250772: Spawned Entity Firewood (Firewood<85ff5030>, 1, 500, 0) at <8270.923828, 4.383346, 6213.333496>
[COT 2023-11-25 23:53:34] 76561199108250772: Spawned Entity Firewood (Firewood<85ff3d10>, 1, 500, 0) at <8270.953125, 4.559957, 6213.264160>
[COT 2023-11-25 23:53:34] 76561199108250772: Spawned Entity Firewood (Firewood<85fef090>, 1, 500, 0) at <8270.981445, 4.736568, 6213.195313>
[COT 2023-11-25 23:53:35] 76561199108250772: Spawned Entity Firewood (Firewood<85ffa640>, 1, 500, 0) at <8271.010742, 4.913180, 6213.125977>
[COT 2023-11-25 23:53:44] 76561199108250772: Spawned Entity Fire Barrel (BarrelHoles_Blue<e8f0aaa0>, 1, 900, 0) at <8270.446289, 4.030121, 6213.576660>
[COT 2023-11-26 0h:0m:58] 76561199108250772: Spawned Entity Beef Steak (CowSteakMeat<a5e378f0>, 500, 50, 1) at <8270.257813, 4.030121, 6212.808105>
[COT 2023-11-26 0h:0m:59] 76561199108250772: Spawned Entity Beef Steak (CowSteakMeat<a5e47480>, 500, 50, 1) at <8270.257813, 4.119310, 6212.747559>
[COT 2023-11-26 0h:1m:0s] 76561199108250772: Spawned Entity Beef Steak (CowSteakMeat<a9619610>, 500, 50, 1) at <8270.258789, 4.209444, 6212.686523>
[COT 2023-11-26 0h:3m:29] 76561199108250772: Spawned Entity Large Stone (Stone<a84d6770>, 1, 200, 0) at <8263.106445, 4.043945, 6216.414063>
[COT 2023-11-26 0h:3m:30] 76561199108250772: Spawned Entity Large Stone (Stone<a84d4ac0>, 1, 200, 0) at <8263.147461, 4.179472, 6216.449707>
[COT 2023-11-26 0h:3m:30] 76561199108250772: Spawned Entity Large Stone (Stone<a84dbd80>, 1, 200, 0) at <8263.187500, 4.314999, 6216.485352>
[COT 2023-11-26 0h:3m:32] 76561199108250772: Spawned Entity Large Stone (Stone<a84dc710>, 1, 200, 0) at <8262.627930, 4.043945, 6216.621582>
[COT 2023-11-26 0h:3m:32] 76561199108250772: Spawned Entity Large Stone (Stone<a84d7100>, 1, 200, 0) at <8262.715820, 4.179471, 6216.651855>
[COT 2023-11-26 0h:3m:33] 76561199108250772: Spawned Entity Large Stone (Stone<a84e4cf0>, 1, 200, 0) at <8262.802734, 4.314999, 6216.683105>
[COT 2023-11-26 0h:3m:35] 76561199108250772: Spawned Entity Large Stone (Stone<a84de3c0>, 1, 200, 0) at <8263.606445, 4.030121, 6215.597168>
[COT 2023-11-26 0h:3m:35] 76561199108250772: Spawned Entity Large Stone (Stone<a84e7cc0>, 1, 200, 0) at <8263.611328, 4.166065, 6215.678223>
[COT 2023-11-26 0h:3m:35] 76561199108250772: Spawned Entity Large Stone (Stone<a84e9970>, 1, 200, 0) at <8263.614258, 4.301592, 6215.759766>
[COT 2023-11-26 0h:3m:38] 76561199108250772: Spawned Entity Large Stone (Stone<a84be8f0>, 1, 200, 0) at <8263.469727, 4.043945, 6216.001465>
[COT 2023-11-26 0h:3m:38] 76561199108250772: Spawned Entity Large Stone (Stone<a9a23db0>, 1, 200, 0) at <8263.482422, 4.179472, 6216.053223>
[COT 2023-11-26 0h:3m:38] 76561199108250772: Spawned Entity Large Stone (Stone<a9a20450>, 1, 200, 0) at <8263.494141, 4.314999, 6216.104004>
[COT 2023-11-26 0h:3m:40] 76561199108250772: Spawned Entity Large Stone (Stone<a99fd9b0>, 1, 200, 0) at <8262.005859, 4.043944, 6216.915039>
[COT 2023-11-26 0h:3m:41] 76561199108250772: Spawned Entity Large Stone (Stone<a99f83a0>, 1, 200, 0) at <8262.124023, 4.153691, 6216.924316>
[COT 2023-11-26 0h:3m:41] 76561199108250772: Spawned Entity Large Stone (Stone<a9a0a280>, 1, 200, 0) at <8262.234375, 4.256427, 6216.933594>
[COT 2023-11-26 0h:3m:43] 76561199108250772: Spawned Entity Large Stone (Stone<a9a03950>, 1, 200, 0) at <8263.541016, 4.030121, 6214.949219>
[COT 2023-11-26 0h:3m:44] 76561199108250772: Spawned Entity Large Stone (Stone<a9a042e0>, 1, 200, 0) at <8263.547852, 4.144822, 6215.064941>
[COT 2023-11-26 0h:3m:44] 76561199108250772: Spawned Entity Large Stone (Stone<a9a085d0>, 1, 200, 0) at <8263.555664, 4.253041, 6215.174316>
[COT 2023-11-26 0h:3m:47] 76561199108250772: Spawned Entity Large Stone (Stone<a9a0bf30>, 1, 200, 0) at <8261.596680, 4.043945, 6216.834961>
[COT 2023-11-26 0h:3m:47] 76561199108250772: Spawned Entity Large Stone (Stone<a9a05600>, 1, 200, 0) at <8261.706055, 4.126542, 6216.846191>
[COT 2023-11-26 0h:5m:15] 76561199108250772: Spawned Entity MVS Rucksack - Black (MountainBag_ColorBase<f85c36b0>, 100, 300, 0) at <8263.048828, 4.043945, 6216.633301>
[COT 2023-11-26 0h:5m:35] 76561199108250772: Spawned Entity Large Stone (Stone<a79e0a10>, 1, 200, 0) at <8262.574219, 4.043945, 6216.759766>
[COT 2023-11-26 0h:5m:36] 76561199108250772: Spawned Entity Large Stone (Stone<a79f02b0>, 1, 200, 0) at <8262.637695, 4.179472, 6216.848633>
[COT 2023-11-26 0h:5m:36] 76561199108250772: Spawned Entity Large Stone (Stone<a79eaca0>, 1, 200, 0) at <8262.701172, 4.314999, 6216.937012>
[COT 2023-11-26 0h:5m:38] 76561199108250772: Spawned Entity Large Stone (Stone<a79f7f00>, 1, 200, 0) at <8262.289063, 4.043944, 6217.037109>
[COT 2023-11-26 0h:5m:38] 76561199108250772: Spawned Entity Large Stone (Stone<a79f15d0>, 1, 200, 0) at <8262.366211, 4.161911, 6217.101074>
[COT 2023-11-26 0h:5m:39] 76561199108250772: Spawned Entity Large Stone (Stone<a79f9220>, 1, 200, 0) at <8262.448242, 4.287787, 6217.168945>
[COT 2023-11-26 0h:5m:41] 76561199108250772: Spawned Entity Large Stone (Stone<a79f3280>, 1, 200, 0) at <8262.587891, 4.043944, 6217.323242>
[COT 2023-11-26 0h:5m:41] 76561199108250772: Spawned Entity Large Stone (Stone<a79f3c10>, 1, 200, 0) at <8262.650391, 4.179471, 6217.372559>
[COT 2023-11-26 0h:5m:41] 76561199108250772: Spawned Entity Large Stone (Stone<a7a01800>, 1, 200, 0) at <8262.712891, 4.314998, 6217.422363>
[COT 2023-11-26 0h:5m:43] 76561199108250772: Spawned Entity Large Stone (Stone<a79fc1f0>, 1, 200, 0) at <8262.862305, 4.043944, 6216.971680>
[COT 2023-11-26 0h:5m:44] 76561199108250772: Spawned Entity Large Stone (Stone<a79faed0>, 1, 200, 0) at <8262.901367, 4.179471, 6217.039063>
[COT 2023-11-26 0h:5m:44] 76561199108250772: Spawned Entity Large Stone (Stone<a7a03e40>, 1, 200, 0) at <8262.939453, 4.314998, 6217.105957>
[COT 2023-11-26 0h:6m:14] 76561199108250772: Spawned Entity Shovel (Shovel<f5492230>, 100, 200, 0) at <8262.716797, 4.043945, 6216.312988>
[COT 2023-11-26 0h:6m:20] 76561199108250772: Spawned Entity Hammer (Hammer<8a4ef640>, 100, 100, 0) at <8262.729492, 4.163335, 6216.332031>
[COT 2023-11-26 0h:6m:25] 76561199108250772: Spawned Entity Sledgehammer (SledgeHammer<8a4c02d0>, 100, 300, 0) at <8262.739258, 4.260770, 6216.347168>
[COT 2023-11-26 0h:6m:32] 76561199108250772: Spawned Entity Flag Pole Kit (TerritoryFlagKit<8a4c58e0>, 100, 200, 0) at <8262.750977, 4.376231, 6216.365723>
[COT 2023-11-26 0h:6m:37] 76561199108250772: Spawned Entity Fence Kit (FenceKit<8a4c7f20>, 100, 200, 0) at <8262.773438, 4.597357, 6216.400879>
[COT 2023-11-26 0h:6m:44] 76561199108250772: Spawned Entity Metal Wire (MetalWire<8a4cf1e0>, 100, 500, 0) at <8263.005859, 4.165967, 6216.046387>
[COT 2023-11-26 0h:6m:51] 76561199108250772: Spawned Entity Pliers (Pliers<a4833f80>, 100, 100, 0) at <8263.401367, 4.043945, 6215.597168>
[COT 2023-11-26 0h:7m:4s] 76561199108250772: Spawned Entity Boxed Nails (NailBox<a482e970>, 1000, 80, 0) at <8263.077148, 4.043945, 6215.626953>
[COT 2023-11-26 0h:7m:4s] 76561199108250772: Spawned Entity Boxed Nails (NailBox<a482f300>, 1000, 80, 0) at <8263.067383, 4.242462, 6215.718262>
[COT 2023-11-26 0h:7m:5s] 76561199108250772: Spawned Entity Boxed Nails (NailBox<a4839590>, 1000, 80, 0) at <8263.058594, 4.436086, 6215.807617>
[COT 2023-11-26 0h:7m:5s] 76561199108250772: Spawned Entity Boxed Nails (NailBox<a483a8b0>, 1000, 80, 0) at <8263.048828, 4.633355, 6215.898438>
[COT 2023-11-26 0h:7m:6s] 76561199108250772: Spawned Entity Boxed Nails (NailBox<a483bbd0>, 1000, 80, 0) at <8263.040039, 4.824403, 6215.986328>
[COT 2023-11-26 0h:7m:35] 76561199108250772: ESP: Viewing ESP
[COT 2023-11-26 0h:7m:42] 76561199108250772: Entered the Free Camera
[COT 2023-11-26 0h:8m:31] 76561199108250772: Spawned Entity Flag (Flag_Base<d203530>, 100, 100, 0) at <8263.471680, 4.430531, 6216.112305>
[COT 2023-11-26 0h:8m:39] 76561199108250772: Left the Free Camera
[COT 2023-11-26 0h:13:22] 76561199108250772: Entered the Free Camera
[COT 2023-11-26 0h:13:47] 76561199108250772: Left the Free Camera
[COT 2023-11-26 0h:14:0s] 76561199108250772: ESP: Clearing ESP
[COT 2023-11-26 0h:15:2s] 76561199108250772: Set the date to 2023/8/15 12:0
[COT 2023-11-26 0h:15:2s] 76561199108250772: Set rain to 0 0 0
[COT 2023-11-26 0h:15:2s] 76561199108250772: Set storm to 0 0.8 4000
[COT 2023-11-26 0h:15:2s] 76561199108250772: Set fog to 0 0 0
[COT 2023-11-26 0h:15:2s] 76561199108250772: Set overcast to 0 0 0
[COT 2023-11-26 0h:15:2s] 76561199108250772: Set wind to 0 0 1
[COT 2023-11-26 0h:15:10] 76561199108250772: Spawned vehicle M3S Covered (Truck_01_Covered) at <8266.716797, 4.030121, 6221.517578>
[COT 2023-11-26 0h:20:42] 76561199108250772: Spawned Entity Barrel (Barrel_Green<993ca580>, 200000, 1300, 512) at <8269.333008, 4.030122, 6220.792480>
[COT 2023-11-26 0h:20:44] 76561199108250772: Spawned Entity Barrel (Barrel_Green<993d5090>, 200000, 1300, 512) at <8268.509766, 4.030121, 6220.857422>
[COT 2023-11-26 0h:20:46] 76561199108250772: Spawned Entity Barrel (Barrel_Green<993d82e0>, 200000, 1300, 512) at <8269.583008, 4.030122, 6220.197754>
[COT 2023-11-26 0h:20:48] 76561199108250772: Spawned Entity Barrel (Barrel_Green<993a2b90>, 200000, 1300, 512) at <8268.760742, 4.030121, 6220.081055>
[COT 2023-11-26 0h:21:33] 76561199108250772: Spawned Entity Splitting Axe (WoodAxe<a224c940>, 100, 250, 0) at <8269.805664, 4.030121, 6220.752930>
[COT 2023-11-26 0h:21:39] 76561199108250772: Spawned Entity Sharpening Stone (Whetstone<7c962ac0>, 100, 50, 0) at <8269.781250, 4.145591, 6220.687988>
[COT 2023-11-26 0h:24:20] 76561199108250772: Set the date to 2023/8/15 12:0
[COT 2023-11-26 0h:24:20] 76561199108250772: Set rain to 0 0 0
[COT 2023-11-26 0h:24:20] 76561199108250772: Set storm to 0 0.8 4000
[COT 2023-11-26 0h:24:20] 76561199108250772: Set fog to 0 0 0
[COT 2023-11-26 0h:24:20] 76561199108250772: Set overcast to 0 0 0
[COT 2023-11-26 0h:24:20] 76561199108250772: Set wind to 0 0 1
[COT 2023-11-26 0h:37:52] 76561199108250772: Entered the Free Camera
[COT 2023-11-26 0h:38:0s] 76561199108250772: Left the Free Camera
[COT 2023-11-26 0h:48:18] 76561199108250772: Spawned Entity Sharpening Stone (Whetstone<8377b0e0>, 100, 50, 0) at <8065.469727, 24.449986, 6898.950684>
[COT 2023-11-26 0h:48:19] 76561199108250772: Spawned Entity Sharpening Stone (Whetstone<83778110>, 100, 50, 0) at <8065.504883, 24.506260, 6898.979004>
[COT 2023-11-26 0h:48:19] 76561199108250772: Spawned Entity Sharpening Stone (Whetstone<83778aa0>, 100, 50, 0) at <8065.540527, 24.562983, 6899.007324>
[COT 2023-11-26 0h:48:20] 76561199108250772: Spawned Entity Sharpening Stone (Whetstone<837747b0>, 100, 50, 0) at <8065.572754, 24.613565, 6899.032715>
[COT 2023-11-26 0h:48:20] 76561199108250772: Spawned Entity Sharpening Stone (Whetstone<8377f3d0>, 100, 50, 0) at <8065.607422, 24.668673, 6899.060059>
[COT 2023-11-26 0h:48:21] 76561199108250772: Spawned Entity Sharpening Stone (Whetstone<8377fd60>, 100, 50, 0) at <8065.643066, 24.725010, 6899.087891>
[COT 2023-11-26 0h:52:31] 76561199108250772: Spawned Entity Splitting Axe (WoodAxe<85ff03b0>, 100, 250, 0) at <8097.721680, 23.829166, 6926.538574>
[COT 2023-11-26 0h:53:20] 76561199108250772: Spawned Entity Paper (Paper<785df3a0>, 10, 15, 0) at <8097.187988, 24.066086, 6929.558594>
[COT 2023-11-26 0h:55:29] 76561199108250772: Spawned Entity Campfire Tripod (Tripod<8059fed0>, 100, 500, 0) at <8097.040039, 23.902590, 6928.997070>
[COT 2023-11-26 0h:55:42] 76561199108250772: Spawned Entity Cooking Pot (Pot<85409ea0>, 2000, 200, 512) at <8096.695313, 24.035530, 6929.972168>
[COT 2023-11-26 1h:1m:32] 76561199108250772: Spawned Entity #syb_charcoal_name (TabletsBase<ac3d5080>, 10, 50, 0) at <8081.870605, 24.033560, 6949.762695>
[COT 2023-11-26 1h:2m:57] 76561199108250772: Spawned Entity #syb_charcoal_name (TabletsBase<80870bb0>, 10, 50, 0) at <8076.065430, 25.334145, 6935.784180>
[COT 2023-11-26 1h:5m:48] 76561199108250772: Healed [guid=hvwuSJTa65OKlD95lDxHijkCObIZa3EMhvLz9lC6L6Y=]
[COT 2023-11-26 1h:6m:52] 76561199108250772: Spawned Entity #syb_enterofuril_name (TabletsBase<77ed5670>, 10, 50, 0) at <8019.195801, 22.165829, 6878.156250>
[COT 2023-11-26 1h:13:25] 76561199108250772: Entered the Free Camera
[COT 2023-11-26 1h:13:34] 76561199108250772: Left the Free Camera
[COT 2023-11-26 1h:16:53] 76561199108250772: ESP: Viewing ESP
[COT 2023-11-26 1h:16:56] 76561199108250772: Entered the Free Camera
[COT 2023-11-26 1h:17:17] 76561199108250772: Left the Free Camera
[COT 2023-11-26 1h:17:33] 76561199108250772: ESP: Clearing ESP
[COT 2023-11-26 1h:17:39] 76561199108250772: ESP: Viewing ESP
[COT 2023-11-26 1h:17:45] 76561199108250772: Entered the Free Camera
[COT 2023-11-26 1h:18:31] 76561199108250772: Left the Free Camera
[COT 2023-11-26 1h:18:36] 76561199108250772: ESP: Clearing ESP
[COT 2023-11-26 1h:18:38] 76561199108250772: ESP: Viewing ESP
[COT 2023-11-26 1h:18:39] 76561199108250772: ESP: Clearing ESP
[COT 2023-11-26 1h:18:40] 76561199108250772: ESP: Viewing ESP
[COT 2023-11-26 1h:18:50] 76561199108250772: ESP: Clearing ESP
[COT 2023-11-26 1h:18:52] 76561199108250772: Entered the Free Camera
[COT 2023-11-26 1h:19:28] 76561199108250772: Left the Free Camera
[COT 2023-11-26 1h:24:59] 76561199108250772: Set the date to 2023/8/15 12:0
[COT 2023-11-26 1h:24:59] 76561199108250772: Set rain to 0 0 0
[COT 2023-11-26 1h:24:59] 76561199108250772: Set storm to 0 0.8 4000
[COT 2023-11-26 1h:24:59] 76561199108250772: Set fog to 0 0 0
[COT 2023-11-26 1h:24:59] 76561199108250772: Set overcast to 0 0 0
[COT 2023-11-26 1h:24:59] 76561199108250772: Set wind to 0 0 1
[COT 2023-11-26 1h:25:7s] 76561199108250772: Teleported to position <8104.399902, 15.549688, 6841.481934>
[COT 2023-11-26 1h:27:16] 76561199108250772: Spawned Entity Fire Barrel (BarrelHoles_Red<e8f12f50>, 100, 900, 0) at <8039.725586, 20.812752, 6872.875977>
[COT 2023-11-26 1h:28:31] 76561199108250772: Spawned Entity Jerrycan (CanisterGasoline<99cd58c0>, 20000, 300, 8192) at <8039.155762, 21.378345, 6872.265625>
[COT 2023-11-26 1h:29:24] 76561199108250772: Spawned Entity Jerrycan (CanisterGasoline<a80d6a10>, 20000, 300, 8192) at <8036.816406, 20.808916, 6872.511719>
[COT 2023-11-26 1h:41:13] 76561199108250772: Spawned vehicle M3S Covered (Truck_01_Covered_Orange) at <8030.721191, 20.383551, 6868.448730>
[COT 2023-11-26 1h:42:15] 76561199108250772: ESP: Viewing ESP
[COT 2023-11-26 1h:42:17] 76561199108250772: ESP index=0 target=Truck_01_Covered_Orange:019320 position=<8030.719727, 20.368641, 6868.351563> action=delete
[COT 2023-11-26 1h:42:17] 76561199108250772: ESP action=delete_all count=1 attempted=1
[COT 2023-11-26 1h:42:19] 76561199108250772: ESP: Clearing ESP
[COT 2023-11-26 2h:9m:39] 76561199108250772: Spawned Entity Hand Saw (HandSaw<a96ab370>, 100, 100, 0) at <8038.740234, 20.508366, 6870.611816>
[COT 2023-11-26 2h:18:10] 76561199108250772: Teleported to position <9050.130859, 4.950513, 7438.005371>
[COT 2023-11-26 2h:18:50] 76561199108250772: Entered the Free Camera
[COT 2023-11-26 2h:19:0s] 76561199108250772: Left the Free Camera
[COT 2023-11-26 2h:19:44] 76561199108250772: Teleported to position <6915.961914, 35.599998, 6388.708496>
[COT 2023-11-26 2h:20:24] 76561199108250772: Entered the Free Camera
[COT 2023-11-26 2h:20:30] 76561199108250772: Left the Free Camera
[COT 2023-11-26 2h:21:2s] 76561199108250772: Spawned Entity MK II (MKII_Base<99298590>, 10, 120, 0) at <6916.929199, 46.413094, 6555.825684>
[COT 2023-11-26 2h:21:4s] 76561199108250772: Spawned Entity 10rd MK II Mag (Mag_MKII_10Rnd<9a83e7f0>, 10, 100, 0) at <6916.926758, 46.483475, 6555.831543>
[COT 2023-11-26 2h:21:46] 76561199108250772: Set UnlimitedAmmo To true [guid=OAdpPkJP2Ps_W7h2ttR1bK23ekHCzrxw0mDT3zqLMdU=]
[COT 2023-11-26 2h:21:47] 76561199108250772: Set UnlimitedStamina To true [guid=OAdpPkJP2Ps_W7h2ttR1bK23ekHCzrxw0mDT3zqLMdU=]
[COT 2023-11-26 2h:21:47] 76561199108250772: Set GodMode To true [guid=OAdpPkJP2Ps_W7h2ttR1bK23ekHCzrxw0mDT3zqLMdU=]
[COT 2023-11-26 2h:21:48] 76561199108250772: Set cannot be targeted by AI to true [guid=OAdpPkJP2Ps_W7h2ttR1bK23ekHCzrxw0mDT3zqLMdU=]
[COT 2023-11-26 2h:21:56] 76561199108250772: Spawned Entity KA-101 (AK101<9d396e20>, 100, 300, 0) at <6917.704102, 47.660206, 6557.573242>
[COT 2023-11-26 2h:24:11] 76561199108250772: Spawned vehicle M3S Covered (Truck_01_Covered_Orange) at <6928.062500, 35.599983, 6443.159668>
[COT 2023-11-26 2h:25:24] 76561199108250772: ESP: Viewing ESP
[COT 2023-11-26 2h:25:26] 76561199108250772: ESP index=0 target=Truck_01_Covered_Orange:014979 position=<6842.101563, 35.591560, 6495.086426> action=delete
[COT 2023-11-26 2h:25:26] 76561199108250772: ESP action=delete_all count=1 attempted=1
[COT 2023-11-26 2h:25:36] 76561199108250772: ESP: Clearing ESP
[COT 2023-11-26 2h:25:57] 76561199108250772: Repaired Transport [guid=hvwuSJTa65OKlD95lDxHijkCObIZa3EMhvLz9lC6L6Y=]
[COT 2023-11-26 2h:25:58] 76561199108250772: Healed [guid=hvwuSJTa65OKlD95lDxHijkCObIZa3EMhvLz9lC6L6Y=]
[COT 2023-11-26 2h:27:20] 76561199108250772: Spawned Entity Fence Kit (FenceKit<a9fb3a00>, 100, 200, 0) at <6933.146973, 36.413322, 6425.531250>
[COT 2023-11-26 2h:36:57] 76561199108250772: Spawned Entity Hammer (Hammer<947bb6d0>, 100, 100, 0) at <6941.852051, 35.599998, 6427.750977>
[COT 2023-11-26 2h:37:47] 76561199108250772: ESP: Viewing ESP
[COT 2023-11-26 2h:37:52] 76561199108250772: ESP target=Fence<804afb60> action=built part=wall_platform_stairs_right required_materials=false
[COT 2023-11-26 2h:37:54] 76561199108250772: ESP target=Fence<804afb60> action=built part=wall_base_up required_materials=false
[COT 2023-11-26 2h:37:56] 76561199108250772: ESP target=Fence<804afb60> action=built part=wall_wood_up required_materials=false
[COT 2023-11-26 2h:38:18] 76561199108250772: ESP: Clearing ESP
[COT 2023-11-26 2h:40:17] 76561199108250772: Spawned Entity MVS Rucksack - ERDL (MountainBag_ColorBase<ad6dbb50>, 100, 300, 0) at <6955.345703, 35.599983, 6415.188965>
[COT 2023-11-26 2h:40:22] 76561199108250772: Set the date to 2023/8/15 12:0
[COT 2023-11-26 2h:40:23] 76561199108250772: Set rain to 0 0 0
[COT 2023-11-26 2h:40:23] 76561199108250772: Set storm to 0 0.8 4000
[COT 2023-11-26 2h:40:23] 76561199108250772: Set fog to 0 0 0
[COT 2023-11-26 2h:40:23] 76561199108250772: Set overcast to 0 0 0
[COT 2023-11-26 2h:40:23] 76561199108250772: Set wind to 0 0 1
[COT 2023-11-26 2h:41:57] 76561199108250772: Spawned Entity Fence Kit (FenceKit<a4ac4e30>, 100, 200, 0) at <6959.275391, 35.600052, 6430.269043>
[COT 2023-11-26 2h:41:58] 76561199108250772: Spawned Entity Fence Kit (FenceKit<a4abf820>, 100, 200, 0) at <6959.226074, 35.718693, 6430.305176>
[COT 2023-11-26 2h:41:58] 76561199108250772: Spawned Entity Fence Kit (FenceKit<a4ac1e60>, 100, 200, 0) at <6959.169434, 35.856602, 6430.347168>
[COT 2023-11-26 2h:43:40] 76561199108250772: Spawned Entity Wooden Log (WoodenLog<7860a420>, 1, 500, 0) at <6928.589844, 35.600006, 6443.196777>
[COT 2023-11-26 2h:43:40] 76561199108250772: Spawned Entity Wooden Log (WoodenLog<78608770>, 1, 500, 0) at <6928.626465, 35.800236, 6442.971680>
[COT 2023-11-26 2h:44:17] 76561199108250772: Spawned Entity Nails (Nail<94656b40>, 99, 80, 0) at <6927.793457, 35.600014, 6442.733887>
[COT 2023-11-26 2h:44:39] 76561199108250772: ESP: Viewing ESP
[COT 2023-11-26 2h:44:51] 76561199108250772: ESP index=0 target=ZmbF_HikerSkinny_Red:0414 position=<6969.687012, 35.639999, 6491.153320> action=delete
[COT 2023-11-26 2h:44:51] 76561199108250772: ESP index=1 target=ZmbM_HunterOld_Summer:0386 position=<6987.271973, 35.639996, 6559.953125> action=delete
[COT 2023-11-26 2h:44:51] 76561199108250772: ESP index=2 target=ZmbM_HunterOld_Winter:0528 position=<6847.408203, 35.639996, 6507.559082> action=delete
[COT 2023-11-26 2h:44:51] 76561199108250772: ESP index=3 target=ZmbM_HikerSkinny_Green:0417 position=<7052.808105, 35.639996, 6630.439941> action=delete
[COT 2023-11-26 2h:44:51] 76561199108250772: ESP index=4 target=ZmbM_HermitSkinny_Red:0537 position=<7077.797363, 35.639999, 6651.682129> action=delete
[COT 2023-11-26 2h:44:51] 76561199108250772: ESP index=5 target=ZmbM_HikerSkinny_Blue:0259 position=<6881.357910, 35.639996, 6478.923340> action=delete
[COT 2023-11-26 2h:44:51] 76561199108250772: ESP index=6 target=ZmbM_HandymanNormal_Green:0521 position=<6915.395508, 35.639996, 6459.658691> action=delete
[COT 2023-11-26 2h:44:51] 76561199108250772: ESP action=delete_all count=7 attempted=7
[COT 2023-11-26 2h:44:56] 76561199108250772: ESP index=0 target=ZmbM_HunterOld_Autumn:0261 position=<7110.636719, 35.639996, 6598.204590> action=delete
[COT 2023-11-26 2h:44:56] 76561199108250772: ESP index=1 target=ZmbF_HikerSkinny_Blue:0544 position=<7094.797852, 35.639999, 6646.249023> action=delete
[COT 2023-11-26 2h:44:56] 76561199108250772: ESP index=2 target=ZmbF_HikerSkinny_Green:0387 position=<7033.271484, 35.639999, 6573.690918> action=delete
[COT 2023-11-26 2h:44:56] 76561199108250772: ESP action=delete_all count=3 attempted=3
[COT 2023-11-26 2h:45:19] 76561199108250772: Spawned Entity Hammer (Hammer<996639a0>, 100, 100, 0) at <6927.990234, 35.600006, 6442.614746>
[COT 2023-11-26 2h:45:34] 76561199108250772: ESP index=0 target=ZmbM_MechanicSkinny_Blue:0523 position=<6889.961914, 35.639999, 6421.001465> action=delete
[COT 2023-11-26 2h:45:35] 76561199108250772: ESP index=1 target=ZmbM_HeavyIndustryWorker:0532 position=<6844.754883, 35.639999, 6438.125000> action=delete
[COT 2023-11-26 2h:45:35] 76561199108250772: ESP action=delete_all count=2 attempted=2
[COT 2023-11-26 2h:45:36] 76561199108250772: ESP: Clearing ESP
[COT 2023-11-26 2h:47:43] 76561199108250772: Spawned Entity Flag Pole Kit (TerritoryFlagKit<9e8dcfb0>, 100, 200, 0) at <6941.376465, 36.428391, 6420.961914>
[COT 2023-11-26 2h:48:5s] 76561199108250772: ESP: Viewing ESP
[COT 2023-11-26 2h:48:8s] 76561199108250772: ESP index=0 target=ZmbM_OffshoreWorker_Orange:0414 position=<6897.358398, 35.639999, 6401.510742> action=delete
[COT 2023-11-26 2h:48:8s] 76561199108250772: ESP index=1 target=ZmbM_ConstrWorkerNormal_Beige:0533 position=<6917.117676, 35.639999, 6412.293457> action=delete
[COT 2023-11-26 2h:48:8s] 76561199108250772: ESP action=delete_all count=2 attempted=2
[COT 2023-11-26 2h:48:11] 76561199108250772: ESP index=0 target=ZmbM_HeavyIndustryWorker:0518 position=<6897.790527, 35.639999, 6392.625977> action=delete
[COT 2023-11-26 2h:48:11] 76561199108250772: ESP action=delete_all count=1 attempted=1
[COT 2023-11-26 2h:48:22] 76561199108250772: ESP index=0 target=ZmbM_HunterOld_Winter:0417 position=<6871.867676, 35.639996, 6504.721191> action=delete
[COT 2023-11-26 2h:48:22] 76561199108250772: ESP index=1 target=ZmbM_HunterOld_Winter:0528 position=<6954.414063, 35.639996, 6548.169922> action=delete
[COT 2023-11-26 2h:48:22] 76561199108250772: ESP index=2 target=ZmbF_HikerSkinny_Blue:0386 position=<6942.873535, 35.639999, 6508.324707> action=delete
[COT 2023-11-26 2h:48:22] 76561199108250772: ESP index=3 target=ZmbM_FishermanOld_Blue:0537 position=<6901.289063, 35.639999, 6566.278809> action=delete
[COT 2023-11-26 2h:48:22] 76561199108250772: ESP index=4 target=ZmbM_MechanicSkinny_Grey:0540 position=<6943.945801, 35.639996, 6441.464355> action=delete
[COT 2023-11-26 2h:48:22] 76561199108250772: ESP action=delete_all count=5 attempted=5
[COT 2023-11-26 2h:48:40] 76561199108250772: Spawned Entity Wooden Log (WoodenLog<a5de4330>, 1, 500, 0) at <6942.257324, 35.599995, 6415.956055>
[COT 2023-11-26 2h:48:40] 76561199108250772: Spawned Entity Wooden Log (WoodenLog<a5df0270>, 1, 500, 0) at <6942.213379, 35.814713, 6415.746094>
[COT 2023-11-26 2h:49:15] 76561199108250772: ESP: Clearing ESP
[COT 2023-11-26 2h:51:58] 76561199108250772: Spawned Entity Large Stone (Stone<a79e8660>, 1, 200, 0) at <6942.825684, 35.642006, 6415.328613>
[COT 2023-11-26 2h:51:58] 76561199108250772: Spawned Entity Large Stone (Stone<a79fc1f0>, 1, 200, 0) at <6942.937988, 35.777534, 6415.312012>
[COT 2023-11-26 2h:53:37] 76561199108250772: Spawned Entity Fence Kit (FenceKit<a3fd03b0>, 100, 200, 0) at <6943.627441, 39.015362, 6432.745605>
[COT 2023-11-26 2h:57:39] 76561199108250772: Spawned Entity Guts (Guts<9b36dc10>, 500, 40, 0) at <6941.745117, 35.600002, 6417.204590>
[COT 2023-11-26 3h:1m:31] 76561199108250772: Spawned Entity Wooden Log (WoodenLog<9954b090>, 1, 500, 0) at <6950.467285, 35.599991, 6438.180664>
[COT 2023-11-26 3h:1m:31] 76561199108250772: Spawned Entity Wooden Log (WoodenLog<99556fd0>, 1, 500, 0) at <6950.489258, 35.814758, 6438.091309>
[COT 2023-11-26 3h:2m:14] 76561199108250772: Spawned Entity Plank (WoodenPlank<94fb4cf0>, 10, 100, 0) at <6949.496582, 35.599998, 6438.530762>
[COT 2023-11-26 3h:2m:19] 76561199108250772: Spawned Entity Nails (Nail<94f87630>, 99, 80, 0) at <6949.523438, 35.749306, 6438.476074>
[COT 2023-11-26 3h:3m:7s] 76561199108250772: ESP: Viewing ESP
[COT 2023-11-26 3h:3m:14] 76561199108250772: ESP target=Fence<80886be0> action=built part=wall_base_up required_materials=false
[COT 2023-11-26 3h:3m:15] 76561199108250772: ESP target=Fence<80886be0> action=built part=wall_wood_up required_materials=false
[COT 2023-11-26 3h:3m:19] 76561199108250772: ESP: Clearing ESP
[COT 2023-11-26 3h:7m:20] 76561199108250772: Spawned Entity Hammer (Hammer<9d284650>, 100, 100, 0) at <6951.027344, 35.599998, 6434.384277>
[COT 2023-11-26 3h:7m:21] 76561199108250772: Spawned Entity Hammer (Hammer<9d280cf0>, 100, 100, 0) at <6951.015137, 35.697327, 6434.353027>
[COT 2023-11-26 3h:7m:38] 76561199108250772: ESP: Viewing ESP
[COT 2023-11-26 3h:7m:42] 76561199108250772: ESP: Clearing ESP
[COT 2023-11-26 3h:7m:44] 76561199108250772: ESP: Viewing ESP
[COT 2023-11-26 3h:7m:49] 76561199108250772: ESP: Clearing ESP
[COT 2023-11-26 3h:18:43] 76561199108250772: Set the date to 2023/8/15 12:0
[COT 2023-11-26 3h:18:43] 76561199108250772: Set rain to 0 0 0
[COT 2023-11-26 3h:18:43] 76561199108250772: Set storm to 0 0.8 4000
[COT 2023-11-26 3h:18:43] 76561199108250772: Set fog to 0 0 0
[COT 2023-11-26 3h:18:43] 76561199108250772: Set overcast to 0 0 0
[COT 2023-11-26 3h:18:43] 76561199108250772: Set wind to 0 0 1
[COT 2023-11-26 3h:23:58] 76561199108250772: Healed [guid=OAdpPkJP2Ps_W7h2ttR1bK23ekHCzrxw0mDT3zqLMdU=]
[COT 2023-11-26 3h:24:35] 76561199108250772: Spawned Entity Fire Barrel (BarrelHoles_Blue<e8f311d0>, 100, 900, 0) at <6935.610352, 36.416939, 6416.622070>
[COT 2023-11-26 3h:31:31] 76561199108250772: Spawned Entity Fence Kit (FenceKit<7c1ee070>, 100, 200, 0) at <6931.229492, 35.599998, 6408.979980>
[COT 2023-11-26 3h:32:1s] 76561199108250772: Spawned Entity ChiemseeMap (ChernarusMap<a4049cd0>, 100, 50, 0) at <6929.457031, 35.600002, 6408.269043>
[COT 2023-11-26 3h:35:31] 76561199108250772: Spawned Entity Compass (Compass<7bf030e0>, 100, 70, 0) at <6930.527832, 35.600006, 6408.658203>
[COT 2023-11-26 3h:46:5s] 76561199108250772: ESP: Viewing ESP
[COT 2023-11-26 3h:46:9s] 76561199108250772: ESP target=Fence<998003f0> action=built part=base required_materials=false
[COT 2023-11-26 3h:46:10] 76561199108250772: ESP target=Fence<998003f0> action=built part=wall_base_down required_materials=false
[COT 2023-11-26 3h:46:11] 76561199108250772: ESP target=Fence<998003f0> action=built part=wall_wood_down required_materials=false
[COT 2023-11-26 3h:46:14] 76561199108250772: ESP target=Fence<998003f0> action=built part=wall_base_up required_materials=false
[COT 2023-11-26 3h:46:15] 76561199108250772: ESP target=Fence<998003f0> action=built part=wall_gate required_materials=false
[COT 2023-11-26 3h:46:17] 76561199108250772: ESP target=Fence<998003f0> action=built part=wall_wood_up required_materials=false
[COT 2023-11-26 3h:46:27] 76561199108250772: ESP: Clearing ESP
[COT 2023-11-26 3h:46:47] 76561199108250772: ESP: Viewing ESP
[COT 2023-11-26 3h:46:51] 76561199108250772: ESP: Clearing ESP
[COT 2023-11-26 3h:47:1s] 76561199108250772: ESP: Viewing ESP
[COT 2023-11-26 3h:47:3s] 76561199108250772: ESP index=0 target=Fence:018252 position=<6903.121094, 36.118843, 6356.018555> action=delete
[COT 2023-11-26 3h:47:3s] 76561199108250772: ESP action=delete_all count=1 attempted=1
[COT 2023-11-26 3h:47:34] 76561199108250772: ESP: Clearing ESP
[COT 2023-11-26 3h:47:36] 76561199108250772: ESP: Viewing ESP
[COT 2023-11-26 3h:47:39] 76561199108250772: ESP target=Fence<9f033e80> action=built part=base required_materials=false
[COT 2023-11-26 3h:47:42] 76561199108250772: ESP target=Fence<9f033e80> action=built part=wall_base_down required_materials=false
[COT 2023-11-26 3h:47:49] 76561199108250772: ESP target=Fence<9f033e80> action=built part=wall_wood_down required_materials=false
[COT 2023-11-26 3h:47:51] 76561199108250772: ESP target=Fence<9f033e80> action=built part=wall_base_up required_materials=false
[COT 2023-11-26 3h:47:52] 76561199108250772: ESP target=Fence<9f033e80> action=built part=wall_wood_up required_materials=false
[COT 2023-11-26 3h:47:53] 76561199108250772: ESP target=Fence<9f033e80> action=built part=wall_gate required_materials=false
[COT 2023-11-26 3h:47:56] 76561199108250772: ESP: Clearing ESP
[COT 2023-11-26 3h:48:8s] 76561199108250772: Spawned Entity CodeLock (CodeLock<a23108e0>, 100, 1500, 0) at <6903.567871, 35.600048, 6360.806641>
[COT 2023-11-26 3h:49:11] 76561199108250772: ESP: Viewing ESP
[COT 2023-11-26 3h:49:30] 76561199108250772: ESP index=0 target=ZmbM_HermitSkinny_Green:0520 position=<7013.833008, 35.639999, 6639.926270> action=delete
[COT 2023-11-26 3h:49:30] 76561199108250772: ESP index=1 target=ZmbM_FishermanOld_Green:0417 position=<6922.079102, 35.639999, 6420.027344> action=delete
[COT 2023-11-26 3h:49:30] 76561199108250772: ESP index=2 target=ZmbM_HermitSkinny_Black:0521 position=<6992.788574, 35.639999, 6578.381836> action=delete
[COT 2023-11-26 3h:49:30] 76561199108250772: ESP action=delete_all count=3 attempted=3
[COT 2023-11-26 3h:49:33] 76561199108250772: ESP index=0 target=ZmbF_HikerSkinny_Green:0518 position=<7014.746582, 35.639999, 6575.408203> action=delete
[COT 2023-11-26 3h:49:33] 76561199108250772: ESP index=1 target=ZmbM_HikerSkinny_Blue:0259 position=<7070.000000, 35.599998, 6615.336426> action=delete
[COT 2023-11-26 3h:49:33] 76561199108250772: ESP index=2 target=ZmbM_HunterOld_Spring:0261 position=<7016.341309, 35.639996, 6560.920898> action=delete
[COT 2023-11-26 3h:49:33] 76561199108250772: ESP action=delete_all count=3 attempted=3
[COT 2023-11-26 3h:49:42] 76561199108250772: ESP index=0 target=ZmbM_HunterOld_Autumn:0528 position=<6927.705078, 35.639999, 6383.663086> action=delete
[COT 2023-11-26 3h:49:42] 76561199108250772: ESP index=1 target=ZmbF_MilkMaidOld_Grey:0517 position=<6925.802246, 35.639996, 6376.020508> action=delete
[COT 2023-11-26 3h:49:42] 76561199108250772: ESP index=2 target=ZmbM_ConstrWorkerNormal_Black:0260 position=<6930.477539, 35.639996, 6371.668457> action=delete
[COT 2023-11-26 3h:49:42] 76561199108250772: ESP action=delete_all count=3 attempted=3
[COT 2023-11-26 3h:49:49] 76561199108250772: ESP index=0 target=ZmbM_Jacket_blue:0535 position=<7078.679199, 35.639999, 6501.963379> action=delete
[COT 2023-11-26 3h:49:49] 76561199108250772: ESP index=1 target=ZmbM_HikerSkinny_Blue:0415 position=<7171.865723, 36.856808, 6564.459961> action=delete
[COT 2023-11-26 3h:49:49] 76561199108250772: ESP index=2 target=ZmbM_HunterOld_Spring:0533 position=<6924.458496, 35.639999, 6380.505859> action=delete
[COT 2023-11-26 3h:49:49] 76561199108250772: ESP index=3 target=ZmbM_VillagerOld_White:0529 position=<7106.171875, 35.639999, 6493.645508> action=delete
[COT 2023-11-26 3h:49:49] 76561199108250772: ESP index=4 target=ZmbF_VillagerOld_Red:0531 position=<7019.948730, 35.639996, 6487.017578> action=delete
[COT 2023-11-26 3h:49:49] 76561199108250772: ESP action=delete_all count=5 attempted=5
[COT 2023-11-26 3h:49:55] 76561199108250772: ESP index=0 target=ZmbM_FishermanOld_Blue:0544 position=<7041.725586, 35.639999, 6571.833984> action=delete
[COT 2023-11-26 3h:49:55] 76561199108250772: ESP index=1 target=ZmbF_MilkMaidOld_Grey:0538 position=<6926.817383, 35.639996, 6381.676758> action=delete
[COT 2023-11-26 3h:49:55] 76561199108250772: ESP index=2 target=ZmbM_ConstrWorkerNormal_Black:0540 position=<6911.815430, 35.639996, 6396.608398> action=delete
[COT 2023-11-26 3h:49:55] 76561199108250772: ESP action=delete_all count=3 attempted=3
[COT 2023-11-26 3h:50:25] 76561199108250772: ESP index=0 target=ZmbM_Jacket_brown:0542 position=<6853.016113, 61.759235, 6065.121094> action=delete
[COT 2023-11-26 3h:50:25] 76561199108250772: ESP action=delete_all count=1 attempted=1
[COT 2023-11-26 3h:50:40] 76561199108250772: ESP: Clearing ESP
[COT 2023-11-26 3h:50:42] 76561199108250772: ESP: Viewing ESP
[COT 2023-11-26 3h:50:48] 76561199108250772: ESP target=Fence<8ed28380> action=built part=base required_materials=false
[COT 2023-11-26 3h:50:49] 76561199108250772: ESP target=Fence<8ed28380> action=built part=wall_base_down required_materials=false
[COT 2023-11-26 3h:50:50] 76561199108250772: ESP target=Fence<8ed28380> action=built part=wall_wood_down required_materials=false
[COT 2023-11-26 3h:50:51] 76561199108250772: ESP target=Fence<8ed28380> action=built part=wall_base_up required_materials=false
[COT 2023-11-26 3h:50:52] 76561199108250772: ESP target=Fence<8ed28380> action=built part=wall_gate required_materials=false
[COT 2023-11-26 3h:50:55] 76561199108250772: ESP target=Fence<8ed28380> action=built part=wall_wood_up required_materials=false
[COT 2023-11-26 3h:50:58] 76561199108250772: Entered the Free Camera
[COT 2023-11-26 3h:51:32] 76561199108250772: ESP: Clearing ESP
[COT 2023-11-26 3h:51:34] 76561199108250772: Left the Free Camera
[COT 2023-11-26 3h:52:15] 76561199108250772: ESP: Viewing ESP
[COT 2023-11-26 3h:52:19] 76561199108250772: ESP target=Fence<86019300> action=built part=base required_materials=false
[COT 2023-11-26 3h:52:21] 76561199108250772: ESP target=Fence<86019300> action=built part=wall_base_up required_materials=false
[COT 2023-11-26 3h:52:27] 76561199108250772: ESP target=Fence<86019300> action=built part=wall_wood_up required_materials=false
[COT 2023-11-26 3h:52:29] 76561199108250772: ESP target=Fence<86019300> action=built part=wall_platform required_materials=false
[COT 2023-11-26 3h:52:31] 76561199108250772: ESP target=Fence<86019300> action=dismantle part=wall_platform
[COT 2023-11-26 3h:52:32] 76561199108250772: ESP target=Fence<86019300> action=built part=wall_platform required_materials=false
[COT 2023-11-26 3h:52:33] 76561199108250772: ESP target=Fence<86019300> action=dismantle part=wall_platform
[COT 2023-11-26 3h:52:35] 76561199108250772: ESP target=Fence<86019300> action=built part=wall_base_down required_materials=false
[COT 2023-11-26 3h:52:38] 76561199108250772: ESP target=Fence<86019300> action=built part=wall_wood_down required_materials=false
[COT 2023-11-26 3h:53:23] 76561199108250772: ESP target=Fence<a1f19db0> action=built part=base required_materials=false
[COT 2023-11-26 3h:53:25] 76561199108250772: ESP target=Fence<a1f19db0> action=built part=wall_base_down required_materials=false
[COT 2023-11-26 3h:53:26] 76561199108250772: ESP target=Fence<a1f19db0> action=built part=wall_wood_down required_materials=false
[COT 2023-11-26 3h:53:28] 76561199108250772: ESP target=Fence<a1f19db0> action=built part=wall_base_up required_materials=false
[COT 2023-11-26 3h:53:30] 76561199108250772: ESP target=Fence<a1f19db0> action=built part=wall_wood_up required_materials=false
[COT 2023-11-26 3h:53:33] 76561199108250772: ESP: Clearing ESP
[COT 2023-11-26 3h:54:37] 76561199108250772: Spawned Entity Fence Kit (FenceKit<7c6d83b0>, 100, 200, 0) at <6901.478516, 35.599998, 6363.620605>
[COT 2023-11-26 3h:56:59] 76561199108250772: ESP: Viewing ESP
[COT 2023-11-26 3h:57:2s] 76561199108250772: ESP target=Fence<a926d250> action=built part=base required_materials=false
[COT 2023-11-26 3h:57:3s] 76561199108250772: ESP target=Fence<a926d250> action=built part=wall_base_down required_materials=false
[COT 2023-11-26 3h:57:6s] 76561199108250772: ESP target=Fence<a926d250> action=built part=wall_wood_down required_materials=false
[COT 2023-11-26 3h:57:8s] 76561199108250772: ESP target=Fence<a926d250> action=built part=wall_base_up required_materials=false
[COT 2023-11-26 3h:57:10] 76561199108250772: ESP target=Fence<a926d250> action=built part=wall_gate required_materials=false
[COT 2023-11-26 3h:57:12] 76561199108250772: ESP target=Fence<a926d250> action=dismantle part=wall_gate
[COT 2023-11-26 3h:57:17] 76561199108250772: ESP target=Fence<a926d250> action=built part=wall_wood_up required_materials=false
[COT 2023-11-26 3h:57:57] 76561199108250772: ESP: Clearing ESP
[COT 2023-11-26 3h:57:58] 76561199108250772: ESP: Viewing ESP
[COT 2023-11-26 3h:58:1s] 76561199108250772: ESP target=Fence<9af63e10> action=built part=base required_materials=false
[COT 2023-11-26 3h:58:2s] 76561199108250772: ESP target=Fence<9af63e10> action=built part=wall_base_down required_materials=false
[COT 2023-11-26 3h:58:4s] 76561199108250772: ESP target=Fence<9af63e10> action=built part=wall_wood_down required_materials=false
[COT 2023-11-26 3h:58:7s] 76561199108250772: ESP target=Fence<9af63e10> action=built part=wall_base_up required_materials=false
[COT 2023-11-26 3h:58:9s] 76561199108250772: ESP target=Fence<9af63e10> action=built part=wall_wood_up required_materials=false
[COT 2023-11-26 3h:58:11] 76561199108250772: ESP: Clearing ESP
[COT 2023-11-26 4h:0m:5s] 76561199108250772: Spawned Entity Barbed Wire (BarbedWire<a7bc47e0>, 100, 300, 0) at <6903.399902, 35.599979, 6361.219238>
[COT 2023-11-26 4h:0m:6s] 76561199108250772: Spawned Entity Barbed Wire (BarbedWire<a7bd0710>, 100, 300, 0) at <6903.348145, 35.694252, 6361.193359>
[COT 2023-11-26 4h:0m:6s] 76561199108250772: Spawned Entity Barbed Wire (BarbedWire<a7bd6bb0>, 100, 300, 0) at <6903.295898, 35.788525, 6361.167480>
[COT 2023-11-26 4h:0m:7s] 76561199108250772: Spawned Entity Barbed Wire (BarbedWire<a7bd1120>, 100, 300, 0) at <6903.243652, 35.882793, 6361.141113>
[COT 2023-11-26 4h:0m:13] 76561199108250772: Spawned Entity Pliers (Pliers<9d2981e0>, 100, 100, 0) at <6900.857422, 36.822536, 6361.042969>
[COT 2023-11-26 4h:0m:42] 76561199108250772: Spawned Entity Barbed Wire (BarbedWire<ad8e80a0>, 100, 300, 0) at <6902.632324, 36.152283, 6318.230469>
[COT 2023-11-26 4h:0m:56] 76561199108250772: Spawned Entity Pliers (Pliers<99dce7f0>, 100, 100, 0) at <6903.157227, 36.152195, 6318.750977>
[COT 2023-11-26 4h:1m:14] 76561199108250772: Spawned Entity Barbed Wire (BarbedWire<f6768d80>, 100, 300, 0) at <6903.100098, 36.152328, 6317.966797>
[COT 2023-11-26 4h:2m:8s] 76561199108250772: Spawned Entity Sheet Metal (MetalPlate<43730850>, 10, 100, 0) at <6903.263672, 36.145706, 6356.060547>
[COT 2023-11-26 4h:2m:9s] 76561199108250772: Spawned Entity Sheet Metal (MetalPlate<437384a0>, 10, 100, 0) at <6903.260742, 36.234779, 6355.981934>
[COT 2023-11-26 4h:2m:41] 76561199108250772: Spawned Entity Plank (WoodenPlank<c7c1470>, 10, 100, 0) at <6903.470215, 36.145844, 6355.282715>
[COT 2023-11-26 4h:2m:51] 76561199108250772: Spawned Entity Nails (Nail<c7cb700>, 99, 80, 0) at <6903.470215, 36.145844, 6355.282715>
[COT 2023-11-26 4h:3m:57] 76561199108250772: ESP: Viewing ESP
[COT 2023-11-26 4h:4m:15] 76561199108250772: ESP index=0 target=ZmbF_HikerSkinny_Red:0415 position=<6944.494141, 35.639999, 6556.185547> action=delete
[COT 2023-11-26 4h:4m:15] 76561199108250772: ESP index=1 target=ZmbF_HikerSkinny_Blue:0533 position=<6967.874023, 35.639999, 6608.097168> action=delete
[COT 2023-11-26 4h:4m:15] 76561199108250772: ESP index=2 target=ZmbM_FishermanOld_Green:0531 position=<7072.561523, 35.639999, 6569.951660> action=delete
[COT 2023-11-26 4h:4m:15] 76561199108250772: ESP index=3 target=ZmbM_FishermanOld_Grey:0529 position=<6903.243652, 35.639999, 6559.920410> action=delete
[COT 2023-11-26 4h:4m:15] 76561199108250772: ESP index=4 target=ZmbM_HermitSkinny_Green:0528 position=<6861.519043, 35.641182, 6560.592285> action=delete
[COT 2023-11-26 4h:4m:15] 76561199108250772: ESP index=5 target=ZmbF_VillagerOld_Green:0261 position=<7031.877930, 35.639996, 6482.839844> action=delete
[COT 2023-11-26 4h:4m:15] 76561199108250772: ESP index=6 target=ZmbM_FishermanOld_Blue:0542 position=<7093.051270, 35.639999, 6609.384277> action=delete
[COT 2023-11-26 4h:4m:15] 76561199108250772: ESP index=7 target=ZmbF_MechanicNormal_Orange:0532 position=<6939.500977, 35.639999, 6360.498535> action=delete
[COT 2023-11-26 4h:4m:15] 76561199108250772: ESP action=delete_all count=8 attempted=8
[COT 2023-11-26 4h:4m:19] 76561199108250772: ESP index=0 target=ZmbF_MilkMaidOld_Black:0535 position=<7073.572754, 35.639999, 6511.452148> action=delete
[COT 2023-11-26 4h:4m:19] 76561199108250772: ESP index=1 target=ZmbM_HunterOld_Summer:0517 position=<7092.852051, 35.639996, 6599.865234> action=delete
[COT 2023-11-26 4h:4m:19] 76561199108250772: ESP index=2 target=ZmbF_HikerSkinny_Blue:0544 position=<7047.190430, 35.639999, 6614.698730> action=delete
[COT 2023-11-26 4h:4m:19] 76561199108250772: ESP index=3 target=ZmbM_FishermanOld_Grey:0540 position=<7015.862793, 35.639999, 6586.077637> action=delete
[COT 2023-11-26 4h:4m:19] 76561199108250772: ESP action=delete_all count=4 attempted=4
[COT 2023-11-26 4h:4m:32] 76561199108250772: ESP: Clearing ESP
[COT 2023-11-26 4h:6m:12] 76561199108250772: Healed [guid=hvwuSJTa65OKlD95lDxHijkCObIZa3EMhvLz9lC6L6Y=]
[COT 2023-11-26 4h:6m:22] 76561199108250772: Set UnlimitedAmmo To true [guid=hvwuSJTa65OKlD95lDxHijkCObIZa3EMhvLz9lC6L6Y=]
[COT 2023-11-26 4h:6m:25] 76561199108250772: Healed [guid=hvwuSJTa65OKlD95lDxHijkCObIZa3EMhvLz9lC6L6Y=]
[COT 2023-11-26 4h:9m:18] 76561199108250772: Spawned Entity Camo Net (CamoNet<9a9c3920>, 100, 120, 0) at <6950.493652, 35.599998, 6433.364258>
[COT 2023-11-26 4h:12:37] 76561199108250772: ESP: Viewing ESP
[COT 2023-11-26 4h:12:40] 76561199108250772: ESP target=Fence<a80de2d0> action=built part=base required_materials=false
[COT 2023-11-26 4h:12:42] 76561199108250772: ESP target=Fence<a80de2d0> action=built part=wall_base_down required_materials=false
[COT 2023-11-26 4h:12:44] 76561199108250772: ESP target=Fence<a80de2d0> action=built part=wall_wood_down required_materials=false
[COT 2023-11-26 4h:12:46] 76561199108250772: ESP target=Fence<a80de2d0> action=built part=wall_base_up required_materials=false
[COT 2023-11-26 4h:12:48] 76561199108250772: ESP target=Fence<a80de2d0> action=built part=wall_wood_up required_materials=false
[COT 2023-11-26 4h:12:50] 76561199108250772: ESP: Clearing ESP
[COT 2023-11-26 4h:16:26] 76561199108250772: Teleported to position <7353.953125, 31.260000, 5730.630859>
[COT 2023-11-26 4h:20:26] 76561199108250772: Teleported to position <6902.011230, 35.599998, 6457.339844>
[COT 2023-11-26 4h:21:2s] 76561199108250772: Spawned Entity Barbed Wire (BarbedWire<ac3d1e30>, 100, 300, 0) at <6946.768066, 35.600033, 6436.803711>
[COT 2023-11-26 4h:21:3s] 76561199108250772: Spawned Entity Barbed Wire (BarbedWire<853e7f40>, 100, 300, 0) at <6946.838379, 35.694305, 6436.753906>
[COT 2023-11-26 4h:21:4s] 76561199108250772: Spawned Entity Barbed Wire (BarbedWire<853f8ef0>, 100, 300, 0) at <6946.908691, 35.788578, 6436.704102>
[COT 2023-11-26 4h:21:24] 76561199108250772: Spawned Entity Pliers (Pliers<a415fe90>, 100, 100, 0) at <6949.041504, 35.599998, 6435.097168>
[COT 2023-11-26 4h:24:6s] 76561199108250772: Entered the Free Camera
[COT 2023-11-26 4h:24:11] 76561199108250772: Left the Free Camera
[COT 2023-11-26 4h:24:15] 76561199108250772: Set the date to 2023/8/15 12:0
[COT 2023-11-26 4h:24:16] 76561199108250772: Set rain to 0 0 0
[COT 2023-11-26 4h:24:16] 76561199108250772: Set storm to 0 0.8 4000
[COT 2023-11-26 4h:24:16] 76561199108250772: Set fog to 0 0 0
[COT 2023-11-26 4h:24:16] 76561199108250772: Set overcast to 0 0 0
[COT 2023-11-26 4h:24:16] 76561199108250772: Set wind to 0 0 1
[COT 2023-11-26 4h:24:22] 76561199108250772: Entered the Free Camera
[COT 2023-11-26 4h:25:19] 76561199108250772: Left the Free Camera
[COT 2023-11-26 4h:26:2s] 76561199108250772: Healed [guid=OAdpPkJP2Ps_W7h2ttR1bK23ekHCzrxw0mDT3zqLMdU=]
[COT 2023-11-26 4h:26:4s] 76561199108250772: Healed [guid=2_OP5Pqx40kUJK6mbPK3kACieA1VsL31Ee3SkCssYWU=]
[COT 2023-11-26 4h:27:1s] 76561199108250772: Teleported to position <6198.400391, 6.691377, 8856.041992>
[COT 2023-11-26 4h:27:31] 76561199108250772: Spawned vehicle Sarka 120 (Sedan_02_Grey) at <6194.250000, 6.632149, 8857.364258>
[COT 2023-11-26 4h:27:46] 76561199108250772: Spawned Entity MVS Canteen - OD (Canteen<72299010>, 1000, 100, 512) at <6196.963379, 6.680372, 8856.281250>
[COT 2023-11-26 4h:28:0s] 76561199108250772: Spawned Entity MVS Combat Pants - Black (BDUPants<f8591d00>, 1000, 100, 0) at <6196.971191, 6.751105, 8853.641602>
[COT 2023-11-26 4h:28:3s] 76561199108250772: Spawned Entity MVS Combat Shirt - Black (TacticalShirt_ColorBase<f8594cd0>, 1000, 100, 0) at <6197.012695, 7.136041, 8853.506836>
[COT 2023-11-26 4h:28:36] 76561199108250772: Spawned Entity Canned Bacon (TacticalBaconCan<a5e2a5a0>, 400, 100, 0) at <6195.863281, 6.764776, 8852.704102>
[COT 2023-11-26 4h:29:54] 76561199108250772: Spawned Entity #syb_mad_bull_name (SodaCan_EnergyDrink<7cc07d30>, 300, 30, 0) at <6194.512695, 6.748414, 8853.208984>
[COT 2023-11-26 4h:29:54] 76561199108250772: Spawned Entity #syb_mad_bull_name (SodaCan_EnergyDrink<7cc08740>, 300, 30, 0) at <6194.485840, 6.900613, 8853.269531>
[COT 2023-11-26 4h:29:55] 76561199108250772: Spawned Entity #syb_mad_bull_name (SodaCan_EnergyDrink<7cc036c0>, 300, 30, 0) at <6194.458496, 7.055793, 8853.331055>
[COT 2023-11-26 4h:29:55] 76561199108250772: Spawned Entity #syb_mad_bull_name (SodaCan_EnergyDrink<7cc178c0>, 300, 30, 0) at <6194.430176, 7.213000, 8853.393555>
[COT 2023-11-26 4h:31:47] 76561199108250772: Spawned Entity Gun Cleaning Kit (WeaponCleaningKit<ac0511c0>, 100, 100, 0) at <6195.610352, 6.775894, 8852.032227>
[COT 2023-11-26 4h:31:49] 76561199108250772: Spawned Entity Gun Cleaning Kit (WeaponCleaningKit<ac04d860>, 100, 100, 0) at <6195.660156, 6.878552, 8852.046875>
[COT 2023-11-26 4h:31:56] 76561199108250772: Spawned Entity Cooking Pot (Pot<9cd6a480>, 2000, 200, 512) at <6195.709473, 6.981017, 8852.062500>
[COT 2023-11-26 4h:32:7s] 76561199108250772: Spawned Entity Boxed 5.56x45mm Rounds (AmmoBox_556x45_20Rnd<a0e4ed20>, 2000, 100, 0) at <6195.775879, 7.117697, 8852.082031>
[COT 2023-11-26 4h:32:7s] 76561199108250772: Spawned Entity Boxed 5.56x45mm Rounds (AmmoBox_556x45_20Rnd<a0e56970>, 2000, 100, 0) at <6195.785156, 7.137323, 8852.084961>
[COT 2023-11-26 4h:32:8s] 76561199108250772: Spawned Entity Boxed 5.56x45mm Rounds (AmmoBox_556x45_20Rnd<a0e57c90>, 2000, 100, 0) at <6195.794922, 7.156876, 8852.087891>
[COT 2023-11-26 4h:32:8s] 76561199108250772: Spawned Entity Boxed 5.56x45mm Rounds (AmmoBox_556x45_20Rnd<a0e58620>, 2000, 100, 0) at <6195.804199, 7.176502, 8852.090820>
[COT 2023-11-26 4h:32:9s] 76561199108250772: Spawned Entity Boxed 5.56x45mm Rounds (AmmoBox_556x45_20Rnd<a0e59940>, 2000, 100, 0) at <6195.813965, 7.196129, 8852.093750>
[COT 2023-11-26 4h:32:9s] 76561199108250772: Spawned Entity Boxed 5.56x45mm Rounds (AmmoBox_556x45_20Rnd<a0e53010>, 2000, 100, 0) at <6195.823242, 7.215681, 8852.096680>
[COT 2023-11-26 4h:33:20] 76561199108250772: Spawned Entity Paper (Paper<9478b040>, 10, 15, 0) at <6137.731445, 20.114237, 8682.798828>
[COT 2023-11-26 4h:33:57] 76561199108250772: Spawned Entity Lighter (PetrolLighter<71f77d10>, 20, 20, 0) at <6136.720215, 20.098541, 8682.803711>
[COT 2023-11-26 4h:53:25] 76561199108250772: Teleported to position <7125.676270, 37.559906, 6269.463867>
[COT 2023-11-26 4h:53:25] 76561199108250772: Teleported to position <7125.676270, 37.559906, 6269.463867>
[COT 2023-11-26 4h:53:28] 76561199108250772: Teleported to position <6911.425781, 35.599998, 6370.329590>
[COT 2023-11-26 4h:53:29] 76561199108250772: Teleported to position <6911.425781, 35.599998, 6370.329590>
[COT 2023-11-26 4h:53:29] 76561199108250772: Teleported to position <6911.425781, 35.599998, 6370.329590>
[COT 2023-11-26 4h:53:29] 76561199108250772: Teleported to position <6911.425781, 35.599998, 6370.329590>
[COT 2023-11-26 4h:53:38] 76561199108250772: Entered the Free Camera
[COT 2023-11-26 4h:53:42] 76561199108250772: Left the Free Camera
[COT 2023-11-26 4h:54:45] 76561199108250772: Spawned Entity Fire Barrel (BarrelHoles_Red<e8f06e50>, 100, 900, 0) at <6908.765625, 36.145908, 6354.974121>
[COT 2023-11-26 4h:55:11] 76561199108250772: Spawned Entity Firewood (Firewood<9e686090>, 1, 500, 0) at <6908.153809, 36.146267, 6352.887695>
[COT 2023-11-26 4h:55:12] 76561199108250772: Spawned Entity Firewood (Firewood<9e68f990>, 1, 500, 0) at <6907.658691, 36.645164, 6353.251465>
[COT 2023-11-26 4h:55:13] 76561199108250772: Spawned Entity Firewood (Firewood<9e692960>, 1, 500, 0) at <6907.508789, 36.795914, 6353.361328>
[COT 2023-11-26 4h:55:14] 76561199108250772: Spawned Entity Firewood (Firewood<9e690320>, 1, 500, 0) at <6907.379883, 36.925850, 6353.456055>
[COT 2023-11-26 4h:55:14] 76561199108250772: Spawned Entity Firewood (Firewood<9e691640>, 1, 500, 0) at <6907.283691, 37.022461, 6353.526367>
[COT 2023-11-26 4h:55:15] 76561199108250772: Spawned Entity Firewood (Firewood<9e677180>, 1, 500, 0) at <6907.155762, 37.151592, 6353.620605>
