[02-22-2024][00.00.23] New Synch Log File Created!
[02-22-2024][06.00.23] Log file reloaded ( Server Restart )
[02-22-2024][12.00.41] Log file reloaded ( Server Restart )
[02-22-2024][12.01.28] Log file reloaded ( Server Restart )
[16:36:39] Player (Sarco, 76561198054951691)(<2388.183594, 27.201078, 6115.192871>) requested data for lock!
[16:36:39] Player (Sarco, 76561198054951691)(<2360.853760, 27.201073, 6143.774902>) requested data for lock!
[16:41:38] Player (Sarco, 76561198054951691)(<2360.853760, 27.201073, 6143.774902>) requested data for lock!
[16:44:36] Player (Sarco, 76561198054951691)(<2388.183594, 27.201078, 6115.192871>) requested data for lock!
[16:46:09] Player (Sarco, 76561198054951691)(<2388.183594, 27.201078, 6115.192871>) requested data for lock!
[16:57:18] Player (Sarco, 76561198054951691)(<2388.183594, 27.201078, 6115.192871>) requested data for lock!
[16:57:30] Player (Sarco, 76561198054951691)(<2360.853760, 27.201073, 6143.774902>) requested data for lock!
[02-22-2024][18.00.22] Log file reloaded ( Server Restart )
[18:04:13] Player ((ADMIN)BLUE, 76561199108250772)(<2360.853760, 27.201073, 6143.774902>) requested data for lock!
[18:04:13] Player ((ADMIN)BLUE, 76561199108250772)(<2388.183594, 27.201078, 6115.192871>) requested data for lock!
[18:10:55] Player ((ADMIN)BLUE, 76561199108250772)(<8688.136719, 12.203001, 1265.629883>) requested data for lock!
[18:10:55] Player (G.A.T.I-Sonyk, 76561198241265216)(<8688.136719, 12.203001, 1265.629883>) requested data for lock!
[19:08:00] Player (G.A.T.I-Sonyk, 76561198241265216)(<8688.136719, 12.203001, 1265.629883>) requested data for lock!
[19:23:27] Player (G.A.T.I-Sonyk, 76561198241265216)(<8688.136719, 12.203001, 1265.629883>) requested data for lock!
[20:49:31] Player (WorseDruid, 76561199556602448)(<8688.136719, 12.203001, 1265.629883>) requested data for lock!
[20:52:00] Player (WorseDruid, 76561199556602448)(<8688.136719, 12.203001, 1265.629883>) requested data for lock!
