[02-27-2024][00.00.18] New Synch Log File Created!
[02-27-2024][06.00.23] Log file reloaded ( Server Restart )
[09:36:07] Player (G.A.T.I-Sonyk, 76561198241265216)(<9795.285156, 13.024646, 2221.030273>) requested data for lock!
[02-27-2024][12.00.24] Log file reloaded ( Server Restart )
[12:20:53] Player (G.A.T.I-Sonyk, 76561198241265216)(<9795.285156, 13.024646, 2221.030273>) requested data for lock!
[12:52:16] Player (G.A.T.I-Sonyk, 76561198241265216)(<3255.202148, 21.021830, 3883.904785>) requested data for lock!
[12:52:24] Player (G.A.T.I-Sonyk, 76561198241265216)(<3255.202148, 21.021830, 3883.904785>) requested data for lock!
[12:57:25] Player (G.A.T.I-Sonyk, 76561198241265216)(<3255.202148, 21.021830, 3883.904785>) requested data for lock!
[12:57:37] Player (G.A.T.I-Sonyk, 76561198241265216)(<3255.202148, 21.021830, 3883.904785>) requested data for lock!
[13:06:15] Player (G.A.T.I-Sonyk, 76561198241265216)(<9795.285156, 13.024646, 2221.030273>) requested data for lock!
[13:32:43] Player (G.A.T.I-Sonyk, 76561198241265216)(<9795.285156, 13.024646, 2221.030273>) requested data for lock!
[16:25:37] Player (Jasper, 76561198065439876)(<3131.123779, 6.862142, 5471.154297>) requested data for lock!
[16:25:37] Player (Jasper, 76561198065439876)(<3136.351318, 7.583895, 5440.378906>) requested data for lock!
[16:25:37] Player (Jasper, 76561198065439876)(<2388.183594, 27.201078, 6115.192871>) requested data for lock!
[16:25:37] Player (Jasper, 76561198065439876)(<2360.853760, 27.201073, 6143.774902>) requested data for lock!
[16:25:37] Player (Jasper, 76561198065439876)(<3132.230225, 7.512051, 5440.609375>) requested data for lock!
[02-27-2024][18.00.24] Log file reloaded ( Server Restart )
[19:29:38] Player (G.A.T.I-Sonyk, 76561198241265216)(<9795.285156, 13.024646, 2221.030273>) requested data for lock!
[22:35:35] Player (Cmal687, 76561199154314769)(<3255.202148, 21.021830, 3883.904785>) requested data for lock!
[22:35:35] Player (Cmal687, 76561199154314769)(<3136.351318, 7.583895, 5440.378906>) requested data for lock!
[22:35:35] Player (Cmal687, 76561199154314769)(<3132.230225, 7.512051, 5440.609375>) requested data for lock!
[22:35:35] Player (Cmal687, 76561199154314769)(<3131.123779, 6.862142, 5471.154297>) requested data for lock!
