[02-23-2024][00.00.21] New Synch Log File Created!
[02-23-2024][06.00.24] Log file reloaded ( Server Restart )
[06:51:32] Player (Jasper, 76561198065439876)(<2388.183594, 27.201078, 6115.192871>) requested data for lock!
[06:51:32] Player (Jasper, 76561198065439876)(<2360.853760, 27.201073, 6143.774902>) requested data for lock!
[07:12:27] Player (Jasper, 76561198065439876)(<2388.183594, 27.201078, 6115.192871>) requested data for lock!
[07:12:47] Player (Jasper, 76561198065439876)(<2360.853760, 27.201073, 6143.774902>) requested data for lock!
[07:13:38] Player (Jasper, 76561198065439876)(<2360.853760, 27.201073, 6143.774902>) requested data for lock!
[08:24:59] Player (Jasper, 76561198065439876)(<2388.183594, 27.201078, 6115.192871>) requested data for lock!
[08:25:09] Player (Jasper, 76561198065439876)(<2360.853760, 27.201073, 6143.774902>) requested data for lock!
[08:40:15] Player (G.A.T.I-Sonyk, 76561198241265216)(<8688.136719, 12.203001, 1265.629883>) requested data for lock!
[09:36:11] Player (Jasper, 76561198065439876)(<3131.123779, 6.862142, 5471.154297>) requested data for lock!
[10:03:40] Player (Jasper, 76561198065439876)(<2388.183594, 27.201078, 6115.192871>) requested data for lock!
[10:03:54] Player (Jasper, 76561198065439876)(<2360.853760, 27.201073, 6143.774902>) requested data for lock!
[11:41:39] Player (G.A.T.I-Sonyk, 76561198241265216)(<8688.136719, 12.203001, 1265.629883>) requested data for lock!
[02-23-2024][12.00.21] Log file reloaded ( Server Restart )
[12:01:28] Player (Jasper, 76561198065439876)(<2388.183594, 27.201078, 6115.192871>) requested data for lock!
[12:01:28] Player (Jasper, 76561198065439876)(<2360.853760, 27.201073, 6143.774902>) requested data for lock!
[12:01:28] Player (Jasper, 76561198065439876)(<3131.123779, 6.862142, 5471.154297>) requested data for lock!
[12:05:19] Player (G.A.T.I-Sonyk, 76561198241265216)(<8688.136719, 12.203001, 1265.629883>) requested data for lock!
[12:23:01] Player (G.A.T.I-Sonyk, 76561198241265216)(<8688.136719, 12.203001, 1265.629883>) requested data for lock!
[12:35:13] Player (NOCHEPA, 76561198086081686)(<8688.136719, 12.203001, 1265.629883>) requested data for lock!
[13:04:50] Player (G.A.T.I-Sonyk, 76561198241265216)(<8688.136719, 12.203001, 1265.629883>) requested data for lock!
[13:21:52] Player (G.A.T.I-Sonyk, 76561198241265216)(<8688.136719, 12.203001, 1265.629883>) requested data for lock!
[13:39:27] Player (G.A.T.I-Sonyk, 76561198241265216)(<9795.285156, 13.024646, 2221.030273>) requested data for lock!
[14:36:22] Player (Jasper, 76561198065439876)(<3136.351318, 7.583895, 5440.378906>) requested data for lock!
[15:06:45] Player (Jasper, 76561198065439876)(<2388.183594, 27.201078, 6115.192871>) requested data for lock!
[15:06:45] Player (Jasper, 76561198065439876)(<2360.853760, 27.201073, 6143.774902>) requested data for lock!
[15:06:45] Player (Jasper, 76561198065439876)(<3136.351318, 7.583895, 5440.378906>) requested data for lock!
[15:34:35] Player (Jasper, 76561198065439876)(<2388.183594, 27.201078, 6115.192871>) requested data for lock!
[15:34:45] Player (Jasper, 76561198065439876)(<2360.853760, 27.201073, 6143.774902>) requested data for lock!
[15:43:36] Player (Jasper, 76561198065439876)(<2388.183594, 27.201078, 6115.192871>) requested data for lock!
[15:43:36] Player (Jasper, 76561198065439876)(<2360.853760, 27.201073, 6143.774902>) requested data for lock!
[15:43:40] Player (Jasper, 76561198065439876)(<3136.351318, 7.583895, 5440.378906>) requested data for lock!
[15:56:21] Player (Sarco, 76561198054951691)(<2388.183594, 27.201078, 6115.192871>) requested data for lock!
[15:56:21] Player (Sarco, 76561198054951691)(<2360.853760, 27.201073, 6143.774902>) requested data for lock!
[15:56:26] Player (Sarco, 76561198054951691)(<3136.351318, 7.583895, 5440.378906>) requested data for lock!
[15:58:28] Player (Jasper, 76561198065439876)(<3136.351318, 7.583895, 5440.378906>) requested data for lock!
[15:58:28] Player (Sarco, 76561198054951691)(<3136.351318, 7.583895, 5440.378906>) requested data for lock!
[16:00:54] Player (Jasper, 76561198065439876)(<2388.183594, 27.201078, 6115.192871>) requested data for lock!
[16:01:15] Player (Jasper, 76561198065439876)(<2388.183594, 27.201078, 6115.192871>) requested data for lock!
[16:01:59] Player (Jasper, 76561198065439876)(<2360.853760, 27.201073, 6143.774902>) requested data for lock!
[16:02:12] Player (Sarco, 76561198054951691)(<2360.853760, 27.201073, 6143.774902>) requested data for lock!
[16:02:47] Player (Jasper, 76561198065439876)(<2388.183594, 27.201078, 6115.192871>) requested data for lock!
[16:04:57] Player (Jasper, 76561198065439876)(<2388.183594, 27.201078, 6115.192871>) requested data for lock!
[16:05:58] Player (Sarco, 76561198054951691)(<2388.183594, 27.201078, 6115.192871>) requested data for lock!
[16:06:14] Player (Jasper, 76561198065439876)(<2360.853760, 27.201073, 6143.774902>) requested data for lock!
[16:28:17] Player (Jasper, 76561198065439876)(<2388.183594, 27.201078, 6115.192871>) requested data for lock!
[16:28:19] Player (Sarco, 76561198054951691)(<2388.183594, 27.201078, 6115.192871>) requested data for lock!
[16:28:30] Player (Jasper, 76561198065439876)(<2360.853760, 27.201073, 6143.774902>) requested data for lock!
[16:28:31] Player (Sarco, 76561198054951691)(<2360.853760, 27.201073, 6143.774902>) requested data for lock!
[17:12:25] Player (Jasper, 76561198065439876)(<3131.123779, 6.862142, 5471.154297>) requested data for lock!
[17:12:25] Player (Sarco, 76561198054951691)(<3131.123779, 6.862142, 5471.154297>) requested data for lock!
[17:13:07] Player (Jasper, 76561198065439876)(<3131.123779, 6.862142, 5471.154297>) requested data for lock!
[17:13:07] Player (Sarco, 76561198054951691)(<3131.123779, 6.862142, 5471.154297>) requested data for lock!
[17:17:09] Player (G.A.T.I-Sonyk, 76561198241265216)(<9795.285156, 13.024646, 2221.030273>) requested data for lock!
[17:32:21] Player (G.A.T.I-Sonyk, 76561198241265216)(<9795.285156, 13.024646, 2221.030273>) requested data for lock!
[02-23-2024][18.00.24] Log file reloaded ( Server Restart )
