[02-20-2024][00.00.20] New Synch Log File Created!
[02:12:25] Player (Cmal687, 76561199154314769)(<2388.183594, 27.201078, 6115.192871>) requested data for lock!
[02:13:10] Player (Cmal687, 76561199154314769)(<2388.183594, 27.201078, 6115.192871>) requested data for lock!
[02:13:32] Player (Cmal687, 76561199154314769)(<2388.183594, 27.201078, 6115.192871>) requested data for lock!
[02:14:59] Player (Cmal687, 76561199154314769)(<2388.183594, 27.201078, 6115.192871>) requested data for lock!
[02:15:17] Player (Cmal687, 76561199154314769)(<2360.853760, 27.201073, 6143.774902>) requested data for lock!
[02:17:00] Player (Cmal687, 76561199154314769)(<2360.853760, 27.201073, 6143.774902>) requested data for lock!
[02:19:01] Player (Cmal687, 76561199154314769)(<2360.853760, 27.201073, 6143.774902>) requested data for lock!
[02:23:18] Player (Cmal687, 76561199154314769)(<2360.853760, 27.201073, 6143.774902>) requested data for lock!
[02:24:46] Player (Cmal687, 76561199154314769)(<2388.183594, 27.201078, 6115.192871>) requested data for lock!
[02:24:52] Player (Cmal687, 76561199154314769)(<2360.853760, 27.201073, 6143.774902>) requested data for lock!
[02-20-2024][06.00.07] Log file reloaded ( Server Restart )
[07:41:20] Player (Sarco, 76561198054951691)(<2388.183594, 27.201078, 6115.192871>) requested data for lock!
[07:41:25] Player (Jasper, 76561198065439876)(<2388.183594, 27.201078, 6115.192871>) requested data for lock!
[07:41:45] Player (Sarco, 76561198054951691)(<2388.183594, 27.201078, 6115.192871>) requested data for lock!
[07:41:51] Player (Sarco, 76561198054951691)(<2388.183594, 27.201078, 6115.192871>) requested data for lock!
[07:42:05] Player (Sarco, 76561198054951691)(<2388.183594, 27.201078, 6115.192871>) requested data for lock!
[07:42:17] Player (Jasper, 76561198065439876)(<2388.183594, 27.201078, 6115.192871>) requested data for lock!
[07:42:53] Player (Sarco, 76561198054951691)(<2360.853760, 27.201073, 6143.774902>) requested data for lock!
[07:43:17] Player (Sarco, 76561198054951691)(<2360.853760, 27.201073, 6143.774902>) requested data for lock!
[07:44:01] Player (Jasper, 76561198065439876)(<2388.183594, 27.201078, 6115.192871>) requested data for lock!
[07:44:37] Player (Jasper, 76561198065439876)(<2388.183594, 27.201078, 6115.192871>) requested data for lock!
[07:46:47] Player (Jasper, 76561198065439876)(<2388.183594, 27.201078, 6115.192871>) requested data for lock!
[07:46:51] Player (Sarco, 76561198054951691)(<2388.183594, 27.201078, 6115.192871>) requested data for lock!
[07:47:06] Player (Jasper, 76561198065439876)(<2360.853760, 27.201073, 6143.774902>) requested data for lock!
[07:47:07] Player (Sarco, 76561198054951691)(<2360.853760, 27.201073, 6143.774902>) requested data for lock!
[02-20-2024][08.11.44] Log file reloaded ( Server Restart )
[08:16:12] Player (Sarco, 76561198054951691)(<2360.853760, 27.201073, 6143.774902>) requested data for lock!
[08:16:12] Player (Sarco, 76561198054951691)(<2388.183594, 27.201078, 6115.192871>) requested data for lock!
[08:25:12] Player (Jasper, 76561198065439876)(<2360.853760, 27.201073, 6143.774902>) requested data for lock!
[08:25:12] Player (Jasper, 76561198065439876)(<2388.183594, 27.201078, 6115.192871>) requested data for lock!
[08:47:26] Player (Sarco, 76561198054951691)(<2388.183594, 27.201078, 6115.192871>) requested data for lock!
[09:18:22] Player (Sarco, 76561198054951691)(<2388.183594, 27.201078, 6115.192871>) requested data for lock!
[09:18:36] Player (Sarco, 76561198054951691)(<2360.853760, 27.201073, 6143.774902>) requested data for lock!
[09:25:57] Player (Jasper, 76561198065439876)(<2388.183594, 27.201078, 6115.192871>) requested data for lock!
[09:26:26] Player (Jasper, 76561198065439876)(<2360.853760, 27.201073, 6143.774902>) requested data for lock!
[09:37:59] Player (Sarco, 76561198054951691)(<2360.853760, 27.201073, 6143.774902>) requested data for lock!
[09:37:59] Player (Sarco, 76561198054951691)(<2388.183594, 27.201078, 6115.192871>) requested data for lock!
[10:01:56] Player (Jasper, 76561198065439876)(<2360.853760, 27.201073, 6143.774902>) requested data for lock!
[10:55:39] Player (Sarco, 76561198054951691)(<2388.183594, 27.201078, 6115.192871>) requested data for lock!
[10:55:49] Player (Sarco, 76561198054951691)(<2360.853760, 27.201073, 6143.774902>) requested data for lock!
[02-20-2024][11.02.21] Log file reloaded ( Server Restart )
[11:22:06] Player (Sarco, 76561198054951691)(<2360.853760, 27.201073, 6143.774902>) requested data for lock!
[11:22:06] Player (Sarco, 76561198054951691)(<2388.183594, 27.201078, 6115.192871>) requested data for lock!
[11:29:00] Player (Jasper, 76561198065439876)(<2360.853760, 27.201073, 6143.774902>) requested data for lock!
[11:29:00] Player (Jasper, 76561198065439876)(<2388.183594, 27.201078, 6115.192871>) requested data for lock!
[11:47:20] Player (Sarco, 76561198054951691)(<2388.183594, 27.201078, 6115.192871>) requested data for lock!
[11:47:32] Player (Sarco, 76561198054951691)(<2360.853760, 27.201073, 6143.774902>) requested data for lock!
[02-20-2024][12.00.03] Log file reloaded ( Server Restart )
[12:00:45] Player (Jasper, 76561198065439876)(<2360.853760, 27.201073, 6143.774902>) requested data for lock!
[12:00:45] Player (Jasper, 76561198065439876)(<2388.183594, 27.201078, 6115.192871>) requested data for lock!
[12:01:09] Player (Sarco, 76561198054951691)(<2360.853760, 27.201073, 6143.774902>) requested data for lock!
[12:01:09] Player (Sarco, 76561198054951691)(<2388.183594, 27.201078, 6115.192871>) requested data for lock!
[02-20-2024][12.01.46] Log file reloaded ( Server Restart )
[12:20:19] Player (Sarco, 76561198054951691)(<2360.853760, 27.201073, 6143.774902>) requested data for lock!
[12:20:19] Player (Sarco, 76561198054951691)(<2388.183594, 27.201078, 6115.192871>) requested data for lock!
[12:21:37] Player (Jasper, 76561198065439876)(<2360.853760, 27.201073, 6143.774902>) requested data for lock!
[12:21:37] Player (Jasper, 76561198065439876)(<2388.183594, 27.201078, 6115.192871>) requested data for lock!
[12:26:54] Player (Sarco, 76561198054951691)(<2360.853760, 27.201073, 6143.774902>) requested data for lock!
[12:27:42] Player (Sarco, 76561198054951691)(<2360.853760, 27.201073, 6143.774902>) requested data for lock!
[02-20-2024][12.41.37] Log file reloaded ( Server Restart )
[13:52:44] Player (Jasper, 76561198065439876)(<2388.183594, 27.201078, 6115.192871>) requested data for lock!
[13:54:02] Player (Jasper, 76561198065439876)(<2360.853760, 27.201073, 6143.774902>) requested data for lock!
[14:24:25] Player (Sarco, 76561198054951691)(<2388.183594, 27.201078, 6115.192871>) requested data for lock!
[14:24:38] Player (Sarco, 76561198054951691)(<2360.853760, 27.201073, 6143.774902>) requested data for lock!
[15:30:13] Player (Sarco, 76561198054951691)(<2388.183594, 27.201078, 6115.192871>) requested data for lock!
[15:30:13] Player (Jasper, 76561198065439876)(<2388.183594, 27.201078, 6115.192871>) requested data for lock!
[15:30:24] Player (Sarco, 76561198054951691)(<2360.853760, 27.201073, 6143.774902>) requested data for lock!
[15:30:29] Player (Jasper, 76561198065439876)(<2360.853760, 27.201073, 6143.774902>) requested data for lock!
[16:43:11] Player (Jasper, 76561198065439876)(<2388.183594, 27.201078, 6115.192871>) requested data for lock!
[16:43:23] Player (Sarco, 76561198054951691)(<2388.183594, 27.201078, 6115.192871>) requested data for lock!
[16:43:35] Player (Sarco, 76561198054951691)(<2360.853760, 27.201073, 6143.774902>) requested data for lock!
[16:43:56] Player (Jasper, 76561198065439876)(<2360.853760, 27.201073, 6143.774902>) requested data for lock!
[16:49:52] Player (Jasper, 76561198065439876)(<2360.853760, 27.201073, 6143.774902>) requested data for lock!
[16:49:52] Player (Jasper, 76561198065439876)(<2388.183594, 27.201078, 6115.192871>) requested data for lock!
[16:50:39] Player (Sarco, 76561198054951691)(<2360.853760, 27.201073, 6143.774902>) requested data for lock!
[16:50:39] Player (Sarco, 76561198054951691)(<2388.183594, 27.201078, 6115.192871>) requested data for lock!
[17:03:30] Player ([ADMIN]DrKilledByDeath, 76561199407766611)(<2360.853760, 27.201073, 6143.774902>) requested data for lock!
[17:03:30] Player ([ADMIN]DrKilledByDeath, 76561199407766611)(<2388.183594, 27.201078, 6115.192871>) requested data for lock!
[17:39:26] Player (Jasper, 76561198065439876)(<2360.853760, 27.201073, 6143.774902>) requested data for lock!
[17:40:37] Player (Sarco, 76561198054951691)(<2388.183594, 27.201078, 6115.192871>) requested data for lock!
[17:40:50] Player (Jasper, 76561198065439876)(<2388.183594, 27.201078, 6115.192871>) requested data for lock!
[17:41:00] Player (Sarco, 76561198054951691)(<2360.853760, 27.201073, 6143.774902>) requested data for lock!
[17:41:06] Player (Sarco, 76561198054951691)(<2360.853760, 27.201073, 6143.774902>) requested data for lock!
[17:42:46] Player (Jasper, 76561198065439876)(<2388.183594, 27.201078, 6115.192871>) requested data for lock!
[17:43:07] Player (Jasper, 76561198065439876)(<2388.183594, 27.201078, 6115.192871>) requested data for lock!
[17:43:30] Player (Jasper, 76561198065439876)(<2360.853760, 27.201073, 6143.774902>) requested data for lock!
[17:45:04] Player (Sarco, 76561198054951691)(<2388.183594, 27.201078, 6115.192871>) requested data for lock!
[02-20-2024][18.00.14] Log file reloaded ( Server Restart )
[18:49:35] Player (Sarco, 76561198054951691)(<2388.183594, 27.201078, 6115.192871>) requested data for lock!
[18:49:37] Player (Jasper, 76561198065439876)(<2388.183594, 27.201078, 6115.192871>) requested data for lock!
[18:49:44] Player (Jasper, 76561198065439876)(<2360.853760, 27.201073, 6143.774902>) requested data for lock!
[18:49:45] Player (Sarco, 76561198054951691)(<2360.853760, 27.201073, 6143.774902>) requested data for lock!
