[02-24-2024][00.00.20] New Synch Log File Created!
[02-24-2024][06.00.24] Log file reloaded ( Server Restart )
[06:22:29] Player (Jasper, 76561198065439876)(<2360.853760, 27.201073, 6143.774902>) requested data for lock!
[06:22:29] Player (Jasper, 76561198065439876)(<2388.183594, 27.201078, 6115.192871>) requested data for lock!
[06:22:29] Player (Jasper, 76561198065439876)(<3136.351318, 7.583895, 5440.378906>) requested data for lock!
[06:22:29] Player (Jasper, 76561198065439876)(<3131.123779, 6.862142, 5471.154297>) requested data for lock!
[06:34:28] Player (Jasper, 76561198065439876)(<2388.183594, 27.201078, 6115.192871>) requested data for lock!
[06:34:38] Player (Jasper, 76561198065439876)(<2360.853760, 27.201073, 6143.774902>) requested data for lock!
[07:08:20] Player (Jasper, 76561198065439876)(<3131.123779, 6.862142, 5471.154297>) requested data for lock!
[07:08:22] Player (Jasper, 76561198065439876)(<3136.351318, 7.583895, 5440.378906>) requested data for lock!
[07:08:28] Player (Jasper, 76561198065439876)(<2388.183594, 27.201078, 6115.192871>) requested data for lock!
[07:08:44] Player (Jasper, 76561198065439876)(<2360.853760, 27.201073, 6143.774902>) requested data for lock!
[07:10:25] Player (Sarco, 76561198054951691)(<2360.853760, 27.201073, 6143.774902>) requested data for lock!
[07:10:25] Player (Sarco, 76561198054951691)(<2388.183594, 27.201078, 6115.192871>) requested data for lock!
[07:10:25] Player (Sarco, 76561198054951691)(<3136.351318, 7.583895, 5440.378906>) requested data for lock!
[07:10:26] Player (Sarco, 76561198054951691)(<3131.123779, 6.862142, 5471.154297>) requested data for lock!
[07:27:26] Player (Sarco, 76561198054951691)(<2388.183594, 27.201078, 6115.192871>) requested data for lock!
[07:27:33] Player (Jasper, 76561198065439876)(<2388.183594, 27.201078, 6115.192871>) requested data for lock!
[07:27:36] Player (Sarco, 76561198054951691)(<2360.853760, 27.201073, 6143.774902>) requested data for lock!
[07:28:02] Player (Jasper, 76561198065439876)(<2360.853760, 27.201073, 6143.774902>) requested data for lock!
[07:49:45] Player (Jasper, 76561198065439876)(<2388.183594, 27.201078, 6115.192871>) requested data for lock!
[07:50:19] Player (Jasper, 76561198065439876)(<2388.183594, 27.201078, 6115.192871>) requested data for lock!
[07:50:29] Player (Sarco, 76561198054951691)(<2388.183594, 27.201078, 6115.192871>) requested data for lock!
[07:51:14] Player (Sarco, 76561198054951691)(<2360.853760, 27.201073, 6143.774902>) requested data for lock!
[07:51:21] Player (Jasper, 76561198065439876)(<2388.183594, 27.201078, 6115.192871>) requested data for lock!
[07:51:23] Player (Sarco, 76561198054951691)(<2360.853760, 27.201073, 6143.774902>) requested data for lock!
[07:51:30] Player (Jasper, 76561198065439876)(<2360.853760, 27.201073, 6143.774902>) requested data for lock!
[07:52:32] Player (Sarco, 76561198054951691)(<2360.853760, 27.201073, 6143.774902>) requested data for lock!
[07:52:59] Player (Sarco, 76561198054951691)(<2360.853760, 27.201073, 6143.774902>) requested data for lock!
[07:53:07] Player (Jasper, 76561198065439876)(<2360.853760, 27.201073, 6143.774902>) requested data for lock!
[07:57:14] Player (Sarco, 76561198054951691)(<2388.183594, 27.201078, 6115.192871>) requested data for lock!
[07:57:47] Player (Sarco, 76561198054951691)(<2360.853760, 27.201073, 6143.774902>) requested data for lock!
[07:58:13] Player (Jasper, 76561198065439876)(<2360.853760, 27.201073, 6143.774902>) requested data for lock!
[07:58:17] Player (Sarco, 76561198054951691)(<2360.853760, 27.201073, 6143.774902>) requested data for lock!
[08:07:56] Player (Sarco, 76561198054951691)(<2388.183594, 27.201078, 6115.192871>) requested data for lock!
[08:08:14] Player (Jasper, 76561198065439876)(<2388.183594, 27.201078, 6115.192871>) requested data for lock!
[08:08:52] Player (Jasper, 76561198065439876)(<2388.183594, 27.201078, 6115.192871>) requested data for lock!
[08:08:58] Player (Sarco, 76561198054951691)(<2388.183594, 27.201078, 6115.192871>) requested data for lock!
[08:12:51] Player (Sarco, 76561198054951691)(<3131.123779, 6.862142, 5471.154297>) requested data for lock!
[08:12:51] Player (Jasper, 76561198065439876)(<3131.123779, 6.862142, 5471.154297>) requested data for lock!
[08:12:55] Player (Jasper, 76561198065439876)(<3136.351318, 7.583895, 5440.378906>) requested data for lock!
[08:12:56] Player (Sarco, 76561198054951691)(<3136.351318, 7.583895, 5440.378906>) requested data for lock!
[08:15:57] Player (Sarco, 76561198054951691)(<2360.853760, 27.201073, 6143.774902>) requested data for lock!
[08:16:12] Player (Jasper, 76561198065439876)(<2360.853760, 27.201073, 6143.774902>) requested data for lock!
[08:32:23] Player (Jasper, 76561198065439876)(<2360.853760, 27.201073, 6143.774902>) requested data for lock!
[08:32:25] Player (Sarco, 76561198054951691)(<2360.853760, 27.201073, 6143.774902>) requested data for lock!
[08:32:42] Player (Sarco, 76561198054951691)(<2388.183594, 27.201078, 6115.192871>) requested data for lock!
[08:32:47] Player (Jasper, 76561198065439876)(<2388.183594, 27.201078, 6115.192871>) requested data for lock!
[08:34:43] Player (Jasper, 76561198065439876)(<3131.123779, 6.862142, 5471.154297>) requested data for lock!
[08:34:43] Player (Sarco, 76561198054951691)(<3131.123779, 6.862142, 5471.154297>) requested data for lock!
[08:34:44] Player (Jasper, 76561198065439876)(<3136.351318, 7.583895, 5440.378906>) requested data for lock!
[08:34:45] Player (Sarco, 76561198054951691)(<3136.351318, 7.583895, 5440.378906>) requested data for lock!
[09:41:50] Player (Jasper, 76561198065439876)(<2360.853760, 27.201073, 6143.774902>) requested data for lock!
[09:42:08] Player (Jasper, 76561198065439876)(<2360.853760, 27.201073, 6143.774902>) requested data for lock!
[09:43:41] Player (Jasper, 76561198065439876)(<2388.183594, 27.201078, 6115.192871>) requested data for lock!
[09:43:59] Player (Jasper, 76561198065439876)(<2388.183594, 27.201078, 6115.192871>) requested data for lock!
[09:44:37] Player (Jasper, 76561198065439876)(<2360.853760, 27.201073, 6143.774902>) requested data for lock!
[09:55:40] Player (Sarco, 76561198054951691)(<3136.351318, 7.583895, 5440.378906>) requested data for lock!
[09:55:40] Player (Sarco, 76561198054951691)(<3131.123779, 6.862142, 5471.154297>) requested data for lock!
[09:56:33] Player (Jasper, 76561198065439876)(<2388.183594, 27.201078, 6115.192871>) requested data for lock!
[09:56:42] Player (Jasper, 76561198065439876)(<2360.853760, 27.201073, 6143.774902>) requested data for lock!
[09:58:24] Player (Sarco, 76561198054951691)(<2388.183594, 27.201078, 6115.192871>) requested data for lock!
[09:58:27] Player (Jasper, 76561198065439876)(<2360.853760, 27.201073, 6143.774902>) requested data for lock!
[09:58:27] Player (Jasper, 76561198065439876)(<2388.183594, 27.201078, 6115.192871>) requested data for lock!
[09:58:27] Player (Jasper, 76561198065439876)(<3136.351318, 7.583895, 5440.378906>) requested data for lock!
[09:58:27] Player (Jasper, 76561198065439876)(<3131.123779, 6.862142, 5471.154297>) requested data for lock!
[09:58:35] Player (Sarco, 76561198054951691)(<2360.853760, 27.201073, 6143.774902>) requested data for lock!
[10:39:37] Player (Jasper, 76561198065439876)(<3131.123779, 6.862142, 5471.154297>) requested data for lock!
[10:39:39] Player (Jasper, 76561198065439876)(<3136.351318, 7.583895, 5440.378906>) requested data for lock!
[10:39:45] Player (Jasper, 76561198065439876)(<2388.183594, 27.201078, 6115.192871>) requested data for lock!
[10:39:55] Player (Jasper, 76561198065439876)(<2360.853760, 27.201073, 6143.774902>) requested data for lock!
[10:42:22] Player (Sarco, 76561198054951691)(<2388.183594, 27.201078, 6115.192871>) requested data for lock!
[10:43:25] Player (Sarco, 76561198054951691)(<2360.853760, 27.201073, 6143.774902>) requested data for lock!
[10:51:36] Player (Sarco, 76561198054951691)(<2388.183594, 27.201078, 6115.192871>) requested data for lock!
[10:51:39] Player (Sarco, 76561198054951691)(<2360.853760, 27.201073, 6143.774902>) requested data for lock!
[10:51:42] Player (Jasper, 76561198065439876)(<2388.183594, 27.201078, 6115.192871>) requested data for lock!
[10:51:50] Player (Jasper, 76561198065439876)(<2360.853760, 27.201073, 6143.774902>) requested data for lock!
[10:54:49] Player (Jasper, 76561198065439876)(<3131.123779, 6.862142, 5471.154297>) requested data for lock!
[10:54:54] Player (Jasper, 76561198065439876)(<3136.351318, 7.583895, 5440.378906>) requested data for lock!
[11:03:01] Player (Sarco, 76561198054951691)(<2388.183594, 27.201078, 6115.192871>) requested data for lock!
[11:03:08] Player (Sarco, 76561198054951691)(<2360.853760, 27.201073, 6143.774902>) requested data for lock!
[11:06:43] Player (Sarco, 76561198054951691)(<2388.183594, 27.201078, 6115.192871>) requested data for lock!
[11:06:51] Player (Sarco, 76561198054951691)(<2360.853760, 27.201073, 6143.774902>) requested data for lock!
[11:07:26] Player (Jasper, 76561198065439876)(<2388.183594, 27.201078, 6115.192871>) requested data for lock!
[11:07:33] Player (Jasper, 76561198065439876)(<2360.853760, 27.201073, 6143.774902>) requested data for lock!
[11:22:24] Player (Jasper, 76561198065439876)(<2388.183594, 27.201078, 6115.192871>) requested data for lock!
[11:22:31] Player (Jasper, 76561198065439876)(<2360.853760, 27.201073, 6143.774902>) requested data for lock!
[11:24:27] Player (Jasper, 76561198065439876)(<3131.123779, 6.862142, 5471.154297>) requested data for lock!
[11:24:29] Player (Jasper, 76561198065439876)(<3136.351318, 7.583895, 5440.378906>) requested data for lock!
[02-24-2024][12.00.19] Log file reloaded ( Server Restart )
[13:01:55] Player (Sarco, 76561198054951691)(<9795.285156, 13.024646, 2221.030273>) requested data for lock!
[13:01:56] Player (Jasper, 76561198065439876)(<9795.285156, 13.024646, 2221.030273>) requested data for lock!
[14:45:20] Player (Sarco, 76561198054951691)(<3136.351318, 7.583895, 5440.378906>) requested data for lock!
[14:45:23] Player (Sarco, 76561198054951691)(<3131.123779, 6.862142, 5471.154297>) requested data for lock!
[14:45:35] Player (Jasper, 76561198065439876)(<3136.351318, 7.583895, 5440.378906>) requested data for lock!
[14:45:37] Player (Jasper, 76561198065439876)(<3131.123779, 6.862142, 5471.154297>) requested data for lock!
[14:46:22] Player (Jasper, 76561198065439876)(<2388.183594, 27.201078, 6115.192871>) requested data for lock!
[14:46:26] Player (Jasper, 76561198065439876)(<2360.853760, 27.201073, 6143.774902>) requested data for lock!
[14:47:22] Player (Sarco, 76561198054951691)(<2388.183594, 27.201078, 6115.192871>) requested data for lock!
[14:47:29] Player (Sarco, 76561198054951691)(<2360.853760, 27.201073, 6143.774902>) requested data for lock!
[14:49:33] Player (Jasper, 76561198065439876)(<2360.853760, 27.201073, 6143.774902>) requested data for lock!
[14:50:36] Player (Sarco, 76561198054951691)(<2388.183594, 27.201078, 6115.192871>) requested data for lock!
[14:50:46] Player (Sarco, 76561198054951691)(<2360.853760, 27.201073, 6143.774902>) requested data for lock!
[15:28:36] Player (Jasper, 76561198065439876)(<3136.351318, 7.583895, 5440.378906>) requested data for lock!
[15:28:36] Player (Jasper, 76561198065439876)(<3131.123779, 6.862142, 5471.154297>) requested data for lock!
[15:31:24] Player (Jasper, 76561198065439876)(<3136.351318, 7.583895, 5440.378906>) requested data for lock!
[15:31:31] Player (Jasper, 76561198065439876)(<3131.123779, 6.862142, 5471.154297>) requested data for lock!
[15:34:31] Player (Jasper, 76561198065439876)(<2388.183594, 27.201078, 6115.192871>) requested data for lock!
[15:34:41] Player (Jasper, 76561198065439876)(<2360.853760, 27.201073, 6143.774902>) requested data for lock!
[16:02:02] Player (Jasper, 76561198065439876)(<2360.853760, 27.201073, 6143.774902>) requested data for lock!
[16:04:48] Player (Sarco, 76561198054951691)(<2388.183594, 27.201078, 6115.192871>) requested data for lock!
[16:04:55] Player (Jasper, 76561198065439876)(<2388.183594, 27.201078, 6115.192871>) requested data for lock!
[16:05:09] Player (Sarco, 76561198054951691)(<2360.853760, 27.201073, 6143.774902>) requested data for lock!
[16:05:27] Player (Jasper, 76561198065439876)(<2360.853760, 27.201073, 6143.774902>) requested data for lock!
[16:06:22] Player (Jasper, 76561198065439876)(<3132.230225, 7.512051, 5440.609375>) requested data for lock!
[16:06:22] Player (Sarco, 76561198054951691)(<3132.230225, 7.512051, 5440.609375>) requested data for lock!
[16:06:34] Player (Jasper, 76561198065439876)(<3132.230225, 7.512051, 5440.609375>) requested data for lock!
[16:06:34] Player (Sarco, 76561198054951691)(<3132.230225, 7.512051, 5440.609375>) requested data for lock!
[16:35:28] Player (Sarco, 76561198054951691)(<3131.123779, 6.862142, 5471.154297>) requested data for lock!
[16:35:36] Player (Sarco, 76561198054951691)(<3136.351318, 7.583895, 5440.378906>) requested data for lock!
[16:35:36] Player (Sarco, 76561198054951691)(<3132.230225, 7.512051, 5440.609375>) requested data for lock!
[16:49:11] Player (Sarco, 76561198054951691)(<2388.183594, 27.201078, 6115.192871>) requested data for lock!
[16:49:44] Player (Sarco, 76561198054951691)(<2388.183594, 27.201078, 6115.192871>) requested data for lock!
[16:50:50] Player (Sarco, 76561198054951691)(<2360.853760, 27.201073, 6143.774902>) requested data for lock!
[16:51:05] Player (Sarco, 76561198054951691)(<2360.853760, 27.201073, 6143.774902>) requested data for lock!
[16:51:50] Player (Jasper, 76561198065439876)(<3136.351318, 7.583895, 5440.378906>) requested data for lock!
[16:52:19] Player (Jasper, 76561198065439876)(<3131.123779, 6.862142, 5471.154297>) requested data for lock!
[16:52:21] Player (Jasper, 76561198065439876)(<3132.230225, 7.512051, 5440.609375>) requested data for lock!
[17:01:35] Player (G.A.T.I-Sonyk, 76561198241265216)(<9795.285156, 13.024646, 2221.030273>) requested data for lock!
[17:28:35] Player (Sarco, 76561198054951691)(<2388.183594, 27.201078, 6115.192871>) requested data for lock!
[17:28:42] Player (Sarco, 76561198054951691)(<2360.853760, 27.201073, 6143.774902>) requested data for lock!
[02-24-2024][18.00.22] Log file reloaded ( Server Restart )
[18:03:13] Player (G.A.T.I-Sonyk, 76561198241265216)(<9795.285156, 13.024646, 2221.030273>) requested data for lock!
[18:03:34] Player (Sarco, 76561198054951691)(<2360.853760, 27.201073, 6143.774902>) requested data for lock!
[18:03:34] Player (Sarco, 76561198054951691)(<2388.183594, 27.201078, 6115.192871>) requested data for lock!
[18:03:36] Player (Sarco, 76561198054951691)(<3131.123779, 6.862142, 5471.154297>) requested data for lock!
[18:03:36] Player (Sarco, 76561198054951691)(<3136.351318, 7.583895, 5440.378906>) requested data for lock!
[18:03:36] Player (Sarco, 76561198054951691)(<3132.230225, 7.512051, 5440.609375>) requested data for lock!
[18:16:37] Player (Sarco, 76561198054951691)(<3131.123779, 6.862142, 5471.154297>) requested data for lock!
[18:16:58] Player (Sarco, 76561198054951691)(<3131.123779, 6.862142, 5471.154297>) requested data for lock!
[18:17:25] Player (Sarco, 76561198054951691)(<3131.123779, 6.862142, 5471.154297>) requested data for lock!
[18:17:52] Player (Sarco, 76561198054951691)(<3131.123779, 6.862142, 5471.154297>) requested data for lock!
[18:18:19] Player (Sarco, 76561198054951691)(<3131.123779, 6.862142, 5471.154297>) requested data for lock!
[18:18:46] Player (Sarco, 76561198054951691)(<3131.123779, 6.862142, 5471.154297>) requested data for lock!
[18:19:13] Player (Sarco, 76561198054951691)(<3131.123779, 6.862142, 5471.154297>) requested data for lock!
[18:19:40] Player (Sarco, 76561198054951691)(<3131.123779, 6.862142, 5471.154297>) requested data for lock!
[18:20:07] Player (Sarco, 76561198054951691)(<3131.123779, 6.862142, 5471.154297>) requested data for lock!
[18:20:34] Player (Sarco, 76561198054951691)(<3131.123779, 6.862142, 5471.154297>) requested data for lock!
[18:21:01] Player (Sarco, 76561198054951691)(<3131.123779, 6.862142, 5471.154297>) requested data for lock!
[18:21:28] Player (Sarco, 76561198054951691)(<3131.123779, 6.862142, 5471.154297>) requested data for lock!
[18:21:46] Player (Sarco, 76561198054951691)(<3131.123779, 6.862142, 5471.154297>) requested data for lock!
[18:22:04] Player (Sarco, 76561198054951691)(<3131.123779, 6.862142, 5471.154297>) requested data for lock!
[18:32:11] Player (Sarco, 76561198054951691)(<2388.183594, 27.201078, 6115.192871>) requested data for lock!
[18:33:30] Player (Sarco, 76561198054951691)(<2388.183594, 27.201078, 6115.192871>) requested data for lock!
[18:33:45] Player (Sarco, 76561198054951691)(<2360.853760, 27.201073, 6143.774902>) requested data for lock!
[19:16:13] Player (G.A.T.I-Sonyk, 76561198241265216)(<9795.285156, 13.024646, 2221.030273>) requested data for lock!
[02-24-2024][21.29.11] Log file reloaded ( Server Restart )
