[03-13-2024][00.00.23] New Synch Log File Created!
[02:00:23] Player (shockapow, 76561199100168492)(<3255.202148, 21.021830, 3883.904785>) requested data for lock!
[02:00:23] Player (Hillbilly, 76561199092214816)(<3255.202148, 21.021830, 3883.904785>) requested data for lock!
[02:00:31] Player (Hillbilly, 76561199092214816)(<3255.202148, 21.021830, 3883.904785>) requested data for lock!
[02:00:32] Player (shockapow, 76561199100168492)(<3255.202148, 21.021830, 3883.904785>) requested data for lock!
[03-13-2024][06.00.20] Log file reloaded ( Server Restart )
[03-13-2024][12.00.21] Log file reloaded ( Server Restart )
[03-13-2024][13.05.10] Log file reloaded ( Server Restart )
[15:15:47] Player (Golem, 76561199031309912)(<3131.123779, 6.862142, 5471.154297>) requested data for lock!
[15:15:50] Player (Golem, 76561199031309912)(<3136.351318, 7.583895, 5440.378906>) requested data for lock!
[15:15:52] Player (Golem, 76561199031309912)(<3132.230225, 7.512051, 5440.609375>) requested data for lock!
[15:26:41] Player (Golem, 76561199031309912)(<2388.183594, 27.201078, 6115.192871>) requested data for lock!
[15:28:26] Player (Golem, 76561199031309912)(<2388.183594, 27.201078, 6115.192871>) requested data for lock!
[15:29:08] Player (Golem, 76561199031309912)(<2388.183594, 27.201078, 6115.192871>) requested data for lock!
[15:29:44] Player (Golem, 76561199031309912)(<2360.853760, 27.201073, 6143.774902>) requested data for lock!
[15:31:09] Player (Golem, 76561199031309912)(<2360.853760, 27.201073, 6143.774902>) requested data for lock!
[15:31:36] Player (Golem, 76561199031309912)(<2388.183594, 27.201078, 6115.192871>) requested data for lock!
[15:32:30] Player (Golem, 76561199031309912)(<2360.853760, 27.201073, 6143.774902>) requested data for lock!
[15:34:07] Player (Golem, 76561199031309912)(<2388.183594, 27.201078, 6115.192871>) requested data for lock!
[16:10:59] Player (Domeq, 76561198366505384)(<3132.230225, 7.512051, 5440.609375>) requested data for lock!
[16:10:59] Player (Domeq, 76561198366505384)(<3131.123779, 6.862142, 5471.154297>) requested data for lock!
[16:10:59] Player (Domeq, 76561198366505384)(<3255.202148, 21.021830, 3883.904785>) requested data for lock!
[16:10:59] Player (Domeq, 76561198366505384)(<3136.351318, 7.583895, 5440.378906>) requested data for lock!
[16:22:38] Player (Domeq, 76561198366505384)(<3255.202148, 21.021830, 3883.904785>) requested data for lock!
[17:28:29] Player (K1ND_BUDZ, 76561198142931646)(<3132.230225, 7.512051, 5440.609375>) requested data for lock!
[17:28:29] Player (K1ND_BUDZ, 76561198142931646)(<3131.123779, 6.862142, 5471.154297>) requested data for lock!
[17:28:29] Player (K1ND_BUDZ, 76561198142931646)(<3255.202148, 21.021830, 3883.904785>) requested data for lock!
[17:28:29] Player (K1ND_BUDZ, 76561198142931646)(<3136.351318, 7.583895, 5440.378906>) requested data for lock!
[17:44:14] Player (K1ND_BUDZ, 76561198142931646)(<3255.202148, 21.021830, 3883.904785>) requested data for lock!
[03-13-2024][18.00.23] Log file reloaded ( Server Restart )
[18:15:03] Player (K1ND_BUDZ, 76561198142931646)(<3131.123779, 6.862142, 5471.154297>) requested data for lock!
[18:15:04] Player (K1ND_BUDZ, 76561198142931646)(<3255.202148, 21.021830, 3883.904785>) requested data for lock!
[18:15:04] Player (K1ND_BUDZ, 76561198142931646)(<3132.230225, 7.512051, 5440.609375>) requested data for lock!
[18:15:04] Player (K1ND_BUDZ, 76561198142931646)(<3136.351318, 7.583895, 5440.378906>) requested data for lock!
[19:39:03] Player (Rolff, 76561197994935704)(<3131.123779, 6.862142, 5471.154297>) requested data for lock!
[19:39:03] Player (Rolff, 76561197994935704)(<3255.202148, 21.021830, 3883.904785>) requested data for lock!
[19:39:03] Player (Rolff, 76561197994935704)(<3132.230225, 7.512051, 5440.609375>) requested data for lock!
[19:39:03] Player (Rolff, 76561197994935704)(<3136.351318, 7.583895, 5440.378906>) requested data for lock!
[22:36:52] Player (G.A.T.I-Sonyk, 76561198241265216)(<9795.285156, 13.024646, 2221.030273>) requested data for lock!
