[03-08-2024][00.00.17] New Synch Log File Created!
[03-08-2024][06.00.20] Log file reloaded ( Server Restart )
[03-08-2024][12.00.24] Log file reloaded ( Server Restart )
[14:38:30] Player (G.A.T.I-Sonyk, 76561198241265216)(<9795.285156, 13.024646, 2221.030273>) requested data for lock!
[15:54:24] Player (Raznor, 76561198262549311)(<3255.202148, 21.021830, 3883.904785>) requested data for lock!
[15:54:24] Player (Raznor, 76561198262549311)(<3131.123779, 6.862142, 5471.154297>) requested data for lock!
[15:54:24] Player (Raznor, 76561198262549311)(<3136.351318, 7.583895, 5440.378906>) requested data for lock!
[15:54:25] Player (Raznor, 76561198262549311)(<3132.230225, 7.512051, 5440.609375>) requested data for lock!
[03-08-2024][18.00.24] Log file reloaded ( Server Restart )
[03-08-2024][19.51.53] Log file reloaded ( Server Restart )
[20:25:44] Player (Cmal687, 76561199154314769)(<3131.123779, 6.862142, 5471.154297>) requested data for lock!
[20:25:47] Player (Cmal687, 76561199154314769)(<3136.351318, 7.583895, 5440.378906>) requested data for lock!
[20:25:50] Player (Cmal687, 76561199154314769)(<3132.230225, 7.512051, 5440.609375>) requested data for lock!
[20:38:29] Player (Cmal687, 76561199154314769)(<2388.183594, 27.201078, 6115.192871>) requested data for lock!
[20:39:48] Player (Cmal687, 76561199154314769)(<2388.183594, 27.201078, 6115.192871>) requested data for lock!
[20:42:07] Player (Cmal687, 76561199154314769)(<2388.183594, 27.201078, 6115.192871>) requested data for lock!
[20:42:16] Player (Cmal687, 76561199154314769)(<2360.853760, 27.201073, 6143.774902>) requested data for lock!
[20:42:25] Player (Cmal687, 76561199154314769)(<2360.853760, 27.201073, 6143.774902>) requested data for lock!
[20:44:11] Player (Cmal687, 76561199154314769)(<2360.853760, 27.201073, 6143.774902>) requested data for lock!
[20:45:26] Player (Cmal687, 76561199154314769)(<2360.853760, 27.201073, 6143.774902>) requested data for lock!
[20:49:01] Player (Cmal687, 76561199154314769)(<2360.853760, 27.201073, 6143.774902>) requested data for lock!
[20:49:44] Player (Cmal687, 76561199154314769)(<2388.183594, 27.201078, 6115.192871>) requested data for lock!
[20:49:47] Player (Cmal687, 76561199154314769)(<2360.853760, 27.201073, 6143.774902>) requested data for lock!
[21:02:20] Player (Cmal687, 76561199154314769)(<2388.183594, 27.201078, 6115.192871>) requested data for lock!
[21:02:44] Player (Cmal687, 76561199154314769)(<2388.183594, 27.201078, 6115.192871>) requested data for lock!
[21:03:18] Player (Cmal687, 76561199154314769)(<2388.183594, 27.201078, 6115.192871>) requested data for lock!
[21:03:33] Player (Cmal687, 76561199154314769)(<2360.853760, 27.201073, 6143.774902>) requested data for lock!
