[03-09-2024][00.00.19] New Synch Log File Created!
[03-09-2024][06.00.20] Log file reloaded ( Server Restart )
[09:22:35] Player (G.A.T.I-Sonyk, 76561198241265216)(<9795.285156, 13.024646, 2221.030273>) requested data for lock!
[09:38:50] Player (G.A.T.I-Sonyk, 76561198241265216)(<9795.285156, 13.024646, 2221.030273>) requested data for lock!
[09:54:54] Player (G.A.T.I-Sonyk, 76561198241265216)(<9795.285156, 13.024646, 2221.030273>) requested data for lock!
[03-09-2024][12.00.24] Log file reloaded ( Server Restart )
[03-09-2024][18.00.20] Log file reloaded ( Server Restart )
[19:31:47] Player (Cmal687, 76561199154314769)(<3131.123779, 6.862142, 5471.154297>) requested data for lock!
[19:31:50] Player (Cmal687, 76561199154314769)(<3136.351318, 7.583895, 5440.378906>) requested data for lock!
[19:31:50] Player (Cmal687, 76561199154314769)(<3132.230225, 7.512051, 5440.609375>) requested data for lock!
[19:39:27] Player (Cmal687, 76561199154314769)(<2388.183594, 27.201078, 6115.192871>) requested data for lock!
[19:40:43] Player (Cmal687, 76561199154314769)(<2388.183594, 27.201078, 6115.192871>) requested data for lock!
[19:44:22] Player (Bossy_Marmalade, 76561197983063377)(<3255.202148, 21.021830, 3883.904785>) requested data for lock!
[19:44:22] Player (Bossy_Marmalade, 76561197983063377)(<3131.123779, 6.862142, 5471.154297>) requested data for lock!
[19:44:22] Player (Bossy_Marmalade, 76561197983063377)(<3136.351318, 7.583895, 5440.378906>) requested data for lock!
[19:44:22] Player (Bossy_Marmalade, 76561197983063377)(<3132.230225, 7.512051, 5440.609375>) requested data for lock!
[19:47:38] Player (Cmal687, 76561199154314769)(<2388.183594, 27.201078, 6115.192871>) requested data for lock!
[19:50:54] Player (Cmal687, 76561199154314769)(<2388.183594, 27.201078, 6115.192871>) requested data for lock!
[19:51:25] Player (Cmal687, 76561199154314769)(<2388.183594, 27.201078, 6115.192871>) requested data for lock!
[19:53:47] Player (Cmal687, 76561199154314769)(<2388.183594, 27.201078, 6115.192871>) requested data for lock!
[19:54:56] Player (Cmal687, 76561199154314769)(<2388.183594, 27.201078, 6115.192871>) requested data for lock!
[20:24:35] Player (Bossy_Marmalade, 76561197983063377)(<2388.183594, 27.201078, 6115.192871>) requested data for lock!
[20:24:41] Player (Bossy_Marmalade, 76561197983063377)(<2388.183594, 27.201078, 6115.192871>) requested data for lock!
[20:26:54] Player (Bossy_Marmalade, 76561197983063377)(<2388.183594, 27.201078, 6115.192871>) requested data for lock!
[20:27:06] Player (Bossy_Marmalade, 76561197983063377)(<2388.183594, 27.201078, 6115.192871>) requested data for lock!
[22:55:23] Player (Cmal687, 76561199154314769)(<3389.662109, 4.324475, 8728.914063>) requested data for lock!
