[03-15-2024][00.00.22] New Synch Log File Created!
[01:23:55] Player (Darkman Esq., 76561197980466132)(<3255.202148, 21.021830, 3883.904785>) requested data for lock!
[01:24:07] Player (Darkman Esq., 76561197980466132)(<3255.202148, 21.021830, 3883.904785>) requested data for lock!
[01:28:29] Player (Darkman Esq., 76561197980466132)(<3255.202148, 21.021830, 3883.904785>) requested data for lock!
[01:29:17] Player (Darkman Esq., 76561197980466132)(<3132.230225, 7.512051, 5440.609375>) requested data for lock!
[01:29:17] Player (Darkman Esq., 76561197980466132)(<3136.351318, 7.583895, 5440.378906>) requested data for lock!
[01:29:20] Player (Darkman Esq., 76561197980466132)(<3131.123779, 6.862142, 5471.154297>) requested data for lock!
[01:42:27] Player (Darkman Esq., 76561197980466132)(<2388.183594, 27.201078, 6115.192871>) requested data for lock!
[01:43:00] Player (Darkman Esq., 76561197980466132)(<2388.183594, 27.201078, 6115.192871>) requested data for lock!
[01:44:28] Player (Darkman Esq., 76561197980466132)(<2388.183594, 27.201078, 6115.192871>) requested data for lock!
[01:55:36] Player (Darkman Esq., 76561197980466132)(<2388.183594, 27.201078, 6115.192871>) requested data for lock!
[01:55:43] Player (Darkman Esq., 76561197980466132)(<2360.853760, 27.201073, 6143.774902>) requested data for lock!
[01:56:11] Player (Darkman Esq., 76561197980466132)(<2360.853760, 27.201073, 6143.774902>) requested data for lock!
[02:09:02] Player (Darkman Esq., 76561197980466132)(<3131.123779, 6.862142, 5471.154297>) requested data for lock!
[02:09:03] Player (Darkman Esq., 76561197980466132)(<3132.230225, 7.512051, 5440.609375>) requested data for lock!
[02:09:03] Player (Darkman Esq., 76561197980466132)(<3136.351318, 7.583895, 5440.378906>) requested data for lock!
[02:38:47] Player (Darkman Esq., 76561197980466132)(<7060.803223, 29.591883, 5820.884277>) requested data for lock!
[03-15-2024][06.00.20] Log file reloaded ( Server Restart )
[10:58:48] Player (Raznor, 76561198262549311)(<3255.202148, 21.021830, 3883.904785>) requested data for lock!
[10:58:48] Player (Raznor, 76561198262549311)(<3132.230225, 7.512051, 5440.609375>) requested data for lock!
[10:58:48] Player (Raznor, 76561198262549311)(<3136.351318, 7.583895, 5440.378906>) requested data for lock!
[10:58:48] Player (Raznor, 76561198262549311)(<3131.123779, 6.862142, 5471.154297>) requested data for lock!
[11:11:43] Player (Raznor, 76561198262549311)(<3255.202148, 21.021830, 3883.904785>) requested data for lock!
[03-15-2024][12.00.22] Log file reloaded ( Server Restart )
[14:01:46] Player (Darkman Esq., 76561197980466132)(<7060.803223, 29.591883, 5820.884277>) requested data for lock!
[14:52:15] Player (Golem, 76561199031309912)(<2388.183594, 27.201078, 6115.192871>) requested data for lock!
[14:52:39] Player (Golem, 76561199031309912)(<2388.183594, 27.201078, 6115.192871>) requested data for lock!
[14:54:21] Player (Golem, 76561199031309912)(<2388.183594, 27.201078, 6115.192871>) requested data for lock!
[14:54:42] Player (Golem, 76561199031309912)(<2360.853760, 27.201073, 6143.774902>) requested data for lock!
[14:55:36] Player (Golem, 76561199031309912)(<2388.183594, 27.201078, 6115.192871>) requested data for lock!
[14:56:16] Player (Golem, 76561199031309912)(<3131.123779, 6.862142, 5471.154297>) requested data for lock!
[14:56:34] Player (Golem, 76561199031309912)(<3136.351318, 7.583895, 5440.378906>) requested data for lock!
[14:56:34] Player (Golem, 76561199031309912)(<3132.230225, 7.512051, 5440.609375>) requested data for lock!
[15:54:56] Player (Golem, 76561199031309912)(<3131.123779, 6.862142, 5471.154297>) requested data for lock!
[15:54:56] Player (Golem, 76561199031309912)(<3136.351318, 7.583895, 5440.378906>) requested data for lock!
[15:54:56] Player (Golem, 76561199031309912)(<3132.230225, 7.512051, 5440.609375>) requested data for lock!
[16:01:45] Player (Jrasl, 76561199062166080)(<7060.803223, 29.591883, 5820.884277>) requested data for lock!
[16:04:13] Player (Jrasl, 76561199062166080)(<7060.803223, 29.591883, 5820.884277>) requested data for lock!
[16:16:01] Player (Darkman Esq., 76561197980466132)(<7060.803223, 29.591883, 5820.884277>) requested data for lock!
[16:26:33] Player (Darkman Esq., 76561197980466132)(<7060.803223, 29.591883, 5820.884277>) requested data for lock!
[16:51:13] Player (Darkman Esq., 76561197980466132)(<3131.123779, 6.862142, 5471.154297>) requested data for lock!
[16:51:13] Player (Jrasl, 76561199062166080)(<3131.123779, 6.862142, 5471.154297>) requested data for lock!
[16:51:14] Player (Jrasl, 76561199062166080)(<3136.351318, 7.583895, 5440.378906>) requested data for lock!
[16:51:15] Player (Darkman Esq., 76561197980466132)(<3136.351318, 7.583895, 5440.378906>) requested data for lock!
[16:51:15] Player (Darkman Esq., 76561197980466132)(<3132.230225, 7.512051, 5440.609375>) requested data for lock!
[16:51:16] Player (Jrasl, 76561199062166080)(<3132.230225, 7.512051, 5440.609375>) requested data for lock!
[16:56:55] Player (Jrasl, 76561199062166080)(<2388.183594, 27.201078, 6115.192871>) requested data for lock!
[16:56:56] Player (Darkman Esq., 76561197980466132)(<2388.183594, 27.201078, 6115.192871>) requested data for lock!
[16:58:05] Player (Darkman Esq., 76561197980466132)(<2360.853760, 27.201073, 6143.774902>) requested data for lock!
[16:58:06] Player (Jrasl, 76561199062166080)(<2360.853760, 27.201073, 6143.774902>) requested data for lock!
[17:16:45] Player (Darkman Esq., 76561197980466132)(<3255.202148, 21.021830, 3883.904785>) requested data for lock!
[17:16:45] Player (Jrasl, 76561199062166080)(<3255.202148, 21.021830, 3883.904785>) requested data for lock!
[17:21:50] Player (Darkman Esq., 76561197980466132)(<3255.202148, 21.021830, 3883.904785>) requested data for lock!
[17:21:50] Player (Jrasl, 76561199062166080)(<3255.202148, 21.021830, 3883.904785>) requested data for lock!
[17:22:31] Player (Jrasl, 76561199062166080)(<3255.202148, 21.021830, 3883.904785>) requested data for lock!
[17:22:32] Player (Darkman Esq., 76561197980466132)(<3255.202148, 21.021830, 3883.904785>) requested data for lock!
[03-15-2024][18.00.23] Log file reloaded ( Server Restart )
[19:56:49] Player (Darkman Esq., 76561197980466132)(<3255.202148, 21.021830, 3883.904785>) requested data for lock!
[19:56:57] Player (Darkman Esq., 76561197980466132)(<3255.202148, 21.021830, 3883.904785>) requested data for lock!
[19:57:15] Player (Jrasl, 76561199062166080)(<3255.202148, 21.021830, 3883.904785>) requested data for lock!
[19:57:21] Player (Jrasl, 76561199062166080)(<3255.202148, 21.021830, 3883.904785>) requested data for lock!
[20:03:38] Player (Darkman Esq., 76561197980466132)(<3255.202148, 21.021830, 3883.904785>) requested data for lock!
[20:03:50] Player (Jrasl, 76561199062166080)(<3255.202148, 21.021830, 3883.904785>) requested data for lock!
[20:04:40] Player (Darkman Esq., 76561197980466132)(<3136.351318, 7.583895, 5440.378906>) requested data for lock!
[20:04:41] Player (Darkman Esq., 76561197980466132)(<3132.230225, 7.512051, 5440.609375>) requested data for lock!
[20:04:42] Player (Jrasl, 76561199062166080)(<3132.230225, 7.512051, 5440.609375>) requested data for lock!
[20:04:42] Player (Jrasl, 76561199062166080)(<3136.351318, 7.583895, 5440.378906>) requested data for lock!
[20:04:42] Player (Darkman Esq., 76561197980466132)(<3131.123779, 6.862142, 5471.154297>) requested data for lock!
[20:04:45] Player (Jrasl, 76561199062166080)(<3131.123779, 6.862142, 5471.154297>) requested data for lock!
[20:10:56] Player (Darkman Esq., 76561197980466132)(<2388.183594, 27.201078, 6115.192871>) requested data for lock!
[20:13:40] Player (Darkman Esq., 76561197980466132)(<2388.183594, 27.201078, 6115.192871>) requested data for lock!
[20:18:27] Player (Darkman Esq., 76561197980466132)(<2388.183594, 27.201078, 6115.192871>) requested data for lock!
[20:18:37] Player (Darkman Esq., 76561197980466132)(<2360.853760, 27.201073, 6143.774902>) requested data for lock!
[20:23:40] Player (Jrasl, 76561199062166080)(<3255.202148, 21.021830, 3883.904785>) requested data for lock!
[20:25:11] Player (Jrasl, 76561199062166080)(<3255.202148, 21.021830, 3883.904785>) requested data for lock!
[20:25:20] Player (Jrasl, 76561199062166080)(<3255.202148, 21.021830, 3883.904785>) requested data for lock!
[20:29:30] Player (Jrasl, 76561199062166080)(<3132.230225, 7.512051, 5440.609375>) requested data for lock!
[20:29:30] Player (Jrasl, 76561199062166080)(<3136.351318, 7.583895, 5440.378906>) requested data for lock!
[20:29:33] Player (Jrasl, 76561199062166080)(<3131.123779, 6.862142, 5471.154297>) requested data for lock!
[20:30:50] Player (Darkman Esq., 76561197980466132)(<7060.803223, 29.591883, 5820.884277>) requested data for lock!
[20:32:42] Player (Jrasl, 76561199062166080)(<2388.183594, 27.201078, 6115.192871>) requested data for lock!
[20:32:46] Player (Jrasl, 76561199062166080)(<2360.853760, 27.201073, 6143.774902>) requested data for lock!
[20:39:32] Player (Jrasl, 76561199062166080)(<7060.803223, 29.591883, 5820.884277>) requested data for lock!
[20:46:17] Player (Darkman Esq., 76561197980466132)(<7060.803223, 29.591883, 5820.884277>) requested data for lock!
[20:46:17] Player (Jrasl, 76561199062166080)(<7060.803223, 29.591883, 5820.884277>) requested data for lock!
[21:14:08] Player (Flax, 76561198874427743)(<7060.803223, 29.591883, 5820.884277>) requested data for lock!
[21:45:32] Player (Darkman Esq., 76561197980466132)(<7060.803223, 29.591883, 5820.884277>) requested data for lock!
[21:57:41] Player (Jrasl, 76561199062166080)(<7060.803223, 29.591883, 5820.884277>) requested data for lock!
[21:57:45] Player (Darkman Esq., 76561197980466132)(<7060.803223, 29.591883, 5820.884277>) requested data for lock!
[22:22:18] Player (Jrasl, 76561199062166080)(<3131.123779, 6.862142, 5471.154297>) requested data for lock!
[22:22:19] Player (Jrasl, 76561199062166080)(<3136.351318, 7.583895, 5440.378906>) requested data for lock!
[22:22:20] Player (Jrasl, 76561199062166080)(<3132.230225, 7.512051, 5440.609375>) requested data for lock!
[22:23:15] Player (Jrasl, 76561199062166080)(<2388.183594, 27.201078, 6115.192871>) requested data for lock!
[22:23:19] Player (Jrasl, 76561199062166080)(<2360.853760, 27.201073, 6143.774902>) requested data for lock!
[22:44:39] Player ((ADMIN)BLUE, 76561199108250772)(<3131.123779, 6.862142, 5471.154297>) requested data for lock!
[22:44:39] Player ((ADMIN)BLUE, 76561199108250772)(<2388.183594, 27.201078, 6115.192871>) requested data for lock!
[22:44:40] Player ((ADMIN)BLUE, 76561199108250772)(<2360.853760, 27.201073, 6143.774902>) requested data for lock!
[22:44:40] Player ((ADMIN)BLUE, 76561199108250772)(<3132.230225, 7.512051, 5440.609375>) requested data for lock!
[22:44:40] Player ((ADMIN)BLUE, 76561199108250772)(<3136.351318, 7.583895, 5440.378906>) requested data for lock!
[22:50:46] Player (Darkman Esq., 76561197980466132)(<3131.123779, 6.862142, 5471.154297>) requested data for lock!
[22:50:48] Player (Darkman Esq., 76561197980466132)(<3136.351318, 7.583895, 5440.378906>) requested data for lock!
[22:50:49] Player (Darkman Esq., 76561197980466132)(<3132.230225, 7.512051, 5440.609375>) requested data for lock!
[22:51:39] Player (Darkman Esq., 76561197980466132)(<2388.183594, 27.201078, 6115.192871>) requested data for lock!
[22:51:44] Player (Darkman Esq., 76561197980466132)(<2360.853760, 27.201073, 6143.774902>) requested data for lock!
[22:58:03] Player (Jrasl, 76561199062166080)(<3255.202148, 21.021830, 3883.904785>) requested data for lock!
[22:58:10] Player (Darkman Esq., 76561197980466132)(<3255.202148, 21.021830, 3883.904785>) requested data for lock!
[23:00:27] Player (Jrasl, 76561199062166080)(<3255.202148, 21.021830, 3883.904785>) requested data for lock!
[23:00:30] Player (Darkman Esq., 76561197980466132)(<3255.202148, 21.021830, 3883.904785>) requested data for lock!
[23:08:39] Player (G.A.T.I-Sonyk, 76561198241265216)(<9795.285156, 13.024646, 2221.030273>) requested data for lock!
[23:14:28] Player (Darkman Esq., 76561197980466132)(<3255.202148, 21.021830, 3883.904785>) requested data for lock!
[23:14:28] Player (Jrasl, 76561199062166080)(<3255.202148, 21.021830, 3883.904785>) requested data for lock!
[23:20:45] Player (Jrasl, 76561199062166080)(<3255.202148, 21.021830, 3883.904785>) requested data for lock!
[23:20:45] Player (Darkman Esq., 76561197980466132)(<3255.202148, 21.021830, 3883.904785>) requested data for lock!
[23:24:22] Player (Jrasl, 76561199062166080)(<3255.202148, 21.021830, 3883.904785>) requested data for lock!
[23:24:23] Player (Darkman Esq., 76561197980466132)(<3255.202148, 21.021830, 3883.904785>) requested data for lock!
[23:24:55] Player (Jrasl, 76561199062166080)(<3136.351318, 7.583895, 5440.378906>) requested data for lock!
[23:24:56] Player (Darkman Esq., 76561197980466132)(<3132.230225, 7.512051, 5440.609375>) requested data for lock!
[23:24:56] Player (Darkman Esq., 76561197980466132)(<3136.351318, 7.583895, 5440.378906>) requested data for lock!
[23:24:56] Player (Jrasl, 76561199062166080)(<3132.230225, 7.512051, 5440.609375>) requested data for lock!
[23:24:58] Player (Darkman Esq., 76561197980466132)(<3131.123779, 6.862142, 5471.154297>) requested data for lock!
[23:24:58] Player (Jrasl, 76561199062166080)(<3131.123779, 6.862142, 5471.154297>) requested data for lock!
[23:26:24] Player (Jrasl, 76561199062166080)(<2388.183594, 27.201078, 6115.192871>) requested data for lock!
[23:26:25] Player (Darkman Esq., 76561197980466132)(<2388.183594, 27.201078, 6115.192871>) requested data for lock!
[23:26:30] Player (Jrasl, 76561199062166080)(<2360.853760, 27.201073, 6143.774902>) requested data for lock!
[23:26:31] Player (Darkman Esq., 76561197980466132)(<2360.853760, 27.201073, 6143.774902>) requested data for lock!
[23:47:10] Player (Jrasl, 76561199062166080)(<3131.123779, 6.862142, 5471.154297>) requested data for lock!
[23:47:11] Player (Jrasl, 76561199062166080)(<3132.230225, 7.512051, 5440.609375>) requested data for lock!
[23:47:11] Player (Jrasl, 76561199062166080)(<3136.351318, 7.583895, 5440.378906>) requested data for lock!
[23:47:56] Player (Jrasl, 76561199062166080)(<2388.183594, 27.201078, 6115.192871>) requested data for lock!
[23:47:59] Player (Jrasl, 76561199062166080)(<2360.853760, 27.201073, 6143.774902>) requested data for lock!
[23:48:47] Player (Darkman Esq., 76561197980466132)(<3131.123779, 6.862142, 5471.154297>) requested data for lock!
[23:48:48] Player (Darkman Esq., 76561197980466132)(<3136.351318, 7.583895, 5440.378906>) requested data for lock!
[23:48:49] Player (Darkman Esq., 76561197980466132)(<3132.230225, 7.512051, 5440.609375>) requested data for lock!
[23:50:58] Player (Jrasl, 76561199062166080)(<3255.202148, 21.021830, 3883.904785>) requested data for lock!
[23:52:07] Player (Darkman Esq., 76561197980466132)(<2388.183594, 27.201078, 6115.192871>) requested data for lock!
[23:53:16] Player (Jrasl, 76561199062166080)(<3255.202148, 21.021830, 3883.904785>) requested data for lock!
[23:53:27] Player (Darkman Esq., 76561197980466132)(<2360.853760, 27.201073, 6143.774902>) requested data for lock!
[23:58:19] Player (Darkman Esq., 76561197980466132)(<3255.202148, 21.021830, 3883.904785>) requested data for lock!
