[03-16-2024][00.00.22] New Synch Log File Created!
[00:01:50] Player (Darkman Esq., 76561197980466132)(<3136.351318, 7.583895, 5440.378906>) requested data for lock!
[00:01:50] Player (Darkman Esq., 76561197980466132)(<3132.230225, 7.512051, 5440.609375>) requested data for lock!
[00:01:50] Player (Darkman Esq., 76561197980466132)(<3131.123779, 6.862142, 5471.154297>) requested data for lock!
[00:01:50] Player (Darkman Esq., 76561197980466132)(<3255.202148, 21.021830, 3883.904785>) requested data for lock!
[00:04:09] Player (Darkman Esq., 76561197980466132)(<3255.202148, 21.021830, 3883.904785>) requested data for lock!
[00:16:16] Player (Darkman Esq., 76561197980466132)(<3255.202148, 21.021830, 3883.904785>) requested data for lock!
[00:24:38] Player (Darkman Esq., 76561197980466132)(<3255.202148, 21.021830, 3883.904785>) requested data for lock!
[00:24:50] Player (Darkman Esq., 76561197980466132)(<3255.202148, 21.021830, 3883.904785>) requested data for lock!
[00:25:05] Player (Darkman Esq., 76561197980466132)(<3255.202148, 21.021830, 3883.904785>) requested data for lock!
[00:25:53] Player (Darkman Esq., 76561197980466132)(<3255.202148, 21.021830, 3883.904785>) requested data for lock!
[00:28:45] Player (Darkman Esq., 76561197980466132)(<3255.202148, 21.021830, 3883.904785>) requested data for lock!
[00:34:48] Player (Darkman Esq., 76561197980466132)(<3255.202148, 21.021830, 3883.904785>) requested data for lock!
[02:19:52] Player (Darkman Esq., 76561197980466132)(<3255.202148, 21.021830, 3883.904785>) requested data for lock!
[04:18:09] Player (Darkman Esq., 76561197980466132)(<2209.565674, 20.536114, 3279.729736>) requested data for lock!
[04:22:44] Player (Jrasl, 76561199062166080)(<2209.565674, 20.536114, 3279.729736>) requested data for lock!
[04:44:05] Player (Darkman Esq., 76561197980466132)(<3255.202148, 21.021830, 3883.904785>) requested data for lock!
[05:26:30] Player (Darkman Esq., 76561197980466132)(<3255.202148, 21.021830, 3883.904785>) requested data for lock!
[05:27:16] Player (Darkman Esq., 76561197980466132)(<2209.565674, 20.536114, 3279.729736>) requested data for lock!
[05:41:49] Player (Darkman Esq., 76561197980466132)(<3255.202148, 21.021830, 3883.904785>) requested data for lock!
[05:42:30] Player (Darkman Esq., 76561197980466132)(<3255.202148, 21.021830, 3883.904785>) requested data for lock!
[03-16-2024][06.00.19] Log file reloaded ( Server Restart )
[06:01:32] Player (Darkman Esq., 76561197980466132)(<2209.565674, 20.536114, 3279.729736>) requested data for lock!
[06:04:35] Player (Darkman Esq., 76561197980466132)(<3255.202148, 21.021830, 3883.904785>) requested data for lock!
[06:39:17] Player (Jrasl, 76561199062166080)(<2209.565674, 20.536114, 3279.729736>) requested data for lock!
[06:42:37] Player (Jrasl, 76561199062166080)(<2209.565674, 20.536114, 3279.729736>) requested data for lock!
[06:58:45] Player (Jrasl, 76561199062166080)(<3255.202148, 21.021830, 3883.904785>) requested data for lock!
[03-16-2024][07.10.02] Log file reloaded ( Server Restart )
[07:58:55] Player (Darkman Esq., 76561197980466132)(<9795.285156, 13.024646, 2221.030273>) requested data for lock!
[03-16-2024][08.05.18] Log file reloaded ( Server Restart )
[08:06:23] Player (Darkman Esq., 76561197980466132)(<9795.285156, 13.024646, 2221.030273>) requested data for lock!
[08:30:49] Player (Darkman Esq., 76561197980466132)(<3255.202148, 21.021830, 3883.904785>) requested data for lock!
[08:30:56] Player (Darkman Esq., 76561197980466132)(<3255.202148, 21.021830, 3883.904785>) requested data for lock!
[08:33:00] Player (Darkman Esq., 76561197980466132)(<3255.202148, 21.021830, 3883.904785>) requested data for lock!
[08:38:12] Player (Jrasl, 76561199062166080)(<3255.202148, 21.021830, 3883.904785>) requested data for lock!
[08:38:19] Player (Jrasl, 76561199062166080)(<3255.202148, 21.021830, 3883.904785>) requested data for lock!
[08:38:36] Player (Darkman Esq., 76561197980466132)(<3132.230225, 7.512051, 5440.609375>) requested data for lock!
[08:38:36] Player (Darkman Esq., 76561197980466132)(<3136.351318, 7.583895, 5440.378906>) requested data for lock!
[08:38:39] Player (Darkman Esq., 76561197980466132)(<3131.123779, 6.862142, 5471.154297>) requested data for lock!
[08:40:41] Player (Darkman Esq., 76561197980466132)(<2388.183594, 27.201078, 6115.192871>) requested data for lock!
[08:40:47] Player (Darkman Esq., 76561197980466132)(<2360.853760, 27.201073, 6143.774902>) requested data for lock!
[08:42:13] Player (Darkman Esq., 76561197980466132)(<2360.853760, 27.201073, 6143.774902>) requested data for lock!
[08:56:47] Player (Jrasl, 76561199062166080)(<2209.565674, 20.536114, 3279.729736>) requested data for lock!
[09:18:41] Player (Darkman Esq., 76561197980466132)(<2360.853760, 27.201073, 6143.774902>) requested data for lock!
[09:18:44] Player (Darkman Esq., 76561197980466132)(<2388.183594, 27.201078, 6115.192871>) requested data for lock!
[09:19:56] Player (Darkman Esq., 76561197980466132)(<3131.123779, 6.862142, 5471.154297>) requested data for lock!
[09:30:34] Player (Darkman Esq., 76561197980466132)(<2209.565674, 20.536114, 3279.729736>) requested data for lock!
[03-16-2024][09.50.51] Log file reloaded ( Server Restart )
[03-16-2024][10.00.48] Log file reloaded ( Server Restart )
[03-16-2024][12.00.22] Log file reloaded ( Server Restart )
[13:37:27] Player (G.A.T.I-Sonyk, 76561198241265216)(<9795.285156, 13.024646, 2221.030273>) requested data for lock!
[13:53:15] Player (G.A.T.I-Sonyk, 76561198241265216)(<3255.202148, 21.021830, 3883.904785>) requested data for lock!
[13:53:22] Player (G.A.T.I-Sonyk, 76561198241265216)(<3255.202148, 21.021830, 3883.904785>) requested data for lock!
[13:55:32] Player (G.A.T.I-Sonyk, 76561198241265216)(<3255.202148, 21.021830, 3883.904785>) requested data for lock!
[13:56:39] Player (G.A.T.I-Sonyk, 76561198241265216)(<3132.230225, 7.512051, 5440.609375>) requested data for lock!
[13:56:39] Player (G.A.T.I-Sonyk, 76561198241265216)(<3136.351318, 7.583895, 5440.378906>) requested data for lock!
[13:56:41] Player (G.A.T.I-Sonyk, 76561198241265216)(<3131.123779, 6.862142, 5471.154297>) requested data for lock!
[14:00:02] Player (G.A.T.I-Sonyk, 76561198241265216)(<2388.183594, 27.201078, 6115.192871>) requested data for lock!
[14:00:08] Player (G.A.T.I-Sonyk, 76561198241265216)(<2360.853760, 27.201073, 6143.774902>) requested data for lock!
[14:01:02] Player (G.A.T.I-Sonyk, 76561198241265216)(<2360.853760, 27.201073, 6143.774902>) requested data for lock!
[14:01:11] Player (G.A.T.I-Sonyk, 76561198241265216)(<2360.853760, 27.201073, 6143.774902>) requested data for lock!
[14:02:11] Player (G.A.T.I-Sonyk, 76561198241265216)(<2360.853760, 27.201073, 6143.774902>) requested data for lock!
[14:06:21] Player (G.A.T.I-Sonyk, 76561198241265216)(<2360.853760, 27.201073, 6143.774902>) requested data for lock!
[14:18:39] Player (Jrasl, 76561199062166080)(<2209.565674, 20.536114, 3279.729736>) requested data for lock!
[14:25:33] Player (Golem, 76561199031309912)(<3132.230225, 7.512051, 5440.609375>) requested data for lock!
[14:25:33] Player (Golem, 76561199031309912)(<3131.123779, 6.862142, 5471.154297>) requested data for lock!
[14:25:33] Player (Golem, 76561199031309912)(<3136.351318, 7.583895, 5440.378906>) requested data for lock!
[14:33:51] Player (G.A.T.I-Sonyk, 76561198241265216)(<3131.123779, 6.862142, 5471.154297>) requested data for lock!
[14:33:52] Player (G.A.T.I-Sonyk, 76561198241265216)(<3132.230225, 7.512051, 5440.609375>) requested data for lock!
[14:33:52] Player (G.A.T.I-Sonyk, 76561198241265216)(<3136.351318, 7.583895, 5440.378906>) requested data for lock!
[14:39:31] Player (G.A.T.I-Sonyk, 76561198241265216)(<2388.183594, 27.201078, 6115.192871>) requested data for lock!
[14:40:22] Player (G.A.T.I-Sonyk, 76561198241265216)(<2388.183594, 27.201078, 6115.192871>) requested data for lock!
[14:41:12] Player (G.A.T.I-Sonyk, 76561198241265216)(<2388.183594, 27.201078, 6115.192871>) requested data for lock!
[14:41:29] Player (G.A.T.I-Sonyk, 76561198241265216)(<2388.183594, 27.201078, 6115.192871>) requested data for lock!
[14:42:05] Player (G.A.T.I-Sonyk, 76561198241265216)(<2388.183594, 27.201078, 6115.192871>) requested data for lock!
[14:42:35] Player (G.A.T.I-Sonyk, 76561198241265216)(<2388.183594, 27.201078, 6115.192871>) requested data for lock!
[14:42:57] Player (G.A.T.I-Sonyk, 76561198241265216)(<2360.853760, 27.201073, 6143.774902>) requested data for lock!
[14:43:45] Player (G.A.T.I-Sonyk, 76561198241265216)(<2360.853760, 27.201073, 6143.774902>) requested data for lock!
[14:44:48] Player (G.A.T.I-Sonyk, 76561198241265216)(<2388.183594, 27.201078, 6115.192871>) requested data for lock!
[14:44:54] Player (G.A.T.I-Sonyk, 76561198241265216)(<2360.853760, 27.201073, 6143.774902>) requested data for lock!
[14:46:40] Player (G.A.T.I-Sonyk, 76561198241265216)(<3131.123779, 6.862142, 5471.154297>) requested data for lock!
[14:46:42] Player (G.A.T.I-Sonyk, 76561198241265216)(<3132.230225, 7.512051, 5440.609375>) requested data for lock!
[14:46:43] Player (G.A.T.I-Sonyk, 76561198241265216)(<3136.351318, 7.583895, 5440.378906>) requested data for lock!
[14:47:11] Player (G.A.T.I-Sonyk, 76561198241265216)(<2388.183594, 27.201078, 6115.192871>) requested data for lock!
[14:47:21] Player (G.A.T.I-Sonyk, 76561198241265216)(<2360.853760, 27.201073, 6143.774902>) requested data for lock!
[14:48:14] Player (Jrasl, 76561199062166080)(<3255.202148, 21.021830, 3883.904785>) requested data for lock!
[14:49:34] Player (Jrasl, 76561199062166080)(<3255.202148, 21.021830, 3883.904785>) requested data for lock!
[14:51:42] Player (G.A.T.I-Sonyk, 76561198241265216)(<3255.202148, 21.021830, 3883.904785>) requested data for lock!
[14:53:52] Player (G.A.T.I-Sonyk, 76561198241265216)(<3255.202148, 21.021830, 3883.904785>) requested data for lock!
[15:02:40] Player (G.A.T.I-Sonyk, 76561198241265216)(<9795.285156, 13.024646, 2221.030273>) requested data for lock!
