[03-14-2024][00.00.22] New Synch Log File Created!
[03-14-2024][06.00.21] Log file reloaded ( Server Restart )
[11:52:25] Player (G.A.T.I-Sonyk, 76561198241265216)(<9795.285156, 13.024646, 2221.030273>) requested data for lock!
[03-14-2024][12.00.21] Log file reloaded ( Server Restart )
[12:02:50] Player (G.A.T.I-Sonyk, 76561198241265216)(<9795.285156, 13.024646, 2221.030273>) requested data for lock!
[12:16:13] Player (G.A.T.I-Sonyk, 76561198241265216)(<9795.285156, 13.024646, 2221.030273>) requested data for lock!
[12:19:40] Player (G.A.T.I-Sonyk, 76561198241265216)(<9795.285156, 13.024646, 2221.030273>) requested data for lock!
[12:22:30] Player (G.A.T.I-Sonyk, 76561198241265216)(<3132.230225, 7.512051, 5440.609375>) requested data for lock!
[12:22:30] Player (G.A.T.I-Sonyk, 76561198241265216)(<3136.351318, 7.583895, 5440.378906>) requested data for lock!
[12:22:30] Player (G.A.T.I-Sonyk, 76561198241265216)(<3255.202148, 21.021830, 3883.904785>) requested data for lock!
[12:22:30] Player (G.A.T.I-Sonyk, 76561198241265216)(<3131.123779, 6.862142, 5471.154297>) requested data for lock!
[12:33:48] Player (G.A.T.I-Sonyk, 76561198241265216)(<3255.202148, 21.021830, 3883.904785>) requested data for lock!
[12:46:07] Player (Raznor, 76561198262549311)(<3132.230225, 7.512051, 5440.609375>) requested data for lock!
[12:46:07] Player (Raznor, 76561198262549311)(<3136.351318, 7.583895, 5440.378906>) requested data for lock!
[12:46:07] Player (Raznor, 76561198262549311)(<3255.202148, 21.021830, 3883.904785>) requested data for lock!
[12:46:07] Player (Raznor, 76561198262549311)(<3131.123779, 6.862142, 5471.154297>) requested data for lock!
[13:08:20] Player (G.A.T.I-Sonyk, 76561198241265216)(<9795.285156, 13.024646, 2221.030273>) requested data for lock!
[13:34:40] Player (Raznor, 76561198262549311)(<2388.183594, 27.201078, 6115.192871>) requested data for lock!
[13:36:19] Player (Raznor, 76561198262549311)(<2360.853760, 27.201073, 6143.774902>) requested data for lock!
[13:38:23] Player (Raznor, 76561198262549311)(<2360.853760, 27.201073, 6143.774902>) requested data for lock!
[13:42:54] Player (Raznor, 76561198262549311)(<2388.183594, 27.201078, 6115.192871>) requested data for lock!
[13:47:29] Player (Raznor, 76561198262549311)(<3255.202148, 21.021830, 3883.904785>) requested data for lock!
[14:00:51] Player (Raznor, 76561198262549311)(<3255.202148, 21.021830, 3883.904785>) requested data for lock!
[14:06:55] Player (G.A.T.I-Sonyk, 76561198241265216)(<9795.285156, 13.024646, 2221.030273>) requested data for lock!
[14:07:11] Player (Raznor, 76561198262549311)(<3255.202148, 21.021830, 3883.904785>) requested data for lock!
[17:38:30] Player (Jrasl, 76561199062166080)(<3132.230225, 7.512051, 5440.609375>) requested data for lock!
[17:38:30] Player (Jrasl, 76561199062166080)(<3136.351318, 7.583895, 5440.378906>) requested data for lock!
[17:38:30] Player (Jrasl, 76561199062166080)(<3255.202148, 21.021830, 3883.904785>) requested data for lock!
[17:38:30] Player (Jrasl, 76561199062166080)(<3131.123779, 6.862142, 5471.154297>) requested data for lock!
[17:45:45] Player (Darkman Esq., 76561197980466132)(<3132.230225, 7.512051, 5440.609375>) requested data for lock!
[17:45:45] Player (Darkman Esq., 76561197980466132)(<3136.351318, 7.583895, 5440.378906>) requested data for lock!
[17:45:45] Player (Darkman Esq., 76561197980466132)(<3255.202148, 21.021830, 3883.904785>) requested data for lock!
[17:45:45] Player (Darkman Esq., 76561197980466132)(<3131.123779, 6.862142, 5471.154297>) requested data for lock!
[17:49:18] Player (Jrasl, 76561199062166080)(<2388.183594, 27.201078, 6115.192871>) requested data for lock!
[17:49:32] Player (Jrasl, 76561199062166080)(<2360.853760, 27.201073, 6143.774902>) requested data for lock!
[03-14-2024][18.00.24] Log file reloaded ( Server Restart )
[18:01:06] Player (Jrasl, 76561199062166080)(<2388.183594, 27.201078, 6115.192871>) requested data for lock!
[18:01:06] Player (Jrasl, 76561199062166080)(<3132.230225, 7.512051, 5440.609375>) requested data for lock!
[18:01:06] Player (Jrasl, 76561199062166080)(<3131.123779, 6.862142, 5471.154297>) requested data for lock!
[18:01:06] Player (Jrasl, 76561199062166080)(<3136.351318, 7.583895, 5440.378906>) requested data for lock!
[18:01:21] Player (Darkman Esq., 76561197980466132)(<3132.230225, 7.512051, 5440.609375>) requested data for lock!
[18:01:21] Player (Darkman Esq., 76561197980466132)(<3131.123779, 6.862142, 5471.154297>) requested data for lock!
[18:01:22] Player (Darkman Esq., 76561197980466132)(<3136.351318, 7.583895, 5440.378906>) requested data for lock!
[18:03:34] Player (Jrasl, 76561199062166080)(<2360.853760, 27.201073, 6143.774902>) requested data for lock!
[18:05:34] Player (Darkman Esq., 76561197980466132)(<2388.183594, 27.201078, 6115.192871>) requested data for lock!
[18:05:52] Player (Darkman Esq., 76561197980466132)(<2388.183594, 27.201078, 6115.192871>) requested data for lock!
[18:08:01] Player (Darkman Esq., 76561197980466132)(<2360.853760, 27.201073, 6143.774902>) requested data for lock!
[18:53:55] Player (G.A.T.I-Sonyk, 76561198241265216)(<9795.285156, 13.024646, 2221.030273>) requested data for lock!
[20:15:02] Player (Cmal687, 76561199154314769)(<3389.662109, 4.324475, 8728.914063>) requested data for lock!
[20:57:10] Player (Darkman Esq., 76561197980466132)(<3131.123779, 6.862142, 5471.154297>) requested data for lock!
[20:57:13] Player (Darkman Esq., 76561197980466132)(<3136.351318, 7.583895, 5440.378906>) requested data for lock!
[20:57:15] Player (Darkman Esq., 76561197980466132)(<3132.230225, 7.512051, 5440.609375>) requested data for lock!
[20:58:46] Player (Cmal687, 76561199154314769)(<3389.662109, 4.324475, 8728.914063>) requested data for lock!
[21:03:14] Player (Darkman Esq., 76561197980466132)(<2388.183594, 27.201078, 6115.192871>) requested data for lock!
[21:03:44] Player (Darkman Esq., 76561197980466132)(<2360.853760, 27.201073, 6143.774902>) requested data for lock!
[21:21:46] Player (Darkman Esq., 76561197980466132)(<3132.230225, 7.512051, 5440.609375>) requested data for lock!
[21:21:47] Player (Darkman Esq., 76561197980466132)(<3136.351318, 7.583895, 5440.378906>) requested data for lock!
[21:21:49] Player (Darkman Esq., 76561197980466132)(<3131.123779, 6.862142, 5471.154297>) requested data for lock!
[21:31:11] Player (Darkman Esq., 76561197980466132)(<3255.202148, 21.021830, 3883.904785>) requested data for lock!
[22:03:29] Player (Darkman Esq., 76561197980466132)(<3132.230225, 7.512051, 5440.609375>) requested data for lock!
[22:03:30] Player (Darkman Esq., 76561197980466132)(<3131.123779, 6.862142, 5471.154297>) requested data for lock!
[22:03:32] Player (Darkman Esq., 76561197980466132)(<3255.202148, 21.021830, 3883.904785>) requested data for lock!
[22:03:32] Player (Darkman Esq., 76561197980466132)(<3136.351318, 7.583895, 5440.378906>) requested data for lock!
[22:32:55] Player (bingbong1998, 76561199578044823)(<3389.662109, 4.324475, 8728.914063>) requested data for lock!
