[03-10-2024][00.00.20] New Synch Log File Created!
[03:04:31] Player (Zookyook, 76561198081118768)(<2388.183594, 27.201078, 6115.192871>) requested data for lock!
[03:05:45] Player (Zookyook, 76561198081118768)(<2360.853760, 27.201073, 6143.774902>) requested data for lock!
[03:12:16] Player (Zookyook, 76561198081118768)(<2388.183594, 27.201078, 6115.192871>) requested data for lock!
[03:12:31] Player (Zookyook, 76561198081118768)(<2360.853760, 27.201073, 6143.774902>) requested data for lock!
[03:12:46] Player (Zookyook, 76561198081118768)(<2360.853760, 27.201073, 6143.774902>) requested data for lock!
[03:15:15] Player (Zookyook, 76561198081118768)(<2360.853760, 27.201073, 6143.774902>) requested data for lock!
[03:15:59] Player ([IWYS]MattTheZurvivor, 76561198328503742)(<3131.123779, 6.862142, 5471.154297>) requested data for lock!
[03:15:59] Player ([IWYS]MattTheZurvivor, 76561198328503742)(<3136.351318, 7.583895, 5440.378906>) requested data for lock!
[03:15:59] Player ([IWYS]MattTheZurvivor, 76561198328503742)(<3132.230225, 7.512051, 5440.609375>) requested data for lock!
[03:15:59] Player ([IWYS]MattTheZurvivor, 76561198328503742)(<3255.202148, 21.021830, 3883.904785>) requested data for lock!
[03:16:48] Player (Zookyook, 76561198081118768)(<2388.183594, 27.201078, 6115.192871>) requested data for lock!
[03:17:23] Player (Zookyook, 76561198081118768)(<2388.183594, 27.201078, 6115.192871>) requested data for lock!
[03:17:53] Player (Zookyook, 76561198081118768)(<3131.123779, 6.862142, 5471.154297>) requested data for lock!
[03:18:00] Player (Zookyook, 76561198081118768)(<3136.351318, 7.583895, 5440.378906>) requested data for lock!
[03:18:01] Player (Zookyook, 76561198081118768)(<3132.230225, 7.512051, 5440.609375>) requested data for lock!
[03:19:19] Player (Zookyook, 76561198081118768)(<2360.853760, 27.201073, 6143.774902>) requested data for lock!
[03:36:58] Player ([IWYS]MattTheZurvivor, 76561198328503742)(<3255.202148, 21.021830, 3883.904785>) requested data for lock!
[03:37:40] Player ([IWYS]MattTheZurvivor, 76561198328503742)(<3255.202148, 21.021830, 3883.904785>) requested data for lock!
[04:43:53] Player (Zookyook, 76561198081118768)(<2388.183594, 27.201078, 6115.192871>) requested data for lock!
[04:46:05] Player (Zookyook, 76561198081118768)(<2388.183594, 27.201078, 6115.192871>) requested data for lock!
[04:46:16] Player (Zookyook, 76561198081118768)(<2360.853760, 27.201073, 6143.774902>) requested data for lock!
[03-10-2024][07.00.21] Log file reloaded ( Server Restart )
[10:14:07] Player (Cmal687, 76561199154314769)(<3389.662109, 4.324475, 8728.914063>) requested data for lock!
[10:59:37] Player (Cmal687, 76561199154314769)(<3389.662109, 4.324475, 8728.914063>) requested data for lock!
[11:49:36] Player (Cmal687, 76561199154314769)(<3389.662109, 4.324475, 8728.914063>) requested data for lock!
[03-10-2024][12.00.24] Log file reloaded ( Server Restart )
[12:05:15] Player (Cmal687, 76561199154314769)(<3389.662109, 4.324475, 8728.914063>) requested data for lock!
[13:27:07] Player (Cmal687, 76561199154314769)(<3389.662109, 4.324475, 8728.914063>) requested data for lock!
[13:44:48] Player (Zookyook, 76561198081118768)(<2388.183594, 27.201078, 6115.192871>) requested data for lock!
[13:44:48] Player (Zookyook, 76561198081118768)(<2360.853760, 27.201073, 6143.774902>) requested data for lock!
[13:44:48] Player (Zookyook, 76561198081118768)(<3132.230225, 7.512051, 5440.609375>) requested data for lock!
[13:44:48] Player (Zookyook, 76561198081118768)(<3136.351318, 7.583895, 5440.378906>) requested data for lock!
[13:44:48] Player (Zookyook, 76561198081118768)(<3131.123779, 6.862142, 5471.154297>) requested data for lock!
[14:17:32] Player (Ding Chavez, 76561198150266641)(<3132.230225, 7.512051, 5440.609375>) requested data for lock!
[14:17:32] Player (Ding Chavez, 76561198150266641)(<3136.351318, 7.583895, 5440.378906>) requested data for lock!
[14:17:32] Player (Ding Chavez, 76561198150266641)(<3255.202148, 21.021830, 3883.904785>) requested data for lock!
[14:17:32] Player (Ding Chavez, 76561198150266641)(<3131.123779, 6.862142, 5471.154297>) requested data for lock!
[14:33:24] Player (Ding Chavez, 76561198150266641)(<3255.202148, 21.021830, 3883.904785>) requested data for lock!
[14:44:56] Player (Ding Chavez, 76561198150266641)(<3255.202148, 21.021830, 3883.904785>) requested data for lock!
[14:48:12] Player (Ding Chavez, 76561198150266641)(<3136.351318, 7.583895, 5440.378906>) requested data for lock!
[14:48:15] Player (Ding Chavez, 76561198150266641)(<3132.230225, 7.512051, 5440.609375>) requested data for lock!
[14:48:20] Player (Ding Chavez, 76561198150266641)(<3131.123779, 6.862142, 5471.154297>) requested data for lock!
[14:59:11] Player (Ding Chavez, 76561198150266641)(<2388.183594, 27.201078, 6115.192871>) requested data for lock!
[14:59:21] Player (Ding Chavez, 76561198150266641)(<2360.853760, 27.201073, 6143.774902>) requested data for lock!
[15:09:14] Player (Zookyook, 76561198081118768)(<3132.230225, 7.512051, 5440.609375>) requested data for lock!
[15:09:15] Player (Zookyook, 76561198081118768)(<3136.351318, 7.583895, 5440.378906>) requested data for lock!
[15:09:16] Player (Zookyook, 76561198081118768)(<3255.202148, 21.021830, 3883.904785>) requested data for lock!
[15:09:16] Player (Zookyook, 76561198081118768)(<3131.123779, 6.862142, 5471.154297>) requested data for lock!
[15:13:21] Player (Zookyook, 76561198081118768)(<2388.183594, 27.201078, 6115.192871>) requested data for lock!
[15:13:29] Player (Zookyook, 76561198081118768)(<2360.853760, 27.201073, 6143.774902>) requested data for lock!
[15:32:53] Player (Zookyook, 76561198081118768)(<3131.123779, 6.862142, 5471.154297>) requested data for lock!
[15:33:00] Player (Zookyook, 76561198081118768)(<3132.230225, 7.512051, 5440.609375>) requested data for lock!
[15:33:00] Player (Zookyook, 76561198081118768)(<3136.351318, 7.583895, 5440.378906>) requested data for lock!
[15:33:00] Player (Ding Chavez, 76561198150266641)(<3131.123779, 6.862142, 5471.154297>) requested data for lock!
[15:33:08] Player (Ding Chavez, 76561198150266641)(<3132.230225, 7.512051, 5440.609375>) requested data for lock!
[15:33:10] Player (Ding Chavez, 76561198150266641)(<3136.351318, 7.583895, 5440.378906>) requested data for lock!
[15:49:19] Player (Zookyook, 76561198081118768)(<2360.853760, 27.201073, 6143.774902>) requested data for lock!
[15:49:48] Player (Ding Chavez, 76561198150266641)(<2360.853760, 27.201073, 6143.774902>) requested data for lock!
[15:54:03] Player (Ding Chavez, 76561198150266641)(<2388.183594, 27.201078, 6115.192871>) requested data for lock!
[15:54:03] Player (Zookyook, 76561198081118768)(<2388.183594, 27.201078, 6115.192871>) requested data for lock!
[15:54:47] Player (Zookyook, 76561198081118768)(<3131.123779, 6.862142, 5471.154297>) requested data for lock!
[15:54:48] Player (Ding Chavez, 76561198150266641)(<3131.123779, 6.862142, 5471.154297>) requested data for lock!
[15:55:01] Player (Zookyook, 76561198081118768)(<3132.230225, 7.512051, 5440.609375>) requested data for lock!
[15:55:01] Player (Ding Chavez, 76561198150266641)(<3132.230225, 7.512051, 5440.609375>) requested data for lock!
[15:55:03] Player (Zookyook, 76561198081118768)(<3136.351318, 7.583895, 5440.378906>) requested data for lock!
[15:55:04] Player (Ding Chavez, 76561198150266641)(<3136.351318, 7.583895, 5440.378906>) requested data for lock!
[15:55:11] Player (Zookyook, 76561198081118768)(<3136.351318, 7.583895, 5440.378906>) requested data for lock!
[15:55:11] Player (Ding Chavez, 76561198150266641)(<3136.351318, 7.583895, 5440.378906>) requested data for lock!
[03-10-2024][18.00.21] Log file reloaded ( Server Restart )
[19:10:49] Player (Bossy_Marmalade, 76561197983063377)(<3131.123779, 6.862142, 5471.154297>) requested data for lock!
[19:10:49] Player (Bossy_Marmalade, 76561197983063377)(<3136.351318, 7.583895, 5440.378906>) requested data for lock!
[19:10:50] Player (Bossy_Marmalade, 76561197983063377)(<3132.230225, 7.512051, 5440.609375>) requested data for lock!
