[10-31-2023][00.00.28] New Synch Log File Created!
[00:35:04] Player (Darkman Esquiire, 76561197980466132)(<6459.086914, 18.397457, 6052.526855>) requested data for lock!
[00:36:13] Player (Darkman Esquiire, 76561197980466132)(<7053.369141, 30.080730, 5847.899902>) requested data for lock!
[01:03:19] Player (Darkman Esquiire, 76561197980466132)(<7053.369141, 30.080730, 5847.899902>) requested data for lock!
[01:03:19] Player (Darkman Esquiire, 76561197980466132)(<6459.086914, 18.397457, 6052.526855>) requested data for lock!
[01:09:42] Player (Darkman Esquiire, 76561197980466132)(<7053.369141, 30.080730, 5847.899902>) requested data for lock!
[01:09:42] Player (Darkman Esquiire, 76561197980466132)(<6459.086914, 18.397457, 6052.526855>) requested data for lock!
[02:04:42] Player (Darkman Esquiire, 76561197980466132)(<7053.369141, 30.080730, 5847.899902>) requested data for lock!
[02:13:47] Player (Darkman Esquiire, 76561197980466132)(<7053.369141, 30.080730, 5847.899902>) requested data for lock!
[02:17:20] Player (Darkman Esquiire, 76561197980466132)(<6459.086914, 18.397457, 6052.526855>) requested data for lock!
[10-31-2023][06.00.30] Log file reloaded ( Server Restart )
[10-31-2023][12.00.30] Log file reloaded ( Server Restart )
[13:16:29] Player (Darkman Esquiire, 76561197980466132)(<7053.369141, 30.080730, 5847.899902>) requested data for lock!
[13:16:29] Player (Darkman Esquiire, 76561197980466132)(<6459.086914, 18.397457, 6052.526855>) requested data for lock!
[13:41:00] Player (Darkman Esquiire, 76561197980466132)(<7060.294922, 29.417757, 5820.659668>) requested data for lock!
[16:14:32] Player (Darkman Esquiire, 76561197980466132)(<6459.086914, 18.397457, 6052.526855>) requested data for lock!
[16:15:29] Player (Darkman Esquiire, 76561197980466132)(<7053.369141, 30.080730, 5847.899902>) requested data for lock!
[16:15:30] Player (Darkman Esquiire, 76561197980466132)(<7060.294922, 29.417757, 5820.659668>) requested data for lock!
[16:34:27] Player (Darkman Esquiire, 76561197980466132)(<6459.086914, 18.397457, 6052.526855>) requested data for lock!
[16:34:54] Player (Darkman Esquiire, 76561197980466132)(<7053.369141, 30.080730, 5847.899902>) requested data for lock!
[16:35:01] Player (Darkman Esquiire, 76561197980466132)(<7060.294922, 29.417757, 5820.659668>) requested data for lock!
[17:04:03] Player ([ADMIN]DrKilledByDeath, 76561199407766611)(<7060.294922, 29.417757, 5820.659668>) requested data for lock!
[17:04:03] Player ([ADMIN]DrKilledByDeath, 76561199407766611)(<7053.369141, 30.080730, 5847.899902>) requested data for lock!
[17:04:06] Player ([ADMIN]DrKilledByDeath, 76561199407766611)(<6459.086914, 18.397457, 6052.526855>) requested data for lock!
[17:51:48] Player (Darkman Esquiire, 76561197980466132)(<6459.086914, 18.397457, 6052.526855>) requested data for lock!
[10-31-2023][18.00.30] Log file reloaded ( Server Restart )
[18:05:51] Player (Darkman Esquiire, 76561197980466132)(<6459.086914, 18.397457, 6052.526855>) requested data for lock!
[18:05:51] Player (Darkman Esquiire, 76561197980466132)(<7060.294922, 29.417757, 5820.659668>) requested data for lock!
[18:05:52] Player (Darkman Esquiire, 76561197980466132)(<7053.369141, 30.080730, 5847.899902>) requested data for lock!
[19:32:05] Player (Darkman Esquiire, 76561197980466132)(<6459.086914, 18.397457, 6052.526855>) requested data for lock!
[19:32:32] Player (Darkman Esquiire, 76561197980466132)(<7053.369141, 30.080730, 5847.899902>) requested data for lock!
[19:32:45] Player (Darkman Esquiire, 76561197980466132)(<7060.294922, 29.417757, 5820.659668>) requested data for lock!
[20:09:06] Player (Ghost, 76561199523450192)(<6459.086914, 18.397457, 6052.526855>) requested data for lock!
[20:09:06] Player (Ghost, 76561199523450192)(<7060.294922, 29.417757, 5820.659668>) requested data for lock!
[20:09:06] Player (Ghost, 76561199523450192)(<7053.369141, 30.080730, 5847.899902>) requested data for lock!
[20:16:07] Player (Ghost, 76561199523450192)(<7053.369141, 30.080730, 5847.899902>) requested data for lock!
[20:19:54] Player (Ghost, 76561199523450192)(<7060.294922, 29.417757, 5820.659668>) requested data for lock!
[20:27:55] Player (Darkman Esquiire, 76561197980466132)(<6459.086914, 18.397457, 6052.526855>) requested data for lock!
[20:27:55] Player (Darkman Esquiire, 76561197980466132)(<7060.294922, 29.417757, 5820.659668>) requested data for lock!
[20:27:55] Player (Darkman Esquiire, 76561197980466132)(<7053.369141, 30.080730, 5847.899902>) requested data for lock!
