[10-28-2023][00.00.28] New Synch Log File Created!
[01:14:11] Player ([ADMIN]BLUE, 76561199108250772)(<6459.086914, 18.397457, 6052.526855>) requested data for lock!
[01:21:48] Player ([ADMIN]BLUE, 76561199108250772)(<6459.086914, 18.397457, 6052.526855>) requested data for lock!
[01:32:28] Player ([ADMIN]BLUE, 76561199108250772)(<6459.086914, 18.397457, 6052.526855>) requested data for lock!
[01:53:04] Player ([ADMIN]BLUE, 76561199108250772)(<6458.879883, 18.397457, 6052.825195>) requested data for lock!
[02:15:16] Player (Darkman Esquiire, 76561197980466132)(<6458.879883, 18.397457, 6052.825195>) requested data for lock!
[02:15:16] Player (Darkman Esquiire, 76561197980466132)(<6459.086914, 18.397457, 6052.526855>) requested data for lock!
[03:25:13] Player (Darkman Esquiire, 76561197980466132)(<6458.879883, 18.397457, 6052.825195>) requested data for lock!
[03:25:13] Player (Darkman Esquiire, 76561197980466132)(<6459.086914, 18.397457, 6052.526855>) requested data for lock!
[10-28-2023][06.00.28] Log file reloaded ( Server Restart )
[10-28-2023][12.00.30] Log file reloaded ( Server Restart )
[12:49:13] Player (Darkman Esquiire, 76561197980466132)(<6458.879883, 18.397457, 6052.825195>) requested data for lock!
[12:49:13] Player (Darkman Esquiire, 76561197980466132)(<6459.086914, 18.397457, 6052.526855>) requested data for lock!
[12:49:13] Player (Ghost, 76561199523450192)(<6458.879883, 18.397457, 6052.825195>) requested data for lock!
[12:49:13] Player (Ghost, 76561199523450192)(<6459.086914, 18.397457, 6052.526855>) requested data for lock!
[13:09:16] Player (Darkman Esquiire, 76561197980466132)(<6459.086914, 18.397457, 6052.526855>) requested data for lock!
[13:09:16] Player (Ghost, 76561199523450192)(<6459.086914, 18.397457, 6052.526855>) requested data for lock!
[13:13:49] Player (Darkman Esquiire, 76561197980466132)(<6458.879883, 18.397457, 6052.825195>) requested data for lock!
[13:13:49] Player (Ghost, 76561199523450192)(<6458.879883, 18.397457, 6052.825195>) requested data for lock!
[13:14:03] Player (Darkman Esquiire, 76561197980466132)(<6459.086914, 18.397457, 6052.526855>) requested data for lock!
[13:14:03] Player (Ghost, 76561199523450192)(<6459.086914, 18.397457, 6052.526855>) requested data for lock!
[13:17:18] Player (Darkman Esquiire, 76561197980466132)(<6458.879883, 18.397457, 6052.825195>) requested data for lock!
[13:17:18] Player (Ghost, 76561199523450192)(<6458.879883, 18.397457, 6052.825195>) requested data for lock!
[13:20:13] Player (Darkman Esquiire, 76561197980466132)(<6458.879883, 18.397457, 6052.825195>) requested data for lock!
[13:20:13] Player (Ghost, 76561199523450192)(<6458.879883, 18.397457, 6052.825195>) requested data for lock!
[13:23:32] Player (Darkman Esquiire, 76561197980466132)(<6458.879883, 18.397457, 6052.825195>) requested data for lock!
[13:23:32] Player (Ghost, 76561199523450192)(<6458.879883, 18.397457, 6052.825195>) requested data for lock!
[14:56:23] Player (Ghost, 76561199523450192)(<6459.086914, 18.397457, 6052.526855>) requested data for lock!
[14:56:23] Player (Darkman Esquiire, 76561197980466132)(<6459.086914, 18.397457, 6052.526855>) requested data for lock!
[16:09:07] Player (Darkman Esquiire, 76561197980466132)(<6459.086914, 18.397457, 6052.526855>) requested data for lock!
[16:09:07] Player (Ghost, 76561199523450192)(<6459.086914, 18.397457, 6052.526855>) requested data for lock!
[16:36:05] Player (Ghost, 76561199523450192)(<6459.086914, 18.397457, 6052.526855>) requested data for lock!
[16:50:50] Player (Darkman Esquiire, 76561197980466132)(<6459.086914, 18.397457, 6052.526855>) requested data for lock!
[16:52:46] Player (Ghost, 76561199523450192)(<6459.086914, 18.397457, 6052.526855>) requested data for lock!
[17:03:05] Player (Darkman Esquiire, 76561197980466132)(<6459.086914, 18.397457, 6052.526855>) requested data for lock!
[17:40:24] Player (Ghost, 76561199523450192)(<6459.086914, 18.397457, 6052.526855>) requested data for lock!
[10-28-2023][18.00.29] Log file reloaded ( Server Restart )
[18:01:15] Player (Ghost, 76561199523450192)(<6459.086914, 18.397457, 6052.526855>) requested data for lock!
[18:03:13] Player (Darkman Esquiire, 76561197980466132)(<6459.086914, 18.397457, 6052.526855>) requested data for lock!
[18:21:04] Player (Darkman Esquiire, 76561197980466132)(<6459.086914, 18.397457, 6052.526855>) requested data for lock!
[21:02:25] Player (Darkman Esquiire, 76561197980466132)(<6459.086914, 18.397457, 6052.526855>) requested data for lock!
[23:23:34] Player (Darkman Esquiire, 76561197980466132)(<6459.086914, 18.397457, 6052.526855>) requested data for lock!
[23:32:09] Player (Remington28280, 76561198426231883)(<6459.086914, 18.397457, 6052.526855>) requested data for lock!
[23:32:09] Player ([ADMIN]BLUE, 76561199108250772)(<6459.086914, 18.397457, 6052.526855>) requested data for lock!
[23:39:56] Player ([ADMIN]BLUE, 76561199108250772)(<6459.086914, 18.397457, 6052.526855>) requested data for lock!
[23:39:56] Player (Remington28280, 76561198426231883)(<6459.086914, 18.397457, 6052.526855>) requested data for lock!
