[11-26-2023][00.00.28] New Synch Log File Created!
[00:03:42] Player (Mike, 76561198149271912)(<6459.086914, 18.397457, 6052.526855>) requested data for lock!
[00:03:42] Player (Mike, 76561198149271912)(<6901.531250, 37.330975, 6316.758789>) requested data for lock!
[00:03:42] Player (Mike, 76561198149271912)(<7060.294922, 29.417757, 5820.659668>) requested data for lock!
[00:03:42] Player (Mike, 76561198149271912)(<7067.631836, 29.465645, 5831.862793>) requested data for lock!
[00:03:42] Player (Mike, 76561198149271912)(<7053.369141, 30.080730, 5847.899902>) requested data for lock!
[00:03:43] Player (Mike, 76561198149271912)(<6905.119629, 37.132118, 6357.395996>) requested data for lock!
[00:11:38] Player ((ADMIN)BLUE, 76561199108250772)(<6459.086914, 18.397457, 6052.526855>) requested data for lock!
[00:11:38] Player ((ADMIN)BLUE, 76561199108250772)(<6901.531250, 37.330975, 6316.758789>) requested data for lock!
[00:11:38] Player ((ADMIN)BLUE, 76561199108250772)(<7060.294922, 29.417757, 5820.659668>) requested data for lock!
[00:11:38] Player ((ADMIN)BLUE, 76561199108250772)(<7067.631836, 29.465645, 5831.862793>) requested data for lock!
[00:11:39] Player ((ADMIN)BLUE, 76561199108250772)(<7053.369141, 30.080730, 5847.899902>) requested data for lock!
[00:11:39] Player ((ADMIN)BLUE, 76561199108250772)(<6905.119629, 37.132118, 6357.395996>) requested data for lock!
[01:35:10] Player (Mike, 76561198149271912)(<6459.086914, 18.397457, 6052.526855>) requested data for lock!
[01:35:10] Player (Mike, 76561198149271912)(<6901.531250, 37.330975, 6316.758789>) requested data for lock!
[01:35:10] Player (Mike, 76561198149271912)(<7060.294922, 29.417757, 5820.659668>) requested data for lock!
[01:35:10] Player (Mike, 76561198149271912)(<7067.631836, 29.465645, 5831.862793>) requested data for lock!
[01:35:10] Player (Mike, 76561198149271912)(<7053.369141, 30.080730, 5847.899902>) requested data for lock!
[01:35:10] Player (Mike, 76561198149271912)(<6905.119629, 37.132118, 6357.395996>) requested data for lock!
[01:55:23] Player (Mike, 76561198149271912)(<6459.086914, 18.397457, 6052.526855>) requested data for lock!
[02:22:49] Player ((ADMIN)BLUE, 76561199108250772)(<6459.086914, 18.397457, 6052.526855>) requested data for lock!
[02:28:10] Player (Mike, 76561198149271912)(<6459.086914, 18.397457, 6052.526855>) requested data for lock!
[02:28:46] Player (Mike, 76561198149271912)(<7053.369141, 30.080730, 5847.899902>) requested data for lock!
[02:28:48] Player (Mike, 76561198149271912)(<7060.294922, 29.417757, 5820.659668>) requested data for lock!
[02:28:48] Player (Mike, 76561198149271912)(<7067.631836, 29.465645, 5831.862793>) requested data for lock!
[02:28:53] Player (Mike, 76561198149271912)(<6901.531250, 37.330975, 6316.758789>) requested data for lock!
[02:28:55] Player (Mike, 76561198149271912)(<6905.119629, 37.132118, 6357.395996>) requested data for lock!
[02:31:29] Player ((ADMIN)BLUE, 76561199108250772)(<6459.086914, 18.397457, 6052.526855>) requested data for lock!
[02:31:29] Player ((ADMIN)BLUE, 76561199108250772)(<6901.531250, 37.330975, 6316.758789>) requested data for lock!
[02:31:29] Player ((ADMIN)BLUE, 76561199108250772)(<7060.294922, 29.417757, 5820.659668>) requested data for lock!
[02:31:30] Player ((ADMIN)BLUE, 76561199108250772)(<7067.631836, 29.465645, 5831.862793>) requested data for lock!
[02:31:30] Player ((ADMIN)BLUE, 76561199108250772)(<7053.369141, 30.080730, 5847.899902>) requested data for lock!
[02:31:30] Player ((ADMIN)BLUE, 76561199108250772)(<6905.119629, 37.132118, 6357.395996>) requested data for lock!
[02:34:45] Player (2mmDefeater, 76561198106674973)(<6459.086914, 18.397457, 6052.526855>) requested data for lock!
[02:34:45] Player (2mmDefeater, 76561198106674973)(<6901.531250, 37.330975, 6316.758789>) requested data for lock!
[02:34:45] Player (2mmDefeater, 76561198106674973)(<7060.294922, 29.417757, 5820.659668>) requested data for lock!
[02:34:45] Player (2mmDefeater, 76561198106674973)(<7067.631836, 29.465645, 5831.862793>) requested data for lock!
[02:34:45] Player (2mmDefeater, 76561198106674973)(<7053.369141, 30.080730, 5847.899902>) requested data for lock!
[02:34:45] Player (2mmDefeater, 76561198106674973)(<6905.119629, 37.132118, 6357.395996>) requested data for lock!
[04:41:06] Player ((ADMIN)BLUE, 76561199108250772)(<6459.086914, 18.397457, 6052.526855>) requested data for lock!
[04:41:06] Player (2mmDefeater, 76561198106674973)(<6459.086914, 18.397457, 6052.526855>) requested data for lock!
[04:41:06] Player (Mike, 76561198149271912)(<6459.086914, 18.397457, 6052.526855>) requested data for lock!
[04:41:43] Player ((ADMIN)BLUE, 76561199108250772)(<7053.369141, 30.080730, 5847.899902>) requested data for lock!
[04:41:43] Player (Mike, 76561198149271912)(<7053.369141, 30.080730, 5847.899902>) requested data for lock!
[04:41:43] Player (2mmDefeater, 76561198106674973)(<7053.369141, 30.080730, 5847.899902>) requested data for lock!
[04:41:44] Player (2mmDefeater, 76561198106674973)(<7060.294922, 29.417757, 5820.659668>) requested data for lock!
[04:41:44] Player ((ADMIN)BLUE, 76561199108250772)(<7060.294922, 29.417757, 5820.659668>) requested data for lock!
[04:41:44] Player (Mike, 76561198149271912)(<7060.294922, 29.417757, 5820.659668>) requested data for lock!
[04:41:45] Player ((ADMIN)BLUE, 76561199108250772)(<7067.631836, 29.465645, 5831.862793>) requested data for lock!
[04:41:45] Player (Mike, 76561198149271912)(<7067.631836, 29.465645, 5831.862793>) requested data for lock!
[04:41:45] Player (2mmDefeater, 76561198106674973)(<7067.631836, 29.465645, 5831.862793>) requested data for lock!
[04:41:48] Player (2mmDefeater, 76561198106674973)(<6901.531250, 37.330975, 6316.758789>) requested data for lock!
[04:41:49] Player ((ADMIN)BLUE, 76561199108250772)(<6901.531250, 37.330975, 6316.758789>) requested data for lock!
[04:41:49] Player (Mike, 76561198149271912)(<6901.531250, 37.330975, 6316.758789>) requested data for lock!
[04:41:50] Player (2mmDefeater, 76561198106674973)(<6905.119629, 37.132118, 6357.395996>) requested data for lock!
[04:41:50] Player ((ADMIN)BLUE, 76561199108250772)(<6905.119629, 37.132118, 6357.395996>) requested data for lock!
[04:41:51] Player (Mike, 76561198149271912)(<6905.119629, 37.132118, 6357.395996>) requested data for lock!
[04:46:01] Player ((ADMIN)BLUE, 76561199108250772)(<6459.086914, 18.397457, 6052.526855>) requested data for lock!
[04:46:01] Player ((ADMIN)BLUE, 76561199108250772)(<6901.531250, 37.330975, 6316.758789>) requested data for lock!
[04:46:01] Player ((ADMIN)BLUE, 76561199108250772)(<7060.294922, 29.417757, 5820.659668>) requested data for lock!
[04:46:01] Player ((ADMIN)BLUE, 76561199108250772)(<7067.631836, 29.465645, 5831.862793>) requested data for lock!
[04:46:01] Player ((ADMIN)BLUE, 76561199108250772)(<7053.369141, 30.080730, 5847.899902>) requested data for lock!
[04:46:01] Player ((ADMIN)BLUE, 76561199108250772)(<6905.119629, 37.132118, 6357.395996>) requested data for lock!
[05:41:54] Player (Mike, 76561198149271912)(<7067.631836, 29.465645, 5831.862793>) requested data for lock!
[05:41:54] Player (Stormy, 76561199147332623)(<7067.631836, 29.465645, 5831.862793>) requested data for lock!
[05:41:55] Player (Mike, 76561198149271912)(<7060.294922, 29.417757, 5820.659668>) requested data for lock!
[05:41:55] Player (Stormy, 76561199147332623)(<7060.294922, 29.417757, 5820.659668>) requested data for lock!
[05:41:56] Player (Mike, 76561198149271912)(<7053.369141, 30.080730, 5847.899902>) requested data for lock!
[05:41:56] Player (Stormy, 76561199147332623)(<7053.369141, 30.080730, 5847.899902>) requested data for lock!
[05:43:08] Player (Mike, 76561198149271912)(<6901.531250, 37.330975, 6316.758789>) requested data for lock!
[05:43:08] Player (Stormy, 76561199147332623)(<6901.531250, 37.330975, 6316.758789>) requested data for lock!
[05:43:11] Player (Stormy, 76561199147332623)(<6905.119629, 37.132118, 6357.395996>) requested data for lock!
[05:43:11] Player (Mike, 76561198149271912)(<6905.119629, 37.132118, 6357.395996>) requested data for lock!
[05:43:12] Player (Stormy, 76561199147332623)(<6459.086914, 18.397457, 6052.526855>) requested data for lock!
[05:43:12] Player (Mike, 76561198149271912)(<6459.086914, 18.397457, 6052.526855>) requested data for lock!
[05:45:52] Player (Stormy, 76561199147332623)(<6901.531250, 37.330975, 6316.758789>) requested data for lock!
[05:45:52] Player (Mike, 76561198149271912)(<6901.531250, 37.330975, 6316.758789>) requested data for lock!
[11-26-2023][06.00.29] Log file reloaded ( Server Restart )
[06:01:03] Player (Mike, 76561198149271912)(<6459.086914, 18.397457, 6052.526855>) requested data for lock!
[06:01:03] Player (Mike, 76561198149271912)(<7053.369141, 30.080730, 5847.899902>) requested data for lock!
[06:01:03] Player (Mike, 76561198149271912)(<7060.294922, 29.417757, 5820.659668>) requested data for lock!
[06:01:04] Player (Mike, 76561198149271912)(<7067.631836, 29.465645, 5831.862793>) requested data for lock!
[06:01:04] Player (Mike, 76561198149271912)(<6905.119629, 37.132118, 6357.395996>) requested data for lock!
[06:01:04] Player (Mike, 76561198149271912)(<6901.531250, 37.330975, 6316.758789>) requested data for lock!
[06:01:04] Player (Stormy, 76561199147332623)(<6459.086914, 18.397457, 6052.526855>) requested data for lock!
[06:01:05] Player (Stormy, 76561199147332623)(<7053.369141, 30.080730, 5847.899902>) requested data for lock!
[06:01:05] Player (Stormy, 76561199147332623)(<7060.294922, 29.417757, 5820.659668>) requested data for lock!
[06:01:06] Player (Stormy, 76561199147332623)(<7067.631836, 29.465645, 5831.862793>) requested data for lock!
[06:01:06] Player (Stormy, 76561199147332623)(<6905.119629, 37.132118, 6357.395996>) requested data for lock!
[06:01:07] Player (Stormy, 76561199147332623)(<6901.531250, 37.330975, 6316.758789>) requested data for lock!
[06:25:23] Player (Mike, 76561198149271912)(<6459.086914, 18.397457, 6052.526855>) requested data for lock!
[06:25:24] Player (Mike, 76561198149271912)(<7053.369141, 30.080730, 5847.899902>) requested data for lock!
[06:25:24] Player (Mike, 76561198149271912)(<7060.294922, 29.417757, 5820.659668>) requested data for lock!
[06:25:25] Player (Mike, 76561198149271912)(<7067.631836, 29.465645, 5831.862793>) requested data for lock!
[06:25:25] Player (Mike, 76561198149271912)(<6905.119629, 37.132118, 6357.395996>) requested data for lock!
[06:25:25] Player (Mike, 76561198149271912)(<6901.531250, 37.330975, 6316.758789>) requested data for lock!
[06:55:20] Player (Mike, 76561198149271912)(<6905.119629, 37.132118, 6357.395996>) requested data for lock!
[06:55:20] Player (Mike, 76561198149271912)(<6901.531250, 37.330975, 6316.758789>) requested data for lock!
[06:55:21] Player (Stormy, 76561199147332623)(<6905.119629, 37.132118, 6357.395996>) requested data for lock!
[06:55:21] Player (Stormy, 76561199147332623)(<6901.531250, 37.330975, 6316.758789>) requested data for lock!
[06:59:47] Player (Mike, 76561198149271912)(<6459.086914, 18.397457, 6052.526855>) requested data for lock!
[06:59:47] Player (Stormy, 76561199147332623)(<6459.086914, 18.397457, 6052.526855>) requested data for lock!
[07:08:19] Player (Mike, 76561198149271912)(<6905.119629, 37.132118, 6357.395996>) requested data for lock!
[07:08:19] Player (Stormy, 76561199147332623)(<6905.119629, 37.132118, 6357.395996>) requested data for lock!
[07:08:22] Player (Stormy, 76561199147332623)(<6901.531250, 37.330975, 6316.758789>) requested data for lock!
[07:08:22] Player (Mike, 76561198149271912)(<6901.531250, 37.330975, 6316.758789>) requested data for lock!
[07:08:39] Player (Stormy, 76561199147332623)(<6459.086914, 18.397457, 6052.526855>) requested data for lock!
[07:08:39] Player (Mike, 76561198149271912)(<6459.086914, 18.397457, 6052.526855>) requested data for lock!
[07:09:22] Player (Stormy, 76561199147332623)(<7053.369141, 30.080730, 5847.899902>) requested data for lock!
[07:09:22] Player (Mike, 76561198149271912)(<7053.369141, 30.080730, 5847.899902>) requested data for lock!
[07:09:24] Player (Stormy, 76561199147332623)(<7067.631836, 29.465645, 5831.862793>) requested data for lock!
[07:09:24] Player (Mike, 76561198149271912)(<7067.631836, 29.465645, 5831.862793>) requested data for lock!
[07:09:30] Player (Stormy, 76561199147332623)(<7060.294922, 29.417757, 5820.659668>) requested data for lock!
[07:09:31] Player (Mike, 76561198149271912)(<7060.294922, 29.417757, 5820.659668>) requested data for lock!
[07:12:23] Player (Stormy, 76561199147332623)(<6905.119629, 37.132118, 6357.395996>) requested data for lock!
[07:12:23] Player (Mike, 76561198149271912)(<6905.119629, 37.132118, 6357.395996>) requested data for lock!
[11:08:52] Player (Rick Grimes, 76561198260361864)(<2664.494629, 25.874897, 6042.023926>) requested data for lock!
[11-26-2023][12.00.27] Log file reloaded ( Server Restart )
[13:14:46] Player ((ADMIN)BLUE, 76561199108250772)(<6459.086914, 18.397457, 6052.526855>) requested data for lock!
[13:14:46] Player ((ADMIN)BLUE, 76561199108250772)(<7053.369141, 30.080730, 5847.899902>) requested data for lock!
[13:14:46] Player ((ADMIN)BLUE, 76561199108250772)(<7067.631836, 29.465645, 5831.862793>) requested data for lock!
[13:14:46] Player ((ADMIN)BLUE, 76561199108250772)(<7060.294922, 29.417757, 5820.659668>) requested data for lock!
[13:14:46] Player ((ADMIN)BLUE, 76561199108250772)(<6901.531250, 37.330975, 6316.758789>) requested data for lock!
[13:14:46] Player ((ADMIN)BLUE, 76561199108250772)(<6905.119629, 37.132118, 6357.395996>) requested data for lock!
[16:21:01] Player (Mike, 76561198149271912)(<6459.086914, 18.397457, 6052.526855>) requested data for lock!
[16:21:01] Player (Mike, 76561198149271912)(<7053.369141, 30.080730, 5847.899902>) requested data for lock!
[16:21:02] Player (Mike, 76561198149271912)(<7067.631836, 29.465645, 5831.862793>) requested data for lock!
[16:21:02] Player (Mike, 76561198149271912)(<7060.294922, 29.417757, 5820.659668>) requested data for lock!
[16:21:02] Player (Mike, 76561198149271912)(<6901.531250, 37.330975, 6316.758789>) requested data for lock!
[16:21:02] Player (Mike, 76561198149271912)(<6905.119629, 37.132118, 6357.395996>) requested data for lock!
[16:23:24] Player (Stormy, 76561199147332623)(<6459.086914, 18.397457, 6052.526855>) requested data for lock!
[16:23:24] Player (Stormy, 76561199147332623)(<7053.369141, 30.080730, 5847.899902>) requested data for lock!
[16:23:24] Player (Stormy, 76561199147332623)(<7067.631836, 29.465645, 5831.862793>) requested data for lock!
[16:23:24] Player (Stormy, 76561199147332623)(<7060.294922, 29.417757, 5820.659668>) requested data for lock!
[16:23:24] Player (Stormy, 76561199147332623)(<6901.531250, 37.330975, 6316.758789>) requested data for lock!
[16:23:24] Player (Stormy, 76561199147332623)(<6905.119629, 37.132118, 6357.395996>) requested data for lock!
[16:40:48] Player (Mike, 76561198149271912)(<6459.086914, 18.397457, 6052.526855>) requested data for lock!
[16:40:48] Player (Stormy, 76561199147332623)(<6459.086914, 18.397457, 6052.526855>) requested data for lock!
[16:41:18] Player (Mike, 76561198149271912)(<7053.369141, 30.080730, 5847.899902>) requested data for lock!
[16:41:18] Player (Stormy, 76561199147332623)(<7053.369141, 30.080730, 5847.899902>) requested data for lock!
[16:41:20] Player (Mike, 76561198149271912)(<7060.294922, 29.417757, 5820.659668>) requested data for lock!
[16:41:20] Player (Stormy, 76561199147332623)(<7060.294922, 29.417757, 5820.659668>) requested data for lock!
[16:41:20] Player (Mike, 76561198149271912)(<7067.631836, 29.465645, 5831.862793>) requested data for lock!
[16:41:20] Player (Stormy, 76561199147332623)(<7067.631836, 29.465645, 5831.862793>) requested data for lock!
[16:41:23] Player (Stormy, 76561199147332623)(<6901.531250, 37.330975, 6316.758789>) requested data for lock!
[16:41:24] Player (Mike, 76561198149271912)(<6901.531250, 37.330975, 6316.758789>) requested data for lock!
[16:41:25] Player (Mike, 76561198149271912)(<6905.119629, 37.132118, 6357.395996>) requested data for lock!
[16:41:25] Player (Stormy, 76561199147332623)(<6905.119629, 37.132118, 6357.395996>) requested data for lock!
[17:08:10] Player (Mike, 76561198149271912)(<6901.531250, 37.330975, 6316.758789>) requested data for lock!
[17:08:10] Player (Mike, 76561198149271912)(<6905.119629, 37.132118, 6357.395996>) requested data for lock!
[17:08:11] Player (Mike, 76561198149271912)(<7053.369141, 30.080730, 5847.899902>) requested data for lock!
[17:08:11] Player (Mike, 76561198149271912)(<7067.631836, 29.465645, 5831.862793>) requested data for lock!
[17:08:12] Player (Mike, 76561198149271912)(<7060.294922, 29.417757, 5820.659668>) requested data for lock!
[17:13:26] Player (Mike, 76561198149271912)(<6459.086914, 18.397457, 6052.526855>) requested data for lock!
[11-26-2023][18.00.30] Log file reloaded ( Server Restart )
[20:39:31] Player (Mike, 76561198149271912)(<6459.086914, 18.397457, 6052.526855>) requested data for lock!
[20:39:31] Player (Mike, 76561198149271912)(<7060.294922, 29.417757, 5820.659668>) requested data for lock!
[20:39:31] Player (Mike, 76561198149271912)(<6905.119629, 37.132118, 6357.395996>) requested data for lock!
[20:39:31] Player (Mike, 76561198149271912)(<7067.631836, 29.465645, 5831.862793>) requested data for lock!
[20:39:31] Player (Mike, 76561198149271912)(<7053.369141, 30.080730, 5847.899902>) requested data for lock!
[20:39:31] Player (Mike, 76561198149271912)(<6901.531250, 37.330975, 6316.758789>) requested data for lock!
[22:15:00] Player ((ADMIN)BLUE, 76561199108250772)(<6459.086914, 18.397457, 6052.526855>) requested data for lock!
[22:15:00] Player ((ADMIN)BLUE, 76561199108250772)(<7060.294922, 29.417757, 5820.659668>) requested data for lock!
[22:15:00] Player ((ADMIN)BLUE, 76561199108250772)(<6905.119629, 37.132118, 6357.395996>) requested data for lock!
[22:15:00] Player ((ADMIN)BLUE, 76561199108250772)(<7067.631836, 29.465645, 5831.862793>) requested data for lock!
[22:15:00] Player ((ADMIN)BLUE, 76561199108250772)(<7053.369141, 30.080730, 5847.899902>) requested data for lock!
[22:15:00] Player ((ADMIN)BLUE, 76561199108250772)(<6901.531250, 37.330975, 6316.758789>) requested data for lock!
