[11-25-2023][00.00.27] New Synch Log File Created!
[11-25-2023][06.00.30] Log file reloaded ( Server Restart )
[11-25-2023][12.00.30] Log file reloaded ( Server Restart )
[13:33:04] Player (palstimpson, 76561199140471075)(<2664.494629, 25.874897, 6042.023926>) requested data for lock!
[15:03:10] Player (palstimpson, 76561199140471075)(<2664.494629, 25.874897, 6042.023926>) requested data for lock!
[11-25-2023][18.00.29] Log file reloaded ( Server Restart )
[21:19:38] Player (Mike, 76561198149271912)(<7067.631836, 29.465645, 5831.862793>) requested data for lock!
[21:19:38] Player (Mike, 76561198149271912)(<7053.369141, 30.080730, 5847.899902>) requested data for lock!
[21:19:40] Player (Mike, 76561198149271912)(<7060.294922, 29.417757, 5820.659668>) requested data for lock!
[21:19:44] Player ((ADMIN)BLUE, 76561199108250772)(<6459.086914, 18.397457, 6052.526855>) requested data for lock!
[21:19:45] Player ((ADMIN)BLUE, 76561199108250772)(<7067.631836, 29.465645, 5831.862793>) requested data for lock!
[21:19:45] Player ((ADMIN)BLUE, 76561199108250772)(<7060.294922, 29.417757, 5820.659668>) requested data for lock!
[21:19:45] Player ((ADMIN)BLUE, 76561199108250772)(<7053.369141, 30.080730, 5847.899902>) requested data for lock!
[21:20:46] Player (Mike, 76561198149271912)(<6459.086914, 18.397457, 6052.526855>) requested data for lock!
[22:49:23] Player (Mike, 76561198149271912)(<6905.119629, 37.132118, 6357.395996>) requested data for lock!
[22:49:23] Player ((ADMIN)BLUE, 76561199108250772)(<6905.119629, 37.132118, 6357.395996>) requested data for lock!
[23:12:20] Player (Jrasl, 76561199062166080)(<6905.119629, 37.132118, 6357.395996>) requested data for lock!
[23:12:20] Player (Jrasl, 76561199062166080)(<6459.086914, 18.397457, 6052.526855>) requested data for lock!
[23:12:20] Player (Jrasl, 76561199062166080)(<7067.631836, 29.465645, 5831.862793>) requested data for lock!
[23:12:20] Player (Jrasl, 76561199062166080)(<7060.294922, 29.417757, 5820.659668>) requested data for lock!
[23:12:20] Player (Jrasl, 76561199062166080)(<7053.369141, 30.080730, 5847.899902>) requested data for lock!
[23:27:25] Player (Mike, 76561198149271912)(<7053.369141, 30.080730, 5847.899902>) requested data for lock!
[23:27:31] Player (Mike, 76561198149271912)(<7067.631836, 29.465645, 5831.862793>) requested data for lock!
[23:27:34] Player (Mike, 76561198149271912)(<7060.294922, 29.417757, 5820.659668>) requested data for lock!
[23:44:30] Player (Jrasl, 76561199062166080)(<6901.531250, 37.330975, 6316.758789>) requested data for lock!
[23:44:30] Player (Mike, 76561198149271912)(<6901.531250, 37.330975, 6316.758789>) requested data for lock!
[23:53:26] Player ((ADMIN)BLUE, 76561199108250772)(<6901.531250, 37.330975, 6316.758789>) requested data for lock!
[23:53:26] Player ((ADMIN)BLUE, 76561199108250772)(<6905.119629, 37.132118, 6357.395996>) requested data for lock!
[23:53:26] Player ((ADMIN)BLUE, 76561199108250772)(<6459.086914, 18.397457, 6052.526855>) requested data for lock!
[23:53:26] Player ((ADMIN)BLUE, 76561199108250772)(<7067.631836, 29.465645, 5831.862793>) requested data for lock!
[23:53:27] Player ((ADMIN)BLUE, 76561199108250772)(<7060.294922, 29.417757, 5820.659668>) requested data for lock!
[23:53:27] Player ((ADMIN)BLUE, 76561199108250772)(<7053.369141, 30.080730, 5847.899902>) requested data for lock!
