[11-04-2023][00.00.29] New Synch Log File Created!
[11-04-2023][06.00.30] Log file reloaded ( Server Restart )
[09:12:46] Player (KeefNoBizzFreeman, 76561198297930410)(<7067.631836, 29.465645, 5831.862793>) requested data for lock!
[09:14:23] Player (KeefNoBizzFreeman, 76561198297930410)(<7060.294922, 29.417757, 5820.659668>) requested data for lock!
[09:14:32] Player (KeefNoBizzFreeman, 76561198297930410)(<7053.369141, 30.080730, 5847.899902>) requested data for lock!
[11-04-2023][12.00.28] Log file reloaded ( Server Restart )
[12:02:04] Player (Ghost, 76561199523450192)(<6459.086914, 18.397457, 6052.526855>) requested data for lock!
[12:02:04] Player (Ghost, 76561199523450192)(<7053.369141, 30.080730, 5847.899902>) requested data for lock!
[12:02:04] Player (Ghost, 76561199523450192)(<7060.294922, 29.417757, 5820.659668>) requested data for lock!
[12:02:04] Player (Ghost, 76561199523450192)(<7067.631836, 29.465645, 5831.862793>) requested data for lock!
[14:47:33] Player (Darkman Esquiire, 76561197980466132)(<6459.086914, 18.397457, 6052.526855>) requested data for lock!
[14:47:33] Player (Ghost, 76561199523450192)(<6459.086914, 18.397457, 6052.526855>) requested data for lock!
[14:48:19] Player (Darkman Esquiire, 76561197980466132)(<7053.369141, 30.080730, 5847.899902>) requested data for lock!
[14:48:19] Player (Ghost, 76561199523450192)(<7053.369141, 30.080730, 5847.899902>) requested data for lock!
[14:48:20] Player (Darkman Esquiire, 76561197980466132)(<7060.294922, 29.417757, 5820.659668>) requested data for lock!
[14:48:20] Player (Ghost, 76561199523450192)(<7060.294922, 29.417757, 5820.659668>) requested data for lock!
[14:48:20] Player (Darkman Esquiire, 76561197980466132)(<7067.631836, 29.465645, 5831.862793>) requested data for lock!
[14:48:20] Player (Ghost, 76561199523450192)(<7067.631836, 29.465645, 5831.862793>) requested data for lock!
[11-04-2023][18.00.29] Log file reloaded ( Server Restart )
[19:00:35] Player (Ghost, 76561199523450192)(<6459.086914, 18.397457, 6052.526855>) requested data for lock!
[19:00:36] Player (Darkman Esquiire, 76561197980466132)(<6459.086914, 18.397457, 6052.526855>) requested data for lock!
[19:01:24] Player (Ghost, 76561199523450192)(<7053.369141, 30.080730, 5847.899902>) requested data for lock!
[19:01:25] Player (Darkman Esquiire, 76561197980466132)(<7053.369141, 30.080730, 5847.899902>) requested data for lock!
[19:01:25] Player (Ghost, 76561199523450192)(<7060.294922, 29.417757, 5820.659668>) requested data for lock!
[19:01:25] Player (Darkman Esquiire, 76561197980466132)(<7067.631836, 29.465645, 5831.862793>) requested data for lock!
[19:01:25] Player (Darkman Esquiire, 76561197980466132)(<7060.294922, 29.417757, 5820.659668>) requested data for lock!
[19:01:26] Player (Ghost, 76561199523450192)(<7067.631836, 29.465645, 5831.862793>) requested data for lock!
[20:41:23] Player (Darkman Esquiire, 76561197980466132)(<6459.086914, 18.397457, 6052.526855>) requested data for lock!
[20:41:23] Player (Ghost, 76561199523450192)(<6459.086914, 18.397457, 6052.526855>) requested data for lock!
[20:42:16] Player (Ghost, 76561199523450192)(<7053.369141, 30.080730, 5847.899902>) requested data for lock!
[20:42:17] Player (Darkman Esquiire, 76561197980466132)(<7053.369141, 30.080730, 5847.899902>) requested data for lock!
[20:42:17] Player (Ghost, 76561199523450192)(<7060.294922, 29.417757, 5820.659668>) requested data for lock!
[20:42:17] Player (Darkman Esquiire, 76561197980466132)(<7067.631836, 29.465645, 5831.862793>) requested data for lock!
[20:42:17] Player (Darkman Esquiire, 76561197980466132)(<7060.294922, 29.417757, 5820.659668>) requested data for lock!
[20:42:18] Player (Ghost, 76561199523450192)(<7067.631836, 29.465645, 5831.862793>) requested data for lock!
[21:53:51] Player (Darkman Esquiire, 76561197980466132)(<6459.086914, 18.397457, 6052.526855>) requested data for lock!
[21:54:18] Player (Darkman Esquiire, 76561197980466132)(<7053.369141, 30.080730, 5847.899902>) requested data for lock!
[21:54:20] Player (Darkman Esquiire, 76561197980466132)(<7060.294922, 29.417757, 5820.659668>) requested data for lock!
[21:54:21] Player (Darkman Esquiire, 76561197980466132)(<7067.631836, 29.465645, 5831.862793>) requested data for lock!
[22:23:47] Player (Darkman Esquiire, 76561197980466132)(<7067.631836, 29.465645, 5831.862793>) requested data for lock!
[22:23:48] Player (Darkman Esquiire, 76561197980466132)(<7053.369141, 30.080730, 5847.899902>) requested data for lock!
[22:23:48] Player (Darkman Esquiire, 76561197980466132)(<7060.294922, 29.417757, 5820.659668>) requested data for lock!
[22:24:16] Player (Darkman Esquiire, 76561197980466132)(<6459.086914, 18.397457, 6052.526855>) requested data for lock!
