[11-23-2023][00.00.29] New Synch Log File Created!
[11-23-2023][06.00.28] Log file reloaded ( Server Restart )
[11-23-2023][12.00.29] Log file reloaded ( Server Restart )
[14:26:51] Player ((ADMIN)BLUE, 76561199108250772)(<7053.369141, 30.080730, 5847.899902>) requested data for lock!
[14:26:51] Player ((ADMIN)BLUE, 76561199108250772)(<7060.294922, 29.417757, 5820.659668>) requested data for lock!
[14:26:51] Player ((ADMIN)BLUE, 76561199108250772)(<7067.631836, 29.465645, 5831.862793>) requested data for lock!
[16:07:41] Player (Noop_Noop, 76561199472957407)(<7067.631836, 29.465645, 5831.862793>) requested data for lock!
[16:07:42] Player (Noop_Noop, 76561199472957407)(<7060.294922, 29.417757, 5820.659668>) requested data for lock!
[16:07:42] Player (Noop_Noop, 76561199472957407)(<7053.369141, 30.080730, 5847.899902>) requested data for lock!
[16:09:30] Player (Noop_Noop, 76561199472957407)(<6459.086914, 18.397457, 6052.526855>) requested data for lock!
[16:20:07] Player (Noop_Noop, 76561199472957407)(<6459.086914, 18.397457, 6052.526855>) requested data for lock!
[16:20:07] Player (Noop_Noop, 76561199472957407)(<7053.369141, 30.080730, 5847.899902>) requested data for lock!
[16:20:07] Player (Noop_Noop, 76561199472957407)(<7060.294922, 29.417757, 5820.659668>) requested data for lock!
[16:20:07] Player (Noop_Noop, 76561199472957407)(<7067.631836, 29.465645, 5831.862793>) requested data for lock!
[16:39:48] Player (Noop_Noop, 76561199472957407)(<6459.086914, 18.397457, 6052.526855>) requested data for lock!
[17:32:35] Player (Noop_Noop, 76561199472957407)(<6459.086914, 18.397457, 6052.526855>) requested data for lock!
[17:34:08] Player (Noop_Noop, 76561199472957407)(<7053.369141, 30.080730, 5847.899902>) requested data for lock!
[17:34:08] Player (Noop_Noop, 76561199472957407)(<7060.294922, 29.417757, 5820.659668>) requested data for lock!
[17:34:09] Player (Noop_Noop, 76561199472957407)(<7067.631836, 29.465645, 5831.862793>) requested data for lock!
[17:35:48] Player (dirtystiX, 76561198415538342)(<6459.086914, 18.397457, 6052.526855>) requested data for lock!
[17:41:30] Player (dirtystiX, 76561198415538342)(<7053.369141, 30.080730, 5847.899902>) requested data for lock!
[17:41:32] Player (dirtystiX, 76561198415538342)(<7067.631836, 29.465645, 5831.862793>) requested data for lock!
[17:41:35] Player (dirtystiX, 76561198415538342)(<7060.294922, 29.417757, 5820.659668>) requested data for lock!
[11-23-2023][18.00.30] Log file reloaded ( Server Restart )
[18:01:18] Player (dirtystiX, 76561198415538342)(<6459.086914, 18.397457, 6052.526855>) requested data for lock!
[18:01:18] Player (dirtystiX, 76561198415538342)(<7067.631836, 29.465645, 5831.862793>) requested data for lock!
[18:01:18] Player (dirtystiX, 76561198415538342)(<7053.369141, 30.080730, 5847.899902>) requested data for lock!
[18:01:18] Player (dirtystiX, 76561198415538342)(<7060.294922, 29.417757, 5820.659668>) requested data for lock!
[18:02:03] Player (Noop_Noop, 76561199472957407)(<6459.086914, 18.397457, 6052.526855>) requested data for lock!
[18:02:03] Player (Noop_Noop, 76561199472957407)(<7067.631836, 29.465645, 5831.862793>) requested data for lock!
[18:02:03] Player (Noop_Noop, 76561199472957407)(<7053.369141, 30.080730, 5847.899902>) requested data for lock!
[18:02:03] Player (Noop_Noop, 76561199472957407)(<7060.294922, 29.417757, 5820.659668>) requested data for lock!
[20:14:54] Player (dirtystiX, 76561198415538342)(<2664.855225, 25.812138, 6042.356445>) requested data for lock!
[20:14:54] Player ((ADMIN)BLUE, 76561199108250772)(<2664.855225, 25.812138, 6042.356445>) requested data for lock!
[21:29:07] Player (dirtystiX, 76561198415538342)(<2664.855225, 25.812138, 6042.356445>) requested data for lock!
[21:29:10] Player ((ADMIN)BLUE, 76561199108250772)(<2664.855225, 25.812138, 6042.356445>) requested data for lock!
[21:33:04] Player (Goovis Andachair, 76561199407766611)(<2664.855225, 25.812138, 6042.356445>) requested data for lock!
[22:02:57] Player (Goovis Andachair, 76561199407766611)(<2664.494629, 25.874897, 6042.023926>) requested data for lock!
[22:02:57] Player (dirtystiX, 76561198415538342)(<2664.494629, 25.874897, 6042.023926>) requested data for lock!
[22:02:57] Player ((ADMIN)BLUE, 76561199108250772)(<2664.494629, 25.874897, 6042.023926>) requested data for lock!
[22:11:55] Player ((ADMIN)BLUE, 76561199108250772)(<2664.494629, 25.874897, 6042.023926>) requested data for lock!
