[02-23-2024][00.00.21] New Access Log File Created!
[02-23-2024][06.00.24] Log file reloaded ( Server Restart )
[08:41:07] Player (G.A.T.I-Sonyk, 76561198241265216)(<8688.136719, 12.203001, 1265.629883>) quick accessed a lock!
[08:45:05] Player (G.A.T.I-Sonyk, 76561198241265216)(<8688.136719, 12.203001, 1265.629883>) quick accessed a lock!
[08:57:35] Player (G.A.T.I-Sonyk, 76561198241265216)(<8688.136719, 12.203001, 1265.629883>) quick accessed a lock!
[09:36:11] Player (Jasper, 76561198065439876)(<3131.123779, 6.862142, 5471.154297>) set a new passcode on lock!
[09:36:11] Player (Jasper, 76561198065439876)(<3131.123779, 6.862142, 5471.154297>) claimed ownership of a lock!
[09:36:16] Player (Jasper, 76561198065439876)(<3131.123779, 6.862142, 5471.154297>) quick accessed a lock!
[09:36:28] Player (Jasper, 76561198065439876)(<3131.123779, 6.862142, 5471.154297>) quick accessed a lock!
[09:40:59] Player (Jasper, 76561198065439876)(<3131.123779, 6.862142, 5471.154297>) quick accessed a lock!
[09:43:49] Player (Jasper, 76561198065439876)(<3131.123779, 6.862142, 5471.154297>) quick accessed a lock!
[09:44:37] Player (Jasper, 76561198065439876)(<3131.123779, 6.862142, 5471.154297>) quick accessed a lock!
[09:56:45] Player (Jasper, 76561198065439876)(<3131.123779, 6.862142, 5471.154297>) quick accessed a lock!
[10:04:40] Player (Jasper, 76561198065439876)(<3131.123779, 6.862142, 5471.154297>) quick accessed a lock!
[10:06:10] Player (Jasper, 76561198065439876)(<3131.123779, 6.862142, 5471.154297>) quick accessed a lock!
[10:44:48] Player (Jasper, 76561198065439876)(<3131.123779, 6.862142, 5471.154297>) quick accessed a lock!
[10:48:47] Player (Jasper, 76561198065439876)(<3131.123779, 6.862142, 5471.154297>) quick accessed a lock!
[10:50:30] Player (Jasper, 76561198065439876)(<3131.123779, 6.862142, 5471.154297>) quick accessed a lock!
[11:14:49] Player (Jasper, 76561198065439876)(<3131.123779, 6.862142, 5471.154297>) quick accessed a lock!
[11:32:16] Player (Jasper, 76561198065439876)(<3131.123779, 6.862142, 5471.154297>) quick accessed a lock!
[11:33:22] Player (Jasper, 76561198065439876)(<3131.123779, 6.862142, 5471.154297>) quick accessed a lock!
[11:47:24] Player (Jasper, 76561198065439876)(<3131.123779, 6.862142, 5471.154297>) quick accessed a lock!
[02-23-2024][12.00.21] Log file reloaded ( Server Restart )
[12:04:20] Player (Jasper, 76561198065439876)(<3131.123779, 6.862142, 5471.154297>) quick accessed a lock!
[12:05:39] Player (Jasper, 76561198065439876)(<3131.123779, 6.862142, 5471.154297>) quick accessed a lock!
[12:25:41] Player (G.A.T.I-Sonyk, 76561198241265216)(<8688.136719, 12.203001, 1265.629883>) quick accessed a lock!
[12:38:24] Player (G.A.T.I-Sonyk, 76561198241265216)(<8688.136719, 12.203001, 1265.629883>) quick accessed a lock!
[12:47:20] Player (Jasper, 76561198065439876)(<3131.123779, 6.862142, 5471.154297>) quick accessed a lock!
[13:23:34] Player (G.A.T.I-Sonyk, 76561198241265216)(<8688.136719, 12.203001, 1265.629883>) quick accessed a lock!
[13:26:35] Player (G.A.T.I-Sonyk, 76561198241265216)(<8688.136719, 12.203001, 1265.629883>) removed a lock!
[13:28:04] Player (Jasper, 76561198065439876)(<3131.123779, 6.862142, 5471.154297>) quick accessed a lock!
[13:39:26] Player (G.A.T.I-Sonyk, 76561198241265216)(<9795.285156, 13.024646, 2221.030273>) set a new passcode on lock!
[13:39:26] Player (G.A.T.I-Sonyk, 76561198241265216)(<9795.285156, 13.024646, 2221.030273>) claimed ownership of a lock!
[13:50:24] Player (G.A.T.I-Sonyk, 76561198241265216)(<9795.285156, 13.024646, 2221.030273>) quick accessed a lock!
[13:53:32] Player (G.A.T.I-Sonyk, 76561198241265216)(<9795.285156, 13.024646, 2221.030273>) quick accessed a lock!
[14:01:21] Player (G.A.T.I-Sonyk, 76561198241265216)(<9795.285156, 13.024646, 2221.030273>) quick accessed a lock!
[14:04:02] Player (G.A.T.I-Sonyk, 76561198241265216)(<9795.285156, 13.024646, 2221.030273>) quick accessed a lock!
[14:35:56] Player (Jasper, 76561198065439876)(<3131.123779, 6.862142, 5471.154297>) removed a lock!
[14:36:21] Player (Jasper, 76561198065439876)(<3136.351318, 7.583895, 5440.378906>) set a new passcode on lock!
[14:36:21] Player (Jasper, 76561198065439876)(<3136.351318, 7.583895, 5440.378906>) claimed ownership of a lock!
[14:54:05] Player (Jasper, 76561198065439876)(<3136.351318, 7.583895, 5440.378906>) quick accessed a lock!
[14:56:00] Player (Jasper, 76561198065439876)(<3136.351318, 7.583895, 5440.378906>) quick accessed a lock!
[15:25:07] Player (Jasper, 76561198065439876)(<3136.351318, 7.583895, 5440.378906>) quick accessed a lock!
[15:37:20] Player (Jasper, 76561198065439876)(<3136.351318, 7.583895, 5440.378906>) quick accessed a lock!
[15:45:29] Player (Jasper, 76561198065439876)(<3136.351318, 7.583895, 5440.378906>) quick accessed a lock!
[15:53:21] Player (Jasper, 76561198065439876)(<3136.351318, 7.583895, 5440.378906>) quick accessed a lock!
[15:58:28] Player (Sarco, 76561198054951691)(<3136.351318, 7.583895, 5440.378906>) accessed a lock!
[15:58:28] Player (Sarco, 76561198054951691)(<3136.351318, 7.583895, 5440.378906>) was added as a guest of a lock!
[16:07:10] Player (Jasper, 76561198065439876)(<3136.351318, 7.583895, 5440.378906>) quick accessed a lock!
[16:10:21] Player (Jasper, 76561198065439876)(<3136.351318, 7.583895, 5440.378906>) quick accessed a lock!
[16:29:25] Player (Jasper, 76561198065439876)(<3136.351318, 7.583895, 5440.378906>) quick accessed a lock!
[16:31:42] Player (Sarco, 76561198054951691)(<3136.351318, 7.583895, 5440.378906>) quick accessed a lock!
[16:42:00] Player (Jasper, 76561198065439876)(<3136.351318, 7.583895, 5440.378906>) quick accessed a lock!
[17:11:45] Player (Sarco, 76561198054951691)(<3136.351318, 7.583895, 5440.378906>) quick accessed a lock!
[17:12:25] Player (Sarco, 76561198054951691)(<3131.123779, 6.862142, 5471.154297>) set a new passcode on lock!
[17:12:25] Player (Sarco, 76561198054951691)(<3131.123779, 6.862142, 5471.154297>) claimed ownership of a lock!
[17:12:31] Player (Sarco, 76561198054951691)(<3131.123779, 6.862142, 5471.154297>) quick accessed a lock!
[17:12:50] Player (Jasper, 76561198065439876)(<3136.351318, 7.583895, 5440.378906>) quick accessed a lock!
[17:13:07] Player (Jasper, 76561198065439876)(<3131.123779, 6.862142, 5471.154297>) accessed a lock!
[17:13:07] Player (Jasper, 76561198065439876)(<3131.123779, 6.862142, 5471.154297>) was added as a guest of a lock!
[17:21:10] Player (G.A.T.I-Sonyk, 76561198241265216)(<9795.285156, 13.024646, 2221.030273>) quick accessed a lock!
[17:38:33] Player (G.A.T.I-Sonyk, 76561198241265216)(<9795.285156, 13.024646, 2221.030273>) quick accessed a lock!
[17:39:13] Player (G.A.T.I-Sonyk, 76561198241265216)(<9795.285156, 13.024646, 2221.030273>) quick accessed a lock!
[02-23-2024][18.00.24] Log file reloaded ( Server Restart )
