[02-24-2024][00.00.20] New Access Log File Created!
[02-24-2024][06.00.24] Log file reloaded ( Server Restart )
[06:22:55] Player (Jasper, 76561198065439876)(<3131.123779, 6.862142, 5471.154297>) quick accessed a lock!
[06:23:06] Player (Jasper, 76561198065439876)(<3136.351318, 7.583895, 5440.378906>) quick accessed a lock!
[06:36:08] Player (Jasper, 76561198065439876)(<3136.351318, 7.583895, 5440.378906>) quick accessed a lock!
[06:40:35] Player (Jasper, 76561198065439876)(<3136.351318, 7.583895, 5440.378906>) quick accessed a lock!
[07:10:47] Player (Sarco, 76561198054951691)(<3131.123779, 6.862142, 5471.154297>) quick accessed a lock!
[07:14:43] Player (Jasper, 76561198065439876)(<3136.351318, 7.583895, 5440.378906>) quick accessed a lock!
[07:20:11] Player (Sarco, 76561198054951691)(<3136.351318, 7.583895, 5440.378906>) quick accessed a lock!
[07:26:14] Player (Jasper, 76561198065439876)(<3136.351318, 7.583895, 5440.378906>) quick accessed a lock!
[07:27:52] Player (Sarco, 76561198054951691)(<3136.351318, 7.583895, 5440.378906>) quick accessed a lock!
[07:28:16] Player (Jasper, 76561198065439876)(<3136.351318, 7.583895, 5440.378906>) quick accessed a lock!
[07:29:37] Player (Sarco, 76561198054951691)(<3131.123779, 6.862142, 5471.154297>) quick accessed a lock!
[07:38:53] Player (Jasper, 76561198065439876)(<3131.123779, 6.862142, 5471.154297>) quick accessed a lock!
[07:44:24] Player (Jasper, 76561198065439876)(<3136.351318, 7.583895, 5440.378906>) quick accessed a lock!
[08:37:00] Player (Sarco, 76561198054951691)(<3136.351318, 7.583895, 5440.378906>) quick accessed a lock!
[08:37:47] Player (Jasper, 76561198065439876)(<3131.123779, 6.862142, 5471.154297>) quick accessed a lock!
[08:37:53] Player (Jasper, 76561198065439876)(<3131.123779, 6.862142, 5471.154297>) quick accessed a lock!
[09:15:20] Player (Sarco, 76561198054951691)(<3136.351318, 7.583895, 5440.378906>) quick accessed a lock!
[09:16:18] Player (Jasper, 76561198065439876)(<3136.351318, 7.583895, 5440.378906>) quick accessed a lock!
[09:17:24] Player (Jasper, 76561198065439876)(<3136.351318, 7.583895, 5440.378906>) quick accessed a lock!
[09:22:09] Player (Sarco, 76561198054951691)(<3136.351318, 7.583895, 5440.378906>) quick accessed a lock!
[09:41:20] Player (Jasper, 76561198065439876)(<3136.351318, 7.583895, 5440.378906>) quick accessed a lock!
[09:42:38] Player (Sarco, 76561198054951691)(<3136.351318, 7.583895, 5440.378906>) quick accessed a lock!
[09:45:07] Player (Jasper, 76561198065439876)(<3136.351318, 7.583895, 5440.378906>) quick accessed a lock!
[09:49:55] Player (Jasper, 76561198065439876)(<3136.351318, 7.583895, 5440.378906>) quick accessed a lock!
[09:59:00] Player (Jasper, 76561198065439876)(<3136.351318, 7.583895, 5440.378906>) quick accessed a lock!
[09:59:09] Player (Sarco, 76561198054951691)(<3136.351318, 7.583895, 5440.378906>) quick accessed a lock!
[10:15:42] Player (Sarco, 76561198054951691)(<3136.351318, 7.583895, 5440.378906>) quick accessed a lock!
[10:44:24] Player (Jasper, 76561198065439876)(<3136.351318, 7.583895, 5440.378906>) quick accessed a lock!
[10:44:57] Player (Jasper, 76561198065439876)(<3136.351318, 7.583895, 5440.378906>) quick accessed a lock!
[10:59:02] Player (Jasper, 76561198065439876)(<3136.351318, 7.583895, 5440.378906>) quick accessed a lock!
[11:26:40] Player (Jasper, 76561198065439876)(<3136.351318, 7.583895, 5440.378906>) quick accessed a lock!
[11:30:28] Player (Jasper, 76561198065439876)(<3136.351318, 7.583895, 5440.378906>) quick accessed a lock!
[11:31:24] Player (Jasper, 76561198065439876)(<3136.351318, 7.583895, 5440.378906>) quick accessed a lock!
[02-24-2024][12.00.19] Log file reloaded ( Server Restart )
[14:47:11] Player (Jasper, 76561198065439876)(<3136.351318, 7.583895, 5440.378906>) quick accessed a lock!
[14:51:36] Player (Sarco, 76561198054951691)(<3136.351318, 7.583895, 5440.378906>) quick accessed a lock!
[14:52:23] Player (Sarco, 76561198054951691)(<3131.123779, 6.862142, 5471.154297>) quick accessed a lock!
[15:03:31] Player (Jasper, 76561198065439876)(<3136.351318, 7.583895, 5440.378906>) quick accessed a lock!
[15:06:49] Player (Sarco, 76561198054951691)(<3131.123779, 6.862142, 5471.154297>) quick accessed a lock!
[15:14:10] Player (Sarco, 76561198054951691)(<3136.351318, 7.583895, 5440.378906>) quick accessed a lock!
[15:14:31] Player (Sarco, 76561198054951691)(<3136.351318, 7.583895, 5440.378906>) quick accessed a lock!
[15:15:10] Player (Sarco, 76561198054951691)(<3136.351318, 7.583895, 5440.378906>) quick accessed a lock!
[15:17:33] Player (Sarco, 76561198054951691)(<3136.351318, 7.583895, 5440.378906>) quick accessed a lock!
[15:20:23] Player (Sarco, 76561198054951691)(<3136.351318, 7.583895, 5440.378906>) quick accessed a lock!
[15:35:05] Player (Jasper, 76561198065439876)(<3136.351318, 7.583895, 5440.378906>) quick accessed a lock!
[15:46:34] Player (Jasper, 76561198065439876)(<3136.351318, 7.583895, 5440.378906>) quick accessed a lock!
[15:47:47] Player (Jasper, 76561198065439876)(<3136.351318, 7.583895, 5440.378906>) quick accessed a lock!
[16:00:37] Player (Jasper, 76561198065439876)(<3136.351318, 7.583895, 5440.378906>) quick accessed a lock!
[16:00:43] Player (Sarco, 76561198054951691)(<3136.351318, 7.583895, 5440.378906>) quick accessed a lock!
[16:00:49] Player (Jasper, 76561198065439876)(<3136.351318, 7.583895, 5440.378906>) quick accessed a lock!
[16:01:24] Player (Jasper, 76561198065439876)(<3136.351318, 7.583895, 5440.378906>) quick accessed a lock!
[16:06:22] Player (Jasper, 76561198065439876)(<3132.230225, 7.512051, 5440.609375>) set a new passcode on lock!
[16:06:22] Player (Jasper, 76561198065439876)(<3132.230225, 7.512051, 5440.609375>) claimed ownership of a lock!
[16:06:34] Player (Sarco, 76561198054951691)(<3132.230225, 7.512051, 5440.609375>) accessed a lock!
[16:06:34] Player (Sarco, 76561198054951691)(<3132.230225, 7.512051, 5440.609375>) was added as a guest of a lock!
[16:51:50] Player (Sarco, 76561198054951691)(<3136.351318, 7.583895, 5440.378906>) quick accessed a lock!
[16:52:04] Player (Sarco, 76561198054951691)(<3136.351318, 7.583895, 5440.378906>) quick accessed a lock!
[16:54:43] Player (Sarco, 76561198054951691)(<3136.351318, 7.583895, 5440.378906>) quick accessed a lock!
[16:57:58] Player (Jasper, 76561198065439876)(<3136.351318, 7.583895, 5440.378906>) quick accessed a lock!
[17:00:29] Player (Sarco, 76561198054951691)(<3131.123779, 6.862142, 5471.154297>) quick accessed a lock!
[17:03:21] Player (Sarco, 76561198054951691)(<3131.123779, 6.862142, 5471.154297>) quick accessed a lock!
[17:06:57] Player (G.A.T.I-Sonyk, 76561198241265216)(<9795.285156, 13.024646, 2221.030273>) quick accessed a lock!
[17:17:44] Player (Sarco, 76561198054951691)(<3131.123779, 6.862142, 5471.154297>) quick accessed a lock!
[17:18:03] Player (G.A.T.I-Sonyk, 76561198241265216)(<9795.285156, 13.024646, 2221.030273>) quick accessed a lock!
[17:18:14] Player (Sarco, 76561198054951691)(<3136.351318, 7.583895, 5440.378906>) quick accessed a lock!
[17:33:20] Player (G.A.T.I-Sonyk, 76561198241265216)(<9795.285156, 13.024646, 2221.030273>) quick accessed a lock!
[17:36:01] Player (G.A.T.I-Sonyk, 76561198241265216)(<9795.285156, 13.024646, 2221.030273>) quick accessed a lock!
[17:36:41] Player (G.A.T.I-Sonyk, 76561198241265216)(<9795.285156, 13.024646, 2221.030273>) quick accessed a lock!
[17:40:45] Player (G.A.T.I-Sonyk, 76561198241265216)(<9795.285156, 13.024646, 2221.030273>) quick accessed a lock!
[17:41:49] Player (G.A.T.I-Sonyk, 76561198241265216)(<9795.285156, 13.024646, 2221.030273>) quick accessed a lock!
[17:44:07] Player (G.A.T.I-Sonyk, 76561198241265216)(<9795.285156, 13.024646, 2221.030273>) quick accessed a lock!
[17:45:00] Player (G.A.T.I-Sonyk, 76561198241265216)(<9795.285156, 13.024646, 2221.030273>) quick accessed a lock!
[17:45:58] Player (G.A.T.I-Sonyk, 76561198241265216)(<9795.285156, 13.024646, 2221.030273>) quick accessed a lock!
[17:47:54] Player (G.A.T.I-Sonyk, 76561198241265216)(<9795.285156, 13.024646, 2221.030273>) quick accessed a lock!
[17:48:13] Player (Sarco, 76561198054951691)(<3136.351318, 7.583895, 5440.378906>) quick accessed a lock!
[17:55:30] Player (G.A.T.I-Sonyk, 76561198241265216)(<9795.285156, 13.024646, 2221.030273>) quick accessed a lock!
[17:55:54] Player (Sarco, 76561198054951691)(<3136.351318, 7.583895, 5440.378906>) quick accessed a lock!
[17:58:02] Player (Sarco, 76561198054951691)(<3131.123779, 6.862142, 5471.154297>) quick accessed a lock!
[02-24-2024][18.00.22] Log file reloaded ( Server Restart )
[18:05:57] Player (G.A.T.I-Sonyk, 76561198241265216)(<9795.285156, 13.024646, 2221.030273>) quick accessed a lock!
[18:12:55] Player (Sarco, 76561198054951691)(<3131.123779, 6.862142, 5471.154297>) quick accessed a lock!
[18:14:13] Player (Sarco, 76561198054951691)(<3136.351318, 7.583895, 5440.378906>) quick accessed a lock!
[18:15:34] Player (Sarco, 76561198054951691)(<3136.351318, 7.583895, 5440.378906>) quick accessed a lock!
[18:25:03] Player (Sarco, 76561198054951691)(<3131.123779, 6.862142, 5471.154297>) quick accessed a lock!
[18:25:15] Player (Sarco, 76561198054951691)(<3136.351318, 7.583895, 5440.378906>) quick accessed a lock!
[18:28:09] Player (Sarco, 76561198054951691)(<3136.351318, 7.583895, 5440.378906>) quick accessed a lock!
[18:28:21] Player (Sarco, 76561198054951691)(<3131.123779, 6.862142, 5471.154297>) quick accessed a lock!
[18:30:07] Player (Sarco, 76561198054951691)(<3136.351318, 7.583895, 5440.378906>) quick accessed a lock!
[18:34:12] Player (Sarco, 76561198054951691)(<3136.351318, 7.583895, 5440.378906>) quick accessed a lock!
[18:34:25] Player (Sarco, 76561198054951691)(<3131.123779, 6.862142, 5471.154297>) quick accessed a lock!
[19:43:31] Player (G.A.T.I-Sonyk, 76561198241265216)(<9795.285156, 13.024646, 2221.030273>) quick accessed a lock!
[20:10:04] Player (G.A.T.I-Sonyk, 76561198241265216)(<9795.285156, 13.024646, 2221.030273>) quick accessed a lock!
[20:10:58] Player (G.A.T.I-Sonyk, 76561198241265216)(<9795.285156, 13.024646, 2221.030273>) quick accessed a lock!
[20:15:38] Player (G.A.T.I-Sonyk, 76561198241265216)(<9795.285156, 13.024646, 2221.030273>) quick accessed a lock!
[20:18:18] Player (G.A.T.I-Sonyk, 76561198241265216)(<9795.285156, 13.024646, 2221.030273>) quick accessed a lock!
[02-24-2024][21.29.11] Log file reloaded ( Server Restart )
