[02-25-2024][00.00.18] New Access Log File Created!
[02-25-2024][06.00.21] Log file reloaded ( Server Restart )
[06:20:25] Player (Sarco, 76561198054951691)(<3131.123779, 6.862142, 5471.154297>) quick accessed a lock!
[06:20:48] Player (Sarco, 76561198054951691)(<3136.351318, 7.583895, 5440.378906>) quick accessed a lock!
[07:08:30] Player (Sarco, 76561198054951691)(<3136.351318, 7.583895, 5440.378906>) quick accessed a lock!
[07:11:06] Player (Sarco, 76561198054951691)(<3131.123779, 6.862142, 5471.154297>) quick accessed a lock!
[07:16:08] Player (Sarco, 76561198054951691)(<3131.123779, 6.862142, 5471.154297>) quick accessed a lock!
[07:18:13] Player (Sarco, 76561198054951691)(<3131.123779, 6.862142, 5471.154297>) quick accessed a lock!
[07:23:08] Player (Sarco, 76561198054951691)(<3131.123779, 6.862142, 5471.154297>) quick accessed a lock!
[07:24:05] Player (Sarco, 76561198054951691)(<3136.351318, 7.583895, 5440.378906>) quick accessed a lock!
[07:41:38] Player (Sarco, 76561198054951691)(<3136.351318, 7.583895, 5440.378906>) quick accessed a lock!
[07:43:59] Player (Sarco, 76561198054951691)(<3136.351318, 7.583895, 5440.378906>) quick accessed a lock!
[07:46:12] Player (Sarco, 76561198054951691)(<3136.351318, 7.583895, 5440.378906>) quick accessed a lock!
[07:48:05] Player (Sarco, 76561198054951691)(<3131.123779, 6.862142, 5471.154297>) quick accessed a lock!
[08:04:46] Player (Sarco, 76561198054951691)(<3131.123779, 6.862142, 5471.154297>) quick accessed a lock!
[08:04:59] Player (Sarco, 76561198054951691)(<3136.351318, 7.583895, 5440.378906>) quick accessed a lock!
[08:21:39] Player (Sarco, 76561198054951691)(<3136.351318, 7.583895, 5440.378906>) quick accessed a lock!
[08:22:40] Player (Sarco, 76561198054951691)(<3136.351318, 7.583895, 5440.378906>) quick accessed a lock!
[08:52:33] Player (Jasper, 76561198065439876)(<3131.123779, 6.862142, 5471.154297>) quick accessed a lock!
[08:54:04] Player (Jasper, 76561198065439876)(<3136.351318, 7.583895, 5440.378906>) quick accessed a lock!
[09:22:23] Player (Jasper, 76561198065439876)(<3136.351318, 7.583895, 5440.378906>) quick accessed a lock!
[09:22:26] Player (Jasper, 76561198065439876)(<3136.351318, 7.583895, 5440.378906>) quick accessed a lock!
[09:24:27] Player (Jasper, 76561198065439876)(<3131.123779, 6.862142, 5471.154297>) quick accessed a lock!
[10:09:20] Player (Jasper, 76561198065439876)(<3132.230225, 7.512051, 5440.609375>) quick accessed a lock!
[10:09:57] Player (Sarco, 76561198054951691)(<3132.230225, 7.512051, 5440.609375>) quick accessed a lock!
[10:10:16] Player (Jasper, 76561198065439876)(<3132.230225, 7.512051, 5440.609375>) removed a lock!
[10:10:51] Player (Jasper, 76561198065439876)(<3136.351318, 7.583895, 5440.378906>) quick accessed a lock!
[10:11:03] Player (Jasper, 76561198065439876)(<3131.123779, 6.862142, 5471.154297>) quick accessed a lock!
[10:12:07] Player (Sarco, 76561198054951691)(<3136.351318, 7.583895, 5440.378906>) quick accessed a lock!
[10:15:59] Player (Sarco, 76561198054951691)(<3136.351318, 7.583895, 5440.378906>) quick accessed a lock!
[10:16:09] Player (Sarco, 76561198054951691)(<3131.123779, 6.862142, 5471.154297>) quick accessed a lock!
[10:16:21] Player (Jasper, 76561198065439876)(<3131.123779, 6.862142, 5471.154297>) quick accessed a lock!
[10:17:24] Player (Sarco, 76561198054951691)(<3131.123779, 6.862142, 5471.154297>) quick accessed a lock!
[10:17:36] Player (Sarco, 76561198054951691)(<3136.351318, 7.583895, 5440.378906>) quick accessed a lock!
[10:22:21] Player (Sarco, 76561198054951691)(<3255.202148, 21.021830, 3883.904785>) set a new passcode on lock!
[10:22:21] Player (Sarco, 76561198054951691)(<3255.202148, 21.021830, 3883.904785>) claimed ownership of a lock!
[10:22:27] Player (Sarco, 76561198054951691)(<3255.202148, 21.021830, 3883.904785>) quick accessed a lock!
[10:22:36] Player (Jasper, 76561198065439876)(<3131.123779, 6.862142, 5471.154297>) quick accessed a lock!
[10:24:17] Player (Jasper, 76561198065439876)(<3131.123779, 6.862142, 5471.154297>) quick accessed a lock!
[10:24:27] Player (Jasper, 76561198065439876)(<3136.351318, 7.583895, 5440.378906>) quick accessed a lock!
[10:27:18] Player (Jasper, 76561198065439876)(<3136.351318, 7.583895, 5440.378906>) quick accessed a lock!
[10:27:29] Player (Jasper, 76561198065439876)(<3131.123779, 6.862142, 5471.154297>) quick accessed a lock!
[10:35:32] Player (Jasper, 76561198065439876)(<3131.123779, 6.862142, 5471.154297>) quick accessed a lock!
[10:35:43] Player (Jasper, 76561198065439876)(<3136.351318, 7.583895, 5440.378906>) quick accessed a lock!
[10:54:41] Player (Jasper, 76561198065439876)(<3255.202148, 21.021830, 3883.904785>) accessed a lock!
[10:54:41] Player (Jasper, 76561198065439876)(<3255.202148, 21.021830, 3883.904785>) was added as a guest of a lock!
[10:56:06] Player (Sarco, 76561198054951691)(<3255.202148, 21.021830, 3883.904785>) quick accessed a lock!
[10:56:42] Player (Sarco, 76561198054951691)(<3255.202148, 21.021830, 3883.904785>) quick accessed a lock!
[10:58:43] Player (Jasper, 76561198065439876)(<3255.202148, 21.021830, 3883.904785>) quick accessed a lock!
[11:01:32] Player (Sarco, 76561198054951691)(<3255.202148, 21.021830, 3883.904785>) quick accessed a lock!
[11:51:31] Player (Jasper, 76561198065439876)(<3136.351318, 7.583895, 5440.378906>) quick accessed a lock!
[11:51:39] Player (Sarco, 76561198054951691)(<3136.351318, 7.583895, 5440.378906>) quick accessed a lock!
[11:51:44] Player (Jasper, 76561198065439876)(<3131.123779, 6.862142, 5471.154297>) quick accessed a lock!
[11:51:49] Player (Sarco, 76561198054951691)(<3131.123779, 6.862142, 5471.154297>) quick accessed a lock!
[02-25-2024][12.00.17] Log file reloaded ( Server Restart )
[12:42:51] Player (Sarco, 76561198054951691)(<3131.123779, 6.862142, 5471.154297>) quick accessed a lock!
[12:48:06] Player (Sarco, 76561198054951691)(<3136.351318, 7.583895, 5440.378906>) quick accessed a lock!
[12:52:51] Player (Sarco, 76561198054951691)(<3255.202148, 21.021830, 3883.904785>) quick accessed a lock!
[13:03:36] Player (Sarco, 76561198054951691)(<3255.202148, 21.021830, 3883.904785>) quick accessed a lock!
[13:08:40] Player (Sarco, 76561198054951691)(<3255.202148, 21.021830, 3883.904785>) quick accessed a lock!
[13:12:42] Player (Sarco, 76561198054951691)(<3255.202148, 21.021830, 3883.904785>) quick accessed a lock!
[13:23:15] Player (Sarco, 76561198054951691)(<3136.351318, 7.583895, 5440.378906>) quick accessed a lock!
[13:23:28] Player (Sarco, 76561198054951691)(<3131.123779, 6.862142, 5471.154297>) quick accessed a lock!
[13:24:34] Player (Sarco, 76561198054951691)(<3131.123779, 6.862142, 5471.154297>) quick accessed a lock!
[13:25:02] Player (Sarco, 76561198054951691)(<3136.351318, 7.583895, 5440.378906>) quick accessed a lock!
[13:30:25] Player (Sarco, 76561198054951691)(<3136.351318, 7.583895, 5440.378906>) quick accessed a lock!
[13:30:37] Player (Sarco, 76561198054951691)(<3131.123779, 6.862142, 5471.154297>) quick accessed a lock!
[13:55:04] Player (Sarco, 76561198054951691)(<3131.123779, 6.862142, 5471.154297>) quick accessed a lock!
[13:55:54] Player (Sarco, 76561198054951691)(<3131.123779, 6.862142, 5471.154297>) quick accessed a lock!
[14:04:40] Player (Sarco, 76561198054951691)(<3136.351318, 7.583895, 5440.378906>) quick accessed a lock!
[14:08:29] Player (Sarco, 76561198054951691)(<3136.351318, 7.583895, 5440.378906>) quick accessed a lock!
[14:10:24] Player (Sarco, 76561198054951691)(<3131.123779, 6.862142, 5471.154297>) quick accessed a lock!
[14:11:18] Player (Sarco, 76561198054951691)(<3131.123779, 6.862142, 5471.154297>) quick accessed a lock!
[14:13:07] Player (Sarco, 76561198054951691)(<3136.351318, 7.583895, 5440.378906>) quick accessed a lock!
[14:22:02] Player (Sarco, 76561198054951691)(<3255.202148, 21.021830, 3883.904785>) quick accessed a lock!
[14:26:40] Player (Sarco, 76561198054951691)(<3255.202148, 21.021830, 3883.904785>) quick accessed a lock!
[14:32:03] Player (Sarco, 76561198054951691)(<3255.202148, 21.021830, 3883.904785>) quick accessed a lock!
[14:37:35] Player (Sarco, 76561198054951691)(<3255.202148, 21.021830, 3883.904785>) quick accessed a lock!
[14:37:55] Player (Sarco, 76561198054951691)(<3255.202148, 21.021830, 3883.904785>) quick accessed a lock!
[14:39:25] Player (Sarco, 76561198054951691)(<3255.202148, 21.021830, 3883.904785>) quick accessed a lock!
[14:48:27] Player (Sarco, 76561198054951691)(<3255.202148, 21.021830, 3883.904785>) quick accessed a lock!
[14:55:41] Player (Sarco, 76561198054951691)(<3255.202148, 21.021830, 3883.904785>) quick accessed a lock!
[14:57:55] Player (Jasper, 76561198065439876)(<3131.123779, 6.862142, 5471.154297>) quick accessed a lock!
[14:58:52] Player (Jasper, 76561198065439876)(<3136.351318, 7.583895, 5440.378906>) quick accessed a lock!
[15:02:47] Player (Sarco, 76561198054951691)(<3255.202148, 21.021830, 3883.904785>) quick accessed a lock!
[15:13:25] Player (Sarco, 76561198054951691)(<3255.202148, 21.021830, 3883.904785>) quick accessed a lock!
[15:24:28] Player (Sarco, 76561198054951691)(<3255.202148, 21.021830, 3883.904785>) quick accessed a lock!
[15:37:45] Player (Jasper, 76561198065439876)(<3136.351318, 7.583895, 5440.378906>) quick accessed a lock!
[15:38:12] Player (Sarco, 76561198054951691)(<3132.230225, 7.512051, 5440.609375>) set a new passcode on lock!
[15:38:12] Player (Sarco, 76561198054951691)(<3132.230225, 7.512051, 5440.609375>) claimed ownership of a lock!
[15:41:03] Player (Sarco, 76561198054951691)(<3131.123779, 6.862142, 5471.154297>) quick accessed a lock!
[15:41:09] Player (Jasper, 76561198065439876)(<3132.230225, 7.512051, 5440.609375>) accessed a lock!
[15:41:09] Player (Jasper, 76561198065439876)(<3132.230225, 7.512051, 5440.609375>) was added as a guest of a lock!
[15:53:14] Player (Sarco, 76561198054951691)(<3255.202148, 21.021830, 3883.904785>) quick accessed a lock!
[16:24:36] Player (Sarco, 76561198054951691)(<3255.202148, 21.021830, 3883.904785>) quick accessed a lock!
[16:25:54] Player (Jasper, 76561198065439876)(<3255.202148, 21.021830, 3883.904785>) quick accessed a lock!
[16:28:27] Player (Sarco, 76561198054951691)(<3255.202148, 21.021830, 3883.904785>) quick accessed a lock!
[16:29:35] Player (Sarco, 76561198054951691)(<3255.202148, 21.021830, 3883.904785>) quick accessed a lock!
[16:35:53] Player (Sarco, 76561198054951691)(<3255.202148, 21.021830, 3883.904785>) quick accessed a lock!
[16:44:23] Player (Jasper, 76561198065439876)(<3255.202148, 21.021830, 3883.904785>) quick accessed a lock!
[16:47:33] Player (Jasper, 76561198065439876)(<3255.202148, 21.021830, 3883.904785>) quick accessed a lock!
[16:52:59] Player (Jasper, 76561198065439876)(<3255.202148, 21.021830, 3883.904785>) quick accessed a lock!
[17:40:56] Player (Jasper, 76561198065439876)(<3136.351318, 7.583895, 5440.378906>) quick accessed a lock!
[17:41:14] Player (Jasper, 76561198065439876)(<3131.123779, 6.862142, 5471.154297>) quick accessed a lock!
[02-25-2024][18.00.21] Log file reloaded ( Server Restart )
[18:12:38] Player (Jasper, 76561198065439876)(<3131.123779, 6.862142, 5471.154297>) quick accessed a lock!
[18:13:06] Player (Jasper, 76561198065439876)(<3131.123779, 6.862142, 5471.154297>) quick accessed a lock!
[18:15:18] Player (Sarco, 76561198054951691)(<3131.123779, 6.862142, 5471.154297>) quick accessed a lock!
[18:29:19] Player (Sarco, 76561198054951691)(<3131.123779, 6.862142, 5471.154297>) quick accessed a lock!
[18:30:18] Player (Sarco, 76561198054951691)(<3136.351318, 7.583895, 5440.378906>) quick accessed a lock!
[18:31:00] Player (Sarco, 76561198054951691)(<3136.351318, 7.583895, 5440.378906>) quick accessed a lock!
