[03-16-2024][00.00.22] New Access Log File Created!
[04:18:09] Player (Darkman Esq., 76561197980466132)(<2209.565674, 20.536114, 3279.729736>) set a new passcode on lock!
[04:18:09] Player (Darkman Esq., 76561197980466132)(<2209.565674, 20.536114, 3279.729736>) claimed ownership of a lock!
[04:18:12] Player (Darkman Esq., 76561197980466132)(<2209.565674, 20.536114, 3279.729736>) quick accessed a lock!
[03-16-2024][06.00.19] Log file reloaded ( Server Restart )
[06:42:37] Player (Jrasl, 76561199062166080)(<2209.565674, 20.536114, 3279.729736>) accessed a lock!
[06:42:37] Player (Jrasl, 76561199062166080)(<2209.565674, 20.536114, 3279.729736>) was added as a guest of a lock!
[06:53:20] Player (Jrasl, 76561199062166080)(<2209.565674, 20.536114, 3279.729736>) quick accessed a lock!
[06:57:13] Player (Jrasl, 76561199062166080)(<2209.565674, 20.536114, 3279.729736>) quick accessed a lock!
[03-16-2024][07.10.02] Log file reloaded ( Server Restart )
[03-16-2024][08.05.18] Log file reloaded ( Server Restart )
[08:58:45] Player (Jrasl, 76561199062166080)(<2209.565674, 20.536114, 3279.729736>) quick accessed a lock!
[09:28:36] Player (Jrasl, 76561199062166080)(<2209.565674, 20.536114, 3279.729736>) quick accessed a lock!
[03-16-2024][09.50.51] Log file reloaded ( Server Restart )
[03-16-2024][10.00.48] Log file reloaded ( Server Restart )
[03-16-2024][12.00.22] Log file reloaded ( Server Restart )
[13:39:57] Player (G.A.T.I-Sonyk, 76561198241265216)(<9795.285156, 13.024646, 2221.030273>) quick accessed a lock!
[14:19:59] Player (Jrasl, 76561199062166080)(<2209.565674, 20.536114, 3279.729736>) quick accessed a lock!
[14:20:44] Player (Jrasl, 76561199062166080)(<2209.565674, 20.536114, 3279.729736>) quick accessed a lock!
[14:27:54] Player (Jrasl, 76561199062166080)(<2209.565674, 20.536114, 3279.729736>) quick accessed a lock!
[14:31:20] Player (Jrasl, 76561199062166080)(<2209.565674, 20.536114, 3279.729736>) quick accessed a lock!
[14:40:00] Player (Jrasl, 76561199062166080)(<2209.565674, 20.536114, 3279.729736>) quick accessed a lock!
[14:40:07] Player (Jrasl, 76561199062166080)(<2209.565674, 20.536114, 3279.729736>) quick accessed a lock!
[14:51:57] Player (Jrasl, 76561199062166080)(<2209.565674, 20.536114, 3279.729736>) quick accessed a lock!
[15:04:02] Player (G.A.T.I-Sonyk, 76561198241265216)(<9795.285156, 13.024646, 2221.030273>) quick accessed a lock!
[15:13:13] Player (G.A.T.I-Sonyk, 76561198241265216)(<9795.285156, 13.024646, 2221.030273>) quick accessed a lock!
[15:25:56] Player (G.A.T.I-Sonyk, 76561198241265216)(<9795.285156, 13.024646, 2221.030273>) quick accessed a lock!
[15:35:16] Player (G.A.T.I-Sonyk, 76561198241265216)(<9795.285156, 13.024646, 2221.030273>) quick accessed a lock!
[15:40:59] Player (G.A.T.I-Sonyk, 76561198241265216)(<9795.285156, 13.024646, 2221.030273>) quick accessed a lock!
