[03-15-2024][00.00.22] New Access Log File Created!
[02:38:47] Player (Darkman Esq., 76561197980466132)(<7060.803223, 29.591883, 5820.884277>) set a new passcode on lock!
[02:38:47] Player (Darkman Esq., 76561197980466132)(<7060.803223, 29.591883, 5820.884277>) claimed ownership of a lock!
[02:39:16] Player (Darkman Esq., 76561197980466132)(<7060.803223, 29.591883, 5820.884277>) quick accessed a lock!
[02:40:30] Player (Darkman Esq., 76561197980466132)(<7060.803223, 29.591883, 5820.884277>) quick accessed a lock!
[02:45:59] Player (Darkman Esq., 76561197980466132)(<7060.803223, 29.591883, 5820.884277>) quick accessed a lock!
[02:49:35] Player (Darkman Esq., 76561197980466132)(<7060.803223, 29.591883, 5820.884277>) quick accessed a lock!
[03:10:31] Player (Darkman Esq., 76561197980466132)(<7060.803223, 29.591883, 5820.884277>) quick accessed a lock!
[03:10:42] Player (Darkman Esq., 76561197980466132)(<7060.803223, 29.591883, 5820.884277>) quick accessed a lock!
[03-15-2024][06.00.20] Log file reloaded ( Server Restart )
[03-15-2024][12.00.22] Log file reloaded ( Server Restart )
[14:02:29] Player (Darkman Esq., 76561197980466132)(<7060.803223, 29.591883, 5820.884277>) quick accessed a lock!
[16:04:13] Player (Jrasl, 76561199062166080)(<7060.803223, 29.591883, 5820.884277>) accessed a lock!
[16:04:13] Player (Jrasl, 76561199062166080)(<7060.803223, 29.591883, 5820.884277>) was added as a guest of a lock!
[16:26:33] Player (Darkman Esq., 76561197980466132)(<7060.803223, 29.591883, 5820.884277>) quick accessed a lock!
[16:26:44] Player (Darkman Esq., 76561197980466132)(<7060.803223, 29.591883, 5820.884277>) quick accessed a lock!
[16:40:29] Player (Jrasl, 76561199062166080)(<7060.803223, 29.591883, 5820.884277>) quick accessed a lock!
[16:40:38] Player (Darkman Esq., 76561197980466132)(<7060.803223, 29.591883, 5820.884277>) quick accessed a lock!
[16:40:47] Player (Darkman Esq., 76561197980466132)(<7060.803223, 29.591883, 5820.884277>) quick accessed a lock!
[03-15-2024][18.00.23] Log file reloaded ( Server Restart )
[20:33:19] Player (Darkman Esq., 76561197980466132)(<7060.803223, 29.591883, 5820.884277>) quick accessed a lock!
[21:59:14] Player (Darkman Esq., 76561197980466132)(<7060.803223, 29.591883, 5820.884277>) quick accessed a lock!
[21:59:26] Player (Darkman Esq., 76561197980466132)(<7060.803223, 29.591883, 5820.884277>) removed a lock!
[23:09:54] Player (G.A.T.I-Sonyk, 76561198241265216)(<9795.285156, 13.024646, 2221.030273>) quick accessed a lock!
[23:12:13] Player (G.A.T.I-Sonyk, 76561198241265216)(<9795.285156, 13.024646, 2221.030273>) quick accessed a lock!
[23:17:06] Player (G.A.T.I-Sonyk, 76561198241265216)(<9795.285156, 13.024646, 2221.030273>) quick accessed a lock!
[23:20:01] Player (G.A.T.I-Sonyk, 76561198241265216)(<9795.285156, 13.024646, 2221.030273>) quick accessed a lock!
[23:23:06] Player (G.A.T.I-Sonyk, 76561198241265216)(<9795.285156, 13.024646, 2221.030273>) quick accessed a lock!
[23:24:47] Player (G.A.T.I-Sonyk, 76561198241265216)(<9795.285156, 13.024646, 2221.030273>) quick accessed a lock!
