[10-28-2023][00.00.28] New Access Log File Created!
[01:14:11] Player ([ADMIN]BLUE, 76561199108250772)(<6459.086914, 18.397457, 6052.526855>) set a new passcode on lock!
[01:14:11] Player ([ADMIN]BLUE, 76561199108250772)(<6459.086914, 18.397457, 6052.526855>) claimed ownership of a lock!
[01:53:04] Player ([ADMIN]BLUE, 76561199108250772)(<6458.879883, 18.397457, 6052.825195>) set a new passcode on lock!
[01:53:04] Player ([ADMIN]BLUE, 76561199108250772)(<6458.879883, 18.397457, 6052.825195>) claimed ownership of a lock!
[01:53:06] Player ([ADMIN]BLUE, 76561199108250772)(<6458.879883, 18.397457, 6052.825195>) quick accessed a lock!
[10-28-2023][06.00.28] Log file reloaded ( Server Restart )
[10-28-2023][12.00.30] Log file reloaded ( Server Restart )
[13:09:16] Player (Ghost, 76561199523450192)(<6459.086914, 18.397457, 6052.526855>) accessed a lock!
[13:09:16] Player (Ghost, 76561199523450192)(<6459.086914, 18.397457, 6052.526855>) was added as a guest of a lock!
[13:10:01] Player (Ghost, 76561199523450192)(<6459.086914, 18.397457, 6052.526855>) quick accessed a lock!
[13:14:03] Player (Darkman Esquiire, 76561197980466132)(<6459.086914, 18.397457, 6052.526855>) accessed a lock!
[13:14:03] Player (Darkman Esquiire, 76561197980466132)(<6459.086914, 18.397457, 6052.526855>) was added as a guest of a lock!
[13:33:07] Player (Darkman Esquiire, 76561197980466132)(<6459.086914, 18.397457, 6052.526855>) quick accessed a lock!
[13:34:11] Player (Darkman Esquiire, 76561197980466132)(<6459.086914, 18.397457, 6052.526855>) quick accessed a lock!
[13:34:57] Player (Darkman Esquiire, 76561197980466132)(<6459.086914, 18.397457, 6052.526855>) quick accessed a lock!
[13:35:56] Player (Darkman Esquiire, 76561197980466132)(<6459.086914, 18.397457, 6052.526855>) quick accessed a lock!
[13:51:57] Player (Darkman Esquiire, 76561197980466132)(<6459.086914, 18.397457, 6052.526855>) quick accessed a lock!
[13:54:42] Player (Darkman Esquiire, 76561197980466132)(<6459.086914, 18.397457, 6052.526855>) quick accessed a lock!
[13:56:43] Player (Darkman Esquiire, 76561197980466132)(<6459.086914, 18.397457, 6052.526855>) quick accessed a lock!
[13:58:49] Player (Ghost, 76561199523450192)(<6459.086914, 18.397457, 6052.526855>) quick accessed a lock!
[13:59:34] Player (Ghost, 76561199523450192)(<6459.086914, 18.397457, 6052.526855>) quick accessed a lock!
[14:04:38] Player (Darkman Esquiire, 76561197980466132)(<6459.086914, 18.397457, 6052.526855>) quick accessed a lock!
[14:04:46] Player (Ghost, 76561199523450192)(<6459.086914, 18.397457, 6052.526855>) quick accessed a lock!
[14:08:14] Player (Ghost, 76561199523450192)(<6459.086914, 18.397457, 6052.526855>) quick accessed a lock!
[14:14:15] Player (Darkman Esquiire, 76561197980466132)(<6459.086914, 18.397457, 6052.526855>) quick accessed a lock!
[15:02:26] Player (Ghost, 76561199523450192)(<6459.086914, 18.397457, 6052.526855>) quick accessed a lock!
[15:05:32] Player (Ghost, 76561199523450192)(<6459.086914, 18.397457, 6052.526855>) quick accessed a lock!
[16:43:31] Player (Ghost, 76561199523450192)(<6459.086914, 18.397457, 6052.526855>) quick accessed a lock!
[16:59:03] Player (Ghost, 76561199523450192)(<6459.086914, 18.397457, 6052.526855>) quick accessed a lock!
[17:00:58] Player (Ghost, 76561199523450192)(<6459.086914, 18.397457, 6052.526855>) quick accessed a lock!
[17:06:21] Player (Ghost, 76561199523450192)(<6459.086914, 18.397457, 6052.526855>) quick accessed a lock!
[17:07:32] Player (Ghost, 76561199523450192)(<6459.086914, 18.397457, 6052.526855>) quick accessed a lock!
[17:16:08] Player (Ghost, 76561199523450192)(<6459.086914, 18.397457, 6052.526855>) quick accessed a lock!
[17:18:55] Player (Ghost, 76561199523450192)(<6459.086914, 18.397457, 6052.526855>) quick accessed a lock!
[17:19:36] Player (Ghost, 76561199523450192)(<6459.086914, 18.397457, 6052.526855>) quick accessed a lock!
[17:20:34] Player (Ghost, 76561199523450192)(<6459.086914, 18.397457, 6052.526855>) quick accessed a lock!
[17:22:14] Player (Ghost, 76561199523450192)(<6459.086914, 18.397457, 6052.526855>) quick accessed a lock!
[17:22:29] Player (Ghost, 76561199523450192)(<6459.086914, 18.397457, 6052.526855>) quick accessed a lock!
[17:23:08] Player (Ghost, 76561199523450192)(<6459.086914, 18.397457, 6052.526855>) quick accessed a lock!
[17:26:54] Player (Ghost, 76561199523450192)(<6459.086914, 18.397457, 6052.526855>) quick accessed a lock!
[17:27:04] Player (Ghost, 76561199523450192)(<6459.086914, 18.397457, 6052.526855>) quick accessed a lock!
[17:27:13] Player (Ghost, 76561199523450192)(<6459.086914, 18.397457, 6052.526855>) quick accessed a lock!
[17:27:34] Player (Ghost, 76561199523450192)(<6459.086914, 18.397457, 6052.526855>) quick accessed a lock!
[10-28-2023][18.00.29] Log file reloaded ( Server Restart )
[18:01:45] Player (Ghost, 76561199523450192)(<6459.086914, 18.397457, 6052.526855>) quick accessed a lock!
[18:34:38] Player (Darkman Esquiire, 76561197980466132)(<6459.086914, 18.397457, 6052.526855>) quick accessed a lock!
[18:55:57] Player (Darkman Esquiire, 76561197980466132)(<6459.086914, 18.397457, 6052.526855>) quick accessed a lock!
[23:53:46] Player (Darkman Esquiire, 76561197980466132)(<6459.086914, 18.397457, 6052.526855>) quick accessed a lock!
