[10-30-2023][00.00.30] New Access Log File Created!
[00:18:15] Player (Darkman Esquiire, 76561197980466132)(<6459.086914, 18.397457, 6052.526855>) quick accessed a lock!
[00:49:19] Player (Darkman Esquiire, 76561197980466132)(<6459.086914, 18.397457, 6052.526855>) quick accessed a lock!
[00:52:01] Player (Darkman Esquiire, 76561197980466132)(<6459.086914, 18.397457, 6052.526855>) quick accessed a lock!
[01:01:41] Player (Darkman Esquiire, 76561197980466132)(<6459.086914, 18.397457, 6052.526855>) quick accessed a lock!
[01:26:19] Player (Darkman Esquiire, 76561197980466132)(<6459.086914, 18.397457, 6052.526855>) quick accessed a lock!
[01:28:45] Player (Darkman Esquiire, 76561197980466132)(<6459.086914, 18.397457, 6052.526855>) quick accessed a lock!
[01:38:52] Player (Darkman Esquiire, 76561197980466132)(<6459.086914, 18.397457, 6052.526855>) quick accessed a lock!
[01:38:59] Player (Ghost, 76561199523450192)(<6459.086914, 18.397457, 6052.526855>) quick accessed a lock!
[01:40:42] Player (Darkman Esquiire, 76561197980466132)(<6459.086914, 18.397457, 6052.526855>) quick accessed a lock!
[01:46:24] Player (Darkman Esquiire, 76561197980466132)(<6459.086914, 18.397457, 6052.526855>) quick accessed a lock!
[01:46:52] Player (Darkman Esquiire, 76561197980466132)(<6459.086914, 18.397457, 6052.526855>) quick accessed a lock!
[01:57:52] Player (Darkman Esquiire, 76561197980466132)(<6459.086914, 18.397457, 6052.526855>) quick accessed a lock!
[10-30-2023][06.00.28] Log file reloaded ( Server Restart )
[09:21:55] Player (Ghost, 76561199523450192)(<6459.086914, 18.397457, 6052.526855>) quick accessed a lock!
[09:22:28] Player (Ghost, 76561199523450192)(<6459.086914, 18.397457, 6052.526855>) quick accessed a lock!
[09:28:23] Player (Ghost, 76561199523450192)(<6459.086914, 18.397457, 6052.526855>) quick accessed a lock!
[10-30-2023][12.00.29] Log file reloaded ( Server Restart )
[12:40:21] Player (Darkman Esquiire, 76561197980466132)(<6459.086914, 18.397457, 6052.526855>) quick accessed a lock!
[12:40:29] Player (Ghost, 76561199523450192)(<6459.086914, 18.397457, 6052.526855>) quick accessed a lock!
[12:41:10] Player (Darkman Esquiire, 76561197980466132)(<6459.086914, 18.397457, 6052.526855>) quick accessed a lock!
[12:42:36] Player (Ghost, 76561199523450192)(<6459.086914, 18.397457, 6052.526855>) quick accessed a lock!
[12:44:46] Player (Ghost, 76561199523450192)(<6459.086914, 18.397457, 6052.526855>) quick accessed a lock!
[12:58:46] Player (Darkman Esquiire, 76561197980466132)(<6459.086914, 18.397457, 6052.526855>) quick accessed a lock!
[13:14:54] Player (Ghost, 76561199523450192)(<6459.086914, 18.397457, 6052.526855>) quick accessed a lock!
[13:16:20] Player (Ghost, 76561199523450192)(<6459.086914, 18.397457, 6052.526855>) quick accessed a lock!
[13:17:49] Player (Ghost, 76561199523450192)(<6459.086914, 18.397457, 6052.526855>) quick accessed a lock!
[10-30-2023][18.00.29] Log file reloaded ( Server Restart )
[20:03:39] Player (Ghost, 76561199523450192)(<6459.086914, 18.397457, 6052.526855>) quick accessed a lock!
[23:06:23] Player (Darkman Esquiire, 76561197980466132)(<7053.369141, 30.080730, 5847.899902>) set a new passcode on lock!
[23:06:23] Player (Darkman Esquiire, 76561197980466132)(<7053.369141, 30.080730, 5847.899902>) claimed ownership of a lock!
[23:06:28] Player (Darkman Esquiire, 76561197980466132)(<7053.369141, 30.080730, 5847.899902>) quick accessed a lock!
[23:09:21] Player (Darkman Esquiire, 76561197980466132)(<7053.369141, 30.080730, 5847.899902>) quick accessed a lock!
[23:11:27] Player (Darkman Esquiire, 76561197980466132)(<7053.369141, 30.080730, 5847.899902>) quick accessed a lock!
