[10-31-2023][00.00.28] New Access Log File Created!
[00:39:54] Player (Darkman Esquiire, 76561197980466132)(<7053.369141, 30.080730, 5847.899902>) quick accessed a lock!
[00:51:30] Player (Darkman Esquiire, 76561197980466132)(<7053.369141, 30.080730, 5847.899902>) quick accessed a lock!
[00:53:28] Player (Darkman Esquiire, 76561197980466132)(<7053.369141, 30.080730, 5847.899902>) quick accessed a lock!
[00:54:34] Player (Darkman Esquiire, 76561197980466132)(<7053.369141, 30.080730, 5847.899902>) quick accessed a lock!
[02:19:17] Player (Darkman Esquiire, 76561197980466132)(<7053.369141, 30.080730, 5847.899902>) quick accessed a lock!
[02:19:39] Player (Darkman Esquiire, 76561197980466132)(<7053.369141, 30.080730, 5847.899902>) quick accessed a lock!
[02:23:28] Player (Darkman Esquiire, 76561197980466132)(<7053.369141, 30.080730, 5847.899902>) quick accessed a lock!
[10-31-2023][06.00.30] Log file reloaded ( Server Restart )
[10-31-2023][12.00.30] Log file reloaded ( Server Restart )
[13:16:52] Player (Darkman Esquiire, 76561197980466132)(<7053.369141, 30.080730, 5847.899902>) quick accessed a lock!
[13:20:04] Player (Darkman Esquiire, 76561197980466132)(<7053.369141, 30.080730, 5847.899902>) quick accessed a lock!
[13:20:57] Player (Darkman Esquiire, 76561197980466132)(<7053.369141, 30.080730, 5847.899902>) quick accessed a lock!
[13:21:30] Player (Darkman Esquiire, 76561197980466132)(<7053.369141, 30.080730, 5847.899902>) quick accessed a lock!
[13:22:01] Player (Darkman Esquiire, 76561197980466132)(<7053.369141, 30.080730, 5847.899902>) quick accessed a lock!
[13:32:07] Player (Darkman Esquiire, 76561197980466132)(<7053.369141, 30.080730, 5847.899902>) quick accessed a lock!
[13:33:45] Player (Darkman Esquiire, 76561197980466132)(<7053.369141, 30.080730, 5847.899902>) quick accessed a lock!
[13:41:00] Player (Darkman Esquiire, 76561197980466132)(<7060.294922, 29.417757, 5820.659668>) set a new passcode on lock!
[13:41:00] Player (Darkman Esquiire, 76561197980466132)(<7060.294922, 29.417757, 5820.659668>) claimed ownership of a lock!
[13:41:02] Player (Darkman Esquiire, 76561197980466132)(<7060.294922, 29.417757, 5820.659668>) quick accessed a lock!
[13:43:31] Player (Darkman Esquiire, 76561197980466132)(<7060.294922, 29.417757, 5820.659668>) quick accessed a lock!
[13:44:24] Player (Darkman Esquiire, 76561197980466132)(<7060.294922, 29.417757, 5820.659668>) quick accessed a lock!
[13:45:53] Player (Darkman Esquiire, 76561197980466132)(<7053.369141, 30.080730, 5847.899902>) quick accessed a lock!
[13:53:23] Player (Darkman Esquiire, 76561197980466132)(<7053.369141, 30.080730, 5847.899902>) quick accessed a lock!
[13:56:32] Player (Darkman Esquiire, 76561197980466132)(<7060.294922, 29.417757, 5820.659668>) quick accessed a lock!
[16:36:53] Player (Darkman Esquiire, 76561197980466132)(<7060.294922, 29.417757, 5820.659668>) quick accessed a lock!
[16:37:41] Player (Darkman Esquiire, 76561197980466132)(<7053.369141, 30.080730, 5847.899902>) quick accessed a lock!
[16:59:15] Player (Darkman Esquiire, 76561197980466132)(<7053.369141, 30.080730, 5847.899902>) quick accessed a lock!
[17:01:32] Player (Darkman Esquiire, 76561197980466132)(<7060.294922, 29.417757, 5820.659668>) quick accessed a lock!
[17:05:10] Player (Darkman Esquiire, 76561197980466132)(<7060.294922, 29.417757, 5820.659668>) quick accessed a lock!
[17:25:11] Player (Darkman Esquiire, 76561197980466132)(<7053.369141, 30.080730, 5847.899902>) quick accessed a lock!
[17:25:56] Player (Darkman Esquiire, 76561197980466132)(<7053.369141, 30.080730, 5847.899902>) quick accessed a lock!
[17:26:06] Player (Darkman Esquiire, 76561197980466132)(<7060.294922, 29.417757, 5820.659668>) quick accessed a lock!
[17:26:19] Player (Darkman Esquiire, 76561197980466132)(<7060.294922, 29.417757, 5820.659668>) quick accessed a lock!
[17:26:33] Player (Darkman Esquiire, 76561197980466132)(<7053.369141, 30.080730, 5847.899902>) quick accessed a lock!
[17:35:13] Player (Darkman Esquiire, 76561197980466132)(<7053.369141, 30.080730, 5847.899902>) quick accessed a lock!
[17:54:14] Player (Darkman Esquiire, 76561197980466132)(<7053.369141, 30.080730, 5847.899902>) quick accessed a lock!
[10-31-2023][18.00.30] Log file reloaded ( Server Restart )
[18:06:41] Player (Darkman Esquiire, 76561197980466132)(<7053.369141, 30.080730, 5847.899902>) quick accessed a lock!
[18:10:22] Player (Darkman Esquiire, 76561197980466132)(<7060.294922, 29.417757, 5820.659668>) quick accessed a lock!
[19:35:21] Player (Darkman Esquiire, 76561197980466132)(<7053.369141, 30.080730, 5847.899902>) quick accessed a lock!
[19:36:06] Player (Darkman Esquiire, 76561197980466132)(<7053.369141, 30.080730, 5847.899902>) quick accessed a lock!
[19:37:59] Player (Darkman Esquiire, 76561197980466132)(<7053.369141, 30.080730, 5847.899902>) quick accessed a lock!
[19:44:23] Player (Darkman Esquiire, 76561197980466132)(<7060.294922, 29.417757, 5820.659668>) quick accessed a lock!
[19:45:27] Player (Darkman Esquiire, 76561197980466132)(<7053.369141, 30.080730, 5847.899902>) quick accessed a lock!
[20:16:07] Player (Ghost, 76561199523450192)(<7053.369141, 30.080730, 5847.899902>) accessed a lock!
[20:16:07] Player (Ghost, 76561199523450192)(<7053.369141, 30.080730, 5847.899902>) was added as a guest of a lock!
[20:19:53] Player (Ghost, 76561199523450192)(<7060.294922, 29.417757, 5820.659668>) accessed a lock!
[20:19:53] Player (Ghost, 76561199523450192)(<7060.294922, 29.417757, 5820.659668>) was added as a guest of a lock!
[20:22:17] Player (Ghost, 76561199523450192)(<7053.369141, 30.080730, 5847.899902>) quick accessed a lock!
[20:34:45] Player (Ghost, 76561199523450192)(<7060.294922, 29.417757, 5820.659668>) quick accessed a lock!
[20:38:39] Player (Ghost, 76561199523450192)(<7053.369141, 30.080730, 5847.899902>) quick accessed a lock!
[20:53:14] Player (Ghost, 76561199523450192)(<7053.369141, 30.080730, 5847.899902>) quick accessed a lock!
