[11-25-2023][00.00.27] New Access Log File Created!
[11-25-2023][06.00.30] Log file reloaded ( Server Restart )
[11-25-2023][12.00.30] Log file reloaded ( Server Restart )
[11-25-2023][18.00.29] Log file reloaded ( Server Restart )
[22:49:23] Player (Mike, 76561198149271912)(<6905.119629, 37.132118, 6357.395996>) set a new passcode on lock!
[22:49:23] Player (Mike, 76561198149271912)(<6905.119629, 37.132118, 6357.395996>) claimed ownership of a lock!
[22:49:26] Player (Mike, 76561198149271912)(<6905.119629, 37.132118, 6357.395996>) quick accessed a lock!
[22:50:23] Player (Mike, 76561198149271912)(<6905.119629, 37.132118, 6357.395996>) quick accessed a lock!
[22:52:37] Player (Mike, 76561198149271912)(<6905.119629, 37.132118, 6357.395996>) quick accessed a lock!
[22:53:32] Player (Mike, 76561198149271912)(<6905.119629, 37.132118, 6357.395996>) quick accessed a lock!
[22:54:48] Player (Mike, 76561198149271912)(<6905.119629, 37.132118, 6357.395996>) quick accessed a lock!
[22:55:42] Player (Mike, 76561198149271912)(<6905.119629, 37.132118, 6357.395996>) quick accessed a lock!
[22:55:55] Player (Mike, 76561198149271912)(<6905.119629, 37.132118, 6357.395996>) quick accessed a lock!
[23:00:11] Player (Mike, 76561198149271912)(<6905.119629, 37.132118, 6357.395996>) quick accessed a lock!
[23:00:39] Player (Mike, 76561198149271912)(<6905.119629, 37.132118, 6357.395996>) quick accessed a lock!
[23:01:18] Player (Mike, 76561198149271912)(<6905.119629, 37.132118, 6357.395996>) quick accessed a lock!
[23:01:50] Player (Mike, 76561198149271912)(<6905.119629, 37.132118, 6357.395996>) quick accessed a lock!
[23:02:24] Player (Mike, 76561198149271912)(<6905.119629, 37.132118, 6357.395996>) quick accessed a lock!
[23:02:35] Player (Mike, 76561198149271912)(<6905.119629, 37.132118, 6357.395996>) quick accessed a lock!
[23:03:21] Player (Mike, 76561198149271912)(<6905.119629, 37.132118, 6357.395996>) quick accessed a lock!
[23:13:06] Player (Jrasl, 76561199062166080)(<7067.631836, 29.465645, 5831.862793>) quick accessed a lock!
[23:14:27] Player (Jrasl, 76561199062166080)(<7060.294922, 29.417757, 5820.659668>) quick accessed a lock!
[23:14:32] Player (Jrasl, 76561199062166080)(<7060.294922, 29.417757, 5820.659668>) quick accessed a lock!
[23:37:51] Player (Jrasl, 76561199062166080)(<7053.369141, 30.080730, 5847.899902>) quick accessed a lock!
[23:38:14] Player (Jrasl, 76561199062166080)(<7053.369141, 30.080730, 5847.899902>) quick accessed a lock!
[23:38:31] Player (Jrasl, 76561199062166080)(<7067.631836, 29.465645, 5831.862793>) quick accessed a lock!
[23:38:53] Player (Jrasl, 76561199062166080)(<7067.631836, 29.465645, 5831.862793>) quick accessed a lock!
[23:39:04] Player (Jrasl, 76561199062166080)(<7067.631836, 29.465645, 5831.862793>) quick accessed a lock!
[23:39:15] Player (Jrasl, 76561199062166080)(<7067.631836, 29.465645, 5831.862793>) quick accessed a lock!
[23:40:03] Player (Jrasl, 76561199062166080)(<7067.631836, 29.465645, 5831.862793>) quick accessed a lock!
[23:40:25] Player (Mike, 76561198149271912)(<6905.119629, 37.132118, 6357.395996>) quick accessed a lock!
[23:41:13] Player (Jrasl, 76561199062166080)(<7067.631836, 29.465645, 5831.862793>) quick accessed a lock!
[23:42:51] Player (Mike, 76561198149271912)(<6905.119629, 37.132118, 6357.395996>) quick accessed a lock!
[23:43:45] Player (Jrasl, 76561199062166080)(<7060.294922, 29.417757, 5820.659668>) quick accessed a lock!
[23:44:30] Player (Mike, 76561198149271912)(<6901.531250, 37.330975, 6316.758789>) set a new passcode on lock!
[23:44:30] Player (Mike, 76561198149271912)(<6901.531250, 37.330975, 6316.758789>) claimed ownership of a lock!
[23:44:33] Player (Jrasl, 76561199062166080)(<7060.294922, 29.417757, 5820.659668>) quick accessed a lock!
[23:44:50] Player (Mike, 76561198149271912)(<6905.119629, 37.132118, 6357.395996>) quick accessed a lock!
