[11-26-2023][00.00.28] New Access Log File Created!
[00:22:14] Player (Mike, 76561198149271912)(<6905.119629, 37.132118, 6357.395996>) quick accessed a lock!
[00:25:13] Player (Mike, 76561198149271912)(<6905.119629, 37.132118, 6357.395996>) quick accessed a lock!
[00:34:37] Player (Mike, 76561198149271912)(<6905.119629, 37.132118, 6357.395996>) quick accessed a lock!
[00:34:58] Player (Mike, 76561198149271912)(<6905.119629, 37.132118, 6357.395996>) quick accessed a lock!
[00:49:34] Player (Mike, 76561198149271912)(<6905.119629, 37.132118, 6357.395996>) quick accessed a lock!
[01:05:13] Player (Mike, 76561198149271912)(<6905.119629, 37.132118, 6357.395996>) quick accessed a lock!
[01:06:23] Player (Mike, 76561198149271912)(<6905.119629, 37.132118, 6357.395996>) quick accessed a lock!
[01:28:27] Player (Mike, 76561198149271912)(<6901.531250, 37.330975, 6316.758789>) quick accessed a lock!
[01:29:57] Player (Mike, 76561198149271912)(<6901.531250, 37.330975, 6316.758789>) quick accessed a lock!
[01:59:24] Player (Mike, 76561198149271912)(<6901.531250, 37.330975, 6316.758789>) quick accessed a lock!
[02:08:05] Player (Mike, 76561198149271912)(<6901.531250, 37.330975, 6316.758789>) quick accessed a lock!
[02:32:12] Player (Mike, 76561198149271912)(<6901.531250, 37.330975, 6316.758789>) quick accessed a lock!
[02:58:27] Player (Mike, 76561198149271912)(<6901.531250, 37.330975, 6316.758789>) quick accessed a lock!
[04:44:28] Player (Mike, 76561198149271912)(<6901.531250, 37.330975, 6316.758789>) quick accessed a lock!
[04:52:38] Player (Mike, 76561198149271912)(<6901.531250, 37.330975, 6316.758789>) quick accessed a lock!
[05:05:36] Player (Mike, 76561198149271912)(<6901.531250, 37.330975, 6316.758789>) quick accessed a lock!
[05:06:00] Player (Mike, 76561198149271912)(<6901.531250, 37.330975, 6316.758789>) quick accessed a lock!
[05:31:59] Player (Mike, 76561198149271912)(<6901.531250, 37.330975, 6316.758789>) quick accessed a lock!
[05:45:52] Player (Stormy, 76561199147332623)(<6901.531250, 37.330975, 6316.758789>) accessed a lock!
[05:45:52] Player (Stormy, 76561199147332623)(<6901.531250, 37.330975, 6316.758789>) was added as a guest of a lock!
[05:47:10] Player (Stormy, 76561199147332623)(<6901.531250, 37.330975, 6316.758789>) quick accessed a lock!
[05:47:16] Player (Stormy, 76561199147332623)(<6901.531250, 37.330975, 6316.758789>) quick accessed a lock!
[11-26-2023][06.00.29] Log file reloaded ( Server Restart )
[06:01:46] Player (Mike, 76561198149271912)(<6901.531250, 37.330975, 6316.758789>) quick accessed a lock!
[06:28:15] Player (Mike, 76561198149271912)(<6901.531250, 37.330975, 6316.758789>) quick accessed a lock!
[06:31:06] Player (Stormy, 76561199147332623)(<6901.531250, 37.330975, 6316.758789>) quick accessed a lock!
[06:39:46] Player (Mike, 76561198149271912)(<6901.531250, 37.330975, 6316.758789>) quick accessed a lock!
[06:41:56] Player (Mike, 76561198149271912)(<6901.531250, 37.330975, 6316.758789>) quick accessed a lock!
[06:45:31] Player (Mike, 76561198149271912)(<6901.531250, 37.330975, 6316.758789>) quick accessed a lock!
[07:12:23] Player (Stormy, 76561199147332623)(<6905.119629, 37.132118, 6357.395996>) accessed a lock!
[07:12:23] Player (Stormy, 76561199147332623)(<6905.119629, 37.132118, 6357.395996>) was added as a guest of a lock!
[07:20:36] Player (Mike, 76561198149271912)(<6905.119629, 37.132118, 6357.395996>) quick accessed a lock!
[07:28:11] Player (Mike, 76561198149271912)(<6905.119629, 37.132118, 6357.395996>) quick accessed a lock!
[11-26-2023][12.00.27] Log file reloaded ( Server Restart )
[16:24:43] Player (Stormy, 76561199147332623)(<6901.531250, 37.330975, 6316.758789>) quick accessed a lock!
[17:16:29] Player (Mike, 76561198149271912)(<6905.119629, 37.132118, 6357.395996>) quick accessed a lock!
[11-26-2023][18.00.30] Log file reloaded ( Server Restart )
[20:39:45] Player (Mike, 76561198149271912)(<6905.119629, 37.132118, 6357.395996>) quick accessed a lock!
[21:00:59] Player (Mike, 76561198149271912)(<6901.531250, 37.330975, 6316.758789>) quick accessed a lock!
[21:23:50] Player (Mike, 76561198149271912)(<6901.531250, 37.330975, 6316.758789>) quick accessed a lock!
[23:13:13] Player (Mike, 76561198149271912)(<6901.531250, 37.330975, 6316.758789>) quick accessed a lock!
[23:44:26] Player (Mike, 76561198149271912)(<6901.531250, 37.330975, 6316.758789>) quick accessed a lock!
