[11-13-2023][00.00.31] New Access Log File Created!
[11-13-2023][06.00.31] Log file reloaded ( Server Restart )
[11-13-2023][12.00.29] Log file reloaded ( Server Restart )
[11-13-2023][18.00.29] Log file reloaded ( Server Restart )
[18:43:42] Player (Jrasl, 76561199062166080)(<7067.631836, 29.465645, 5831.862793>) accessed a lock!
[18:43:42] Player (Jrasl, 76561199062166080)(<7067.631836, 29.465645, 5831.862793>) was added as a guest of a lock!
[18:44:13] Player (Jrasl, 76561199062166080)(<7067.631836, 29.465645, 5831.862793>) quick accessed a lock!
[18:44:22] Player (Jrasl, 76561199062166080)(<7060.294922, 29.417757, 5820.659668>) accessed a lock!
[18:44:22] Player (Jrasl, 76561199062166080)(<7060.294922, 29.417757, 5820.659668>) was added as a guest of a lock!
[18:44:33] Player (Jrasl, 76561199062166080)(<7067.631836, 29.465645, 5831.862793>) quick accessed a lock!
[18:51:12] Player (Jrasl, 76561199523450192)(<7053.369141, 30.080730, 5847.899902>) quick accessed a lock!
[18:54:16] Player (Jrasl, 76561199523450192)(<7067.631836, 29.465645, 5831.862793>) quick accessed a lock!
[18:56:39] Player (Jrasl, 76561199523450192)(<7067.631836, 29.465645, 5831.862793>) quick accessed a lock!
[18:57:25] Player (Jrasl, 76561199523450192)(<7067.631836, 29.465645, 5831.862793>) quick accessed a lock!
[19:00:50] Player (Jrasl, 76561199523450192)(<7053.369141, 30.080730, 5847.899902>) quick accessed a lock!
[19:02:13] Player (Jrasl, 76561199523450192)(<7053.369141, 30.080730, 5847.899902>) quick accessed a lock!
[19:03:48] Player (Jrasl, 76561199523450192)(<7067.631836, 29.465645, 5831.862793>) quick accessed a lock!
[19:12:15] Player (Jrasl, 76561199062166080)(<7067.631836, 29.465645, 5831.862793>) quick accessed a lock!
[19:13:03] Player (Jrasl, 76561199062166080)(<7067.631836, 29.465645, 5831.862793>) quick accessed a lock!
[19:13:15] Player (Jrasl, 76561199062166080)(<7053.369141, 30.080730, 5847.899902>) accessed a lock!
[19:13:15] Player (Jrasl, 76561199062166080)(<7053.369141, 30.080730, 5847.899902>) was added as a guest of a lock!
[19:18:11] Player (Jrasl, 76561199062166080)(<7053.369141, 30.080730, 5847.899902>) quick accessed a lock!
[19:18:40] Player (Jrasl, 76561199062166080)(<7067.631836, 29.465645, 5831.862793>) quick accessed a lock!
[19:21:09] Player (Jrasl, 76561199062166080)(<7067.631836, 29.465645, 5831.862793>) quick accessed a lock!
[19:23:09] Player (Jrasl, 76561199062166080)(<7053.369141, 30.080730, 5847.899902>) quick accessed a lock!
[19:23:13] Player (Jrasl, 76561199062166080)(<7053.369141, 30.080730, 5847.899902>) quick accessed a lock!
[19:28:07] Player (Jrasl, 76561199062166080)(<7053.369141, 30.080730, 5847.899902>) quick accessed a lock!
[19:28:39] Player (Jrasl, 76561199062166080)(<7067.631836, 29.465645, 5831.862793>) quick accessed a lock!
[19:34:50] Player (Jrasl, 76561199062166080)(<7067.631836, 29.465645, 5831.862793>) quick accessed a lock!
[19:40:26] Player (Jrasl, 76561199062166080)(<7053.369141, 30.080730, 5847.899902>) quick accessed a lock!
[19:41:35] Player (Jrasl, 76561199062166080)(<7067.631836, 29.465645, 5831.862793>) quick accessed a lock!
[19:42:24] Player (Jrasl, 76561199062166080)(<7067.631836, 29.465645, 5831.862793>) quick accessed a lock!
[19:42:31] Player (Jrasl, 76561199062166080)(<7060.294922, 29.417757, 5820.659668>) quick accessed a lock!
[19:46:09] Player (Jrasl, 76561199062166080)(<7067.631836, 29.465645, 5831.862793>) quick accessed a lock!
[19:47:00] Player (Jrasl, 76561199062166080)(<7067.631836, 29.465645, 5831.862793>) quick accessed a lock!
[19:47:52] Player (Jrasl, 76561199062166080)(<7053.369141, 30.080730, 5847.899902>) quick accessed a lock!
[19:52:57] Player (Jrasl, 76561199062166080)(<7053.369141, 30.080730, 5847.899902>) quick accessed a lock!
[19:53:05] Player (Jrasl, 76561199062166080)(<7067.631836, 29.465645, 5831.862793>) quick accessed a lock!
[19:54:35] Player (Jrasl, 76561199062166080)(<7067.631836, 29.465645, 5831.862793>) quick accessed a lock!
[19:58:11] Player (Jrasl, 76561199062166080)(<7053.369141, 30.080730, 5847.899902>) quick accessed a lock!
[20:02:38] Player (Jrasl, 76561199062166080)(<7053.369141, 30.080730, 5847.899902>) quick accessed a lock!
[20:02:46] Player (Jrasl, 76561199062166080)(<7067.631836, 29.465645, 5831.862793>) quick accessed a lock!
[20:03:42] Player (Jrasl, 76561199062166080)(<7067.631836, 29.465645, 5831.862793>) quick accessed a lock!
[20:05:18] Player (Jrasl, 76561199062166080)(<7060.294922, 29.417757, 5820.659668>) quick accessed a lock!
[20:06:53] Player (Jrasl, 76561199062166080)(<7053.369141, 30.080730, 5847.899902>) quick accessed a lock!
[20:15:00] Player (Jrasl, 76561199062166080)(<7053.369141, 30.080730, 5847.899902>) quick accessed a lock!
[20:16:31] Player (Jrasl, 76561199062166080)(<7053.369141, 30.080730, 5847.899902>) quick accessed a lock!
[20:20:37] Player (Jrasl, 76561199062166080)(<7053.369141, 30.080730, 5847.899902>) quick accessed a lock!
