[11-01-2023][00.00.28] New Access Log File Created!
[00:48:09] Player (Darkman Esquiire, 76561197980466132)(<7053.369141, 30.080730, 5847.899902>) quick accessed a lock!
[01:03:57] Player (Darkman Esquiire, 76561197980466132)(<7060.294922, 29.417757, 5820.659668>) quick accessed a lock!
[01:05:16] Player (Darkman Esquiire, 76561197980466132)(<7060.294922, 29.417757, 5820.659668>) quick accessed a lock!
[11-01-2023][06.00.28] Log file reloaded ( Server Restart )
[11-01-2023][12.00.29] Log file reloaded ( Server Restart )
[13:19:13] Player (Ghost, 76561199523450192)(<7053.369141, 30.080730, 5847.899902>) quick accessed a lock!
[14:06:33] Player (Ghost, 76561199523450192)(<7053.369141, 30.080730, 5847.899902>) quick accessed a lock!
[14:07:00] Player (Ghost, 76561199523450192)(<7053.369141, 30.080730, 5847.899902>) quick accessed a lock!
[14:07:21] Player (Ghost, 76561199523450192)(<7053.369141, 30.080730, 5847.899902>) quick accessed a lock!
[14:19:16] Player (Ghost, 76561199523450192)(<7053.369141, 30.080730, 5847.899902>) quick accessed a lock!
[14:21:27] Player (Ghost, 76561199523450192)(<7053.369141, 30.080730, 5847.899902>) quick accessed a lock!
[14:24:34] Player (Ghost, 76561199523450192)(<7060.294922, 29.417757, 5820.659668>) quick accessed a lock!
[14:28:30] Player (Ghost, 76561199523450192)(<7060.294922, 29.417757, 5820.659668>) quick accessed a lock!
[14:31:30] Player (Ghost, 76561199523450192)(<7060.294922, 29.417757, 5820.659668>) quick accessed a lock!
[14:33:59] Player (Ghost, 76561199523450192)(<7067.631836, 29.465645, 5831.862793>) set a new passcode on lock!
[14:33:59] Player (Ghost, 76561199523450192)(<7067.631836, 29.465645, 5831.862793>) claimed ownership of a lock!
[14:34:01] Player (Ghost, 76561199523450192)(<7067.631836, 29.465645, 5831.862793>) quick accessed a lock!
[14:35:35] Player (Ghost, 76561199523450192)(<7053.369141, 30.080730, 5847.899902>) quick accessed a lock!
[14:36:08] Player (Ghost, 76561199523450192)(<7053.369141, 30.080730, 5847.899902>) quick accessed a lock!
[14:39:20] Player (Ghost, 76561199523450192)(<7060.294922, 29.417757, 5820.659668>) quick accessed a lock!
[14:40:54] Player (Ghost, 76561199523450192)(<7053.369141, 30.080730, 5847.899902>) quick accessed a lock!
[14:58:53] Player (Ghost, 76561199523450192)(<7053.369141, 30.080730, 5847.899902>) quick accessed a lock!
[15:00:00] Player (Ghost, 76561199523450192)(<7053.369141, 30.080730, 5847.899902>) quick accessed a lock!
[15:02:15] Player (Ghost, 76561199523450192)(<7053.369141, 30.080730, 5847.899902>) quick accessed a lock!
[15:02:28] Player (Ghost, 76561199523450192)(<7053.369141, 30.080730, 5847.899902>) quick accessed a lock!
[15:03:55] Player (Ghost, 76561199523450192)(<7053.369141, 30.080730, 5847.899902>) quick accessed a lock!
[15:08:03] Player (Ghost, 76561199523450192)(<7053.369141, 30.080730, 5847.899902>) quick accessed a lock!
[15:08:16] Player (Ghost, 76561199523450192)(<7067.631836, 29.465645, 5831.862793>) quick accessed a lock!
[16:45:19] Player (Ghost, 76561199523450192)(<7067.631836, 29.465645, 5831.862793>) quick accessed a lock!
[16:46:36] Player (Ghost, 76561199523450192)(<7053.369141, 30.080730, 5847.899902>) quick accessed a lock!
[16:48:06] Player (Ghost, 76561199523450192)(<7060.294922, 29.417757, 5820.659668>) quick accessed a lock!
[11-01-2023][18.00.29] Log file reloaded ( Server Restart )
[18:58:21] Player (Ghost, 76561199523450192)(<7067.631836, 29.465645, 5831.862793>) quick accessed a lock!
[18:59:13] Player (Ghost, 76561199523450192)(<7060.294922, 29.417757, 5820.659668>) quick accessed a lock!
[19:00:17] Player (Ghost, 76561199523450192)(<7053.369141, 30.080730, 5847.899902>) quick accessed a lock!
[19:00:51] Player (Ghost, 76561199523450192)(<7053.369141, 30.080730, 5847.899902>) quick accessed a lock!
[19:01:01] Player (Ghost, 76561199523450192)(<7067.631836, 29.465645, 5831.862793>) quick accessed a lock!
[19:02:11] Player (Ghost, 76561199523450192)(<7067.631836, 29.465645, 5831.862793>) quick accessed a lock!
[19:02:25] Player (Ghost, 76561199523450192)(<7053.369141, 30.080730, 5847.899902>) quick accessed a lock!
[19:05:47] Player (Darkman Esquiire, 76561197980466132)(<7060.294922, 29.417757, 5820.659668>) quick accessed a lock!
[19:06:15] Player (Ghost, 76561199523450192)(<7053.369141, 30.080730, 5847.899902>) quick accessed a lock!
[19:06:27] Player (Darkman Esquiire, 76561197980466132)(<7067.631836, 29.465645, 5831.862793>) accessed a lock!
[19:06:27] Player (Darkman Esquiire, 76561197980466132)(<7067.631836, 29.465645, 5831.862793>) was added as a guest of a lock!
[19:06:55] Player (Darkman Esquiire, 76561197980466132)(<7053.369141, 30.080730, 5847.899902>) quick accessed a lock!
[19:07:02] Player (Ghost, 76561199523450192)(<7067.631836, 29.465645, 5831.862793>) quick accessed a lock!
[19:07:33] Player (Darkman Esquiire, 76561197980466132)(<7053.369141, 30.080730, 5847.899902>) quick accessed a lock!
[19:07:44] Player (Darkman Esquiire, 76561197980466132)(<7060.294922, 29.417757, 5820.659668>) quick accessed a lock!
[19:08:10] Player (Darkman Esquiire, 76561197980466132)(<7067.631836, 29.465645, 5831.862793>) quick accessed a lock!
[19:12:23] Player (Darkman Esquiire, 76561197980466132)(<7053.369141, 30.080730, 5847.899902>) quick accessed a lock!
[19:13:29] Player (Darkman Esquiire, 76561197980466132)(<7053.369141, 30.080730, 5847.899902>) quick accessed a lock!
[19:15:52] Player (Ghost, 76561199523450192)(<7067.631836, 29.465645, 5831.862793>) quick accessed a lock!
[19:16:55] Player (Ghost, 76561199523450192)(<7067.631836, 29.465645, 5831.862793>) quick accessed a lock!
[19:20:38] Player (Ghost, 76561199523450192)(<7067.631836, 29.465645, 5831.862793>) quick accessed a lock!
[19:20:48] Player (Ghost, 76561199523450192)(<7053.369141, 30.080730, 5847.899902>) quick accessed a lock!
[19:35:29] Player (Ghost, 76561199523450192)(<7053.369141, 30.080730, 5847.899902>) quick accessed a lock!
[19:41:27] Player (Ghost, 76561199523450192)(<7067.631836, 29.465645, 5831.862793>) quick accessed a lock!
[19:41:35] Player (Ghost, 76561199523450192)(<7060.294922, 29.417757, 5820.659668>) quick accessed a lock!
[19:41:44] Player (Ghost, 76561199523450192)(<7067.631836, 29.465645, 5831.862793>) quick accessed a lock!
[19:45:29] Player (Ghost, 76561199523450192)(<7067.631836, 29.465645, 5831.862793>) quick accessed a lock!
[19:45:49] Player (Ghost, 76561199523450192)(<7053.369141, 30.080730, 5847.899902>) quick accessed a lock!
[20:05:23] Player (Ghost, 76561199523450192)(<7053.369141, 30.080730, 5847.899902>) quick accessed a lock!
[20:05:49] Player (Ghost, 76561199523450192)(<7067.631836, 29.465645, 5831.862793>) quick accessed a lock!
[20:09:28] Player (Ghost, 76561199523450192)(<7067.631836, 29.465645, 5831.862793>) quick accessed a lock!
[20:11:16] Player (Ghost, 76561199523450192)(<7053.369141, 30.080730, 5847.899902>) quick accessed a lock!
[20:16:08] Player (Ghost, 76561199523450192)(<7053.369141, 30.080730, 5847.899902>) quick accessed a lock!
[20:49:31] Player (Ghost, 76561199523450192)(<7053.369141, 30.080730, 5847.899902>) quick accessed a lock!
[20:49:48] Player (Ghost, 76561199523450192)(<7053.369141, 30.080730, 5847.899902>) quick accessed a lock!
[20:51:33] Player (Ghost, 76561199523450192)(<7053.369141, 30.080730, 5847.899902>) quick accessed a lock!
[20:51:42] Player (Ghost, 76561199523450192)(<7067.631836, 29.465645, 5831.862793>) quick accessed a lock!
