[11-23-2023][00.00.29] New Access Log File Created!
[11-23-2023][06.00.28] Log file reloaded ( Server Restart )
[11-23-2023][12.00.29] Log file reloaded ( Server Restart )
[11-23-2023][18.00.30] Log file reloaded ( Server Restart )
[20:14:54] Player (dirtystiX, 76561198415538342)(<2664.855225, 25.812138, 6042.356445>) set a new passcode on lock!
[20:14:54] Player (dirtystiX, 76561198415538342)(<2664.855225, 25.812138, 6042.356445>) claimed ownership of a lock!
[20:14:55] Player (dirtystiX, 76561198415538342)(<2664.855225, 25.812138, 6042.356445>) quick accessed a lock!
[20:18:14] Player (dirtystiX, 76561198415538342)(<2664.855225, 25.812138, 6042.356445>) quick accessed a lock!
[20:19:07] Player (dirtystiX, 76561198415538342)(<2664.855225, 25.812138, 6042.356445>) quick accessed a lock!
[20:19:30] Player (dirtystiX, 76561198415538342)(<2664.855225, 25.812138, 6042.356445>) quick accessed a lock!
[20:33:45] Player (dirtystiX, 76561198415538342)(<2664.855225, 25.812138, 6042.356445>) quick accessed a lock!
[20:34:39] Player (dirtystiX, 76561198415538342)(<2664.855225, 25.812138, 6042.356445>) quick accessed a lock!
[20:36:27] Player (dirtystiX, 76561198415538342)(<2664.855225, 25.812138, 6042.356445>) quick accessed a lock!
[20:37:53] Player (dirtystiX, 76561198415538342)(<2664.855225, 25.812138, 6042.356445>) quick accessed a lock!
[20:39:06] Player (dirtystiX, 76561198415538342)(<2664.855225, 25.812138, 6042.356445>) quick accessed a lock!
[20:40:10] Player (dirtystiX, 76561198415538342)(<2664.855225, 25.812138, 6042.356445>) quick accessed a lock!
[20:41:34] Player (dirtystiX, 76561198415538342)(<2664.855225, 25.812138, 6042.356445>) quick accessed a lock!
[20:42:32] Player (dirtystiX, 76561198415538342)(<2664.855225, 25.812138, 6042.356445>) quick accessed a lock!
[20:47:27] Player (dirtystiX, 76561198415538342)(<2664.855225, 25.812138, 6042.356445>) quick accessed a lock!
[20:50:44] Player (dirtystiX, 76561198415538342)(<2664.855225, 25.812138, 6042.356445>) quick accessed a lock!
[20:50:52] Player (dirtystiX, 76561198415538342)(<2664.855225, 25.812138, 6042.356445>) quick accessed a lock!
[20:55:13] Player (dirtystiX, 76561198415538342)(<2664.855225, 25.812138, 6042.356445>) quick accessed a lock!
[20:56:33] Player (dirtystiX, 76561198415538342)(<2664.855225, 25.812138, 6042.356445>) quick accessed a lock!
[20:57:42] Player (dirtystiX, 76561198415538342)(<2664.855225, 25.812138, 6042.356445>) quick accessed a lock!
[20:58:30] Player (dirtystiX, 76561198415538342)(<2664.855225, 25.812138, 6042.356445>) quick accessed a lock!
[21:09:48] Player (dirtystiX, 76561198415538342)(<2664.855225, 25.812138, 6042.356445>) quick accessed a lock!
[21:11:43] Player (dirtystiX, 76561198415538342)(<2664.855225, 25.812138, 6042.356445>) quick accessed a lock!
[21:16:14] Player (dirtystiX, 76561198415538342)(<2664.855225, 25.812138, 6042.356445>) quick accessed a lock!
[22:02:57] Player (dirtystiX, 76561198415538342)(<2664.494629, 25.874897, 6042.023926>) set a new passcode on lock!
[22:02:57] Player (dirtystiX, 76561198415538342)(<2664.494629, 25.874897, 6042.023926>) claimed ownership of a lock!
[22:02:59] Player (dirtystiX, 76561198415538342)(<2664.494629, 25.874897, 6042.023926>) quick accessed a lock!
[22:03:04] Player (dirtystiX, 76561198415538342)(<2664.494629, 25.874897, 6042.023926>) quick accessed a lock!
[22:13:34] Player (dirtystiX, 76561198415538342)(<2664.494629, 25.874897, 6042.023926>) quick accessed a lock!
[22:15:47] Player (dirtystiX, 76561198415538342)(<2664.494629, 25.874897, 6042.023926>) quick accessed a lock!
[22:18:34] Player (dirtystiX, 76561198415538342)(<2664.494629, 25.874897, 6042.023926>) quick accessed a lock!
[22:21:37] Player (dirtystiX, 76561198415538342)(<2664.494629, 25.874897, 6042.023926>) quick accessed a lock!
[22:38:50] Player (dirtystiX, 76561198415538342)(<2664.494629, 25.874897, 6042.023926>) quick accessed a lock!
[22:47:14] Player (dirtystiX, 76561198415538342)(<2664.494629, 25.874897, 6042.023926>) quick accessed a lock!
[22:47:41] Player (dirtystiX, 76561198415538342)(<2664.494629, 25.874897, 6042.023926>) quick accessed a lock!
