---------------------------------------------
Log C:\Users\rylic\OneDrive\Documents\Chimsee-PvE\servers\Production\profiles\script_2024-01-09_06-00-12.log started at 09.01. 06:00:12

SCRIPT       : Registered 341 temporary action enum(s), UAN==341
SCRIPT    (W): @"GameLabs/Scripts/3_Game/API/*бхоЦотц.ogg,265": Possible variable name conflict 'player'
SCRIPT    (W): @"GameLabs/Scripts/3_Game/API/*бхоЦотц.ogg,265": Possible variable name conflict 'murderer'
SCRIPT    (W): @"GameLabs/Scripts/3_Game/API/*бхоЦотц.ogg,265": Possible variable name conflict 'weapon'
SCRIPT    (W): @"GameLabs/Scripts/3_Game/API/*бхоЦотц.ogg,265": Possible variable name conflict 'weaponNiceName'
SCRIPT    (W): @"GameLabs/Scripts/3_Game/API/*бхоЦотц.ogg,154": Possible variable name conflict 'initial'
SCRIPT    (W): @"GameLabs/Scripts/3_Game/API/*бхоЦотц.ogg,154": Possible variable name conflict 'interval'
SCRIPT    (W): @"GameLabs/Scripts/3_Game/API/*бхоЦотц.ogg,154": Possible variable name conflict 'added'
SCRIPT    (W): @"GameLabs/Scripts/3_Game/API/*бхоЦотц.ogg,154": Possible variable name conflict 'removed'
SCRIPT    (W): @"GameLabs/Scripts/3_Game/API/*бхоЦотц.ogg,243": Possible variable name conflict 'initial'
SCRIPT    (W): @"GameLabs/Scripts/3_Game/API/*бхоЦотц.ogg,243": Possible variable name conflict 'interval'
SCRIPT    (W): @"GameLabs/Scripts/3_Game/API/*бхоЦотц.ogg,243": Possible variable name conflict 'updated'
SCRIPT    (W): @"GameLabs/Scripts/3_Game/?їкЮСч.rvmat,29": Possible variable name conflict 'modId'
SCRIPT    (W): @"GameLabs/Scripts/3_Game/?їкЮСч.rvmat,29": Possible variable name conflict 'key'
SCRIPT    (W): @"GameLabs/Scripts/3_Game/Эџрѓљ?зјѐ.ogg,207": Possible variable name conflict 'status'
SCRIPT    (W): @"GameLabs/Scripts/3_Game/3_Hooking/оі?Унёџ.p3d,8": Possible variable name conflict 'uid'
SCRIPT    (W): @"GameLabs/Scripts/3_Game/3_Hooking/оі?Унёџ.p3d,8": Possible variable name conflict 'sessionKey'
SCRIPT    (W): @"GameLabs/Scripts/3_Game/3_Hooking/оі?Унёџ.p3d,8": Possible variable name conflict 'host'
SCRIPT    (W): @"GameLabs/Scripts/3_Game/3_Hooking/оі?Унёџ.p3d,8": Possible variable name conflict 'port'
SCRIPT    (W): @"GameLabs/Scripts/3_Game/?їкЮСч.rvmat,15": Possible variable name conflict 'modId'
SCRIPT    (W): @"GameLabs/Scripts/3_Game/?їкЮСч.rvmat,15": Possible variable name conflict 'key'
SCRIPT    (W): @"GameLabs/Scripts/3_Game/?їкЮСч.rvmat,15": Possible variable name conflict 'value'
SCRIPT    (W): @"GameLabs/Scripts/3_Game/Эџрѓљ?зјѐ.ogg,226": Possible variable name conflict 'responseType'
SCRIPT    (W): @"GameLabs/Scripts/3_Game/Эџрѓљ?зјѐ.ogg,226": Possible variable name conflict 'webhookUrl'
SCRIPT    (W): @"GameLabs/Scripts/3_Game/Эџрѓљ?зјѐ.ogg,264": Possible variable name conflict 'object'
SCRIPT    (W): @"GameLabs/Scripts/3_Game/API/*бхоЦотц.ogg,443": Possible variable name conflict 'operation'
SCRIPT    (W): @"GameLabs/Scripts/3_Game/API/*бхоЦотц.ogg,443": Possible variable name conflict 'key'
SCRIPT    (W): @"GameLabs/Scripts/3_Game/API/*бхоЦотц.ogg,443": Possible variable name conflict 'value'
SCRIPT    (W): @"GameLabs/Scripts/3_Game/API/*бхоЦотц.ogg,443": Possible variable name conflict 'expires'
SCRIPT    (W): @"GameLabs/Scripts/3_Game/ЫђЩюђт?ќ.wsi,75": Possible variable name conflict 'debugEnabled'
SCRIPT    (W): @"GameLabs/Scripts/3_Game/Эџрѓљ?зјѐ.ogg,26": Possible variable name conflict '_reference'
SCRIPT    (W): @"GameLabs/Scripts/3_Game/API/*бхоЦотц.ogg,346": Possible variable name conflict 'player'
SCRIPT    (W): @"GameLabs/Scripts/3_Game/API/*бхоЦотц.ogg,346": Possible variable name conflict 'channel'
SCRIPT    (W): @"GameLabs/Scripts/3_Game/API/*бхоЦотц.ogg,346": Possible variable name conflict 'message'
SCRIPT    (W): @"GameLabs/Scripts/3_Game/API/*бхоЦотц.ogg,398": Possible variable name conflict 'items'
SCRIPT    (W): @"GameLabs/Scripts/3_Game/API/*бхоЦотц.ogg,362": Possible variable name conflict 'steam64'
SCRIPT    (W): @"GameLabs/Scripts/3_Game/API/*бхоЦотц.ogg,362": Possible variable name conflict 'position'
SCRIPT    (W): @"GameLabs/Scripts/3_Game/Эџрѓљ?зјѐ.ogg,107": Possible variable name conflict 'displayName'
SCRIPT    (W): @"GameLabs/Scripts/3_Game/Эџрѓљ?зјѐ.ogg,107": Possible variable name conflict 'description'
SCRIPT    (W): @"GameLabs/Scripts/3_Game/Эџрѓљ?зјѐ.ogg,107": Possible variable name conflict 'dataType'
SCRIPT    (W): @"GameLabs/Scripts/3_Game/API/*ѝъдЮђШХыїХ.p3d,62": Possible variable name conflict 'serverId'
SCRIPT    (W): @"GameLabs/Scripts/3_Game/API/*ѝъдЮђШХыїХ.p3d,62": Possible variable name conflict 'apiKey'
SCRIPT    (W): @"GameLabs/Scripts/3_Game/API/*ѝъдЮђШХыїХ.p3d,62": Possible variable name conflict 'baseUrl'
SCRIPT    (W): @"GameLabs/Scripts/3_Game/API/*ѝъдЮђШХыїХ.p3d,62": Possible variable name conflict 'storeUrl'
SCRIPT    (W): @"GameLabs/Scripts/3_Game/API/*ѝъдЮђШХыїХ.p3d,81": Possible variable name conflict 'authKey'
SCRIPT    (W): @"GameLabs/Scripts/3_Game/?їкЮСч.rvmat,61": Possible variable name conflict 'modId'
SCRIPT    (W): @"GameLabs/Scripts/3_Game/?їкЮСч.rvmat,61": Possible variable name conflict 'key'
SCRIPT    (W): @"GameLabs/Scripts/3_Game/?їкЮСч.rvmat,61": Possible variable name conflict 'value'
SCRIPT    (W): @"GameLabs/Scripts/3_Game/API/*бхоЦотц.ogg,512": Possible variable name conflict 'content'
SCRIPT    (W): @"GameLabs/Scripts/3_Game/?їкЮСч.rvmat,46": Possible variable name conflict 'modId'
SCRIPT    (W): @"GameLabs/Scripts/3_Game/?їкЮСч.rvmat,46": Possible variable name conflict 'key'
SCRIPT    (W): @"GameLabs/Scripts/3_Game/?їкЮСч.rvmat,46": Possible variable name conflict 'value'
SCRIPT    (W): @"GameLabs/Scripts/3_Game/API/*бхоЦотц.ogg,199": Possible variable name conflict 'initial'
SCRIPT    (W): @"GameLabs/Scripts/3_Game/API/*бхоЦотц.ogg,199": Possible variable name conflict 'interval'
SCRIPT    (W): @"GameLabs/Scripts/3_Game/API/*бхоЦотц.ogg,199": Possible variable name conflict 'added'
SCRIPT    (W): @"GameLabs/Scripts/3_Game/API/*бхоЦотц.ogg,199": Possible variable name conflict 'updated'
SCRIPT    (W): @"GameLabs/Scripts/3_Game/API/*бхоЦотц.ogg,199": Possible variable name conflict 'removed'
SCRIPT    (W): @"GameLabs/Scripts/3_Game/Эџрѓљ?зјѐ.ogg,5": Possible variable name conflict '_reference'
SCRIPT    (W): @"GameLabs/Scripts/3_Game/?їкЮСч.rvmat,77": Possible variable name conflict 'modId'
SCRIPT    (W): @"GameLabs/Scripts/3_Game/API/*ѝъдЮђШХыїХ.p3d,10": Possible variable name conflict 'status'
SCRIPT    (W): @"GameLabs/Scripts/3_Game/API/*ѝъдЮђШХыїХ.p3d,10": Possible variable name conflict 'error'
SCRIPT    (W): @"GameLabs/Scripts/3_Game/API/*бхоЦотц.ogg,313": Possible variable name conflict 'player'
SCRIPT    (W): @"GameLabs/Scripts/3_Game/API/*бхоЦотц.ogg,313": Possible variable name conflict 'item'
SCRIPT    (W): @"GameLabs/Scripts/3_Game/API/*бхоЦотц.ogg,313": Possible variable name conflict 'target'
SCRIPT    (W): @"GameLabs/Scripts/3_Game/API/*бхоЦотц.ogg,313": Possible variable name conflict 'action'
SCRIPT    (W): @"GameLabs/Scripts/3_Game/API/*бхоЦотц.ogg,41": Possible variable name conflict 'serverId'
SCRIPT    (W): @"GameLabs/Scripts/3_Game/API/*бхоЦотц.ogg,41": Possible variable name conflict 'apiKey'
SCRIPT    (W): @"GameLabs/Scripts/3_Game/API/*бхоЦотц.ogg,41": Possible variable name conflict 'flagReauth'
SCRIPT    (W): @"GameLabs/Scripts/3_Game/Эџрѓљ?зјѐ.ogg,47": Possible variable name conflict 'className'
SCRIPT    (W): @"GameLabs/Scripts/3_Game/Эџрѓљ?зјѐ.ogg,47": Possible variable name conflict 'icon'
SCRIPT    (W): @"GameLabs/Scripts/3_Game/Эџрѓљ?зјѐ.ogg,47": Possible variable name conflict '_reference'
SCRIPT    (W): @"GameLabs/Scripts/3_Game/API/*бхоЦотц.ogg,420": Possible variable name conflict 'operation'
SCRIPT    (W): @"GameLabs/Scripts/3_Game/API/*бхоЦотц.ogg,420": Possible variable name conflict 'key'
SCRIPT    (W): @"GameLabs/Scripts/3_Game/API/*бхоЦотц.ogg,420": Possible variable name conflict 'value'
SCRIPT    (W): @"GameLabs/Scripts/3_Game/API/*бхоЦотц.ogg,420": Possible variable name conflict 'expires'
SCRIPT    (W): @"GameLabs/Scripts/3_Game/API/*бхоЦотц.ogg,390": Possible variable name conflict 'className'
SCRIPT    (W): @"GameLabs/Scripts/3_Game/API/*бхоЦотц.ogg,390": Possible variable name conflict 'displayName'
SCRIPT    (W): @"GameLabs/Scripts/3_Game/API/*бхоЦотц.ogg,289": Possible variable name conflict 'player'
SCRIPT    (W): @"GameLabs/Scripts/3_Game/API/*бхоЦотц.ogg,289": Possible variable name conflict 'murderer'
SCRIPT    (W): @"GameLabs/Scripts/3_Game/API/*бхоЦотц.ogg,289": Possible variable name conflict 'weapon'
SCRIPT    (W): @"GameLabs/Scripts/3_Game/API/*бхоЦотц.ogg,289": Possible variable name conflict 'damage'
SCRIPT    (W): @"GameLabs/Scripts/3_Game/API/*бхоЦотц.ogg,289": Possible variable name conflict 'zone'
SCRIPT    (W): @"GameLabs/Scripts/3_Game/ёТђ?жЬѐЪТсР.wsi,11": Possible variable name conflict 'modIdentifier'
SCRIPT    (W): @"GameLabs/Scripts/3_Game/ёТђ?жЬѐЪТсР.wsi,11": Possible variable name conflict 'allowDebug'
SCRIPT    (W): @"GameLabs/Scripts/3_Game/ёТђ?жЬѐЪТсР.wsi,11": Possible variable name conflict 'logrotate'
SCRIPT    (W): @"GameLabs/Scripts/3_Game/ёТђ?жЬѐЪТсР.wsi,20": Possible variable name conflict 'allowDebug'
SCRIPT    (W): @"GameLabs/Scripts/3_Game/API/*бхоЦотц.ogg,330": Possible variable name conflict 'player'
SCRIPT    (W): @"GameLabs/Scripts/3_Game/API/*бхоЦотц.ogg,330": Possible variable name conflict 'item'
SCRIPT    (W): @"GameLabs/Scripts/3_Game/Эџрѓљ?зјѐ.ogg,64": Possible variable name conflict 'contextType'
SCRIPT    (W): @"GameLabs/Scripts/3_Game/Эџрѓљ?зјѐ.ogg,64": Possible variable name conflict 'referencedObject'
SCRIPT    (W): @"GameLabs/Scripts/3_Game/Эџрѓљ?зјѐ.ogg,64": Possible variable name conflict 'parameters'
SCRIPT    (W): @"GameLabs/Scripts/3_Game/Эџрѓљ?зјѐ.ogg,75": Unsafe down-casting, use 'Object.Cast' for safe down-casting
SCRIPT       : ... Backlit Effects Enabled
SCRIPT       : [ERROR]	Type Converter not found for type=int
SCRIPT       : 	Get() JM/CF/Scripts/1_Core/communityframework\typeconverter\cf_typeconverter.c : 118
SCRIPT       : 	Register() JM/CF/Scripts/3_Game/communityframework\network\cf_networkedvariables.c : 90
SCRIPT       : 	RegisterNetSyncVariable() JM/CF/Scripts/3_Game/communityframework\module\cf_modulegame.c : 111
SCRIPT       : 	OnInit() TraderPlus/scripts/3_Game/traderplussystemconfig\logger\traderplusloggermodule.c : 21
SCRIPT       : 	Init() JM/CF/Scripts/1_Core/communityframework\module\cf_modulecore.c : 40
SCRIPT       : 	_Create() JM/CF/Scripts/1_Core/communityframework\module\cf_modulecoremanager.c : 122
SCRIPT       : 	_OnCreate() JM/CF/Scripts/1_Core/communityframework\module\cf_modulecoremanager.c : 47
SCRIPT       : 	CF_ModuleConstructor() JM/CF/Scripts/3_Game/communityframework\module\cf_moduleconstructor.c : 11
SCRIPT       : 	_Init() JM/CF/Scripts/3_Game/communityframework\module\cf_moduleconstructor.c : 35
SCRIPT       : 	Invoke() JM/CF/Scripts/2_GameLib/communityframework\lifecycleevents\cf_lifecycleevents.c : 16
SCRIPT       : 	Invoke() JM/CF/Scripts/2_GameLib/communityframework\eventhandler\cf_eventhandler.c : 65
SCRIPT       : 	DayZGame@583#1() JM/CF/Scripts/3_Game/communityframework\lifecycleevents\dayzgame.c : 9
SCRIPT       : 	CreateGame() scripts/3_Game/game.c : 7
SCRIPT       : 	CF_CreateGame() JM/CF/Scripts/3_Game/communityframework\communityframework.c : 4
SCRIPT       : [ERROR]	(TraderPlusLoggerModule<e78bc3c0>) CF_NetworkedVariables<f834b080>::RegisterNetSyncVariable('networkSync_LogLevel') -> TypeConverter not found for type 'int'
SCRIPT       : 	Register() JM/CF/Scripts/3_Game/communityframework\network\cf_networkedvariables.c : 94
SCRIPT       : 	RegisterNetSyncVariable() JM/CF/Scripts/3_Game/communityframework\module\cf_modulegame.c : 111
SCRIPT       : 	OnInit() TraderPlus/scripts/3_Game/traderplussystemconfig\logger\traderplusloggermodule.c : 21
SCRIPT       : 	Init() JM/CF/Scripts/1_Core/communityframework\module\cf_modulecore.c : 40
SCRIPT       : 	_Create() JM/CF/Scripts/1_Core/communityframework\module\cf_modulecoremanager.c : 122
SCRIPT       : 	_OnCreate() JM/CF/Scripts/1_Core/communityframework\module\cf_modulecoremanager.c : 47
SCRIPT       : 	CF_ModuleConstructor() JM/CF/Scripts/3_Game/communityframework\module\cf_moduleconstructor.c : 11
SCRIPT       : 	_Init() JM/CF/Scripts/3_Game/communityframework\module\cf_moduleconstructor.c : 35
SCRIPT       : 	Invoke() JM/CF/Scripts/2_GameLib/communityframework\lifecycleevents\cf_lifecycleevents.c : 16
SCRIPT       : 	Invoke() JM/CF/Scripts/2_GameLib/communityframework\eventhandler\cf_eventhandler.c : 65
SCRIPT       : 	DayZGame@583#1() JM/CF/Scripts/3_Game/communityframework\lifecycleevents\dayzgame.c : 9
SCRIPT       : 	CreateGame() scripts/3_Game/game.c : 7
SCRIPT       : 	CF_CreateGame() JM/CF/Scripts/3_Game/communityframework\communityframework.c : 4
SCRIPT       : DZM_Projects Map! by DaOne
SCRIPT    (W): @"GameLabs/Scripts/4_World/4_Hooking/ЦЮљ?їЮТзЪ.jpg,261": Missing ';' at the end of line
SCRIPT    (W): @"WindstrideClothing/scripts/4_World/playerbase.c,36": Missing ';' at the end of line
SCRIPT    (W): @"ModularVestSystem/scripts/4_World/mvs_taco.c,19": Missing ';' at the end of line
SCRIPT    (W): @"MunghardsItems/scripts/4_world/entities\itembase\carrierrig.c,16": FIX-ME: Overriding function 'SmershException' but not marked as 'override'
SCRIPT    (E): @"scripts/4_World/entities\firearms\weapon_base.c,696": Variable 'weaponType' is private
SCRIPT    (W): @"MunghardsItems/scripts/4_world/entities\itembase\tentbase.c,4": FIX-ME: Overriding function 'CanPutAsAttachment' but not marked as 'override'
SCRIPT    (W): @"czzzz_DzrNotesScripts/4_World/entities\itembase\paper.c,63": FIX-ME: Overriding function 'Result' but not marked as 'override'
SCRIPT    (W): @"GameLabs/Scripts/4_World/4_Hooking/?эшѕљнюѕѐў.rvmat,33": Possible variable name conflict '_registeredInstance'
SCRIPT    (W): @"WindstrideClothing/scripts/4_World/eyepatch\eyepatch_dismantle.c,58": FIX-ME: Overriding function 'SetActions' but not marked as 'override'
SCRIPT    (W): @"PVEZ/4_World/pvez_adminconsolegui.c,760": Possible variable name conflict 'selectedZone'
SCRIPT    (W): @"PVEZ/4_World/pvez_adminconsolegui.c,825": Possible variable name conflict 'selectedLawbreaker'
SCRIPT    (W): @"MassGuns\Scripts\4_World/entities\firearms\automaticrifle\mass_slr106.c,9": FIX-ME: Overriding function 'Open' but not marked as 'override'
SCRIPT    (W): @"test3_map/Chiemsee/ChiemseeVehicles/BathMobile/scripts/4_world/bathmobile_chiemsee\entities\vehicles\inherited\bathmobile_chiemsee__base.c,37": Possible variable name conflict 'm_showerPtcFx1'
SCRIPT    (W): @"Food\scripts\4_World/mremains.c,485": FIX-ME: Overriding function 'Open' but not marked as 'override'
SCRIPT    (W): @"MunghardsItems/scripts/4_world/entities\itembase\swmodel3.c,88": FIX-ME: Overriding function 'HideAllSelections' but not marked as 'override'
SCRIPT    (W): @"MassGuns\Scripts\4_World/entities\firearms\automaticrifle\mass_ak9.c,8": FIX-ME: Overriding function 'Open' but not marked as 'override'
SCRIPT    (W): @"MassGuns\Scripts\4_World/entities\firearms\automaticrifle\mass_rpk74_base.c,59": FIX-ME: Overriding function 'Open' but not marked as 'override'
SCRIPT    (W): @"czzzz_DzrNotesScripts/4_World/classes\useractionscomponent\actions\singleuse\actionwritepaper.c,3": FIX-ME: Overriding function 'ActionCondition' but not marked as 'override'
SCRIPT    (W): @"MassGuns\Scripts\4_World/entities\firearms\shotgun\spas12.c,10": FIX-ME: Overriding function 'Open' but not marked as 'override'
SCRIPT    (W): @"CodeLock/scripts/4_world/gui\setcodemenu.c,31": FIX-ME: Overriding function 'CheckState' but not marked as 'override'
SCRIPT    (W): @"MunghardsItems/scripts/4_world/entities\itembase\zippo_new.c,48": FIX-ME: Overriding function 'OnSwitchOn' but not marked as 'override'
SCRIPT    (W): @"MunghardsItems/scripts/4_world/entities\itembase\zippo_new.c,58": FIX-ME: Overriding function 'OnSwitchOff' but not marked as 'override'
SCRIPT    (W): @"Food\scripts\4_World/mremains.c,435": FIX-ME: Overriding function 'Open' but not marked as 'override'
SCRIPT    (W): @"Food\scripts\4_World/mremains.c,385": FIX-ME: Overriding function 'Open' but not marked as 'override'
SCRIPT    (W): @"czzzz_DzrNotesScripts/4_World/classes\writtennotedata.c,37": FIX-ME: Overriding function 'OnRPC' but not marked as 'override'
SCRIPT    (W): @"czzzz_DzrNotesScripts/4_World/classes\writtennotedata.c,142": FIX-ME: Overriding function 'InitNoteInfo' but not marked as 'override'
SCRIPT    (W): @"czzzz_DzrNotesScripts/4_World/classes\writtennotedata.c,149": FIX-ME: Overriding function 'GetNoteInfo' but not marked as 'override'
SCRIPT    (W): @"czzzz_DzrNotesScripts/4_World/classes\writtennotedata.c,157": FIX-ME: Overriding function 'GetNoteText' but not marked as 'override'
SCRIPT    (W): @"czzzz_DzrNotesScripts/4_World/classes\writtennotedata.c,163": FIX-ME: Overriding function 'SetNoteText' but not marked as 'override'
SCRIPT    (W): @"czzzz_DzrNotesScripts/4_World/classes\writtennotedata.c,169": FIX-ME: Overriding function 'DepleteWritingImplement' but not marked as 'override'
SCRIPT    (W): @"czzzz_DzrNotesScripts/4_World/entities\itembase\paper.c,38": FIX-ME: Overriding function 'IsReadOnly' but not marked as 'override'
SCRIPT    (W): @"czzzz_DzrNotesScripts/4_World/entities\itembase\paper.c,43": FIX-ME: Overriding function 'Result' but not marked as 'override'
SCRIPT    (W): @"MassMisc/scripts/4_World/items\containers\thiccweaponcase.c,71": FIX-ME: Overriding function 'IsHeavyBehaviour' but not marked as 'override'
SCRIPT    (W): @"MassTextures\scripts\4_World/items\survivorbag.c,3": FIX-ME: Overriding function 'CanReceiveAttachment' but not marked as 'override'
SCRIPT    (W): @"GameLabs/Scripts/4_World/4_Hooking/лђШ?зы.rvmat,2": FIX-ME: Overriding function 'OnContinouousAction' but not marked as 'override'
SCRIPT    (W): @"GameLabs/Scripts/4_World/4_Hooking/лђШ?зы.rvmat,42": FIX-ME: Overriding function 'OnPlacementComplete' but not marked as 'override'
SCRIPT    (W): @"CodeLock/scripts/4_world/gui\guestcodemenu.c,29": FIX-ME: Overriding function 'SendRPC' but not marked as 'override'
SCRIPT    (W): @"czzzz_DzrNotesScripts/4_World/entities\itembase\paper.c,53": FIX-ME: Overriding function 'Result' but not marked as 'override'
SCRIPT    (W): @"czzzz_DzrNotesScripts/4_World/entities\itembase\paper.c,73": FIX-ME: Overriding function 'Result' but not marked as 'override'
SCRIPT    (W): @"test3_map/chiemsee/chiemsee_animals/chiemsee_scorpion/scripts/4_World/chiemsee_scorpion_tail.c,49": FIX-ME: Overriding function 'ResistContaminatedEffect' but not marked as 'override'
SCRIPT    (W): @"TraderPlus/scripts/4_World/classes\tradersystemhandler\core\tradermenu.c,455": FIX-ME: Overriding function 'OnMouseButtonDown' but not marked as 'override'
SCRIPT    (W): @"TraderPlus/scripts/4_World/classes\tradersystemhandler\core\tradermenu.c,1031": FIX-ME: Overriding function 'OnDoubleClick' but not marked as 'override'
SCRIPT    (W): @"TraderPlusBanking/scripts/4_World/classes\tpbsystemhandler\core\traderplusbankingmenu.c,344": FIX-ME: Overriding function 'OnChange' but not marked as 'override'
SCRIPT    (W): @"CodeLock/scripts/4_world/gui\claimcodemenu.c,27": FIX-ME: Overriding function 'SendRPC' but not marked as 'override'
SCRIPT    (W): @"MunghardsItems/scripts/4_world/entities\itembase\logcabin.c,74": FIX-ME: Overriding function 'GetDeploySoundset' but not marked as 'override'
SCRIPT    (W): @"MunghardsItems/scripts/4_world/entities\itembase\logcabin.c,79": FIX-ME: Overriding function 'GetLoopDeploySoundset' but not marked as 'override'
SCRIPT    (W): @"CodeLock/scripts/4_world/gui\entercodemenu.c,37": FIX-ME: Overriding function 'SendRPC' but not marked as 'override'
SCRIPT    (W): @"TraderPlus/scripts/4_World/classes\tradersystemhandler\core\traderpluscategorymenu.c,15": Possible variable name conflict 'layoutRoot'
SCRIPT    (W): @"TraderPlus/scripts/4_World/classes\tradersystemhandler\core\traderpluscategorymenu.c,25": Possible variable name conflict 'layoutRoot'
SCRIPT    (W): @"TraderPlus/scripts/4_World/classes\tradersystemhandler\core\traderpluscategorymenu.c,211": FIX-ME: Overriding function 'OnDoubleClick' but not marked as 'override'
SCRIPT    (W): @"TraderPlus/scripts/4_World/classes\tradersystemhandler\core\traderpluscategorymenu.c,243": FIX-ME: Overriding function 'OnClick' but not marked as 'override'
SCRIPT    (W): @"Food\scripts\4_World/mremains.c,333": FIX-ME: Overriding function 'Open' but not marked as 'override'
SCRIPT    (W): @"CodeLock/scripts/4_world/actions\continuous\actiondestroycodelockontent.c,73": Possible variable name conflict '_Health'
SCRIPT    (W): @"CodeLock/scripts/4_world/actions\continuous\actiondestroycodelockonfence.c,67": Possible variable name conflict '_Health'
SCRIPT    (W): @"GameLabs/Scripts/4_World/4_Hooking/япчЫѝы?б.jpg,288": No need to use 'Cast' for up-casting
SCRIPT    (W): @"GameLabs/Scripts/4_World/4_Hooking/ЦЮљ?їЮТзЪ.jpg,74": Possible variable name conflict 'deviation'
SCRIPT    (W): @"MunghardsItems/scripts/4_world/entities\itembase\nbc_longcoat.c,8": Unsafe down-casting, use 'PlayerBase.Cast' for safe down-casting
SCRIPT    (W): @"MunghardsItems/scripts/4_world/entities\itembase\nbc_longcoat.c,20": Unsafe down-casting, use 'PlayerBase.Cast' for safe down-casting
SCRIPT    (W): @"MunghardsItems/scripts/4_world/entities\itembase\gunwalldisplay.c,62": Possible variable name conflict 'gunwalldisplay_mung_Deployed1'
SCRIPT    (W): @"MunghardsItems/scripts/4_world/entities\itembase\hazmatsuit.c,8": Unsafe down-casting, use 'PlayerBase.Cast' for safe down-casting
SCRIPT    (W): @"MunghardsItems/scripts/4_world/entities\itembase\hazmatsuit.c,20": Unsafe down-casting, use 'PlayerBase.Cast' for safe down-casting
SCRIPT    (W): @"MunghardsItems/scripts/4_world/entities\itembase\gunwalldisplay_metal.c,61": Possible variable name conflict 'gunwalldisplay_mung_Deployed1'
SCRIPT    (W): @"MunghardsItems/scripts/4_world/entities\itembase\mungmakeshifttent.c,61": Possible variable name conflict 'makeshifttent_mung_Deployed1'
SCRIPT    (W): @"PVEZ/4_World/entities\manbase\playerbase.c,182": No need to use 'Cast' for up-casting
SCRIPT    (W): @"test3_map/Chiemsee/Ludwig_OBJCET/oilpump/scripts/4_World/ind_oil_pump_ep1.c,99": Possible variable name conflict 'my_ResaultOil'
SCRIPT    (W): @"TraderPlus/scripts/4_World/classes\tradersystemhandler\core\tradermenu.c,463": FIX-ME: Undefined function 'DayZGame.GetMousePos'
SCRIPT    (W): @"TraderPlus/scripts/4_World/classes\tradersystemhandler\core\tradermenu.c,471": FIX-ME: Undefined function 'DayZGame.GetMousePos'
SCRIPT    (W): @"TraderPlus/scripts/4_World/entities\receipt\newreceipt.c,25": Unsafe down-casting, use 'NewReceipt.Cast' for safe down-casting
SCRIPT    (W): @"TraderPlus/scripts/4_World/classes\tradersystemhandler\core\traderplusserver.c,615": Unsafe down-casting, use 'NewReceipt.Cast' for safe down-casting
SCRIPT    (W): @"WindstrideClothing/scripts/4_World/playerbase.c,13": Unsafe down-casting, use 'ItemBase.Cast' for safe down-casting
SCRIPT    (W): @"WindstrideClothing/scripts/4_World/playerbase.c,37": Unsafe down-casting, use 'ItemBase.Cast' for safe down-casting
SCRIPT    (W): @"WindstrideClothing/scripts/4_World/playerbase.c,56": Unsafe down-casting, use 'ItemBase.Cast' for safe down-casting
SCRIPT    (W): @"WindstrideClothing/scripts/4_World/playerbase.c,59": Unsafe down-casting, use 'ItemBase.Cast' for safe down-casting
SCRIPT    (W): @"WindstrideClothing/scripts/4_World/playerbase.c,60": Unsafe down-casting, use 'ItemBase.Cast' for safe down-casting
SCRIPT    (W): @"WindstrideClothing/scripts/4_World/playerbase.c,69": Unsafe down-casting, use 'ItemBase.Cast' for safe down-casting
SCRIPT    (W): @"WindstrideClothing/scripts/4_World/playerbase.c,79": Unsafe down-casting, use 'ItemBase.Cast' for safe down-casting
SCRIPT    (W): @"WindstrideClothing/scripts/4_World/playerbase.c,93": Unsafe down-casting, use 'ItemBase.Cast' for safe down-casting
SCRIPT    (W): @"SyberiaServer/scripts/4_World/plugins\pluginbase\plugintrader.c,282": FIX-ME: Undefined function 'PlayerBase.SpawnItemOnLocation'
SCRIPT    (W): @"JM/COT/Scripts/5_Mission/communityonlinetools\modules\object\jmobjectspawnermodule.c,635": Missing ';' at the end of line
SCRIPT    (W): @"JM/COT/Scripts/5_Mission/communityonlinetools\modules\object\jmobjectspawnermodule.c,637": Missing ';' at the end of line
SCRIPT    (W): @"SafeZone/scripts/5_Mission/vicinityitemmanager.c,17": Missing ';' at the end of line
SCRIPT    (W): @"EarPlugs/scripts/5_Mission/earplugs\ingamehud.c,6": FIX-ME: Overriding function 'IsHudVisible' but not marked as 'override'
SCRIPT    (W): @"GameLabs/Scripts/5_Mission/вХіт?юЮюде.jpg,80": Possible variable name conflict 'gamesession_id'
SCRIPT    (W): @"ServerPanel/scripts/5_Mission/gui\serverpanelmenu.c,338": FIX-ME: Undefined function 'DayZGame.GetMousePos'
SCRIPT       : [DATABASE]: Load config file: $profile:\DatabaseOptions.json
SCRIPT       : [DATABASE]: Database instance created.
SCRIPT       : [dzr_disinfect_by_boiling] ::: Starting Serverside
SCRIPT       : PVEZ :: Will use config files in profiles
SCRIPT       : 09.01.2024 06:00:20 [ServerPanelLogger]: INFO: Switching to logfile: $profile:ServerPanel_09-01-2024_06-00-20.log
SCRIPT       : [dzr_notes] ::: Starting Serverside
SCRIPT       : [MMIO Misc] OnInit
SCRIPT       : [MMIO Misc] Loading Config
SCRIPT       : [MMIO Clothes] OnInit
SCRIPT       : [MMIO Clothes] Loading Config
SCRIPT       : [SYBERIA SERVER] Syberia server mission initialized
SCRIPT       : [FBF_Config] Server Cfg loading...
SCRIPT       : [FBF_Config] '$profile:FBF_Config/FBFConfig.json' found, loading existing config!
SCRIPT       : string filePath = 'TraderPlus_2024_1_9-6-0-20.log'
SCRIPT       : [DS_IncreasedStamina] Found config file, attempting to load values.
SCRIPT       : [DS_IncreasedStamina] m_HoldBreathSwayTimeIn set to 1.5
SCRIPT       : [DS_IncreasedStamina] m_HoldBreathSwayTimeStable set to 3
SCRIPT       : [DS_IncreasedStamina] m_MetabolicEnergyJogMult set to 1
SCRIPT       : [DS_IncreasedStamina] m_MetabolicEnergySprintMult set to 1
SCRIPT       : [DS_IncreasedStamina] m_MetabolicEnergyWalkMult set to 1
SCRIPT       : [DS_IncreasedStamina] m_MetabolicWaterJogMult set to 1
SCRIPT       : [DS_IncreasedStamina] m_MetabolicWaterSprintMult set to 1
SCRIPT       : [DS_IncreasedStamina] m_MetabolicWaterWalkMult set to 1
SCRIPT       : [DS_IncreasedStamina] m_StaminaDrainClimbMult set to 1
SCRIPT       : [DS_IncreasedStamina] m_StaminaDrainCrouchedSprintMult set to 1
SCRIPT       : [DS_IncreasedStamina] m_StaminaDrainFastSwimMult set to 1
SCRIPT       : [DS_IncreasedStamina] m_StaminaDrainHoldBreathFasterMult set to 1
SCRIPT       : [DS_IncreasedStamina] m_StaminaDrainHoldBreathStartMult set to 1
SCRIPT       : [DS_IncreasedStamina] m_StaminaDrainJumpMult set to 1
SCRIPT       : [DS_IncreasedStamina] m_StaminaDrainLadderFastMult set to 1
SCRIPT       : [DS_IncreasedStamina] m_StaminaDrainMeleeEvadeMult set to 1
SCRIPT       : [DS_IncreasedStamina] m_StaminaDrainMeleeHeavyMult set to 1
SCRIPT       : [DS_IncreasedStamina] m_StaminaDrainMeleeLightMult set to 1
SCRIPT       : [DS_IncreasedStamina] m_StaminaDrainSprintingMult set to 1
SCRIPT       : [DS_IncreasedStamina] m_StaminaDrainVaultMult set to 1
SCRIPT       : [DS_IncreasedStamina] m_StaminaGainIdleMult set to 1
SCRIPT       : [DS_IncreasedStamina] m_StaminaGainJogMult set to 1
SCRIPT       : [DS_IncreasedStamina] m_StaminaGainSwimMult set to 1
SCRIPT       : [DS_IncreasedStamina] m_StaminaGainWalkMult set to 1
SCRIPT       : [DS_IncreasedStamina] m_StaminaHoldBreathDuration set to 5
SCRIPT       : [DS_IncreasedStamina] m_StaminaKgPenaltyMult set to 1
SCRIPT       : [DS_IncreasedStamina] m_StaminaThresholdClimbMult set to 1
SCRIPT       : [DS_IncreasedStamina] m_StaminaThresholdHoldBreathMult set to 1
SCRIPT       : [DS_IncreasedStamina] m_StaminaThresholdJumpMult set to 1
SCRIPT       : [DS_IncreasedStamina] m_StaminaThresholdMeleeEvadeMult set to 1
SCRIPT       : [DS_IncreasedStamina] m_StaminaThresholdMeleeHeavyMult set to 1
SCRIPT       : [DS_IncreasedStamina] m_StaminaThresholdSprintMult set to 1
SCRIPT       : [DS_IncreasedStamina] m_StaminaThresholdVaultMult set to 1
SCRIPT       : [DS_IncreasedStamina] m_StaminaThresholdWeightLimitMult set to 1
SCRIPT       : [DS_IncreasedStamina] m_StaminaWhenSprintDrains set to 100
SCRIPT       : [EditorLoader] No files found, exiting
SCRIPT       : [SYBERIA SERVER] SYBSTATS mark dirty for player SurvivorBase<66952020> with debug index 32
SCRIPT       : [SYBERIA SERVER] Trader 1 successfully initialized.
SCRIPT       : Magazine mag = NULL
SCRIPT       : Magazine mag = NULL
SCRIPT       : [syncinv] warning, lambda cannot be executed, skipping!
SCRIPT       : Error [inv] ReplaceItemWithNewLambdaBase OnAbort
SCRIPT       : [FBF_Config] MissionServer --> Sending instance of cfg to client: Mahipta
SCRIPT       : ---- PlayerBase OnStoreLoad SUCCESS ----
SCRIPT       : [SYBERIA SERVER] SYBSTATS mark dirty for player SurvivorBase<c0021ec0> with debug index 0
SCRIPT       : [EditorLoader] Sent Deleted objects in 0s
SCRIPT       : [SYBERIA SERVER] SYBSTATS mark dirty for player SurvivorBase<c0021ec0> with debug index 2
SCRIPT       : [SYBERIA SERVER] PLAYER Mahipta Johnson (VNAj74eT91rJQFnDeYj2x9RQSi-ACTxRYKOHULet79s=) ENTER TO ZONE 0; ACTIVE ZONES COUNT 1
